TCP Ping trying to connect to server localhost (127.0.0.1) on port 1491
 ... connected to Pong server: asking for 501 repetitions of 32768 bytes TCP messages
 ... Pong server agreed :-)
tcp_ping received 32768 bytes back
Round trip time was 4.47184 milliseconds in repetition 1
tcp_ping received 32768 bytes back
Round trip time was 4.97082 milliseconds in repetition 2
tcp_ping received 32768 bytes back
Round trip time was 1.30095 milliseconds in repetition 3
tcp_ping received 32768 bytes back
Round trip time was 1.28995 milliseconds in repetition 4
tcp_ping received 32768 bytes back
Round trip time was 1.36995 milliseconds in repetition 5
tcp_ping received 32768 bytes back
Round trip time was 1.22296 milliseconds in repetition 6
tcp_ping received 32768 bytes back
Round trip time was 2.18292 milliseconds in repetition 7
tcp_ping received 32768 bytes back
Round trip time was 3.10489 milliseconds in repetition 8
tcp_ping received 32768 bytes back
Round trip time was 1.38395 milliseconds in repetition 9
tcp_ping received 32768 bytes back
Round trip time was 1.21595 milliseconds in repetition 10
tcp_ping received 32768 bytes back
Round trip time was 1.19996 milliseconds in repetition 11
tcp_ping received 32768 bytes back
Round trip time was 1.43695 milliseconds in repetition 12
tcp_ping received 32768 bytes back
Round trip time was 1.23296 milliseconds in repetition 13
tcp_ping received 32768 bytes back
Round trip time was 5.91479 milliseconds in repetition 14
tcp_ping received 32768 bytes back
Round trip time was 1.31995 milliseconds in repetition 15
tcp_ping received 32768 bytes back
Round trip time was 5.6468 milliseconds in repetition 16
tcp_ping received 32768 bytes back
Round trip time was 1.24696 milliseconds in repetition 17
tcp_ping received 32768 bytes back
Round trip time was 2.13392 milliseconds in repetition 18
tcp_ping received 32768 bytes back
Round trip time was 1.22796 milliseconds in repetition 19
tcp_ping received 32768 bytes back
Round trip time was 3.28788 milliseconds in repetition 20
tcp_ping received 32768 bytes back
Round trip time was 1.21996 milliseconds in repetition 21
tcp_ping received 32768 bytes back
Round trip time was 1.32495 milliseconds in repetition 22
tcp_ping received 32768 bytes back
Round trip time was 1.23496 milliseconds in repetition 23
tcp_ping received 32768 bytes back
Round trip time was 1.21396 milliseconds in repetition 24
tcp_ping received 32768 bytes back
Round trip time was 1.37295 milliseconds in repetition 25
tcp_ping received 32768 bytes back
Round trip time was 1.20296 milliseconds in repetition 26
tcp_ping received 32768 bytes back
Round trip time was 1.28795 milliseconds in repetition 27
tcp_ping received 32768 bytes back
Round trip time was 1.20096 milliseconds in repetition 28
tcp_ping received 32768 bytes back
Round trip time was 1.19596 milliseconds in repetition 29
tcp_ping received 32768 bytes back
Round trip time was 1.19796 milliseconds in repetition 30
tcp_ping received 32768 bytes back
Round trip time was 1.29795 milliseconds in repetition 31
tcp_ping received 32768 bytes back
Round trip time was 1.21796 milliseconds in repetition 32
tcp_ping received 32768 bytes back
Round trip time was 1.21496 milliseconds in repetition 33
tcp_ping received 32768 bytes back
Round trip time was 1.30295 milliseconds in repetition 34
tcp_ping received 32768 bytes back
Round trip time was 1.21796 milliseconds in repetition 35
tcp_ping received 32768 bytes back
Round trip time was 1.21896 milliseconds in repetition 36
tcp_ping received 32768 bytes back
Round trip time was 1.32095 milliseconds in repetition 37
tcp_ping received 32768 bytes back
Round trip time was 1.22596 milliseconds in repetition 38
tcp_ping received 32768 bytes back
Round trip time was 1.21796 milliseconds in repetition 39
tcp_ping received 32768 bytes back
Round trip time was 1.25395 milliseconds in repetition 40
tcp_ping received 32768 bytes back
Round trip time was 1.22196 milliseconds in repetition 41
tcp_ping received 32768 bytes back
Round trip time was 1.44395 milliseconds in repetition 42
tcp_ping received 32768 bytes back
Round trip time was 1.46995 milliseconds in repetition 43
tcp_ping received 32768 bytes back
Round trip time was 1.24595 milliseconds in repetition 44
tcp_ping received 32768 bytes back
Round trip time was 1.77294 milliseconds in repetition 45
tcp_ping received 32768 bytes back
Round trip time was 1.42895 milliseconds in repetition 46
tcp_ping received 32768 bytes back
Round trip time was 1.34495 milliseconds in repetition 47
tcp_ping received 32768 bytes back
Round trip time was 1.75994 milliseconds in repetition 48
tcp_ping received 32768 bytes back
Round trip time was 1.34095 milliseconds in repetition 49
tcp_ping received 32768 bytes back
Round trip time was 1.29695 milliseconds in repetition 50
tcp_ping received 32768 bytes back
Round trip time was 1.39195 milliseconds in repetition 51
tcp_ping received 32768 bytes back
Round trip time was 1.36195 milliseconds in repetition 52
tcp_ping received 32768 bytes back
Round trip time was 1.23096 milliseconds in repetition 53
tcp_ping received 32768 bytes back
Round trip time was 1.41995 milliseconds in repetition 54
tcp_ping received 32768 bytes back
Round trip time was 1.24296 milliseconds in repetition 55
tcp_ping received 32768 bytes back
Round trip time was 1.30595 milliseconds in repetition 56
tcp_ping received 32768 bytes back
Round trip time was 1.23196 milliseconds in repetition 57
tcp_ping received 32768 bytes back
Round trip time was 1.22395 milliseconds in repetition 58
tcp_ping received 32768 bytes back
Round trip time was 1.28195 milliseconds in repetition 59
tcp_ping received 32768 bytes back
Round trip time was 1.24096 milliseconds in repetition 60
tcp_ping received 32768 bytes back
Round trip time was 1.24496 milliseconds in repetition 61
tcp_ping received 32768 bytes back
Round trip time was 1.22896 milliseconds in repetition 62
tcp_ping received 32768 bytes back
Round trip time was 1.31495 milliseconds in repetition 63
tcp_ping received 32768 bytes back
Round trip time was 1.22596 milliseconds in repetition 64
tcp_ping received 32768 bytes back
Round trip time was 1.20596 milliseconds in repetition 65
tcp_ping received 32768 bytes back
Round trip time was 1.32195 milliseconds in repetition 66
tcp_ping received 32768 bytes back
Round trip time was 1.24396 milliseconds in repetition 67
tcp_ping received 32768 bytes back
Round trip time was 1.19596 milliseconds in repetition 68
tcp_ping received 32768 bytes back
Round trip time was 1.24696 milliseconds in repetition 69
tcp_ping received 32768 bytes back
Round trip time was 1.21996 milliseconds in repetition 70
tcp_ping received 32768 bytes back
Round trip time was 1.21796 milliseconds in repetition 71
tcp_ping received 32768 bytes back
Round trip time was 1.27295 milliseconds in repetition 72
tcp_ping received 32768 bytes back
Round trip time was 1.22096 milliseconds in repetition 73
tcp_ping received 32768 bytes back
Round trip time was 1.25696 milliseconds in repetition 74
tcp_ping received 32768 bytes back
Round trip time was 1.27395 milliseconds in repetition 75
tcp_ping received 32768 bytes back
Round trip time was 1.22296 milliseconds in repetition 76
tcp_ping received 32768 bytes back
Round trip time was 1.21796 milliseconds in repetition 77
tcp_ping received 32768 bytes back
Round trip time was 1.22196 milliseconds in repetition 78
tcp_ping received 32768 bytes back
Round trip time was 1.30495 milliseconds in repetition 79
tcp_ping received 32768 bytes back
Round trip time was 1.23696 milliseconds in repetition 80
tcp_ping received 32768 bytes back
Round trip time was 1.23595 milliseconds in repetition 81
tcp_ping received 32768 bytes back
Round trip time was 1.31095 milliseconds in repetition 82
tcp_ping received 32768 bytes back
Round trip time was 1.25995 milliseconds in repetition 83
tcp_ping received 32768 bytes back
Round trip time was 1.22096 milliseconds in repetition 84
tcp_ping received 32768 bytes back
Round trip time was 1.27195 milliseconds in repetition 85
tcp_ping received 32768 bytes back
Round trip time was 1.22896 milliseconds in repetition 86
tcp_ping received 32768 bytes back
Round trip time was 1.22296 milliseconds in repetition 87
tcp_ping received 32768 bytes back
Round trip time was 1.23096 milliseconds in repetition 88
tcp_ping received 32768 bytes back
Round trip time was 1.22395 milliseconds in repetition 89
tcp_ping received 32768 bytes back
Round trip time was 1.27395 milliseconds in repetition 90
tcp_ping received 32768 bytes back
Round trip time was 1.21496 milliseconds in repetition 91
tcp_ping received 32768 bytes back
Round trip time was 1.21496 milliseconds in repetition 92
tcp_ping received 32768 bytes back
Round trip time was 1.21396 milliseconds in repetition 93
tcp_ping received 32768 bytes back
Round trip time was 1.25995 milliseconds in repetition 94
tcp_ping received 32768 bytes back
Round trip time was 1.21595 milliseconds in repetition 95
tcp_ping received 32768 bytes back
Round trip time was 1.25595 milliseconds in repetition 96
tcp_ping received 32768 bytes back
Round trip time was 1.21696 milliseconds in repetition 97
tcp_ping received 32768 bytes back
Round trip time was 1.21496 milliseconds in repetition 98
tcp_ping received 32768 bytes back
Round trip time was 1.21796 milliseconds in repetition 99
tcp_ping received 32768 bytes back
Round trip time was 1.26495 milliseconds in repetition 100
tcp_ping received 32768 bytes back
Round trip time was 1.24696 milliseconds in repetition 101
tcp_ping received 32768 bytes back
Round trip time was 1.22096 milliseconds in repetition 102
tcp_ping received 32768 bytes back
Round trip time was 1.40795 milliseconds in repetition 103
tcp_ping received 32768 bytes back
Round trip time was 1.21796 milliseconds in repetition 104
tcp_ping received 32768 bytes back
Round trip time was 1.21096 milliseconds in repetition 105
tcp_ping received 32768 bytes back
Round trip time was 1.26195 milliseconds in repetition 106
tcp_ping received 32768 bytes back
Round trip time was 1.21696 milliseconds in repetition 107
tcp_ping received 32768 bytes back
Round trip time was 1.20896 milliseconds in repetition 108
tcp_ping received 32768 bytes back
Round trip time was 1.21696 milliseconds in repetition 109
tcp_ping received 32768 bytes back
Round trip time was 1.31495 milliseconds in repetition 110
tcp_ping received 32768 bytes back
Round trip time was 1.22296 milliseconds in repetition 111
tcp_ping received 32768 bytes back
Round trip time was 1.22496 milliseconds in repetition 112
tcp_ping received 32768 bytes back
Round trip time was 1.36495 milliseconds in repetition 113
tcp_ping received 32768 bytes back
Round trip time was 1.24895 milliseconds in repetition 114
tcp_ping received 32768 bytes back
Round trip time was 1.32695 milliseconds in repetition 115
tcp_ping received 32768 bytes back
Round trip time was 1.21796 milliseconds in repetition 116
tcp_ping received 32768 bytes back
Round trip time was 1.19696 milliseconds in repetition 117
tcp_ping received 32768 bytes back
Round trip time was 1.19296 milliseconds in repetition 118
tcp_ping received 32768 bytes back
Round trip time was 1.23796 milliseconds in repetition 119
tcp_ping received 32768 bytes back
Round trip time was 1.20296 milliseconds in repetition 120
tcp_ping received 32768 bytes back
Round trip time was 1.20995 milliseconds in repetition 121
tcp_ping received 32768 bytes back
Round trip time was 1.25995 milliseconds in repetition 122
tcp_ping received 32768 bytes back
Round trip time was 1.21696 milliseconds in repetition 123
tcp_ping received 32768 bytes back
Round trip time was 1.20996 milliseconds in repetition 124
tcp_ping received 32768 bytes back
Round trip time was 1.26496 milliseconds in repetition 125
tcp_ping received 32768 bytes back
Round trip time was 1.23896 milliseconds in repetition 126
tcp_ping received 32768 bytes back
Round trip time was 1.23395 milliseconds in repetition 127
tcp_ping received 32768 bytes back
Round trip time was 1.26595 milliseconds in repetition 128
tcp_ping received 32768 bytes back
Round trip time was 1.22195 milliseconds in repetition 129
tcp_ping received 32768 bytes back
Round trip time was 1.20996 milliseconds in repetition 130
tcp_ping received 32768 bytes back
Round trip time was 1.26995 milliseconds in repetition 131
tcp_ping received 32768 bytes back
Round trip time was 1.21596 milliseconds in repetition 132
tcp_ping received 32768 bytes back
Round trip time was 1.22196 milliseconds in repetition 133
tcp_ping received 32768 bytes back
Round trip time was 1.29695 milliseconds in repetition 134
tcp_ping received 32768 bytes back
Round trip time was 1.22096 milliseconds in repetition 135
tcp_ping received 32768 bytes back
Round trip time was 1.21395 milliseconds in repetition 136
tcp_ping received 32768 bytes back
Round trip time was 1.24895 milliseconds in repetition 137
tcp_ping received 32768 bytes back
Round trip time was 1.21796 milliseconds in repetition 138
tcp_ping received 32768 bytes back
Round trip time was 1.21996 milliseconds in repetition 139
tcp_ping received 32768 bytes back
Round trip time was 1.21696 milliseconds in repetition 140
tcp_ping received 32768 bytes back
Round trip time was 1.27896 milliseconds in repetition 141
tcp_ping received 32768 bytes back
Round trip time was 1.22496 milliseconds in repetition 142
tcp_ping received 32768 bytes back
Round trip time was 1.23996 milliseconds in repetition 143
tcp_ping received 32768 bytes back
Round trip time was 1.41295 milliseconds in repetition 144
tcp_ping received 32768 bytes back
Round trip time was 1.29195 milliseconds in repetition 145
tcp_ping received 32768 bytes back
Round trip time was 1.21296 milliseconds in repetition 146
tcp_ping received 32768 bytes back
Round trip time was 1.75894 milliseconds in repetition 147
tcp_ping received 32768 bytes back
Round trip time was 1.49195 milliseconds in repetition 148
tcp_ping received 32768 bytes back
Round trip time was 1.91093 milliseconds in repetition 149
tcp_ping received 32768 bytes back
Round trip time was 2.05193 milliseconds in repetition 150
tcp_ping received 32768 bytes back
Round trip time was 1.67694 milliseconds in repetition 151
tcp_ping received 32768 bytes back
Round trip time was 1.42595 milliseconds in repetition 152
tcp_ping received 32768 bytes back
Round trip time was 1.28995 milliseconds in repetition 153
tcp_ping received 32768 bytes back
Round trip time was 1.34595 milliseconds in repetition 154
tcp_ping received 32768 bytes back
Round trip time was 1.28695 milliseconds in repetition 155
tcp_ping received 32768 bytes back
Round trip time was 1.34195 milliseconds in repetition 156
tcp_ping received 32768 bytes back
Round trip time was 1.25195 milliseconds in repetition 157
tcp_ping received 32768 bytes back
Round trip time was 1.22396 milliseconds in repetition 158
tcp_ping received 32768 bytes back
Round trip time was 1.22096 milliseconds in repetition 159
tcp_ping received 32768 bytes back
Round trip time was 1.27695 milliseconds in repetition 160
tcp_ping received 32768 bytes back
Round trip time was 1.23096 milliseconds in repetition 161
tcp_ping received 32768 bytes back
Round trip time was 1.23196 milliseconds in repetition 162
tcp_ping received 32768 bytes back
Round trip time was 1.30095 milliseconds in repetition 163
tcp_ping received 32768 bytes back
Round trip time was 1.22896 milliseconds in repetition 164
tcp_ping received 32768 bytes back
Round trip time was 1.31695 milliseconds in repetition 165
tcp_ping received 32768 bytes back
Round trip time was 1.31795 milliseconds in repetition 166
tcp_ping received 32768 bytes back
Round trip time was 1.23795 milliseconds in repetition 167
tcp_ping received 32768 bytes back
Round trip time was 1.20896 milliseconds in repetition 168
tcp_ping received 32768 bytes back
Round trip time was 1.31995 milliseconds in repetition 169
tcp_ping received 32768 bytes back
Round trip time was 1.22296 milliseconds in repetition 170
tcp_ping received 32768 bytes back
Round trip time was 1.21896 milliseconds in repetition 171
tcp_ping received 32768 bytes back
Round trip time was 1.30695 milliseconds in repetition 172
tcp_ping received 32768 bytes back
Round trip time was 1.22096 milliseconds in repetition 173
tcp_ping received 32768 bytes back
Round trip time was 1.22096 milliseconds in repetition 174
tcp_ping received 32768 bytes back
Round trip time was 1.38095 milliseconds in repetition 175
tcp_ping received 32768 bytes back
Round trip time was 1.23296 milliseconds in repetition 176
tcp_ping received 32768 bytes back
Round trip time was 1.22796 milliseconds in repetition 177
tcp_ping received 32768 bytes back
Round trip time was 1.22096 milliseconds in repetition 178
tcp_ping received 32768 bytes back
Round trip time was 1.23696 milliseconds in repetition 179
tcp_ping received 32768 bytes back
Round trip time was 1.25795 milliseconds in repetition 180
tcp_ping received 32768 bytes back
Round trip time was 1.24496 milliseconds in repetition 181
tcp_ping received 32768 bytes back
Round trip time was 1.19896 milliseconds in repetition 182
tcp_ping received 32768 bytes back
Round trip time was 1.19996 milliseconds in repetition 183
tcp_ping received 32768 bytes back
Round trip time was 1.27496 milliseconds in repetition 184
tcp_ping received 32768 bytes back
Round trip time was 1.27195 milliseconds in repetition 185
tcp_ping received 32768 bytes back
Round trip time was 1.19696 milliseconds in repetition 186
tcp_ping received 32768 bytes back
Round trip time was 1.25696 milliseconds in repetition 187
tcp_ping received 32768 bytes back
Round trip time was 1.23896 milliseconds in repetition 188
tcp_ping received 32768 bytes back
Round trip time was 1.26795 milliseconds in repetition 189
tcp_ping received 32768 bytes back
Round trip time was 1.31695 milliseconds in repetition 190
tcp_ping received 32768 bytes back
Round trip time was 1.22096 milliseconds in repetition 191
tcp_ping received 32768 bytes back
Round trip time was 1.20896 milliseconds in repetition 192
tcp_ping received 32768 bytes back
Round trip time was 1.20496 milliseconds in repetition 193
tcp_ping received 32768 bytes back
Round trip time was 1.26096 milliseconds in repetition 194
tcp_ping received 32768 bytes back
Round trip time was 1.20896 milliseconds in repetition 195
tcp_ping received 32768 bytes back
Round trip time was 1.19596 milliseconds in repetition 196
tcp_ping received 32768 bytes back
Round trip time was 1.24295 milliseconds in repetition 197
tcp_ping received 32768 bytes back
Round trip time was 1.20096 milliseconds in repetition 198
tcp_ping received 32768 bytes back
Round trip time was 1.21096 milliseconds in repetition 199
tcp_ping received 32768 bytes back
Round trip time was 1.27195 milliseconds in repetition 200
tcp_ping received 32768 bytes back
Round trip time was 1.23296 milliseconds in repetition 201
tcp_ping received 32768 bytes back
Round trip time was 1.22796 milliseconds in repetition 202
tcp_ping received 32768 bytes back
Round trip time was 1.42795 milliseconds in repetition 203
tcp_ping received 32768 bytes back
Round trip time was 1.23196 milliseconds in repetition 204
tcp_ping received 32768 bytes back
Round trip time was 1.21096 milliseconds in repetition 205
tcp_ping received 32768 bytes back
Round trip time was 1.24396 milliseconds in repetition 206
tcp_ping received 32768 bytes back
Round trip time was 1.21296 milliseconds in repetition 207
tcp_ping received 32768 bytes back
Round trip time was 1.21296 milliseconds in repetition 208
tcp_ping received 32768 bytes back
Round trip time was 1.25096 milliseconds in repetition 209
tcp_ping received 32768 bytes back
Round trip time was 1.21696 milliseconds in repetition 210
tcp_ping received 32768 bytes back
Round trip time was 1.21396 milliseconds in repetition 211
tcp_ping received 32768 bytes back
Round trip time was 1.21096 milliseconds in repetition 212
tcp_ping received 32768 bytes back
Round trip time was 1.23896 milliseconds in repetition 213
tcp_ping received 32768 bytes back
Round trip time was 1.23996 milliseconds in repetition 214
tcp_ping received 32768 bytes back
Round trip time was 1.26595 milliseconds in repetition 215
tcp_ping received 32768 bytes back
Round trip time was 1.22296 milliseconds in repetition 216
tcp_ping received 32768 bytes back
Round trip time was 1.22795 milliseconds in repetition 217
tcp_ping received 32768 bytes back
Round trip time was 1.21296 milliseconds in repetition 218
tcp_ping received 32768 bytes back
Round trip time was 1.28795 milliseconds in repetition 219
tcp_ping received 32768 bytes back
Round trip time was 1.21996 milliseconds in repetition 220
tcp_ping received 32768 bytes back
Round trip time was 1.21196 milliseconds in repetition 221
tcp_ping received 32768 bytes back
Round trip time was 1.48095 milliseconds in repetition 222
tcp_ping received 32768 bytes back
Round trip time was 1.30095 milliseconds in repetition 223
tcp_ping received 32768 bytes back
Round trip time was 1.51794 milliseconds in repetition 224
tcp_ping received 32768 bytes back
Round trip time was 3.11189 milliseconds in repetition 225
tcp_ping received 32768 bytes back
Round trip time was 5.11281 milliseconds in repetition 226
tcp_ping received 32768 bytes back
Round trip time was 3.79986 milliseconds in repetition 227
tcp_ping received 32768 bytes back
Round trip time was 1.21596 milliseconds in repetition 228
tcp_ping received 32768 bytes back
Round trip time was 1.20096 milliseconds in repetition 229
tcp_ping received 32768 bytes back
Round trip time was 1.37295 milliseconds in repetition 230
tcp_ping received 32768 bytes back
Round trip time was 1.79793 milliseconds in repetition 231
tcp_ping received 32768 bytes back
Round trip time was 1.78293 milliseconds in repetition 232
tcp_ping received 32768 bytes back
Round trip time was 2.43691 milliseconds in repetition 233
tcp_ping received 32768 bytes back
Round trip time was 1.58794 milliseconds in repetition 234
tcp_ping received 32768 bytes back
Round trip time was 1.23196 milliseconds in repetition 235
tcp_ping received 32768 bytes back
Round trip time was 1.22796 milliseconds in repetition 236
tcp_ping received 32768 bytes back
Round trip time was 1.28195 milliseconds in repetition 237
tcp_ping received 32768 bytes back
Round trip time was 1.22296 milliseconds in repetition 238
tcp_ping received 32768 bytes back
Round trip time was 1.21596 milliseconds in repetition 239
tcp_ping received 32768 bytes back
Round trip time was 1.21096 milliseconds in repetition 240
tcp_ping received 32768 bytes back
Round trip time was 1.30095 milliseconds in repetition 241
tcp_ping received 32768 bytes back
Round trip time was 1.23496 milliseconds in repetition 242
tcp_ping received 32768 bytes back
Round trip time was 1.21196 milliseconds in repetition 243
tcp_ping received 32768 bytes back
Round trip time was 1.25895 milliseconds in repetition 244
tcp_ping received 32768 bytes back
Round trip time was 1.22196 milliseconds in repetition 245
tcp_ping received 32768 bytes back
Round trip time was 1.22196 milliseconds in repetition 246
tcp_ping received 32768 bytes back
Round trip time was 1.30095 milliseconds in repetition 247
tcp_ping received 32768 bytes back
Round trip time was 1.22496 milliseconds in repetition 248
tcp_ping received 32768 bytes back
Round trip time was 1.22096 milliseconds in repetition 249
tcp_ping received 32768 bytes back
Round trip time was 1.25895 milliseconds in repetition 250
tcp_ping received 32768 bytes back
Round trip time was 1.21796 milliseconds in repetition 251
tcp_ping received 32768 bytes back
Round trip time was 1.21196 milliseconds in repetition 252
tcp_ping received 32768 bytes back
Round trip time was 1.26395 milliseconds in repetition 253
tcp_ping received 32768 bytes back
Round trip time was 1.21896 milliseconds in repetition 254
tcp_ping received 32768 bytes back
Round trip time was 1.20896 milliseconds in repetition 255
tcp_ping received 32768 bytes back
Round trip time was 1.25695 milliseconds in repetition 256
tcp_ping received 32768 bytes back
Round trip time was 1.21596 milliseconds in repetition 257
tcp_ping received 32768 bytes back
Round trip time was 1.21096 milliseconds in repetition 258
tcp_ping received 32768 bytes back
Round trip time was 1.27495 milliseconds in repetition 259
tcp_ping received 32768 bytes back
Round trip time was 1.26195 milliseconds in repetition 260
tcp_ping received 32768 bytes back
Round trip time was 1.21395 milliseconds in repetition 261
tcp_ping received 32768 bytes back
Round trip time was 1.31195 milliseconds in repetition 262
tcp_ping received 32768 bytes back
Round trip time was 1.21996 milliseconds in repetition 263
tcp_ping received 32768 bytes back
Round trip time was 1.21696 milliseconds in repetition 264
tcp_ping received 32768 bytes back
Round trip time was 1.30695 milliseconds in repetition 265
tcp_ping received 32768 bytes back
Round trip time was 1.21796 milliseconds in repetition 266
tcp_ping received 32768 bytes back
Round trip time was 1.21796 milliseconds in repetition 267
tcp_ping received 32768 bytes back
Round trip time was 1.21396 milliseconds in repetition 268
tcp_ping received 32768 bytes back
Round trip time was 1.26295 milliseconds in repetition 269
tcp_ping received 32768 bytes back
Round trip time was 1.21596 milliseconds in repetition 270
tcp_ping received 32768 bytes back
Round trip time was 1.21496 milliseconds in repetition 271
tcp_ping received 32768 bytes back
Round trip time was 1.27095 milliseconds in repetition 272
tcp_ping received 32768 bytes back
Round trip time was 1.22696 milliseconds in repetition 273
tcp_ping received 32768 bytes back
Round trip time was 1.22296 milliseconds in repetition 274
tcp_ping received 32768 bytes back
Round trip time was 1.26095 milliseconds in repetition 275
tcp_ping received 32768 bytes back
Round trip time was 1.21596 milliseconds in repetition 276
tcp_ping received 32768 bytes back
Round trip time was 1.21896 milliseconds in repetition 277
tcp_ping received 32768 bytes back
Round trip time was 1.28395 milliseconds in repetition 278
tcp_ping received 32768 bytes back
Round trip time was 1.21896 milliseconds in repetition 279
tcp_ping received 32768 bytes back
Round trip time was 1.21496 milliseconds in repetition 280
tcp_ping received 32768 bytes back
Round trip time was 1.25995 milliseconds in repetition 281
tcp_ping received 32768 bytes back
Round trip time was 1.21396 milliseconds in repetition 282
tcp_ping received 32768 bytes back
Round trip time was 1.22196 milliseconds in repetition 283
tcp_ping received 32768 bytes back
Round trip time was 1.26195 milliseconds in repetition 284
tcp_ping received 32768 bytes back
Round trip time was 1.23795 milliseconds in repetition 285
tcp_ping received 32768 bytes back
Round trip time was 1.26495 milliseconds in repetition 286
tcp_ping received 32768 bytes back
Round trip time was 1.21995 milliseconds in repetition 287
tcp_ping received 32768 bytes back
Round trip time was 1.41395 milliseconds in repetition 288
tcp_ping received 32768 bytes back
Round trip time was 1.24296 milliseconds in repetition 289
tcp_ping received 32768 bytes back
Round trip time was 1.30895 milliseconds in repetition 290
tcp_ping received 32768 bytes back
Round trip time was 1.22196 milliseconds in repetition 291
tcp_ping received 32768 bytes back
Round trip time was 1.20596 milliseconds in repetition 292
tcp_ping received 32768 bytes back
Round trip time was 1.19996 milliseconds in repetition 293
tcp_ping received 32768 bytes back
Round trip time was 1.26095 milliseconds in repetition 294
tcp_ping received 32768 bytes back
Round trip time was 1.21396 milliseconds in repetition 295
tcp_ping received 32768 bytes back
Round trip time was 1.22496 milliseconds in repetition 296
tcp_ping received 32768 bytes back
Round trip time was 1.27695 milliseconds in repetition 297
tcp_ping received 32768 bytes back
Round trip time was 1.24696 milliseconds in repetition 298
tcp_ping received 32768 bytes back
Round trip time was 1.23196 milliseconds in repetition 299
tcp_ping received 32768 bytes back
Round trip time was 1.30095 milliseconds in repetition 300
tcp_ping received 32768 bytes back
Round trip time was 1.22595 milliseconds in repetition 301
tcp_ping received 32768 bytes back
Round trip time was 1.22596 milliseconds in repetition 302
tcp_ping received 32768 bytes back
Round trip time was 1.26896 milliseconds in repetition 303
tcp_ping received 32768 bytes back
Round trip time was 1.22395 milliseconds in repetition 304
tcp_ping received 32768 bytes back
Round trip time was 1.22096 milliseconds in repetition 305
tcp_ping received 32768 bytes back
Round trip time was 2.30592 milliseconds in repetition 306
tcp_ping received 32768 bytes back
Round trip time was 1.23496 milliseconds in repetition 307
tcp_ping received 32768 bytes back
Round trip time was 1.29795 milliseconds in repetition 308
tcp_ping received 32768 bytes back
Round trip time was 1.21896 milliseconds in repetition 309
tcp_ping received 32768 bytes back
Round trip time was 1.24596 milliseconds in repetition 310
tcp_ping received 32768 bytes back
Round trip time was 1.37595 milliseconds in repetition 311
tcp_ping received 32768 bytes back
Round trip time was 1.23395 milliseconds in repetition 312
tcp_ping received 32768 bytes back
Round trip time was 1.22796 milliseconds in repetition 313
tcp_ping received 32768 bytes back
Round trip time was 1.26496 milliseconds in repetition 314
tcp_ping received 32768 bytes back
Round trip time was 1.23196 milliseconds in repetition 315
tcp_ping received 32768 bytes back
Round trip time was 1.21896 milliseconds in repetition 316
tcp_ping received 32768 bytes back
Round trip time was 1.21696 milliseconds in repetition 317
tcp_ping received 32768 bytes back
Round trip time was 1.25895 milliseconds in repetition 318
tcp_ping received 32768 bytes back
Round trip time was 1.22396 milliseconds in repetition 319
tcp_ping received 32768 bytes back
Round trip time was 1.25695 milliseconds in repetition 320
tcp_ping received 32768 bytes back
Round trip time was 1.21996 milliseconds in repetition 321
tcp_ping received 32768 bytes back
Round trip time was 1.22496 milliseconds in repetition 322
tcp_ping received 32768 bytes back
Round trip time was 1.22595 milliseconds in repetition 323
tcp_ping received 32768 bytes back
Round trip time was 1.30495 milliseconds in repetition 324
tcp_ping received 32768 bytes back
Round trip time was 1.23595 milliseconds in repetition 325
tcp_ping received 32768 bytes back
Round trip time was 1.22595 milliseconds in repetition 326
tcp_ping received 32768 bytes back
Round trip time was 1.27395 milliseconds in repetition 327
tcp_ping received 32768 bytes back
Round trip time was 1.22096 milliseconds in repetition 328
tcp_ping received 32768 bytes back
Round trip time was 1.21696 milliseconds in repetition 329
tcp_ping received 32768 bytes back
Round trip time was 1.48395 milliseconds in repetition 330
tcp_ping received 32768 bytes back
Round trip time was 1.27095 milliseconds in repetition 331
tcp_ping received 32768 bytes back
Round trip time was 1.21696 milliseconds in repetition 332
tcp_ping received 32768 bytes back
Round trip time was 1.58394 milliseconds in repetition 333
tcp_ping received 32768 bytes back
Round trip time was 1.78393 milliseconds in repetition 334
tcp_ping received 32768 bytes back
Round trip time was 2.32791 milliseconds in repetition 335
tcp_ping received 32768 bytes back
Round trip time was 2.36391 milliseconds in repetition 336
tcp_ping received 32768 bytes back
Round trip time was 1.31795 milliseconds in repetition 337
tcp_ping received 32768 bytes back
Round trip time was 1.23296 milliseconds in repetition 338
tcp_ping received 32768 bytes back
Round trip time was 1.23696 milliseconds in repetition 339
tcp_ping received 32768 bytes back
Round trip time was 1.35095 milliseconds in repetition 340
tcp_ping received 32768 bytes back
Round trip time was 1.24696 milliseconds in repetition 341
tcp_ping received 32768 bytes back
Round trip time was 1.19696 milliseconds in repetition 342
tcp_ping received 32768 bytes back
Round trip time was 1.36195 milliseconds in repetition 343
tcp_ping received 32768 bytes back
Round trip time was 1.25895 milliseconds in repetition 344
tcp_ping received 32768 bytes back
Round trip time was 1.21696 milliseconds in repetition 345
tcp_ping received 32768 bytes back
Round trip time was 1.25995 milliseconds in repetition 346
tcp_ping received 32768 bytes back
Round trip time was 1.26595 milliseconds in repetition 347
tcp_ping received 32768 bytes back
Round trip time was 1.21396 milliseconds in repetition 348
tcp_ping received 32768 bytes back
Round trip time was 1.23196 milliseconds in repetition 349
tcp_ping received 32768 bytes back
Round trip time was 1.25495 milliseconds in repetition 350
tcp_ping received 32768 bytes back
Round trip time was 1.32295 milliseconds in repetition 351
tcp_ping received 32768 bytes back
Round trip time was 1.23896 milliseconds in repetition 352
tcp_ping received 32768 bytes back
Round trip time was 1.21996 milliseconds in repetition 353
tcp_ping received 32768 bytes back
Round trip time was 1.28295 milliseconds in repetition 354
tcp_ping received 32768 bytes back
Round trip time was 1.22496 milliseconds in repetition 355
tcp_ping received 32768 bytes back
Round trip time was 1.23196 milliseconds in repetition 356
tcp_ping received 32768 bytes back
Round trip time was 1.37195 milliseconds in repetition 357
tcp_ping received 32768 bytes back
Round trip time was 1.24196 milliseconds in repetition 358
tcp_ping received 32768 bytes back
Round trip time was 1.23896 milliseconds in repetition 359
tcp_ping received 32768 bytes back
Round trip time was 1.22696 milliseconds in repetition 360
tcp_ping received 32768 bytes back
Round trip time was 1.27295 milliseconds in repetition 361
tcp_ping received 32768 bytes back
Round trip time was 1.22996 milliseconds in repetition 362
tcp_ping received 32768 bytes back
Round trip time was 1.22396 milliseconds in repetition 363
tcp_ping received 32768 bytes back
Round trip time was 1.26695 milliseconds in repetition 364
tcp_ping received 32768 bytes back
Round trip time was 1.22396 milliseconds in repetition 365
tcp_ping received 32768 bytes back
Round trip time was 1.22296 milliseconds in repetition 366
tcp_ping received 32768 bytes back
Round trip time was 1.25996 milliseconds in repetition 367
tcp_ping received 32768 bytes back
Round trip time was 1.22096 milliseconds in repetition 368
tcp_ping received 32768 bytes back
Round trip time was 1.21396 milliseconds in repetition 369
tcp_ping received 32768 bytes back
Round trip time was 1.25695 milliseconds in repetition 370
tcp_ping received 32768 bytes back
Round trip time was 1.22096 milliseconds in repetition 371
tcp_ping received 32768 bytes back
Round trip time was 1.23096 milliseconds in repetition 372
tcp_ping received 32768 bytes back
Round trip time was 1.29395 milliseconds in repetition 373
tcp_ping received 32768 bytes back
Round trip time was 1.21896 milliseconds in repetition 374
tcp_ping received 32768 bytes back
Round trip time was 1.21796 milliseconds in repetition 375
tcp_ping received 32768 bytes back
Round trip time was 1.21896 milliseconds in repetition 376
tcp_ping received 32768 bytes back
Round trip time was 1.26095 milliseconds in repetition 377
tcp_ping received 32768 bytes back
Round trip time was 1.21996 milliseconds in repetition 378
tcp_ping received 32768 bytes back
Round trip time was 1.26495 milliseconds in repetition 379
tcp_ping received 32768 bytes back
Round trip time was 1.21996 milliseconds in repetition 380
tcp_ping received 32768 bytes back
Round trip time was 1.21596 milliseconds in repetition 381
tcp_ping received 32768 bytes back
Round trip time was 1.22496 milliseconds in repetition 382
tcp_ping received 32768 bytes back
Round trip time was 1.36495 milliseconds in repetition 383
tcp_ping received 32768 bytes back
Round trip time was 1.21996 milliseconds in repetition 384
tcp_ping received 32768 bytes back
Round trip time was 1.22496 milliseconds in repetition 385
tcp_ping received 32768 bytes back
Round trip time was 1.44595 milliseconds in repetition 386
tcp_ping received 32768 bytes back
Round trip time was 1.23296 milliseconds in repetition 387
tcp_ping received 32768 bytes back
Round trip time was 1.22596 milliseconds in repetition 388
tcp_ping received 32768 bytes back
Round trip time was 1.26695 milliseconds in repetition 389
tcp_ping received 32768 bytes back
Round trip time was 1.22096 milliseconds in repetition 390
tcp_ping received 32768 bytes back
Round trip time was 1.21496 milliseconds in repetition 391
tcp_ping received 32768 bytes back
Round trip time was 1.25296 milliseconds in repetition 392
tcp_ping received 32768 bytes back
Round trip time was 1.22396 milliseconds in repetition 393
tcp_ping received 32768 bytes back
Round trip time was 1.21696 milliseconds in repetition 394
tcp_ping received 32768 bytes back
Round trip time was 1.26595 milliseconds in repetition 395
tcp_ping received 32768 bytes back
Round trip time was 1.21496 milliseconds in repetition 396
tcp_ping received 32768 bytes back
Round trip time was 1.22596 milliseconds in repetition 397
tcp_ping received 32768 bytes back
Round trip time was 1.27295 milliseconds in repetition 398
tcp_ping received 32768 bytes back
Round trip time was 1.25795 milliseconds in repetition 399
tcp_ping received 32768 bytes back
Round trip time was 1.20896 milliseconds in repetition 400
tcp_ping received 32768 bytes back
Round trip time was 1.25496 milliseconds in repetition 401
tcp_ping received 32768 bytes back
Round trip time was 1.21296 milliseconds in repetition 402
tcp_ping received 32768 bytes back
Round trip time was 1.21596 milliseconds in repetition 403
tcp_ping received 32768 bytes back
Round trip time was 1.20996 milliseconds in repetition 404
tcp_ping received 32768 bytes back
Round trip time was 1.25495 milliseconds in repetition 405
tcp_ping received 32768 bytes back
Round trip time was 1.21196 milliseconds in repetition 406
tcp_ping received 32768 bytes back
Round trip time was 1.20596 milliseconds in repetition 407
tcp_ping received 32768 bytes back
Round trip time was 1.25496 milliseconds in repetition 408
tcp_ping received 32768 bytes back
Round trip time was 1.20996 milliseconds in repetition 409
tcp_ping received 32768 bytes back
Round trip time was 1.20696 milliseconds in repetition 410
tcp_ping received 32768 bytes back
Round trip time was 1.25195 milliseconds in repetition 411
tcp_ping received 32768 bytes back
Round trip time was 1.21596 milliseconds in repetition 412
tcp_ping received 32768 bytes back
Round trip time was 1.21696 milliseconds in repetition 413
tcp_ping received 32768 bytes back
Round trip time was 1.21696 milliseconds in repetition 414
tcp_ping received 32768 bytes back
Round trip time was 1.29395 milliseconds in repetition 415
tcp_ping received 32768 bytes back
Round trip time was 1.24396 milliseconds in repetition 416
tcp_ping received 32768 bytes back
Round trip time was 1.26495 milliseconds in repetition 417
tcp_ping received 32768 bytes back
Round trip time was 1.22096 milliseconds in repetition 418
tcp_ping received 32768 bytes back
Round trip time was 1.21696 milliseconds in repetition 419
tcp_ping received 32768 bytes back
Round trip time was 1.21596 milliseconds in repetition 420
tcp_ping received 32768 bytes back
Round trip time was 1.26296 milliseconds in repetition 421
tcp_ping received 32768 bytes back
Round trip time was 1.21896 milliseconds in repetition 422
tcp_ping received 32768 bytes back
Round trip time was 1.21796 milliseconds in repetition 423
tcp_ping received 32768 bytes back
Round trip time was 1.26195 milliseconds in repetition 424
tcp_ping received 32768 bytes back
Round trip time was 1.22796 milliseconds in repetition 425
tcp_ping received 32768 bytes back
Round trip time was 1.21996 milliseconds in repetition 426
tcp_ping received 32768 bytes back
Round trip time was 1.25895 milliseconds in repetition 427
tcp_ping received 32768 bytes back
Round trip time was 1.21996 milliseconds in repetition 428
tcp_ping received 32768 bytes back
Round trip time was 1.21496 milliseconds in repetition 429
tcp_ping received 32768 bytes back
Round trip time was 1.25596 milliseconds in repetition 430
tcp_ping received 32768 bytes back
Round trip time was 1.22796 milliseconds in repetition 431
tcp_ping received 32768 bytes back
Round trip time was 1.36895 milliseconds in repetition 432
tcp_ping received 32768 bytes back
Round trip time was 1.34995 milliseconds in repetition 433
tcp_ping received 32768 bytes back
Round trip time was 1.22996 milliseconds in repetition 434
tcp_ping received 32768 bytes back
Round trip time was 1.21996 milliseconds in repetition 435
tcp_ping received 32768 bytes back
Round trip time was 1.84093 milliseconds in repetition 436
tcp_ping received 32768 bytes back
Round trip time was 2.7489 milliseconds in repetition 437
tcp_ping received 32768 bytes back
Round trip time was 1.30395 milliseconds in repetition 438
tcp_ping received 32768 bytes back
Round trip time was 1.21696 milliseconds in repetition 439
tcp_ping received 32768 bytes back
Round trip time was 1.31295 milliseconds in repetition 440
tcp_ping received 32768 bytes back
Round trip time was 1.22096 milliseconds in repetition 441
tcp_ping received 32768 bytes back
Round trip time was 1.21996 milliseconds in repetition 442
tcp_ping received 32768 bytes back
Round trip time was 1.23396 milliseconds in repetition 443
tcp_ping received 32768 bytes back
Round trip time was 1.29495 milliseconds in repetition 444
tcp_ping received 32768 bytes back
Round trip time was 1.24896 milliseconds in repetition 445
tcp_ping received 32768 bytes back
Round trip time was 1.26495 milliseconds in repetition 446
tcp_ping received 32768 bytes back
Round trip time was 1.35395 milliseconds in repetition 447
tcp_ping received 32768 bytes back
Round trip time was 1.30695 milliseconds in repetition 448
tcp_ping received 32768 bytes back
Round trip time was 1.50695 milliseconds in repetition 449
tcp_ping received 32768 bytes back
Round trip time was 1.39695 milliseconds in repetition 450
tcp_ping received 32768 bytes back
Round trip time was 1.26195 milliseconds in repetition 451
tcp_ping received 32768 bytes back
Round trip time was 1.31495 milliseconds in repetition 452
tcp_ping received 32768 bytes back
Round trip time was 1.22595 milliseconds in repetition 453
tcp_ping received 32768 bytes back
Round trip time was 1.21896 milliseconds in repetition 454
tcp_ping received 32768 bytes back
Round trip time was 1.48795 milliseconds in repetition 455
tcp_ping received 32768 bytes back
Round trip time was 1.25096 milliseconds in repetition 456
tcp_ping received 32768 bytes back
Round trip time was 1.26495 milliseconds in repetition 457
tcp_ping received 32768 bytes back
Round trip time was 1.26795 milliseconds in repetition 458
tcp_ping received 32768 bytes back
Round trip time was 1.22096 milliseconds in repetition 459
tcp_ping received 32768 bytes back
Round trip time was 1.21996 milliseconds in repetition 460
tcp_ping received 32768 bytes back
Round trip time was 1.23096 milliseconds in repetition 461
tcp_ping received 32768 bytes back
Round trip time was 1.32895 milliseconds in repetition 462
tcp_ping received 32768 bytes back
Round trip time was 1.22796 milliseconds in repetition 463
tcp_ping received 32768 bytes back
Round trip time was 1.26295 milliseconds in repetition 464
tcp_ping received 32768 bytes back
Round trip time was 1.22396 milliseconds in repetition 465
tcp_ping received 32768 bytes back
Round trip time was 1.23096 milliseconds in repetition 466
tcp_ping received 32768 bytes back
Round trip time was 1.21596 milliseconds in repetition 467
tcp_ping received 32768 bytes back
Round trip time was 1.27395 milliseconds in repetition 468
tcp_ping received 32768 bytes back
Round trip time was 1.22096 milliseconds in repetition 469
tcp_ping received 32768 bytes back
Round trip time was 1.43995 milliseconds in repetition 470
tcp_ping received 32768 bytes back
Round trip time was 1.21896 milliseconds in repetition 471
tcp_ping received 32768 bytes back
Round trip time was 1.21995 milliseconds in repetition 472
tcp_ping received 32768 bytes back
Round trip time was 1.23696 milliseconds in repetition 473
tcp_ping received 32768 bytes back
Round trip time was 1.31095 milliseconds in repetition 474
tcp_ping received 32768 bytes back
Round trip time was 1.21596 milliseconds in repetition 475
tcp_ping received 32768 bytes back
Round trip time was 1.22496 milliseconds in repetition 476
tcp_ping received 32768 bytes back
Round trip time was 1.57494 milliseconds in repetition 477
tcp_ping received 32768 bytes back
Round trip time was 1.21896 milliseconds in repetition 478
tcp_ping received 32768 bytes back
Round trip time was 1.21396 milliseconds in repetition 479
tcp_ping received 32768 bytes back
Round trip time was 1.33695 milliseconds in repetition 480
tcp_ping received 32768 bytes back
Round trip time was 1.23896 milliseconds in repetition 481
tcp_ping received 32768 bytes back
Round trip time was 1.22196 milliseconds in repetition 482
tcp_ping received 32768 bytes back
Round trip time was 1.26995 milliseconds in repetition 483
tcp_ping received 32768 bytes back
Round trip time was 1.21596 milliseconds in repetition 484
tcp_ping received 32768 bytes back
Round trip time was 1.22896 milliseconds in repetition 485
tcp_ping received 32768 bytes back
Round trip time was 1.41395 milliseconds in repetition 486
tcp_ping received 32768 bytes back
Round trip time was 1.23696 milliseconds in repetition 487
tcp_ping received 32768 bytes back
Round trip time was 1.21996 milliseconds in repetition 488
tcp_ping received 32768 bytes back
Round trip time was 1.26195 milliseconds in repetition 489
tcp_ping received 32768 bytes back
Round trip time was 1.21496 milliseconds in repetition 490
tcp_ping received 32768 bytes back
Round trip time was 1.21096 milliseconds in repetition 491
tcp_ping received 32768 bytes back
Round trip time was 1.21596 milliseconds in repetition 492
tcp_ping received 32768 bytes back
Round trip time was 1.31495 milliseconds in repetition 493
tcp_ping received 32768 bytes back
Round trip time was 1.22296 milliseconds in repetition 494
tcp_ping received 32768 bytes back
Round trip time was 1.28395 milliseconds in repetition 495
tcp_ping received 32768 bytes back
Round trip time was 1.22396 milliseconds in repetition 496
tcp_ping received 32768 bytes back
Round trip time was 1.21396 milliseconds in repetition 497
tcp_ping received 32768 bytes back
Round trip time was 1.21596 milliseconds in repetition 498
tcp_ping received 32768 bytes back
Round trip time was 1.28495 milliseconds in repetition 499
tcp_ping received 32768 bytes back
Round trip time was 1.23696 milliseconds in repetition 500
tcp_ping received 32768 bytes back
Round trip time was 1.21396 milliseconds in repetition 501

 ... clock resolution was 1e-06
TCP Ping:  Statistics over 501 repetitions of 32768 byte messages

RTT : percentile 10: 1.21395, median: 1.23296, percentile 90: 1.38395, average: 1.33884, variance: 0.215621

RTT histogram:
1.19296 413
1.42905 59
1.66514 8
1.90123 4
2.13732 3
2.37341 4
2.60951 0
2.8456 1
3.08169 2
3.31778 1
3.55387 0
3.78996 1
4.02606 0
4.26215 0
4.49824 1
4.73433 0
4.97042 1
5.20651 1
5.4426 0
5.6787 1
5.91479 1
   median Throughput : 53153.6 KB/s   overall Throughput : 48949.8 KB/s

