TCP Ping trying to connect to server localhost (127.0.0.1) on port 1491
 ... connected to Pong server: asking for 501 repetitions of 524288 bytes TCP messages
 ... Pong server agreed :-)
tcp_ping received 524288 bytes back
Round trip time was 33.3249 milliseconds in repetition 1
tcp_ping received 524288 bytes back
Round trip time was 19.9603 milliseconds in repetition 2
tcp_ping received 524288 bytes back
Round trip time was 18.9624 milliseconds in repetition 3
tcp_ping received 524288 bytes back
Round trip time was 18.9064 milliseconds in repetition 4
tcp_ping received 524288 bytes back
Round trip time was 18.6584 milliseconds in repetition 5
tcp_ping received 524288 bytes back
Round trip time was 18.2864 milliseconds in repetition 6
tcp_ping received 524288 bytes back
Round trip time was 18.2384 milliseconds in repetition 7
tcp_ping received 524288 bytes back
Round trip time was 41.5386 milliseconds in repetition 8
tcp_ping received 524288 bytes back
Round trip time was 18.8604 milliseconds in repetition 9
tcp_ping received 524288 bytes back
Round trip time was 18.2904 milliseconds in repetition 10
tcp_ping received 524288 bytes back
Round trip time was 18.2554 milliseconds in repetition 11
tcp_ping received 524288 bytes back
Round trip time was 18.0134 milliseconds in repetition 12
tcp_ping received 524288 bytes back
Round trip time was 18.4544 milliseconds in repetition 13
tcp_ping received 524288 bytes back
Round trip time was 17.9774 milliseconds in repetition 14
tcp_ping received 524288 bytes back
Round trip time was 19.0034 milliseconds in repetition 15
tcp_ping received 524288 bytes back
Round trip time was 18.3424 milliseconds in repetition 16
tcp_ping received 524288 bytes back
Round trip time was 18.1924 milliseconds in repetition 17
tcp_ping received 524288 bytes back
Round trip time was 18.1734 milliseconds in repetition 18
tcp_ping received 524288 bytes back
Round trip time was 18.0964 milliseconds in repetition 19
tcp_ping received 524288 bytes back
Round trip time was 18.2074 milliseconds in repetition 20
tcp_ping received 524288 bytes back
Round trip time was 18.1824 milliseconds in repetition 21
tcp_ping received 524288 bytes back
Round trip time was 19.1124 milliseconds in repetition 22
tcp_ping received 524288 bytes back
Round trip time was 18.8184 milliseconds in repetition 23
tcp_ping received 524288 bytes back
Round trip time was 18.1544 milliseconds in repetition 24
tcp_ping received 524288 bytes back
Round trip time was 19.3064 milliseconds in repetition 25
tcp_ping received 524288 bytes back
Round trip time was 18.5184 milliseconds in repetition 26
tcp_ping received 524288 bytes back
Round trip time was 18.6434 milliseconds in repetition 27
tcp_ping received 524288 bytes back
Round trip time was 18.1744 milliseconds in repetition 28
tcp_ping received 524288 bytes back
Round trip time was 20.8443 milliseconds in repetition 29
tcp_ping received 524288 bytes back
Round trip time was 18.6004 milliseconds in repetition 30
tcp_ping received 524288 bytes back
Round trip time was 18.1414 milliseconds in repetition 31
tcp_ping received 524288 bytes back
Round trip time was 18.1574 milliseconds in repetition 32
tcp_ping received 524288 bytes back
Round trip time was 18.1204 milliseconds in repetition 33
tcp_ping received 524288 bytes back
Round trip time was 18.1594 milliseconds in repetition 34
tcp_ping received 524288 bytes back
Round trip time was 18.0784 milliseconds in repetition 35
tcp_ping received 524288 bytes back
Round trip time was 17.9774 milliseconds in repetition 36
tcp_ping received 524288 bytes back
Round trip time was 20.4133 milliseconds in repetition 37
tcp_ping received 524288 bytes back
Round trip time was 18.3254 milliseconds in repetition 38
tcp_ping received 524288 bytes back
Round trip time was 37.3108 milliseconds in repetition 39
tcp_ping received 524288 bytes back
Round trip time was 18.7844 milliseconds in repetition 40
tcp_ping received 524288 bytes back
Round trip time was 18.0484 milliseconds in repetition 41
tcp_ping received 524288 bytes back
Round trip time was 17.9934 milliseconds in repetition 42
tcp_ping received 524288 bytes back
Round trip time was 19.9953 milliseconds in repetition 43
tcp_ping received 524288 bytes back
Round trip time was 18.4024 milliseconds in repetition 44
tcp_ping received 524288 bytes back
Round trip time was 18.0484 milliseconds in repetition 45
tcp_ping received 524288 bytes back
Round trip time was 18.1954 milliseconds in repetition 46
tcp_ping received 524288 bytes back
Round trip time was 18.1584 milliseconds in repetition 47
tcp_ping received 524288 bytes back
Round trip time was 22.8253 milliseconds in repetition 48
tcp_ping received 524288 bytes back
Round trip time was 18.4924 milliseconds in repetition 49
tcp_ping received 524288 bytes back
Round trip time was 19.5384 milliseconds in repetition 50
tcp_ping received 524288 bytes back
Round trip time was 18.1664 milliseconds in repetition 51
tcp_ping received 524288 bytes back
Round trip time was 18.0884 milliseconds in repetition 52
tcp_ping received 524288 bytes back
Round trip time was 18.0924 milliseconds in repetition 53
tcp_ping received 524288 bytes back
Round trip time was 18.2944 milliseconds in repetition 54
tcp_ping received 524288 bytes back
Round trip time was 18.0324 milliseconds in repetition 55
tcp_ping received 524288 bytes back
Round trip time was 18.1434 milliseconds in repetition 56
tcp_ping received 524288 bytes back
Round trip time was 19.0014 milliseconds in repetition 57
tcp_ping received 524288 bytes back
Round trip time was 18.4804 milliseconds in repetition 58
tcp_ping received 524288 bytes back
Round trip time was 18.3784 milliseconds in repetition 59
tcp_ping received 524288 bytes back
Round trip time was 18.1324 milliseconds in repetition 60
tcp_ping received 524288 bytes back
Round trip time was 18.0804 milliseconds in repetition 61
tcp_ping received 524288 bytes back
Round trip time was 18.1924 milliseconds in repetition 62
tcp_ping received 524288 bytes back
Round trip time was 18.1214 milliseconds in repetition 63
tcp_ping received 524288 bytes back
Round trip time was 20.1983 milliseconds in repetition 64
tcp_ping received 524288 bytes back
Round trip time was 18.4754 milliseconds in repetition 65
tcp_ping received 524288 bytes back
Round trip time was 18.5184 milliseconds in repetition 66
tcp_ping received 524288 bytes back
Round trip time was 18.0664 milliseconds in repetition 67
tcp_ping received 524288 bytes back
Round trip time was 18.3254 milliseconds in repetition 68
tcp_ping received 524288 bytes back
Round trip time was 18.1334 milliseconds in repetition 69
tcp_ping received 524288 bytes back
Round trip time was 34.7549 milliseconds in repetition 70
tcp_ping received 524288 bytes back
Round trip time was 23.1782 milliseconds in repetition 71
tcp_ping received 524288 bytes back
Round trip time was 19.4744 milliseconds in repetition 72
tcp_ping received 524288 bytes back
Round trip time was 19.6794 milliseconds in repetition 73
tcp_ping received 524288 bytes back
Round trip time was 19.3274 milliseconds in repetition 74
tcp_ping received 524288 bytes back
Round trip time was 18.4294 milliseconds in repetition 75
tcp_ping received 524288 bytes back
Round trip time was 19.2324 milliseconds in repetition 76
tcp_ping received 524288 bytes back
Round trip time was 23.9982 milliseconds in repetition 77
tcp_ping received 524288 bytes back
Round trip time was 18.6564 milliseconds in repetition 78
tcp_ping received 524288 bytes back
Round trip time was 18.5694 milliseconds in repetition 79
tcp_ping received 524288 bytes back
Round trip time was 18.6564 milliseconds in repetition 80
tcp_ping received 524288 bytes back
Round trip time was 18.6224 milliseconds in repetition 81
tcp_ping received 524288 bytes back
Round trip time was 18.3474 milliseconds in repetition 82
tcp_ping received 524288 bytes back
Round trip time was 18.4584 milliseconds in repetition 83
tcp_ping received 524288 bytes back
Round trip time was 22.3503 milliseconds in repetition 84
tcp_ping received 524288 bytes back
Round trip time was 18.4364 milliseconds in repetition 85
tcp_ping received 524288 bytes back
Round trip time was 18.3094 milliseconds in repetition 86
tcp_ping received 524288 bytes back
Round trip time was 18.4664 milliseconds in repetition 87
tcp_ping received 524288 bytes back
Round trip time was 18.2214 milliseconds in repetition 88
tcp_ping received 524288 bytes back
Round trip time was 18.5214 milliseconds in repetition 89
tcp_ping received 524288 bytes back
Round trip time was 18.1564 milliseconds in repetition 90
tcp_ping received 524288 bytes back
Round trip time was 19.3694 milliseconds in repetition 91
tcp_ping received 524288 bytes back
Round trip time was 18.5874 milliseconds in repetition 92
tcp_ping received 524288 bytes back
Round trip time was 18.2734 milliseconds in repetition 93
tcp_ping received 524288 bytes back
Round trip time was 18.2124 milliseconds in repetition 94
tcp_ping received 524288 bytes back
Round trip time was 18.1584 milliseconds in repetition 95
tcp_ping received 524288 bytes back
Round trip time was 18.7474 milliseconds in repetition 96
tcp_ping received 524288 bytes back
Round trip time was 18.1484 milliseconds in repetition 97
tcp_ping received 524288 bytes back
Round trip time was 18.2984 milliseconds in repetition 98
tcp_ping received 524288 bytes back
Round trip time was 30.262 milliseconds in repetition 99
tcp_ping received 524288 bytes back
Round trip time was 35.6708 milliseconds in repetition 100
tcp_ping received 524288 bytes back
Round trip time was 18.7164 milliseconds in repetition 101
tcp_ping received 524288 bytes back
Round trip time was 18.3574 milliseconds in repetition 102
tcp_ping received 524288 bytes back
Round trip time was 18.6234 milliseconds in repetition 103
tcp_ping received 524288 bytes back
Round trip time was 20.6543 milliseconds in repetition 104
tcp_ping received 524288 bytes back
Round trip time was 18.2774 milliseconds in repetition 105
tcp_ping received 524288 bytes back
Round trip time was 18.2114 milliseconds in repetition 106
tcp_ping received 524288 bytes back
Round trip time was 18.1934 milliseconds in repetition 107
tcp_ping received 524288 bytes back
Round trip time was 18.1524 milliseconds in repetition 108
tcp_ping received 524288 bytes back
Round trip time was 17.9764 milliseconds in repetition 109
tcp_ping received 524288 bytes back
Round trip time was 18.1224 milliseconds in repetition 110
tcp_ping received 524288 bytes back
Round trip time was 19.0054 milliseconds in repetition 111
tcp_ping received 524288 bytes back
Round trip time was 32.4809 milliseconds in repetition 112
tcp_ping received 524288 bytes back
Round trip time was 19.6714 milliseconds in repetition 113
tcp_ping received 524288 bytes back
Round trip time was 18.4634 milliseconds in repetition 114
tcp_ping received 524288 bytes back
Round trip time was 18.4414 milliseconds in repetition 115
tcp_ping received 524288 bytes back
Round trip time was 18.8614 milliseconds in repetition 116
tcp_ping received 524288 bytes back
Round trip time was 18.8884 milliseconds in repetition 117
tcp_ping received 524288 bytes back
Round trip time was 19.6294 milliseconds in repetition 118
tcp_ping received 524288 bytes back
Round trip time was 18.4634 milliseconds in repetition 119
tcp_ping received 524288 bytes back
Round trip time was 18.6404 milliseconds in repetition 120
tcp_ping received 524288 bytes back
Round trip time was 26.7561 milliseconds in repetition 121
tcp_ping received 524288 bytes back
Round trip time was 30.356 milliseconds in repetition 122
tcp_ping received 524288 bytes back
Round trip time was 34.1049 milliseconds in repetition 123
tcp_ping received 524288 bytes back
Round trip time was 23.3772 milliseconds in repetition 124
tcp_ping received 524288 bytes back
Round trip time was 27.3131 milliseconds in repetition 125
tcp_ping received 524288 bytes back
Round trip time was 22.4323 milliseconds in repetition 126
tcp_ping received 524288 bytes back
Round trip time was 41.6717 milliseconds in repetition 127
tcp_ping received 524288 bytes back
Round trip time was 26.5061 milliseconds in repetition 128
tcp_ping received 524288 bytes back
Round trip time was 26.0372 milliseconds in repetition 129
tcp_ping received 524288 bytes back
Round trip time was 22.6953 milliseconds in repetition 130
tcp_ping received 524288 bytes back
Round trip time was 25.8622 milliseconds in repetition 131
tcp_ping received 524288 bytes back
Round trip time was 22.4903 milliseconds in repetition 132
tcp_ping received 524288 bytes back
Round trip time was 24.6962 milliseconds in repetition 133
tcp_ping received 524288 bytes back
Round trip time was 18.8104 milliseconds in repetition 134
tcp_ping received 524288 bytes back
Round trip time was 18.3074 milliseconds in repetition 135
tcp_ping received 524288 bytes back
Round trip time was 18.0764 milliseconds in repetition 136
tcp_ping received 524288 bytes back
Round trip time was 18.0384 milliseconds in repetition 137
tcp_ping received 524288 bytes back
Round trip time was 18.3554 milliseconds in repetition 138
tcp_ping received 524288 bytes back
Round trip time was 18.7624 milliseconds in repetition 139
tcp_ping received 524288 bytes back
Round trip time was 24.3332 milliseconds in repetition 140
tcp_ping received 524288 bytes back
Round trip time was 22.9813 milliseconds in repetition 141
tcp_ping received 524288 bytes back
Round trip time was 26.2792 milliseconds in repetition 142
tcp_ping received 524288 bytes back
Round trip time was 22.2273 milliseconds in repetition 143
tcp_ping received 524288 bytes back
Round trip time was 31.006 milliseconds in repetition 144
tcp_ping received 524288 bytes back
Round trip time was 30.972 milliseconds in repetition 145
tcp_ping received 524288 bytes back
Round trip time was 22.6053 milliseconds in repetition 146
tcp_ping received 524288 bytes back
Round trip time was 25.8812 milliseconds in repetition 147
tcp_ping received 524288 bytes back
Round trip time was 22.0193 milliseconds in repetition 148
tcp_ping received 524288 bytes back
Round trip time was 25.3882 milliseconds in repetition 149
tcp_ping received 524288 bytes back
Round trip time was 23.7262 milliseconds in repetition 150
tcp_ping received 524288 bytes back
Round trip time was 29.447 milliseconds in repetition 151
tcp_ping received 524288 bytes back
Round trip time was 45.5895 milliseconds in repetition 152
tcp_ping received 524288 bytes back
Round trip time was 23.0133 milliseconds in repetition 153
tcp_ping received 524288 bytes back
Round trip time was 22.8053 milliseconds in repetition 154
tcp_ping received 524288 bytes back
Round trip time was 29.864 milliseconds in repetition 155
tcp_ping received 524288 bytes back
Round trip time was 32.002 milliseconds in repetition 156
tcp_ping received 524288 bytes back
Round trip time was 27.4691 milliseconds in repetition 157
tcp_ping received 524288 bytes back
Round trip time was 21.9413 milliseconds in repetition 158
tcp_ping received 524288 bytes back
Round trip time was 22.2583 milliseconds in repetition 159
tcp_ping received 524288 bytes back
Round trip time was 27.7971 milliseconds in repetition 160
tcp_ping received 524288 bytes back
Round trip time was 26.3272 milliseconds in repetition 161
tcp_ping received 524288 bytes back
Round trip time was 24.6682 milliseconds in repetition 162
tcp_ping received 524288 bytes back
Round trip time was 28.6681 milliseconds in repetition 163
tcp_ping received 524288 bytes back
Round trip time was 30.825 milliseconds in repetition 164
tcp_ping received 524288 bytes back
Round trip time was 32.255 milliseconds in repetition 165
tcp_ping received 524288 bytes back
Round trip time was 22.8293 milliseconds in repetition 166
tcp_ping received 524288 bytes back
Round trip time was 25.9352 milliseconds in repetition 167
tcp_ping received 524288 bytes back
Round trip time was 24.2412 milliseconds in repetition 168
tcp_ping received 524288 bytes back
Round trip time was 26.7681 milliseconds in repetition 169
tcp_ping received 524288 bytes back
Round trip time was 25.6152 milliseconds in repetition 170
tcp_ping received 524288 bytes back
Round trip time was 26.8401 milliseconds in repetition 171
tcp_ping received 524288 bytes back
Round trip time was 22.5473 milliseconds in repetition 172
tcp_ping received 524288 bytes back
Round trip time was 25.5802 milliseconds in repetition 173
tcp_ping received 524288 bytes back
Round trip time was 22.3083 milliseconds in repetition 174
tcp_ping received 524288 bytes back
Round trip time was 41.2367 milliseconds in repetition 175
tcp_ping received 524288 bytes back
Round trip time was 24.8312 milliseconds in repetition 176
tcp_ping received 524288 bytes back
Round trip time was 22.3063 milliseconds in repetition 177
tcp_ping received 524288 bytes back
Round trip time was 18.2114 milliseconds in repetition 178
tcp_ping received 524288 bytes back
Round trip time was 18.1874 milliseconds in repetition 179
tcp_ping received 524288 bytes back
Round trip time was 17.9574 milliseconds in repetition 180
tcp_ping received 524288 bytes back
Round trip time was 19.0614 milliseconds in repetition 181
tcp_ping received 524288 bytes back
Round trip time was 19.1344 milliseconds in repetition 182
tcp_ping received 524288 bytes back
Round trip time was 18.4234 milliseconds in repetition 183
tcp_ping received 524288 bytes back
Round trip time was 18.0664 milliseconds in repetition 184
tcp_ping received 524288 bytes back
Round trip time was 25.8262 milliseconds in repetition 185
tcp_ping received 524288 bytes back
Round trip time was 21.7283 milliseconds in repetition 186
tcp_ping received 524288 bytes back
Round trip time was 27.7361 milliseconds in repetition 187
tcp_ping received 524288 bytes back
Round trip time was 22.9903 milliseconds in repetition 188
tcp_ping received 524288 bytes back
Round trip time was 27.9421 milliseconds in repetition 189
tcp_ping received 524288 bytes back
Round trip time was 28.3651 milliseconds in repetition 190
tcp_ping received 524288 bytes back
Round trip time was 24.3942 milliseconds in repetition 191
tcp_ping received 524288 bytes back
Round trip time was 29.766 milliseconds in repetition 192
tcp_ping received 524288 bytes back
Round trip time was 23.4592 milliseconds in repetition 193
tcp_ping received 524288 bytes back
Round trip time was 25.6472 milliseconds in repetition 194
tcp_ping received 524288 bytes back
Round trip time was 22.2603 milliseconds in repetition 195
tcp_ping received 524288 bytes back
Round trip time was 30.417 milliseconds in repetition 196
tcp_ping received 524288 bytes back
Round trip time was 29.804 milliseconds in repetition 197
tcp_ping received 524288 bytes back
Round trip time was 24.4052 milliseconds in repetition 198
tcp_ping received 524288 bytes back
Round trip time was 25.6702 milliseconds in repetition 199
tcp_ping received 524288 bytes back
Round trip time was 22.0773 milliseconds in repetition 200
tcp_ping received 524288 bytes back
Round trip time was 25.3182 milliseconds in repetition 201
tcp_ping received 524288 bytes back
Round trip time was 24.8572 milliseconds in repetition 202
tcp_ping received 524288 bytes back
Round trip time was 33.2949 milliseconds in repetition 203
tcp_ping received 524288 bytes back
Round trip time was 26.9381 milliseconds in repetition 204
tcp_ping received 524288 bytes back
Round trip time was 22.1723 milliseconds in repetition 205
tcp_ping received 524288 bytes back
Round trip time was 22.5143 milliseconds in repetition 206
tcp_ping received 524288 bytes back
Round trip time was 19.1414 milliseconds in repetition 207
tcp_ping received 524288 bytes back
Round trip time was 18.8134 milliseconds in repetition 208
tcp_ping received 524288 bytes back
Round trip time was 30.622 milliseconds in repetition 209
tcp_ping received 524288 bytes back
Round trip time was 22.5393 milliseconds in repetition 210
tcp_ping received 524288 bytes back
Round trip time was 28.1111 milliseconds in repetition 211
tcp_ping received 524288 bytes back
Round trip time was 21.7533 milliseconds in repetition 212
tcp_ping received 524288 bytes back
Round trip time was 28.3581 milliseconds in repetition 213
tcp_ping received 524288 bytes back
Round trip time was 28.7711 milliseconds in repetition 214
tcp_ping received 524288 bytes back
Round trip time was 24.1512 milliseconds in repetition 215
tcp_ping received 524288 bytes back
Round trip time was 29.0571 milliseconds in repetition 216
tcp_ping received 524288 bytes back
Round trip time was 22.6953 milliseconds in repetition 217
tcp_ping received 524288 bytes back
Round trip time was 27.2071 milliseconds in repetition 218
tcp_ping received 524288 bytes back
Round trip time was 24.1102 milliseconds in repetition 219
tcp_ping received 524288 bytes back
Round trip time was 26.3612 milliseconds in repetition 220
tcp_ping received 524288 bytes back
Round trip time was 22.4803 milliseconds in repetition 221
tcp_ping received 524288 bytes back
Round trip time was 28.4151 milliseconds in repetition 222
tcp_ping received 524288 bytes back
Round trip time was 23.0463 milliseconds in repetition 223
tcp_ping received 524288 bytes back
Round trip time was 28.7011 milliseconds in repetition 224
tcp_ping received 524288 bytes back
Round trip time was 26.4751 milliseconds in repetition 225
tcp_ping received 524288 bytes back
Round trip time was 18.9094 milliseconds in repetition 226
tcp_ping received 524288 bytes back
Round trip time was 18.4054 milliseconds in repetition 227
tcp_ping received 524288 bytes back
Round trip time was 22.1443 milliseconds in repetition 228
tcp_ping received 524288 bytes back
Round trip time was 31.563 milliseconds in repetition 229
tcp_ping received 524288 bytes back
Round trip time was 32.63 milliseconds in repetition 230
tcp_ping received 524288 bytes back
Round trip time was 28.8731 milliseconds in repetition 231
tcp_ping received 524288 bytes back
Round trip time was 23.1243 milliseconds in repetition 232
tcp_ping received 524288 bytes back
Round trip time was 22.3303 milliseconds in repetition 233
tcp_ping received 524288 bytes back
Round trip time was 18.0454 milliseconds in repetition 234
tcp_ping received 524288 bytes back
Round trip time was 37.0088 milliseconds in repetition 235
tcp_ping received 524288 bytes back
Round trip time was 30.659 milliseconds in repetition 236
tcp_ping received 524288 bytes back
Round trip time was 24.6322 milliseconds in repetition 237
tcp_ping received 524288 bytes back
Round trip time was 25.3082 milliseconds in repetition 238
tcp_ping received 524288 bytes back
Round trip time was 18.4214 milliseconds in repetition 239
tcp_ping received 524288 bytes back
Round trip time was 23.7482 milliseconds in repetition 240
tcp_ping received 524288 bytes back
Round trip time was 22.5933 milliseconds in repetition 241
tcp_ping received 524288 bytes back
Round trip time was 22.6743 milliseconds in repetition 242
tcp_ping received 524288 bytes back
Round trip time was 18.8584 milliseconds in repetition 243
tcp_ping received 524288 bytes back
Round trip time was 23.1853 milliseconds in repetition 244
tcp_ping received 524288 bytes back
Round trip time was 19.4954 milliseconds in repetition 245
tcp_ping received 524288 bytes back
Round trip time was 20.5143 milliseconds in repetition 246
tcp_ping received 524288 bytes back
Round trip time was 18.3114 milliseconds in repetition 247
tcp_ping received 524288 bytes back
Round trip time was 18.4874 milliseconds in repetition 248
tcp_ping received 524288 bytes back
Round trip time was 18.3144 milliseconds in repetition 249
tcp_ping received 524288 bytes back
Round trip time was 18.2004 milliseconds in repetition 250
tcp_ping received 524288 bytes back
Round trip time was 18.0674 milliseconds in repetition 251
tcp_ping received 524288 bytes back
Round trip time was 17.9854 milliseconds in repetition 252
tcp_ping received 524288 bytes back
Round trip time was 18.3004 milliseconds in repetition 253
tcp_ping received 524288 bytes back
Round trip time was 31.705 milliseconds in repetition 254
tcp_ping received 524288 bytes back
Round trip time was 22.5213 milliseconds in repetition 255
tcp_ping received 524288 bytes back
Round trip time was 18.9444 milliseconds in repetition 256
tcp_ping received 524288 bytes back
Round trip time was 18.7034 milliseconds in repetition 257
tcp_ping received 524288 bytes back
Round trip time was 18.0604 milliseconds in repetition 258
tcp_ping received 524288 bytes back
Round trip time was 18.2514 milliseconds in repetition 259
tcp_ping received 524288 bytes back
Round trip time was 25.9062 milliseconds in repetition 260
tcp_ping received 524288 bytes back
Round trip time was 19.2044 milliseconds in repetition 261
tcp_ping received 524288 bytes back
Round trip time was 25.7412 milliseconds in repetition 262
tcp_ping received 524288 bytes back
Round trip time was 22.1503 milliseconds in repetition 263
tcp_ping received 524288 bytes back
Round trip time was 27.0631 milliseconds in repetition 264
tcp_ping received 524288 bytes back
Round trip time was 32.271 milliseconds in repetition 265
tcp_ping received 524288 bytes back
Round trip time was 19.7704 milliseconds in repetition 266
tcp_ping received 524288 bytes back
Round trip time was 22.1273 milliseconds in repetition 267
tcp_ping received 524288 bytes back
Round trip time was 18.2234 milliseconds in repetition 268
tcp_ping received 524288 bytes back
Round trip time was 29.986 milliseconds in repetition 269
tcp_ping received 524288 bytes back
Round trip time was 21.4083 milliseconds in repetition 270
tcp_ping received 524288 bytes back
Round trip time was 20.7433 milliseconds in repetition 271
tcp_ping received 524288 bytes back
Round trip time was 18.3914 milliseconds in repetition 272
tcp_ping received 524288 bytes back
Round trip time was 18.2534 milliseconds in repetition 273
tcp_ping received 524288 bytes back
Round trip time was 18.0824 milliseconds in repetition 274
tcp_ping received 524288 bytes back
Round trip time was 18.6584 milliseconds in repetition 275
tcp_ping received 524288 bytes back
Round trip time was 35.5579 milliseconds in repetition 276
tcp_ping received 524288 bytes back
Round trip time was 49.6254 milliseconds in repetition 277
tcp_ping received 524288 bytes back
Round trip time was 63.964 milliseconds in repetition 278
tcp_ping received 524288 bytes back
Round trip time was 53.1423 milliseconds in repetition 279
tcp_ping received 524288 bytes back
Round trip time was 54.6933 milliseconds in repetition 280
tcp_ping received 524288 bytes back
Round trip time was 18.9244 milliseconds in repetition 281
tcp_ping received 524288 bytes back
Round trip time was 21.6473 milliseconds in repetition 282
tcp_ping received 524288 bytes back
Round trip time was 20.1114 milliseconds in repetition 283
tcp_ping received 524288 bytes back
Round trip time was 18.8674 milliseconds in repetition 284
tcp_ping received 524288 bytes back
Round trip time was 18.6574 milliseconds in repetition 285
tcp_ping received 524288 bytes back
Round trip time was 18.4914 milliseconds in repetition 286
tcp_ping received 524288 bytes back
Round trip time was 18.3184 milliseconds in repetition 287
tcp_ping received 524288 bytes back
Round trip time was 18.4764 milliseconds in repetition 288
tcp_ping received 524288 bytes back
Round trip time was 18.2034 milliseconds in repetition 289
tcp_ping received 524288 bytes back
Round trip time was 18.5454 milliseconds in repetition 290
tcp_ping received 524288 bytes back
Round trip time was 19.9094 milliseconds in repetition 291
tcp_ping received 524288 bytes back
Round trip time was 18.5784 milliseconds in repetition 292
tcp_ping received 524288 bytes back
Round trip time was 18.2084 milliseconds in repetition 293
tcp_ping received 524288 bytes back
Round trip time was 18.1914 milliseconds in repetition 294
tcp_ping received 524288 bytes back
Round trip time was 60.2641 milliseconds in repetition 295
tcp_ping received 524288 bytes back
Round trip time was 23.3433 milliseconds in repetition 296
tcp_ping received 524288 bytes back
Round trip time was 18.3644 milliseconds in repetition 297
tcp_ping received 524288 bytes back
Round trip time was 18.0704 milliseconds in repetition 298
tcp_ping received 524288 bytes back
Round trip time was 19.4604 milliseconds in repetition 299
tcp_ping received 524288 bytes back
Round trip time was 18.8964 milliseconds in repetition 300
tcp_ping received 524288 bytes back
Round trip time was 18.1814 milliseconds in repetition 301
tcp_ping received 524288 bytes back
Round trip time was 24.2302 milliseconds in repetition 302
tcp_ping received 524288 bytes back
Round trip time was 22.3833 milliseconds in repetition 303
tcp_ping received 524288 bytes back
Round trip time was 22.0923 milliseconds in repetition 304
tcp_ping received 524288 bytes back
Round trip time was 24.9722 milliseconds in repetition 305
tcp_ping received 524288 bytes back
Round trip time was 29.929 milliseconds in repetition 306
tcp_ping received 524288 bytes back
Round trip time was 24.6982 milliseconds in repetition 307
tcp_ping received 524288 bytes back
Round trip time was 26.1512 milliseconds in repetition 308
tcp_ping received 524288 bytes back
Round trip time was 22.4193 milliseconds in repetition 309
tcp_ping received 524288 bytes back
Round trip time was 25.5222 milliseconds in repetition 310
tcp_ping received 524288 bytes back
Round trip time was 18.2364 milliseconds in repetition 311
tcp_ping received 524288 bytes back
Round trip time was 18.3354 milliseconds in repetition 312
tcp_ping received 524288 bytes back
Round trip time was 18.3394 milliseconds in repetition 313
tcp_ping received 524288 bytes back
Round trip time was 19.0534 milliseconds in repetition 314
tcp_ping received 524288 bytes back
Round trip time was 18.2734 milliseconds in repetition 315
tcp_ping received 524288 bytes back
Round trip time was 18.0884 milliseconds in repetition 316
tcp_ping received 524288 bytes back
Round trip time was 18.0784 milliseconds in repetition 317
tcp_ping received 524288 bytes back
Round trip time was 17.9884 milliseconds in repetition 318
tcp_ping received 524288 bytes back
Round trip time was 18.1654 milliseconds in repetition 319
tcp_ping received 524288 bytes back
Round trip time was 18.0094 milliseconds in repetition 320
tcp_ping received 524288 bytes back
Round trip time was 19.2924 milliseconds in repetition 321
tcp_ping received 524288 bytes back
Round trip time was 24.9062 milliseconds in repetition 322
tcp_ping received 524288 bytes back
Round trip time was 28.1521 milliseconds in repetition 323
tcp_ping received 524288 bytes back
Round trip time was 26.1542 milliseconds in repetition 324
tcp_ping received 524288 bytes back
Round trip time was 18.3854 milliseconds in repetition 325
tcp_ping received 524288 bytes back
Round trip time was 17.9354 milliseconds in repetition 326
tcp_ping received 524288 bytes back
Round trip time was 19.3704 milliseconds in repetition 327
tcp_ping received 524288 bytes back
Round trip time was 18.2724 milliseconds in repetition 328
tcp_ping received 524288 bytes back
Round trip time was 18.1124 milliseconds in repetition 329
tcp_ping received 524288 bytes back
Round trip time was 18.1364 milliseconds in repetition 330
tcp_ping received 524288 bytes back
Round trip time was 19.8634 milliseconds in repetition 331
tcp_ping received 524288 bytes back
Round trip time was 19.1354 milliseconds in repetition 332
tcp_ping received 524288 bytes back
Round trip time was 18.6994 milliseconds in repetition 333
tcp_ping received 524288 bytes back
Round trip time was 20.5693 milliseconds in repetition 334
tcp_ping received 524288 bytes back
Round trip time was 19.2624 milliseconds in repetition 335
tcp_ping received 524288 bytes back
Round trip time was 26.2462 milliseconds in repetition 336
tcp_ping received 524288 bytes back
Round trip time was 24.6972 milliseconds in repetition 337
tcp_ping received 524288 bytes back
Round trip time was 31.189 milliseconds in repetition 338
tcp_ping received 524288 bytes back
Round trip time was 47.2565 milliseconds in repetition 339
tcp_ping received 524288 bytes back
Round trip time was 37.0118 milliseconds in repetition 340
tcp_ping received 524288 bytes back
Round trip time was 41.4457 milliseconds in repetition 341
tcp_ping received 524288 bytes back
Round trip time was 54.1683 milliseconds in repetition 342
tcp_ping received 524288 bytes back
Round trip time was 38.6728 milliseconds in repetition 343
tcp_ping received 524288 bytes back
Round trip time was 57.9852 milliseconds in repetition 344
tcp_ping received 524288 bytes back
Round trip time was 54.8683 milliseconds in repetition 345
tcp_ping received 524288 bytes back
Round trip time was 41.8827 milliseconds in repetition 346
tcp_ping received 524288 bytes back
Round trip time was 70.7888 milliseconds in repetition 347
tcp_ping received 524288 bytes back
Round trip time was 44.3686 milliseconds in repetition 348
tcp_ping received 524288 bytes back
Round trip time was 43.0906 milliseconds in repetition 349
tcp_ping received 524288 bytes back
Round trip time was 52.0264 milliseconds in repetition 350
tcp_ping received 524288 bytes back
Round trip time was 43.1126 milliseconds in repetition 351
tcp_ping received 524288 bytes back
Round trip time was 44.3776 milliseconds in repetition 352
tcp_ping received 524288 bytes back
Round trip time was 46.4045 milliseconds in repetition 353
tcp_ping received 524288 bytes back
Round trip time was 39.5008 milliseconds in repetition 354
tcp_ping received 524288 bytes back
Round trip time was 52.3763 milliseconds in repetition 355
tcp_ping received 524288 bytes back
Round trip time was 52.5703 milliseconds in repetition 356
tcp_ping received 524288 bytes back
Round trip time was 46.7885 milliseconds in repetition 357
tcp_ping received 524288 bytes back
Round trip time was 51.6664 milliseconds in repetition 358
tcp_ping received 524288 bytes back
Round trip time was 40.4677 milliseconds in repetition 359
tcp_ping received 524288 bytes back
Round trip time was 41.4987 milliseconds in repetition 360
tcp_ping received 524288 bytes back
Round trip time was 44.4016 milliseconds in repetition 361
tcp_ping received 524288 bytes back
Round trip time was 36.6288 milliseconds in repetition 362
tcp_ping received 524288 bytes back
Round trip time was 42.0427 milliseconds in repetition 363
tcp_ping received 524288 bytes back
Round trip time was 71.3417 milliseconds in repetition 364
tcp_ping received 524288 bytes back
Round trip time was 78.0385 milliseconds in repetition 365
tcp_ping received 524288 bytes back
Round trip time was 70.5128 milliseconds in repetition 366
tcp_ping received 524288 bytes back
Round trip time was 51.7154 milliseconds in repetition 367
tcp_ping received 524288 bytes back
Round trip time was 46.5855 milliseconds in repetition 368
tcp_ping received 524288 bytes back
Round trip time was 49.8414 milliseconds in repetition 369
tcp_ping received 524288 bytes back
Round trip time was 55.5262 milliseconds in repetition 370
tcp_ping received 524288 bytes back
Round trip time was 58.2692 milliseconds in repetition 371
tcp_ping received 524288 bytes back
Round trip time was 44.9556 milliseconds in repetition 372
tcp_ping received 524288 bytes back
Round trip time was 50.1584 milliseconds in repetition 373
tcp_ping received 524288 bytes back
Round trip time was 57.6202 milliseconds in repetition 374
tcp_ping received 524288 bytes back
Round trip time was 54.1063 milliseconds in repetition 375
tcp_ping received 524288 bytes back
Round trip time was 51.4134 milliseconds in repetition 376
tcp_ping received 524288 bytes back
Round trip time was 58.7892 milliseconds in repetition 377
tcp_ping received 524288 bytes back
Round trip time was 51.0894 milliseconds in repetition 378
tcp_ping received 524288 bytes back
Round trip time was 52.0984 milliseconds in repetition 379
tcp_ping received 524288 bytes back
Round trip time was 56.6782 milliseconds in repetition 380
tcp_ping received 524288 bytes back
Round trip time was 51.7534 milliseconds in repetition 381
tcp_ping received 524288 bytes back
Round trip time was 43.2586 milliseconds in repetition 382
tcp_ping received 524288 bytes back
Round trip time was 53.0213 milliseconds in repetition 383
tcp_ping received 524288 bytes back
Round trip time was 57.6762 milliseconds in repetition 384
tcp_ping received 524288 bytes back
Round trip time was 52.7353 milliseconds in repetition 385
tcp_ping received 524288 bytes back
Round trip time was 64.217 milliseconds in repetition 386
tcp_ping received 524288 bytes back
Round trip time was 53.9923 milliseconds in repetition 387
tcp_ping received 524288 bytes back
Round trip time was 59.8101 milliseconds in repetition 388
tcp_ping received 524288 bytes back
Round trip time was 64.766 milliseconds in repetition 389
tcp_ping received 524288 bytes back
Round trip time was 78.4125 milliseconds in repetition 390
tcp_ping received 524288 bytes back
Round trip time was 70.3988 milliseconds in repetition 391
tcp_ping received 524288 bytes back
Round trip time was 60.5841 milliseconds in repetition 392
tcp_ping received 524288 bytes back
Round trip time was 46.8285 milliseconds in repetition 393
tcp_ping received 524288 bytes back
Round trip time was 60.7491 milliseconds in repetition 394
tcp_ping received 524288 bytes back
Round trip time was 57.3352 milliseconds in repetition 395
tcp_ping received 524288 bytes back
Round trip time was 60.9961 milliseconds in repetition 396
tcp_ping received 524288 bytes back
Round trip time was 63.29 milliseconds in repetition 397
tcp_ping received 524288 bytes back
Round trip time was 69.8628 milliseconds in repetition 398
tcp_ping received 524288 bytes back
Round trip time was 58.1342 milliseconds in repetition 399
tcp_ping received 524288 bytes back
Round trip time was 60.7911 milliseconds in repetition 400
tcp_ping received 524288 bytes back
Round trip time was 60.6861 milliseconds in repetition 401
tcp_ping received 524288 bytes back
Round trip time was 56.1262 milliseconds in repetition 402
tcp_ping received 524288 bytes back
Round trip time was 63.641 milliseconds in repetition 403
tcp_ping received 524288 bytes back
Round trip time was 77.9116 milliseconds in repetition 404
tcp_ping received 524288 bytes back
Round trip time was 76.1426 milliseconds in repetition 405
tcp_ping received 524288 bytes back
Round trip time was 88.7452 milliseconds in repetition 406
tcp_ping received 524288 bytes back
Round trip time was 83.3714 milliseconds in repetition 407
tcp_ping received 524288 bytes back
Round trip time was 81.0305 milliseconds in repetition 408
tcp_ping received 524288 bytes back
Round trip time was 83.2984 milliseconds in repetition 409
tcp_ping received 524288 bytes back
Round trip time was 78.3696 milliseconds in repetition 410
tcp_ping received 524288 bytes back
Round trip time was 61.0091 milliseconds in repetition 411
tcp_ping received 524288 bytes back
Round trip time was 59.2911 milliseconds in repetition 412
tcp_ping received 524288 bytes back
Round trip time was 83.6214 milliseconds in repetition 413
tcp_ping received 524288 bytes back
Round trip time was 90.8062 milliseconds in repetition 414
tcp_ping received 524288 bytes back
Round trip time was 89.5962 milliseconds in repetition 415
tcp_ping received 524288 bytes back
Round trip time was 99.7569 milliseconds in repetition 416
tcp_ping received 524288 bytes back
Round trip time was 104.659 milliseconds in repetition 417
tcp_ping received 524288 bytes back
Round trip time was 99.8599 milliseconds in repetition 418
tcp_ping received 524288 bytes back
Round trip time was 78.9565 milliseconds in repetition 419
tcp_ping received 524288 bytes back
Round trip time was 95.6 milliseconds in repetition 420
tcp_ping received 524288 bytes back
Round trip time was 103.286 milliseconds in repetition 421
tcp_ping received 524288 bytes back
Round trip time was 84.8514 milliseconds in repetition 422
tcp_ping received 524288 bytes back
Round trip time was 80.0135 milliseconds in repetition 423
tcp_ping received 524288 bytes back
Round trip time was 49.3745 milliseconds in repetition 424
tcp_ping received 524288 bytes back
Round trip time was 69.2858 milliseconds in repetition 425
tcp_ping received 524288 bytes back
Round trip time was 68.1549 milliseconds in repetition 426
tcp_ping received 524288 bytes back
Round trip time was 58.9952 milliseconds in repetition 427
tcp_ping received 524288 bytes back
Round trip time was 79.7595 milliseconds in repetition 428
tcp_ping received 524288 bytes back
Round trip time was 66.8869 milliseconds in repetition 429
tcp_ping received 524288 bytes back
Round trip time was 58.0912 milliseconds in repetition 430
tcp_ping received 524288 bytes back
Round trip time was 58.9232 milliseconds in repetition 431
tcp_ping received 524288 bytes back
Round trip time was 73.0277 milliseconds in repetition 432
tcp_ping received 524288 bytes back
Round trip time was 51.9224 milliseconds in repetition 433
tcp_ping received 524288 bytes back
Round trip time was 64.523 milliseconds in repetition 434
tcp_ping received 524288 bytes back
Round trip time was 54.7863 milliseconds in repetition 435
tcp_ping received 524288 bytes back
Round trip time was 59.9591 milliseconds in repetition 436
tcp_ping received 524288 bytes back
Round trip time was 63.681 milliseconds in repetition 437
tcp_ping received 524288 bytes back
Round trip time was 71.7188 milliseconds in repetition 438
tcp_ping received 524288 bytes back
Round trip time was 57.3632 milliseconds in repetition 439
tcp_ping received 524288 bytes back
Round trip time was 60.3201 milliseconds in repetition 440
tcp_ping received 524288 bytes back
Round trip time was 62.8011 milliseconds in repetition 441
tcp_ping received 524288 bytes back
Round trip time was 63.303 milliseconds in repetition 442
tcp_ping received 524288 bytes back
Round trip time was 66.6559 milliseconds in repetition 443
tcp_ping received 524288 bytes back
Round trip time was 60.6371 milliseconds in repetition 444
tcp_ping received 524288 bytes back
Round trip time was 74.1547 milliseconds in repetition 445
tcp_ping received 524288 bytes back
Round trip time was 52.4184 milliseconds in repetition 446
tcp_ping received 524288 bytes back
Round trip time was 75.7577 milliseconds in repetition 447
tcp_ping received 524288 bytes back
Round trip time was 60.2851 milliseconds in repetition 448
tcp_ping received 524288 bytes back
Round trip time was 55.6633 milliseconds in repetition 449
tcp_ping received 524288 bytes back
Round trip time was 70.8808 milliseconds in repetition 450
tcp_ping received 524288 bytes back
Round trip time was 58.4582 milliseconds in repetition 451
tcp_ping received 524288 bytes back
Round trip time was 62.9491 milliseconds in repetition 452
tcp_ping received 524288 bytes back
Round trip time was 57.9622 milliseconds in repetition 453
tcp_ping received 524288 bytes back
Round trip time was 87.6793 milliseconds in repetition 454
tcp_ping received 524288 bytes back
Round trip time was 99.7769 milliseconds in repetition 455
tcp_ping received 524288 bytes back
Round trip time was 66.5819 milliseconds in repetition 456
tcp_ping received 524288 bytes back
Round trip time was 74.5307 milliseconds in repetition 457
tcp_ping received 524288 bytes back
Round trip time was 68.2599 milliseconds in repetition 458
tcp_ping received 524288 bytes back
Round trip time was 73.4127 milliseconds in repetition 459
tcp_ping received 524288 bytes back
Round trip time was 70.4708 milliseconds in repetition 460
tcp_ping received 524288 bytes back
Round trip time was 65.056 milliseconds in repetition 461
tcp_ping received 524288 bytes back
Round trip time was 67.3159 milliseconds in repetition 462
tcp_ping received 524288 bytes back
Round trip time was 70.6108 milliseconds in repetition 463
tcp_ping received 524288 bytes back
Round trip time was 73.6637 milliseconds in repetition 464
tcp_ping received 524288 bytes back
Round trip time was 74.5867 milliseconds in repetition 465
tcp_ping received 524288 bytes back
Round trip time was 66.174 milliseconds in repetition 466
tcp_ping received 524288 bytes back
Round trip time was 70.0628 milliseconds in repetition 467
tcp_ping received 524288 bytes back
Round trip time was 64.458 milliseconds in repetition 468
tcp_ping received 524288 bytes back
Round trip time was 58.3402 milliseconds in repetition 469
tcp_ping received 524288 bytes back
Round trip time was 74.6357 milliseconds in repetition 470
tcp_ping received 524288 bytes back
Round trip time was 65.096 milliseconds in repetition 471
tcp_ping received 524288 bytes back
Round trip time was 77.2926 milliseconds in repetition 472
tcp_ping received 524288 bytes back
Round trip time was 110.914 milliseconds in repetition 473
tcp_ping received 524288 bytes back
Round trip time was 78.9096 milliseconds in repetition 474
tcp_ping received 524288 bytes back
Round trip time was 56.7913 milliseconds in repetition 475
tcp_ping received 524288 bytes back
Round trip time was 66.08 milliseconds in repetition 476
tcp_ping received 524288 bytes back
Round trip time was 65.245 milliseconds in repetition 477
tcp_ping received 524288 bytes back
Round trip time was 67.9449 milliseconds in repetition 478
tcp_ping received 524288 bytes back
Round trip time was 55.3833 milliseconds in repetition 479
tcp_ping received 524288 bytes back
Round trip time was 78.3066 milliseconds in repetition 480
tcp_ping received 524288 bytes back
Round trip time was 55.8073 milliseconds in repetition 481
tcp_ping received 524288 bytes back
Round trip time was 62.6861 milliseconds in repetition 482
tcp_ping received 524288 bytes back
Round trip time was 70.4708 milliseconds in repetition 483
tcp_ping received 524288 bytes back
Round trip time was 64.737 milliseconds in repetition 484
tcp_ping received 524288 bytes back
Round trip time was 59.1222 milliseconds in repetition 485
tcp_ping received 524288 bytes back
Round trip time was 59.7812 milliseconds in repetition 486
tcp_ping received 524288 bytes back
Round trip time was 58.5122 milliseconds in repetition 487
tcp_ping received 524288 bytes back
Round trip time was 66.548 milliseconds in repetition 488
tcp_ping received 524288 bytes back
Round trip time was 50.3315 milliseconds in repetition 489
tcp_ping received 524288 bytes back
Round trip time was 67.8769 milliseconds in repetition 490
tcp_ping received 524288 bytes back
Round trip time was 59.3312 milliseconds in repetition 491
tcp_ping received 524288 bytes back
Round trip time was 52.2524 milliseconds in repetition 492
tcp_ping received 524288 bytes back
Round trip time was 63.6661 milliseconds in repetition 493
tcp_ping received 524288 bytes back
Round trip time was 67.5699 milliseconds in repetition 494
tcp_ping received 524288 bytes back
Round trip time was 66.473 milliseconds in repetition 495
tcp_ping received 524288 bytes back
Round trip time was 66.791 milliseconds in repetition 496
tcp_ping received 524288 bytes back
Round trip time was 59.8522 milliseconds in repetition 497
tcp_ping received 524288 bytes back
Round trip time was 63.2341 milliseconds in repetition 498
tcp_ping received 524288 bytes back
Round trip time was 60.0212 milliseconds in repetition 499
tcp_ping received 524288 bytes back
Round trip time was 55.3343 milliseconds in repetition 500
tcp_ping received 524288 bytes back
Round trip time was 56.7683 milliseconds in repetition 501

 ... clock resolution was 1e-06
TCP Ping:  Statistics over 501 repetitions of 524288 byte messages

RTT : percentile 10: 18.1814, median: 24.6982, percentile 90: 67.8769, average: 35.8141, variance: 458.471

RTT histogram:
17.9354 184
22.5843 70
27.2332 46
31.8822 24
36.5311 8
41.18 12
45.8289 10
50.4778 18
55.1267 19
59.7756 31
64.4245 24
69.0734 19
73.7223 9
78.3712 11
83.0201 5
87.6691 3
92.318 1
96.9669 1
101.616 4
106.265 1
110.914 1
   median Throughput : 42455.5 KB/s   overall Throughput : 29278.3 KB/s

