TCP Ping trying to connect to server localhost (127.0.0.1) on port 1491
 ... connected to Pong server: asking for 501 repetitions of 65536 bytes TCP messages
 ... Pong server agreed :-)
tcp_ping received 65536 bytes back
Round trip time was 3.78686 milliseconds in repetition 1
tcp_ping received 65536 bytes back
Round trip time was 4.52384 milliseconds in repetition 2
tcp_ping received 65536 bytes back
Round trip time was 5.4428 milliseconds in repetition 3
tcp_ping received 65536 bytes back
Round trip time was 2.55291 milliseconds in repetition 4
tcp_ping received 65536 bytes back
Round trip time was 2.59291 milliseconds in repetition 5
tcp_ping received 65536 bytes back
Round trip time was 11.7336 milliseconds in repetition 6
tcp_ping received 65536 bytes back
Round trip time was 5.09082 milliseconds in repetition 7
tcp_ping received 65536 bytes back
Round trip time was 2.59691 milliseconds in repetition 8
tcp_ping received 65536 bytes back
Round trip time was 2.61791 milliseconds in repetition 9
tcp_ping received 65536 bytes back
Round trip time was 2.43991 milliseconds in repetition 10
tcp_ping received 65536 bytes back
Round trip time was 2.45691 milliseconds in repetition 11
tcp_ping received 65536 bytes back
Round trip time was 2.38091 milliseconds in repetition 12
tcp_ping received 65536 bytes back
Round trip time was 2.46791 milliseconds in repetition 13
tcp_ping received 65536 bytes back
Round trip time was 2.48691 milliseconds in repetition 14
tcp_ping received 65536 bytes back
Round trip time was 2.43091 milliseconds in repetition 15
tcp_ping received 65536 bytes back
Round trip time was 7.88972 milliseconds in repetition 16
tcp_ping received 65536 bytes back
Round trip time was 7.39473 milliseconds in repetition 17
tcp_ping received 65536 bytes back
Round trip time was 5.09882 milliseconds in repetition 18
tcp_ping received 65536 bytes back
Round trip time was 2.59591 milliseconds in repetition 19
tcp_ping received 65536 bytes back
Round trip time was 2.43391 milliseconds in repetition 20
tcp_ping received 65536 bytes back
Round trip time was 2.50891 milliseconds in repetition 21
tcp_ping received 65536 bytes back
Round trip time was 2.51391 milliseconds in repetition 22
tcp_ping received 65536 bytes back
Round trip time was 2.42091 milliseconds in repetition 23
tcp_ping received 65536 bytes back
Round trip time was 2.8289 milliseconds in repetition 24
tcp_ping received 65536 bytes back
Round trip time was 2.98589 milliseconds in repetition 25
tcp_ping received 65536 bytes back
Round trip time was 4.85483 milliseconds in repetition 26
tcp_ping received 65536 bytes back
Round trip time was 2.8469 milliseconds in repetition 27
tcp_ping received 65536 bytes back
Round trip time was 2.6469 milliseconds in repetition 28
tcp_ping received 65536 bytes back
Round trip time was 2.7899 milliseconds in repetition 29
tcp_ping received 65536 bytes back
Round trip time was 2.6889 milliseconds in repetition 30
tcp_ping received 65536 bytes back
Round trip time was 2.6749 milliseconds in repetition 31
tcp_ping received 65536 bytes back
Round trip time was 2.55591 milliseconds in repetition 32
tcp_ping received 65536 bytes back
Round trip time was 2.62291 milliseconds in repetition 33
tcp_ping received 65536 bytes back
Round trip time was 10.8586 milliseconds in repetition 34
tcp_ping received 65536 bytes back
Round trip time was 4.23285 milliseconds in repetition 35
tcp_ping received 65536 bytes back
Round trip time was 2.46191 milliseconds in repetition 36
tcp_ping received 65536 bytes back
Round trip time was 8.12971 milliseconds in repetition 37
tcp_ping received 65536 bytes back
Round trip time was 6.97875 milliseconds in repetition 38
tcp_ping received 65536 bytes back
Round trip time was 5.4738 milliseconds in repetition 39
tcp_ping received 65536 bytes back
Round trip time was 2.9249 milliseconds in repetition 40
tcp_ping received 65536 bytes back
Round trip time was 2.43691 milliseconds in repetition 41
tcp_ping received 65536 bytes back
Round trip time was 2.58991 milliseconds in repetition 42
tcp_ping received 65536 bytes back
Round trip time was 2.42591 milliseconds in repetition 43
tcp_ping received 65536 bytes back
Round trip time was 2.53991 milliseconds in repetition 44
tcp_ping received 65536 bytes back
Round trip time was 2.58391 milliseconds in repetition 45
tcp_ping received 65536 bytes back
Round trip time was 2.52291 milliseconds in repetition 46
tcp_ping received 65536 bytes back
Round trip time was 2.49591 milliseconds in repetition 47
tcp_ping received 65536 bytes back
Round trip time was 2.47391 milliseconds in repetition 48
tcp_ping received 65536 bytes back
Round trip time was 2.57791 milliseconds in repetition 49
tcp_ping received 65536 bytes back
Round trip time was 2.47891 milliseconds in repetition 50
tcp_ping received 65536 bytes back
Round trip time was 2.47991 milliseconds in repetition 51
tcp_ping received 65536 bytes back
Round trip time was 2.44091 milliseconds in repetition 52
tcp_ping received 65536 bytes back
Round trip time was 2.50991 milliseconds in repetition 53
tcp_ping received 65536 bytes back
Round trip time was 2.41591 milliseconds in repetition 54
tcp_ping received 65536 bytes back
Round trip time was 2.41991 milliseconds in repetition 55
tcp_ping received 65536 bytes back
Round trip time was 2.45491 milliseconds in repetition 56
tcp_ping received 65536 bytes back
Round trip time was 2.51591 milliseconds in repetition 57
tcp_ping received 65536 bytes back
Round trip time was 2.6709 milliseconds in repetition 58
tcp_ping received 65536 bytes back
Round trip time was 2.55391 milliseconds in repetition 59
tcp_ping received 65536 bytes back
Round trip time was 2.43591 milliseconds in repetition 60
tcp_ping received 65536 bytes back
Round trip time was 2.55791 milliseconds in repetition 61
tcp_ping received 65536 bytes back
Round trip time was 2.94889 milliseconds in repetition 62
tcp_ping received 65536 bytes back
Round trip time was 3.34888 milliseconds in repetition 63
tcp_ping received 65536 bytes back
Round trip time was 2.94789 milliseconds in repetition 64
tcp_ping received 65536 bytes back
Round trip time was 2.7889 milliseconds in repetition 65
tcp_ping received 65536 bytes back
Round trip time was 2.62391 milliseconds in repetition 66
tcp_ping received 65536 bytes back
Round trip time was 2.45691 milliseconds in repetition 67
tcp_ping received 65536 bytes back
Round trip time was 2.48391 milliseconds in repetition 68
tcp_ping received 65536 bytes back
Round trip time was 2.46691 milliseconds in repetition 69
tcp_ping received 65536 bytes back
Round trip time was 2.52291 milliseconds in repetition 70
tcp_ping received 65536 bytes back
Round trip time was 2.47691 milliseconds in repetition 71
tcp_ping received 65536 bytes back
Round trip time was 2.51091 milliseconds in repetition 72
tcp_ping received 65536 bytes back
Round trip time was 2.42791 milliseconds in repetition 73
tcp_ping received 65536 bytes back
Round trip time was 2.47591 milliseconds in repetition 74
tcp_ping received 65536 bytes back
Round trip time was 2.41091 milliseconds in repetition 75
tcp_ping received 65536 bytes back
Round trip time was 2.47991 milliseconds in repetition 76
tcp_ping received 65536 bytes back
Round trip time was 2.51491 milliseconds in repetition 77
tcp_ping received 65536 bytes back
Round trip time was 2.41991 milliseconds in repetition 78
tcp_ping received 65536 bytes back
Round trip time was 2.42391 milliseconds in repetition 79
tcp_ping received 65536 bytes back
Round trip time was 2.46891 milliseconds in repetition 80
tcp_ping received 65536 bytes back
Round trip time was 2.40991 milliseconds in repetition 81
tcp_ping received 65536 bytes back
Round trip time was 2.47391 milliseconds in repetition 82
tcp_ping received 65536 bytes back
Round trip time was 2.65891 milliseconds in repetition 83
tcp_ping received 65536 bytes back
Round trip time was 2.49991 milliseconds in repetition 84
tcp_ping received 65536 bytes back
Round trip time was 2.50291 milliseconds in repetition 85
tcp_ping received 65536 bytes back
Round trip time was 2.45791 milliseconds in repetition 86
tcp_ping received 65536 bytes back
Round trip time was 2.48991 milliseconds in repetition 87
tcp_ping received 65536 bytes back
Round trip time was 2.48791 milliseconds in repetition 88
tcp_ping received 65536 bytes back
Round trip time was 2.42491 milliseconds in repetition 89
tcp_ping received 65536 bytes back
Round trip time was 2.49891 milliseconds in repetition 90
tcp_ping received 65536 bytes back
Round trip time was 2.47591 milliseconds in repetition 91
tcp_ping received 65536 bytes back
Round trip time was 2.41691 milliseconds in repetition 92
tcp_ping received 65536 bytes back
Round trip time was 2.47691 milliseconds in repetition 93
tcp_ping received 65536 bytes back
Round trip time was 2.45791 milliseconds in repetition 94
tcp_ping received 65536 bytes back
Round trip time was 2.41391 milliseconds in repetition 95
tcp_ping received 65536 bytes back
Round trip time was 2.47191 milliseconds in repetition 96
tcp_ping received 65536 bytes back
Round trip time was 2.45991 milliseconds in repetition 97
tcp_ping received 65536 bytes back
Round trip time was 2.46091 milliseconds in repetition 98
tcp_ping received 65536 bytes back
Round trip time was 2.47091 milliseconds in repetition 99
tcp_ping received 65536 bytes back
Round trip time was 2.40891 milliseconds in repetition 100
tcp_ping received 65536 bytes back
Round trip time was 2.45091 milliseconds in repetition 101
tcp_ping received 65536 bytes back
Round trip time was 2.40392 milliseconds in repetition 102
tcp_ping received 65536 bytes back
Round trip time was 2.46291 milliseconds in repetition 103
tcp_ping received 65536 bytes back
Round trip time was 2.51291 milliseconds in repetition 104
tcp_ping received 65536 bytes back
Round trip time was 2.41191 milliseconds in repetition 105
tcp_ping received 65536 bytes back
Round trip time was 2.48491 milliseconds in repetition 106
tcp_ping received 65536 bytes back
Round trip time was 2.40891 milliseconds in repetition 107
tcp_ping received 65536 bytes back
Round trip time was 2.45291 milliseconds in repetition 108
tcp_ping received 65536 bytes back
Round trip time was 2.44991 milliseconds in repetition 109
tcp_ping received 65536 bytes back
Round trip time was 2.53491 milliseconds in repetition 110
tcp_ping received 65536 bytes back
Round trip time was 2.48691 milliseconds in repetition 111
tcp_ping received 65536 bytes back
Round trip time was 2.46491 milliseconds in repetition 112
tcp_ping received 65536 bytes back
Round trip time was 2.41591 milliseconds in repetition 113
tcp_ping received 65536 bytes back
Round trip time was 2.45791 milliseconds in repetition 114
tcp_ping received 65536 bytes back
Round trip time was 2.9229 milliseconds in repetition 115
tcp_ping received 65536 bytes back
Round trip time was 2.99489 milliseconds in repetition 116
tcp_ping received 65536 bytes back
Round trip time was 3.17389 milliseconds in repetition 117
tcp_ping received 65536 bytes back
Round trip time was 2.8109 milliseconds in repetition 118
tcp_ping received 65536 bytes back
Round trip time was 2.7899 milliseconds in repetition 119
tcp_ping received 65536 bytes back
Round trip time was 2.56991 milliseconds in repetition 120
tcp_ping received 65536 bytes back
Round trip time was 2.62391 milliseconds in repetition 121
tcp_ping received 65536 bytes back
Round trip time was 2.8599 milliseconds in repetition 122
tcp_ping received 65536 bytes back
Round trip time was 2.7049 milliseconds in repetition 123
tcp_ping received 65536 bytes back
Round trip time was 2.64691 milliseconds in repetition 124
tcp_ping received 65536 bytes back
Round trip time was 2.6869 milliseconds in repetition 125
tcp_ping received 65536 bytes back
Round trip time was 2.53191 milliseconds in repetition 126
tcp_ping received 65536 bytes back
Round trip time was 2.60091 milliseconds in repetition 127
tcp_ping received 65536 bytes back
Round trip time was 2.60391 milliseconds in repetition 128
tcp_ping received 65536 bytes back
Round trip time was 2.51491 milliseconds in repetition 129
tcp_ping received 65536 bytes back
Round trip time was 2.50791 milliseconds in repetition 130
tcp_ping received 65536 bytes back
Round trip time was 2.54891 milliseconds in repetition 131
tcp_ping received 65536 bytes back
Round trip time was 2.47991 milliseconds in repetition 132
tcp_ping received 65536 bytes back
Round trip time was 2.50291 milliseconds in repetition 133
tcp_ping received 65536 bytes back
Round trip time was 2.7419 milliseconds in repetition 134
tcp_ping received 65536 bytes back
Round trip time was 2.47991 milliseconds in repetition 135
tcp_ping received 65536 bytes back
Round trip time was 2.59491 milliseconds in repetition 136
tcp_ping received 65536 bytes back
Round trip time was 2.55891 milliseconds in repetition 137
tcp_ping received 65536 bytes back
Round trip time was 2.46091 milliseconds in repetition 138
tcp_ping received 65536 bytes back
Round trip time was 2.46991 milliseconds in repetition 139
tcp_ping received 65536 bytes back
Round trip time was 2.48891 milliseconds in repetition 140
tcp_ping received 65536 bytes back
Round trip time was 2.59091 milliseconds in repetition 141
tcp_ping received 65536 bytes back
Round trip time was 2.55491 milliseconds in repetition 142
tcp_ping received 65536 bytes back
Round trip time was 2.41192 milliseconds in repetition 143
tcp_ping received 65536 bytes back
Round trip time was 2.46591 milliseconds in repetition 144
tcp_ping received 65536 bytes back
Round trip time was 2.49991 milliseconds in repetition 145
tcp_ping received 65536 bytes back
Round trip time was 2.41791 milliseconds in repetition 146
tcp_ping received 65536 bytes back
Round trip time was 2.47091 milliseconds in repetition 147
tcp_ping received 65536 bytes back
Round trip time was 2.54091 milliseconds in repetition 148
tcp_ping received 65536 bytes back
Round trip time was 2.46491 milliseconds in repetition 149
tcp_ping received 65536 bytes back
Round trip time was 2.56291 milliseconds in repetition 150
tcp_ping received 65536 bytes back
Round trip time was 2.46591 milliseconds in repetition 151
tcp_ping received 65536 bytes back
Round trip time was 2.47191 milliseconds in repetition 152
tcp_ping received 65536 bytes back
Round trip time was 2.50091 milliseconds in repetition 153
tcp_ping received 65536 bytes back
Round trip time was 2.44391 milliseconds in repetition 154
tcp_ping received 65536 bytes back
Round trip time was 2.58091 milliseconds in repetition 155
tcp_ping received 65536 bytes back
Round trip time was 2.49391 milliseconds in repetition 156
tcp_ping received 65536 bytes back
Round trip time was 2.43991 milliseconds in repetition 157
tcp_ping received 65536 bytes back
Round trip time was 2.46991 milliseconds in repetition 158
tcp_ping received 65536 bytes back
Round trip time was 2.44291 milliseconds in repetition 159
tcp_ping received 65536 bytes back
Round trip time was 2.51691 milliseconds in repetition 160
tcp_ping received 65536 bytes back
Round trip time was 2.61891 milliseconds in repetition 161
tcp_ping received 65536 bytes back
Round trip time was 2.40891 milliseconds in repetition 162
tcp_ping received 65536 bytes back
Round trip time was 2.48991 milliseconds in repetition 163
tcp_ping received 65536 bytes back
Round trip time was 2.44691 milliseconds in repetition 164
tcp_ping received 65536 bytes back
Round trip time was 2.40191 milliseconds in repetition 165
tcp_ping received 65536 bytes back
Round trip time was 2.44491 milliseconds in repetition 166
tcp_ping received 65536 bytes back
Round trip time was 2.48091 milliseconds in repetition 167
tcp_ping received 65536 bytes back
Round trip time was 2.57891 milliseconds in repetition 168
tcp_ping received 65536 bytes back
Round trip time was 2.7019 milliseconds in repetition 169
tcp_ping received 65536 bytes back
Round trip time was 2.7959 milliseconds in repetition 170
tcp_ping received 65536 bytes back
Round trip time was 2.9069 milliseconds in repetition 171
tcp_ping received 65536 bytes back
Round trip time was 2.50091 milliseconds in repetition 172
tcp_ping received 65536 bytes back
Round trip time was 2.55091 milliseconds in repetition 173
tcp_ping received 65536 bytes back
Round trip time was 2.50591 milliseconds in repetition 174
tcp_ping received 65536 bytes back
Round trip time was 2.6319 milliseconds in repetition 175
tcp_ping received 65536 bytes back
Round trip time was 2.49891 milliseconds in repetition 176
tcp_ping received 65536 bytes back
Round trip time was 2.42391 milliseconds in repetition 177
tcp_ping received 65536 bytes back
Round trip time was 2.60291 milliseconds in repetition 178
tcp_ping received 65536 bytes back
Round trip time was 3.22688 milliseconds in repetition 179
tcp_ping received 65536 bytes back
Round trip time was 3.31388 milliseconds in repetition 180
tcp_ping received 65536 bytes back
Round trip time was 2.61591 milliseconds in repetition 181
tcp_ping received 65536 bytes back
Round trip time was 2.6639 milliseconds in repetition 182
tcp_ping received 65536 bytes back
Round trip time was 2.64591 milliseconds in repetition 183
tcp_ping received 65536 bytes back
Round trip time was 2.60891 milliseconds in repetition 184
tcp_ping received 65536 bytes back
Round trip time was 2.46891 milliseconds in repetition 185
tcp_ping received 65536 bytes back
Round trip time was 2.6439 milliseconds in repetition 186
tcp_ping received 65536 bytes back
Round trip time was 2.47791 milliseconds in repetition 187
tcp_ping received 65536 bytes back
Round trip time was 2.48891 milliseconds in repetition 188
tcp_ping received 65536 bytes back
Round trip time was 2.48891 milliseconds in repetition 189
tcp_ping received 65536 bytes back
Round trip time was 2.41791 milliseconds in repetition 190
tcp_ping received 65536 bytes back
Round trip time was 2.50991 milliseconds in repetition 191
tcp_ping received 65536 bytes back
Round trip time was 2.43491 milliseconds in repetition 192
tcp_ping received 65536 bytes back
Round trip time was 2.56891 milliseconds in repetition 193
tcp_ping received 65536 bytes back
Round trip time was 2.49091 milliseconds in repetition 194
tcp_ping received 65536 bytes back
Round trip time was 2.42091 milliseconds in repetition 195
tcp_ping received 65536 bytes back
Round trip time was 2.46291 milliseconds in repetition 196
tcp_ping received 65536 bytes back
Round trip time was 2.60891 milliseconds in repetition 197
tcp_ping received 65536 bytes back
Round trip time was 2.41991 milliseconds in repetition 198
tcp_ping received 65536 bytes back
Round trip time was 2.50791 milliseconds in repetition 199
tcp_ping received 65536 bytes back
Round trip time was 2.59691 milliseconds in repetition 200
tcp_ping received 65536 bytes back
Round trip time was 2.45891 milliseconds in repetition 201
tcp_ping received 65536 bytes back
Round trip time was 2.53391 milliseconds in repetition 202
tcp_ping received 65536 bytes back
Round trip time was 2.59491 milliseconds in repetition 203
tcp_ping received 65536 bytes back
Round trip time was 2.53091 milliseconds in repetition 204
tcp_ping received 65536 bytes back
Round trip time was 2.6839 milliseconds in repetition 205
tcp_ping received 65536 bytes back
Round trip time was 2.58291 milliseconds in repetition 206
tcp_ping received 65536 bytes back
Round trip time was 2.47391 milliseconds in repetition 207
tcp_ping received 65536 bytes back
Round trip time was 2.51091 milliseconds in repetition 208
tcp_ping received 65536 bytes back
Round trip time was 2.44091 milliseconds in repetition 209
tcp_ping received 65536 bytes back
Round trip time was 2.7589 milliseconds in repetition 210
tcp_ping received 65536 bytes back
Round trip time was 2.51491 milliseconds in repetition 211
tcp_ping received 65536 bytes back
Round trip time was 2.46991 milliseconds in repetition 212
tcp_ping received 65536 bytes back
Round trip time was 2.47091 milliseconds in repetition 213
tcp_ping received 65536 bytes back
Round trip time was 2.47791 milliseconds in repetition 214
tcp_ping received 65536 bytes back
Round trip time was 2.42591 milliseconds in repetition 215
tcp_ping received 65536 bytes back
Round trip time was 2.45491 milliseconds in repetition 216
tcp_ping received 65536 bytes back
Round trip time was 2.40491 milliseconds in repetition 217
tcp_ping received 65536 bytes back
Round trip time was 2.9419 milliseconds in repetition 218
tcp_ping received 65536 bytes back
Round trip time was 2.7609 milliseconds in repetition 219
tcp_ping received 65536 bytes back
Round trip time was 3.02789 milliseconds in repetition 220
tcp_ping received 65536 bytes back
Round trip time was 3.68587 milliseconds in repetition 221
tcp_ping received 65536 bytes back
Round trip time was 4.12785 milliseconds in repetition 222
tcp_ping received 65536 bytes back
Round trip time was 3.47088 milliseconds in repetition 223
tcp_ping received 65536 bytes back
Round trip time was 3.09489 milliseconds in repetition 224
tcp_ping received 65536 bytes back
Round trip time was 2.7449 milliseconds in repetition 225
tcp_ping received 65536 bytes back
Round trip time was 2.9469 milliseconds in repetition 226
tcp_ping received 65536 bytes back
Round trip time was 2.7799 milliseconds in repetition 227
tcp_ping received 65536 bytes back
Round trip time was 2.54591 milliseconds in repetition 228
tcp_ping received 65536 bytes back
Round trip time was 2.6869 milliseconds in repetition 229
tcp_ping received 65536 bytes back
Round trip time was 2.56091 milliseconds in repetition 230
tcp_ping received 65536 bytes back
Round trip time was 2.44891 milliseconds in repetition 231
tcp_ping received 65536 bytes back
Round trip time was 2.6919 milliseconds in repetition 232
tcp_ping received 65536 bytes back
Round trip time was 2.64391 milliseconds in repetition 233
tcp_ping received 65536 bytes back
Round trip time was 2.6589 milliseconds in repetition 234
tcp_ping received 65536 bytes back
Round trip time was 2.56391 milliseconds in repetition 235
tcp_ping received 65536 bytes back
Round trip time was 2.50991 milliseconds in repetition 236
tcp_ping received 65536 bytes back
Round trip time was 2.48891 milliseconds in repetition 237
tcp_ping received 65536 bytes back
Round trip time was 2.43791 milliseconds in repetition 238
tcp_ping received 65536 bytes back
Round trip time was 2.57491 milliseconds in repetition 239
tcp_ping received 65536 bytes back
Round trip time was 2.46991 milliseconds in repetition 240
tcp_ping received 65536 bytes back
Round trip time was 2.52091 milliseconds in repetition 241
tcp_ping received 65536 bytes back
Round trip time was 2.59091 milliseconds in repetition 242
tcp_ping received 65536 bytes back
Round trip time was 2.48391 milliseconds in repetition 243
tcp_ping received 65536 bytes back
Round trip time was 2.58491 milliseconds in repetition 244
tcp_ping received 65536 bytes back
Round trip time was 2.47191 milliseconds in repetition 245
tcp_ping received 65536 bytes back
Round trip time was 2.45591 milliseconds in repetition 246
tcp_ping received 65536 bytes back
Round trip time was 2.51391 milliseconds in repetition 247
tcp_ping received 65536 bytes back
Round trip time was 2.47491 milliseconds in repetition 248
tcp_ping received 65536 bytes back
Round trip time was 2.54591 milliseconds in repetition 249
tcp_ping received 65536 bytes back
Round trip time was 2.45991 milliseconds in repetition 250
tcp_ping received 65536 bytes back
Round trip time was 2.42891 milliseconds in repetition 251
tcp_ping received 65536 bytes back
Round trip time was 2.45391 milliseconds in repetition 252
tcp_ping received 65536 bytes back
Round trip time was 2.47291 milliseconds in repetition 253
tcp_ping received 65536 bytes back
Round trip time was 2.45391 milliseconds in repetition 254
tcp_ping received 65536 bytes back
Round trip time was 10.1376 milliseconds in repetition 255
tcp_ping received 65536 bytes back
Round trip time was 2.44391 milliseconds in repetition 256
tcp_ping received 65536 bytes back
Round trip time was 7.86972 milliseconds in repetition 257
tcp_ping received 65536 bytes back
Round trip time was 7.84772 milliseconds in repetition 258
tcp_ping received 65536 bytes back
Round trip time was 4.15685 milliseconds in repetition 259
tcp_ping received 65536 bytes back
Round trip time was 2.6879 milliseconds in repetition 260
tcp_ping received 65536 bytes back
Round trip time was 2.6739 milliseconds in repetition 261
tcp_ping received 65536 bytes back
Round trip time was 2.58791 milliseconds in repetition 262
tcp_ping received 65536 bytes back
Round trip time was 3.11889 milliseconds in repetition 263
tcp_ping received 65536 bytes back
Round trip time was 4.26085 milliseconds in repetition 264
tcp_ping received 65536 bytes back
Round trip time was 2.6799 milliseconds in repetition 265
tcp_ping received 65536 bytes back
Round trip time was 2.52591 milliseconds in repetition 266
tcp_ping received 65536 bytes back
Round trip time was 2.42691 milliseconds in repetition 267
tcp_ping received 65536 bytes back
Round trip time was 2.47791 milliseconds in repetition 268
tcp_ping received 65536 bytes back
Round trip time was 2.51791 milliseconds in repetition 269
tcp_ping received 65536 bytes back
Round trip time was 2.41791 milliseconds in repetition 270
tcp_ping received 65536 bytes back
Round trip time was 2.54491 milliseconds in repetition 271
tcp_ping received 65536 bytes back
Round trip time was 2.42891 milliseconds in repetition 272
tcp_ping received 65536 bytes back
Round trip time was 2.46291 milliseconds in repetition 273
tcp_ping received 65536 bytes back
Round trip time was 2.47791 milliseconds in repetition 274
tcp_ping received 65536 bytes back
Round trip time was 2.52191 milliseconds in repetition 275
tcp_ping received 65536 bytes back
Round trip time was 2.52391 milliseconds in repetition 276
tcp_ping received 65536 bytes back
Round trip time was 2.48791 milliseconds in repetition 277
tcp_ping received 65536 bytes back
Round trip time was 2.47291 milliseconds in repetition 278
tcp_ping received 65536 bytes back
Round trip time was 2.50891 milliseconds in repetition 279
tcp_ping received 65536 bytes back
Round trip time was 2.48591 milliseconds in repetition 280
tcp_ping received 65536 bytes back
Round trip time was 2.41991 milliseconds in repetition 281
tcp_ping received 65536 bytes back
Round trip time was 2.46391 milliseconds in repetition 282
tcp_ping received 65536 bytes back
Round trip time was 2.42791 milliseconds in repetition 283
tcp_ping received 65536 bytes back
Round trip time was 2.47491 milliseconds in repetition 284
tcp_ping received 65536 bytes back
Round trip time was 2.49691 milliseconds in repetition 285
tcp_ping received 65536 bytes back
Round trip time was 2.41391 milliseconds in repetition 286
tcp_ping received 65536 bytes back
Round trip time was 2.47391 milliseconds in repetition 287
tcp_ping received 65536 bytes back
Round trip time was 2.42391 milliseconds in repetition 288
tcp_ping received 65536 bytes back
Round trip time was 2.45891 milliseconds in repetition 289
tcp_ping received 65536 bytes back
Round trip time was 2.45591 milliseconds in repetition 290
tcp_ping received 65536 bytes back
Round trip time was 2.43091 milliseconds in repetition 291
tcp_ping received 65536 bytes back
Round trip time was 2.50791 milliseconds in repetition 292
tcp_ping received 65536 bytes back
Round trip time was 2.46691 milliseconds in repetition 293
tcp_ping received 65536 bytes back
Round trip time was 2.40791 milliseconds in repetition 294
tcp_ping received 65536 bytes back
Round trip time was 2.45491 milliseconds in repetition 295
tcp_ping received 65536 bytes back
Round trip time was 2.42291 milliseconds in repetition 296
tcp_ping received 65536 bytes back
Round trip time was 2.47591 milliseconds in repetition 297
tcp_ping received 65536 bytes back
Round trip time was 2.55291 milliseconds in repetition 298
tcp_ping received 65536 bytes back
Round trip time was 2.41191 milliseconds in repetition 299
tcp_ping received 65536 bytes back
Round trip time was 2.47991 milliseconds in repetition 300
tcp_ping received 65536 bytes back
Round trip time was 2.65591 milliseconds in repetition 301
tcp_ping received 65536 bytes back
Round trip time was 2.61291 milliseconds in repetition 302
tcp_ping received 65536 bytes back
Round trip time was 2.46491 milliseconds in repetition 303
tcp_ping received 65536 bytes back
Round trip time was 2.48191 milliseconds in repetition 304
tcp_ping received 65536 bytes back
Round trip time was 2.44291 milliseconds in repetition 305
tcp_ping received 65536 bytes back
Round trip time was 2.47991 milliseconds in repetition 306
tcp_ping received 65536 bytes back
Round trip time was 2.47091 milliseconds in repetition 307
tcp_ping received 65536 bytes back
Round trip time was 2.41291 milliseconds in repetition 308
tcp_ping received 65536 bytes back
Round trip time was 2.45791 milliseconds in repetition 309
tcp_ping received 65536 bytes back
Round trip time was 2.42091 milliseconds in repetition 310
tcp_ping received 65536 bytes back
Round trip time was 2.59991 milliseconds in repetition 311
tcp_ping received 65536 bytes back
Round trip time was 2.47391 milliseconds in repetition 312
tcp_ping received 65536 bytes back
Round trip time was 2.40791 milliseconds in repetition 313
tcp_ping received 65536 bytes back
Round trip time was 2.45391 milliseconds in repetition 314
tcp_ping received 65536 bytes back
Round trip time was 2.60091 milliseconds in repetition 315
tcp_ping received 65536 bytes back
Round trip time was 3.03089 milliseconds in repetition 316
tcp_ping received 65536 bytes back
Round trip time was 5.33481 milliseconds in repetition 317
tcp_ping received 65536 bytes back
Round trip time was 2.6669 milliseconds in repetition 318
tcp_ping received 65536 bytes back
Round trip time was 2.7039 milliseconds in repetition 319
tcp_ping received 65536 bytes back
Round trip time was 2.63691 milliseconds in repetition 320
tcp_ping received 65536 bytes back
Round trip time was 2.55991 milliseconds in repetition 321
tcp_ping received 65536 bytes back
Round trip time was 2.7759 milliseconds in repetition 322
tcp_ping received 65536 bytes back
Round trip time was 2.8369 milliseconds in repetition 323
tcp_ping received 65536 bytes back
Round trip time was 2.61891 milliseconds in repetition 324
tcp_ping received 65536 bytes back
Round trip time was 2.6739 milliseconds in repetition 325
tcp_ping received 65536 bytes back
Round trip time was 2.8789 milliseconds in repetition 326
tcp_ping received 65536 bytes back
Round trip time was 2.7189 milliseconds in repetition 327
tcp_ping received 65536 bytes back
Round trip time was 2.6679 milliseconds in repetition 328
tcp_ping received 65536 bytes back
Round trip time was 2.7439 milliseconds in repetition 329
tcp_ping received 65536 bytes back
Round trip time was 2.63691 milliseconds in repetition 330
tcp_ping received 65536 bytes back
Round trip time was 2.62991 milliseconds in repetition 331
tcp_ping received 65536 bytes back
Round trip time was 2.8439 milliseconds in repetition 332
tcp_ping received 65536 bytes back
Round trip time was 2.7869 milliseconds in repetition 333
tcp_ping received 65536 bytes back
Round trip time was 2.8389 milliseconds in repetition 334
tcp_ping received 65536 bytes back
Round trip time was 2.8819 milliseconds in repetition 335
tcp_ping received 65536 bytes back
Round trip time was 2.7019 milliseconds in repetition 336
tcp_ping received 65536 bytes back
Round trip time was 2.9629 milliseconds in repetition 337
tcp_ping received 65536 bytes back
Round trip time was 3.00489 milliseconds in repetition 338
tcp_ping received 65536 bytes back
Round trip time was 2.7189 milliseconds in repetition 339
tcp_ping received 65536 bytes back
Round trip time was 3.30288 milliseconds in repetition 340
tcp_ping received 65536 bytes back
Round trip time was 2.8249 milliseconds in repetition 341
tcp_ping received 65536 bytes back
Round trip time was 2.6439 milliseconds in repetition 342
tcp_ping received 65536 bytes back
Round trip time was 2.66791 milliseconds in repetition 343
tcp_ping received 65536 bytes back
Round trip time was 2.63491 milliseconds in repetition 344
tcp_ping received 65536 bytes back
Round trip time was 2.7709 milliseconds in repetition 345
tcp_ping received 65536 bytes back
Round trip time was 2.6539 milliseconds in repetition 346
tcp_ping received 65536 bytes back
Round trip time was 2.6749 milliseconds in repetition 347
tcp_ping received 65536 bytes back
Round trip time was 2.49591 milliseconds in repetition 348
tcp_ping received 65536 bytes back
Round trip time was 2.7269 milliseconds in repetition 349
tcp_ping received 65536 bytes back
Round trip time was 2.55891 milliseconds in repetition 350
tcp_ping received 65536 bytes back
Round trip time was 2.63191 milliseconds in repetition 351
tcp_ping received 65536 bytes back
Round trip time was 2.55991 milliseconds in repetition 352
tcp_ping received 65536 bytes back
Round trip time was 2.61991 milliseconds in repetition 353
tcp_ping received 65536 bytes back
Round trip time was 2.55291 milliseconds in repetition 354
tcp_ping received 65536 bytes back
Round trip time was 2.50091 milliseconds in repetition 355
tcp_ping received 65536 bytes back
Round trip time was 2.48691 milliseconds in repetition 356
tcp_ping received 65536 bytes back
Round trip time was 2.44191 milliseconds in repetition 357
tcp_ping received 65536 bytes back
Round trip time was 2.51591 milliseconds in repetition 358
tcp_ping received 65536 bytes back
Round trip time was 2.93389 milliseconds in repetition 359
tcp_ping received 65536 bytes back
Round trip time was 2.63891 milliseconds in repetition 360
tcp_ping received 65536 bytes back
Round trip time was 3.31488 milliseconds in repetition 361
tcp_ping received 65536 bytes back
Round trip time was 4.05586 milliseconds in repetition 362
tcp_ping received 65536 bytes back
Round trip time was 2.6809 milliseconds in repetition 363
tcp_ping received 65536 bytes back
Round trip time was 2.66591 milliseconds in repetition 364
tcp_ping received 65536 bytes back
Round trip time was 2.46391 milliseconds in repetition 365
tcp_ping received 65536 bytes back
Round trip time was 2.50991 milliseconds in repetition 366
tcp_ping received 65536 bytes back
Round trip time was 2.49391 milliseconds in repetition 367
tcp_ping received 65536 bytes back
Round trip time was 2.43291 milliseconds in repetition 368
tcp_ping received 65536 bytes back
Round trip time was 2.55991 milliseconds in repetition 369
tcp_ping received 65536 bytes back
Round trip time was 2.54091 milliseconds in repetition 370
tcp_ping received 65536 bytes back
Round trip time was 2.51091 milliseconds in repetition 371
tcp_ping received 65536 bytes back
Round trip time was 2.53191 milliseconds in repetition 372
tcp_ping received 65536 bytes back
Round trip time was 2.61191 milliseconds in repetition 373
tcp_ping received 65536 bytes back
Round trip time was 2.44491 milliseconds in repetition 374
tcp_ping received 65536 bytes back
Round trip time was 2.50691 milliseconds in repetition 375
tcp_ping received 65536 bytes back
Round trip time was 2.45991 milliseconds in repetition 376
tcp_ping received 65536 bytes back
Round trip time was 2.52191 milliseconds in repetition 377
tcp_ping received 65536 bytes back
Round trip time was 2.47191 milliseconds in repetition 378
tcp_ping received 65536 bytes back
Round trip time was 2.41491 milliseconds in repetition 379
tcp_ping received 65536 bytes back
Round trip time was 2.55991 milliseconds in repetition 380
tcp_ping received 65536 bytes back
Round trip time was 2.41191 milliseconds in repetition 381
tcp_ping received 65536 bytes back
Round trip time was 2.52391 milliseconds in repetition 382
tcp_ping received 65536 bytes back
Round trip time was 2.54791 milliseconds in repetition 383
tcp_ping received 65536 bytes back
Round trip time was 2.46691 milliseconds in repetition 384
tcp_ping received 65536 bytes back
Round trip time was 2.49491 milliseconds in repetition 385
tcp_ping received 65536 bytes back
Round trip time was 2.47091 milliseconds in repetition 386
tcp_ping received 65536 bytes back
Round trip time was 2.42091 milliseconds in repetition 387
tcp_ping received 65536 bytes back
Round trip time was 2.47091 milliseconds in repetition 388
tcp_ping received 65536 bytes back
Round trip time was 2.46391 milliseconds in repetition 389
tcp_ping received 65536 bytes back
Round trip time was 2.47391 milliseconds in repetition 390
tcp_ping received 65536 bytes back
Round trip time was 2.46991 milliseconds in repetition 391
tcp_ping received 65536 bytes back
Round trip time was 2.48191 milliseconds in repetition 392
tcp_ping received 65536 bytes back
Round trip time was 2.42191 milliseconds in repetition 393
tcp_ping received 65536 bytes back
Round trip time was 2.46791 milliseconds in repetition 394
tcp_ping received 65536 bytes back
Round trip time was 2.41191 milliseconds in repetition 395
tcp_ping received 65536 bytes back
Round trip time was 2.55791 milliseconds in repetition 396
tcp_ping received 65536 bytes back
Round trip time was 2.57591 milliseconds in repetition 397
tcp_ping received 65536 bytes back
Round trip time was 2.45991 milliseconds in repetition 398
tcp_ping received 65536 bytes back
Round trip time was 2.55891 milliseconds in repetition 399
tcp_ping received 65536 bytes back
Round trip time was 2.48591 milliseconds in repetition 400
tcp_ping received 65536 bytes back
Round trip time was 2.41491 milliseconds in repetition 401
tcp_ping received 65536 bytes back
Round trip time was 2.47591 milliseconds in repetition 402
tcp_ping received 65536 bytes back
Round trip time was 2.45091 milliseconds in repetition 403
tcp_ping received 65536 bytes back
Round trip time was 2.50291 milliseconds in repetition 404
tcp_ping received 65536 bytes back
Round trip time was 2.45991 milliseconds in repetition 405
tcp_ping received 65536 bytes back
Round trip time was 2.41991 milliseconds in repetition 406
tcp_ping received 65536 bytes back
Round trip time was 2.44891 milliseconds in repetition 407
tcp_ping received 65536 bytes back
Round trip time was 2.46291 milliseconds in repetition 408
tcp_ping received 65536 bytes back
Round trip time was 2.40891 milliseconds in repetition 409
tcp_ping received 65536 bytes back
Round trip time was 2.58491 milliseconds in repetition 410
tcp_ping received 65536 bytes back
Round trip time was 2.8819 milliseconds in repetition 411
tcp_ping received 65536 bytes back
Round trip time was 2.6699 milliseconds in repetition 412
tcp_ping received 65536 bytes back
Round trip time was 3.26888 milliseconds in repetition 413
tcp_ping received 65536 bytes back
Round trip time was 5.5428 milliseconds in repetition 414
tcp_ping received 65536 bytes back
Round trip time was 2.7829 milliseconds in repetition 415
tcp_ping received 65536 bytes back
Round trip time was 2.67291 milliseconds in repetition 416
tcp_ping received 65536 bytes back
Round trip time was 2.50791 milliseconds in repetition 417
tcp_ping received 65536 bytes back
Round trip time was 2.45091 milliseconds in repetition 418
tcp_ping received 65536 bytes back
Round trip time was 2.54891 milliseconds in repetition 419
tcp_ping received 65536 bytes back
Round trip time was 2.51991 milliseconds in repetition 420
tcp_ping received 65536 bytes back
Round trip time was 2.46291 milliseconds in repetition 421
tcp_ping received 65536 bytes back
Round trip time was 2.49291 milliseconds in repetition 422
tcp_ping received 65536 bytes back
Round trip time was 2.56891 milliseconds in repetition 423
tcp_ping received 65536 bytes back
Round trip time was 2.43591 milliseconds in repetition 424
tcp_ping received 65536 bytes back
Round trip time was 2.40791 milliseconds in repetition 425
tcp_ping received 65536 bytes back
Round trip time was 2.47491 milliseconds in repetition 426
tcp_ping received 65536 bytes back
Round trip time was 2.48491 milliseconds in repetition 427
tcp_ping received 65536 bytes back
Round trip time was 2.45191 milliseconds in repetition 428
tcp_ping received 65536 bytes back
Round trip time was 2.46091 milliseconds in repetition 429
tcp_ping received 65536 bytes back
Round trip time was 2.47591 milliseconds in repetition 430
tcp_ping received 65536 bytes back
Round trip time was 2.40691 milliseconds in repetition 431
tcp_ping received 65536 bytes back
Round trip time was 2.50091 milliseconds in repetition 432
tcp_ping received 65536 bytes back
Round trip time was 2.52291 milliseconds in repetition 433
tcp_ping received 65536 bytes back
Round trip time was 2.51191 milliseconds in repetition 434
tcp_ping received 65536 bytes back
Round trip time was 2.56791 milliseconds in repetition 435
tcp_ping received 65536 bytes back
Round trip time was 2.44091 milliseconds in repetition 436
tcp_ping received 65536 bytes back
Round trip time was 2.49491 milliseconds in repetition 437
tcp_ping received 65536 bytes back
Round trip time was 2.47991 milliseconds in repetition 438
tcp_ping received 65536 bytes back
Round trip time was 2.41791 milliseconds in repetition 439
tcp_ping received 65536 bytes back
Round trip time was 2.42291 milliseconds in repetition 440
tcp_ping received 65536 bytes back
Round trip time was 2.7699 milliseconds in repetition 441
tcp_ping received 65536 bytes back
Round trip time was 2.41691 milliseconds in repetition 442
tcp_ping received 65536 bytes back
Round trip time was 2.51291 milliseconds in repetition 443
tcp_ping received 65536 bytes back
Round trip time was 2.52291 milliseconds in repetition 444
tcp_ping received 65536 bytes back
Round trip time was 2.43891 milliseconds in repetition 445
tcp_ping received 65536 bytes back
Round trip time was 2.45591 milliseconds in repetition 446
tcp_ping received 65536 bytes back
Round trip time was 2.49691 milliseconds in repetition 447
tcp_ping received 65536 bytes back
Round trip time was 2.43591 milliseconds in repetition 448
tcp_ping received 65536 bytes back
Round trip time was 2.6739 milliseconds in repetition 449
tcp_ping received 65536 bytes back
Round trip time was 2.49591 milliseconds in repetition 450
tcp_ping received 65536 bytes back
Round trip time was 2.45591 milliseconds in repetition 451
tcp_ping received 65536 bytes back
Round trip time was 2.46091 milliseconds in repetition 452
tcp_ping received 65536 bytes back
Round trip time was 2.42991 milliseconds in repetition 453
tcp_ping received 65536 bytes back
Round trip time was 2.47391 milliseconds in repetition 454
tcp_ping received 65536 bytes back
Round trip time was 2.47291 milliseconds in repetition 455
tcp_ping received 65536 bytes back
Round trip time was 2.40491 milliseconds in repetition 456
tcp_ping received 65536 bytes back
Round trip time was 2.45691 milliseconds in repetition 457
tcp_ping received 65536 bytes back
Round trip time was 2.46291 milliseconds in repetition 458
tcp_ping received 65536 bytes back
Round trip time was 2.40191 milliseconds in repetition 459
tcp_ping received 65536 bytes back
Round trip time was 2.45691 milliseconds in repetition 460
tcp_ping received 65536 bytes back
Round trip time was 2.40891 milliseconds in repetition 461
tcp_ping received 65536 bytes back
Round trip time was 2.54591 milliseconds in repetition 462
tcp_ping received 65536 bytes back
Round trip time was 2.7919 milliseconds in repetition 463
tcp_ping received 65536 bytes back
Round trip time was 2.8419 milliseconds in repetition 464
tcp_ping received 65536 bytes back
Round trip time was 3.31188 milliseconds in repetition 465
tcp_ping received 65536 bytes back
Round trip time was 2.6549 milliseconds in repetition 466
tcp_ping received 65536 bytes back
Round trip time was 2.46791 milliseconds in repetition 467
tcp_ping received 65536 bytes back
Round trip time was 2.56691 milliseconds in repetition 468
tcp_ping received 65536 bytes back
Round trip time was 2.48491 milliseconds in repetition 469
tcp_ping received 65536 bytes back
Round trip time was 2.41391 milliseconds in repetition 470
tcp_ping received 65536 bytes back
Round trip time was 2.46091 milliseconds in repetition 471
tcp_ping received 65536 bytes back
Round trip time was 2.46791 milliseconds in repetition 472
tcp_ping received 65536 bytes back
Round trip time was 2.45091 milliseconds in repetition 473
tcp_ping received 65536 bytes back
Round trip time was 10.0986 milliseconds in repetition 474
tcp_ping received 65536 bytes back
Round trip time was 2.45091 milliseconds in repetition 475
tcp_ping received 65536 bytes back
Round trip time was 10.8256 milliseconds in repetition 476
tcp_ping received 65536 bytes back
Round trip time was 4.31385 milliseconds in repetition 477
tcp_ping received 65536 bytes back
Round trip time was 2.7099 milliseconds in repetition 478
tcp_ping received 65536 bytes back
Round trip time was 2.6669 milliseconds in repetition 479
tcp_ping received 65536 bytes back
Round trip time was 2.41491 milliseconds in repetition 480
tcp_ping received 65536 bytes back
Round trip time was 2.50191 milliseconds in repetition 481
tcp_ping received 65536 bytes back
Round trip time was 2.56591 milliseconds in repetition 482
tcp_ping received 65536 bytes back
Round trip time was 2.42891 milliseconds in repetition 483
tcp_ping received 65536 bytes back
Round trip time was 2.51691 milliseconds in repetition 484
tcp_ping received 65536 bytes back
Round trip time was 2.46091 milliseconds in repetition 485
tcp_ping received 65536 bytes back
Round trip time was 2.44091 milliseconds in repetition 486
tcp_ping received 65536 bytes back
Round trip time was 2.47891 milliseconds in repetition 487
tcp_ping received 65536 bytes back
Round trip time was 2.42291 milliseconds in repetition 488
tcp_ping received 65536 bytes back
Round trip time was 2.53591 milliseconds in repetition 489
tcp_ping received 65536 bytes back
Round trip time was 2.47391 milliseconds in repetition 490
tcp_ping received 65536 bytes back
Round trip time was 2.41491 milliseconds in repetition 491
tcp_ping received 65536 bytes back
Round trip time was 2.49691 milliseconds in repetition 492
tcp_ping received 65536 bytes back
Round trip time was 2.43391 milliseconds in repetition 493
tcp_ping received 65536 bytes back
Round trip time was 2.62591 milliseconds in repetition 494
tcp_ping received 65536 bytes back
Round trip time was 2.49691 milliseconds in repetition 495
tcp_ping received 65536 bytes back
Round trip time was 2.42391 milliseconds in repetition 496
tcp_ping received 65536 bytes back
Round trip time was 2.46891 milliseconds in repetition 497
tcp_ping received 65536 bytes back
Round trip time was 2.50691 milliseconds in repetition 498
tcp_ping received 65536 bytes back
Round trip time was 2.44491 milliseconds in repetition 499
tcp_ping received 65536 bytes back
Round trip time was 2.46091 milliseconds in repetition 500
tcp_ping received 65536 bytes back
Round trip time was 2.42891 milliseconds in repetition 501

 ... clock resolution was 1e-06
TCP Ping:  Statistics over 501 repetitions of 65536 byte messages

RTT : percentile 10: 2.42291, median: 2.50091, percentile 90: 2.9229, average: 2.76521, variance: 1.12113

RTT histogram:
2.38091 364
2.84855 99
3.31618 11
3.78381 2
4.25145 6
4.71908 2
5.18671 3
5.65435 3
6.12198 0
6.58961 0
7.05725 1
7.52488 1
7.99251 4
8.46015 0
8.92778 0
9.39541 0
9.86305 0
10.3307 2
10.7983 2
11.2659 0
11.7336 1
   median Throughput : 52409.7 KB/s   overall Throughput : 47400.4 KB/s

