TCP Ping trying to connect to server localhost (127.0.0.1) on port 1491
 ... connected to Pong server: asking for 501 repetitions of 4096 bytes TCP messages
 ... Pong server agreed :-)
tcp_ping received 4096 bytes back
Round trip time was 0.612978 milliseconds in repetition 1
tcp_ping received 4096 bytes back
Round trip time was 1.24195 milliseconds in repetition 2
tcp_ping received 4096 bytes back
Round trip time was 0.417985 milliseconds in repetition 3
tcp_ping received 4096 bytes back
Round trip time was 0.449983 milliseconds in repetition 4
tcp_ping received 4096 bytes back
Round trip time was 0.962964 milliseconds in repetition 5
tcp_ping received 4096 bytes back
Round trip time was 1.68594 milliseconds in repetition 6
tcp_ping received 4096 bytes back
Round trip time was 0.392985 milliseconds in repetition 7
tcp_ping received 4096 bytes back
Round trip time was 0.329989 milliseconds in repetition 8
tcp_ping received 4096 bytes back
Round trip time was 0.367986 milliseconds in repetition 9
tcp_ping received 4096 bytes back
Round trip time was 5.96478 milliseconds in repetition 10
tcp_ping received 4096 bytes back
Round trip time was 2.37791 milliseconds in repetition 11
tcp_ping received 4096 bytes back
Round trip time was 0.436984 milliseconds in repetition 12
tcp_ping received 4096 bytes back
Round trip time was 0.362987 milliseconds in repetition 13
tcp_ping received 4096 bytes back
Round trip time was 0.352988 milliseconds in repetition 14
tcp_ping received 4096 bytes back
Round trip time was 0.494981 milliseconds in repetition 15
tcp_ping received 4096 bytes back
Round trip time was 0.363987 milliseconds in repetition 16
tcp_ping received 4096 bytes back
Round trip time was 0.352987 milliseconds in repetition 17
tcp_ping received 4096 bytes back
Round trip time was 0.356986 milliseconds in repetition 18
tcp_ping received 4096 bytes back
Round trip time was 0.355988 milliseconds in repetition 19
tcp_ping received 4096 bytes back
Round trip time was 0.347988 milliseconds in repetition 20
tcp_ping received 4096 bytes back
Round trip time was 0.553981 milliseconds in repetition 21
tcp_ping received 4096 bytes back
Round trip time was 0.372986 milliseconds in repetition 22
tcp_ping received 4096 bytes back
Round trip time was 0.356987 milliseconds in repetition 23
tcp_ping received 4096 bytes back
Round trip time was 0.448984 milliseconds in repetition 24
tcp_ping received 4096 bytes back
Round trip time was 0.349987 milliseconds in repetition 25
tcp_ping received 4096 bytes back
Round trip time was 0.346988 milliseconds in repetition 26
tcp_ping received 4096 bytes back
Round trip time was 0.349987 milliseconds in repetition 27
tcp_ping received 4096 bytes back
Round trip time was 0.342988 milliseconds in repetition 28
tcp_ping received 4096 bytes back
Round trip time was 0.334988 milliseconds in repetition 29
tcp_ping received 4096 bytes back
Round trip time was 0.333988 milliseconds in repetition 30
tcp_ping received 4096 bytes back
Round trip time was 0.343987 milliseconds in repetition 31
tcp_ping received 4096 bytes back
Round trip time was 0.336987 milliseconds in repetition 32
tcp_ping received 4096 bytes back
Round trip time was 1.70694 milliseconds in repetition 33
tcp_ping received 4096 bytes back
Round trip time was 0.338989 milliseconds in repetition 34
tcp_ping received 4096 bytes back
Round trip time was 0.329988 milliseconds in repetition 35
tcp_ping received 4096 bytes back
Round trip time was 0.326987 milliseconds in repetition 36
tcp_ping received 4096 bytes back
Round trip time was 0.325987 milliseconds in repetition 37
tcp_ping received 4096 bytes back
Round trip time was 0.325987 milliseconds in repetition 38
tcp_ping received 4096 bytes back
Round trip time was 1.44895 milliseconds in repetition 39
tcp_ping received 4096 bytes back
Round trip time was 0.515981 milliseconds in repetition 40
tcp_ping received 4096 bytes back
Round trip time was 0.768972 milliseconds in repetition 41
tcp_ping received 4096 bytes back
Round trip time was 1.04296 milliseconds in repetition 42
tcp_ping received 4096 bytes back
Round trip time was 0.711975 milliseconds in repetition 43
tcp_ping received 4096 bytes back
Round trip time was 0.468983 milliseconds in repetition 44
tcp_ping received 4096 bytes back
Round trip time was 0.462984 milliseconds in repetition 45
tcp_ping received 4096 bytes back
Round trip time was 0.364986 milliseconds in repetition 46
tcp_ping received 4096 bytes back
Round trip time was 0.348987 milliseconds in repetition 47
tcp_ping received 4096 bytes back
Round trip time was 0.343987 milliseconds in repetition 48
tcp_ping received 4096 bytes back
Round trip time was 0.338989 milliseconds in repetition 49
tcp_ping received 4096 bytes back
Round trip time was 0.337987 milliseconds in repetition 50
tcp_ping received 4096 bytes back
Round trip time was 0.338988 milliseconds in repetition 51
tcp_ping received 4096 bytes back
Round trip time was 0.341987 milliseconds in repetition 52
tcp_ping received 4096 bytes back
Round trip time was 0.336987 milliseconds in repetition 53
tcp_ping received 4096 bytes back
Round trip time was 0.463984 milliseconds in repetition 54
tcp_ping received 4096 bytes back
Round trip time was 0.343988 milliseconds in repetition 55
tcp_ping received 4096 bytes back
Round trip time was 0.335987 milliseconds in repetition 56
tcp_ping received 4096 bytes back
Round trip time was 0.337989 milliseconds in repetition 57
tcp_ping received 4096 bytes back
Round trip time was 0.334987 milliseconds in repetition 58
tcp_ping received 4096 bytes back
Round trip time was 0.339989 milliseconds in repetition 59
tcp_ping received 4096 bytes back
Round trip time was 0.335987 milliseconds in repetition 60
tcp_ping received 4096 bytes back
Round trip time was 6.08678 milliseconds in repetition 61
tcp_ping received 4096 bytes back
Round trip time was 0.364986 milliseconds in repetition 62
tcp_ping received 4096 bytes back
Round trip time was 0.342987 milliseconds in repetition 63
tcp_ping received 4096 bytes back
Round trip time was 0.338987 milliseconds in repetition 64
tcp_ping received 4096 bytes back
Round trip time was 0.366987 milliseconds in repetition 65
tcp_ping received 4096 bytes back
Round trip time was 0.373986 milliseconds in repetition 66
tcp_ping received 4096 bytes back
Round trip time was 0.360986 milliseconds in repetition 67
tcp_ping received 4096 bytes back
Round trip time was 5.68679 milliseconds in repetition 68
tcp_ping received 4096 bytes back
Round trip time was 0.374986 milliseconds in repetition 69
tcp_ping received 4096 bytes back
Round trip time was 0.517981 milliseconds in repetition 70
tcp_ping received 4096 bytes back
Round trip time was 0.83497 milliseconds in repetition 71
tcp_ping received 4096 bytes back
Round trip time was 0.374986 milliseconds in repetition 72
tcp_ping received 4096 bytes back
Round trip time was 0.362986 milliseconds in repetition 73
tcp_ping received 4096 bytes back
Round trip time was 0.356987 milliseconds in repetition 74
tcp_ping received 4096 bytes back
Round trip time was 0.352987 milliseconds in repetition 75
tcp_ping received 4096 bytes back
Round trip time was 0.353987 milliseconds in repetition 76
tcp_ping received 4096 bytes back
Round trip time was 1.39695 milliseconds in repetition 77
tcp_ping received 4096 bytes back
Round trip time was 1.09096 milliseconds in repetition 78
tcp_ping received 4096 bytes back
Round trip time was 1.38495 milliseconds in repetition 79
tcp_ping received 4096 bytes back
Round trip time was 1.52794 milliseconds in repetition 80
tcp_ping received 4096 bytes back
Round trip time was 0.374986 milliseconds in repetition 81
tcp_ping received 4096 bytes back
Round trip time was 0.589979 milliseconds in repetition 82
tcp_ping received 4096 bytes back
Round trip time was 0.512981 milliseconds in repetition 83
tcp_ping received 4096 bytes back
Round trip time was 0.346988 milliseconds in repetition 84
tcp_ping received 4096 bytes back
Round trip time was 0.355987 milliseconds in repetition 85
tcp_ping received 4096 bytes back
Round trip time was 0.341989 milliseconds in repetition 86
tcp_ping received 4096 bytes back
Round trip time was 0.343987 milliseconds in repetition 87
tcp_ping received 4096 bytes back
Round trip time was 0.353987 milliseconds in repetition 88
tcp_ping received 4096 bytes back
Round trip time was 0.346988 milliseconds in repetition 89
tcp_ping received 4096 bytes back
Round trip time was 0.410986 milliseconds in repetition 90
tcp_ping received 4096 bytes back
Round trip time was 0.384985 milliseconds in repetition 91
tcp_ping received 4096 bytes back
Round trip time was 0.355987 milliseconds in repetition 92
tcp_ping received 4096 bytes back
Round trip time was 0.347987 milliseconds in repetition 93
tcp_ping received 4096 bytes back
Round trip time was 0.574979 milliseconds in repetition 94
tcp_ping received 4096 bytes back
Round trip time was 0.354987 milliseconds in repetition 95
tcp_ping received 4096 bytes back
Round trip time was 0.343988 milliseconds in repetition 96
tcp_ping received 4096 bytes back
Round trip time was 0.341987 milliseconds in repetition 97
tcp_ping received 4096 bytes back
Round trip time was 0.339988 milliseconds in repetition 98
tcp_ping received 4096 bytes back
Round trip time was 0.339988 milliseconds in repetition 99
tcp_ping received 4096 bytes back
Round trip time was 0.339987 milliseconds in repetition 100
tcp_ping received 4096 bytes back
Round trip time was 0.339988 milliseconds in repetition 101
tcp_ping received 4096 bytes back
Round trip time was 0.501981 milliseconds in repetition 102
tcp_ping received 4096 bytes back
Round trip time was 0.369986 milliseconds in repetition 103
tcp_ping received 4096 bytes back
Round trip time was 0.351987 milliseconds in repetition 104
tcp_ping received 4096 bytes back
Round trip time was 0.346987 milliseconds in repetition 105
tcp_ping received 4096 bytes back
Round trip time was 0.343987 milliseconds in repetition 106
tcp_ping received 4096 bytes back
Round trip time was 0.392985 milliseconds in repetition 107
tcp_ping received 4096 bytes back
Round trip time was 0.381987 milliseconds in repetition 108
tcp_ping received 4096 bytes back
Round trip time was 0.353987 milliseconds in repetition 109
tcp_ping received 4096 bytes back
Round trip time was 0.346987 milliseconds in repetition 110
tcp_ping received 4096 bytes back
Round trip time was 0.344987 milliseconds in repetition 111
tcp_ping received 4096 bytes back
Round trip time was 0.338987 milliseconds in repetition 112
tcp_ping received 4096 bytes back
Round trip time was 0.333988 milliseconds in repetition 113
tcp_ping received 4096 bytes back
Round trip time was 0.334988 milliseconds in repetition 114
tcp_ping received 4096 bytes back
Round trip time was 0.487981 milliseconds in repetition 115
tcp_ping received 4096 bytes back
Round trip time was 0.338988 milliseconds in repetition 116
tcp_ping received 4096 bytes back
Round trip time was 0.337987 milliseconds in repetition 117
tcp_ping received 4096 bytes back
Round trip time was 0.337988 milliseconds in repetition 118
tcp_ping received 4096 bytes back
Round trip time was 0.363986 milliseconds in repetition 119
tcp_ping received 4096 bytes back
Round trip time was 0.341988 milliseconds in repetition 120
tcp_ping received 4096 bytes back
Round trip time was 0.338987 milliseconds in repetition 121
tcp_ping received 4096 bytes back
Round trip time was 0.336988 milliseconds in repetition 122
tcp_ping received 4096 bytes back
Round trip time was 0.338987 milliseconds in repetition 123
tcp_ping received 4096 bytes back
Round trip time was 0.335988 milliseconds in repetition 124
tcp_ping received 4096 bytes back
Round trip time was 0.383985 milliseconds in repetition 125
tcp_ping received 4096 bytes back
Round trip time was 0.340989 milliseconds in repetition 126
tcp_ping received 4096 bytes back
Round trip time was 0.344987 milliseconds in repetition 127
tcp_ping received 4096 bytes back
Round trip time was 0.337988 milliseconds in repetition 128
tcp_ping received 4096 bytes back
Round trip time was 0.341989 milliseconds in repetition 129
tcp_ping received 4096 bytes back
Round trip time was 0.343987 milliseconds in repetition 130
tcp_ping received 4096 bytes back
Round trip time was 0.340987 milliseconds in repetition 131
tcp_ping received 4096 bytes back
Round trip time was 0.350987 milliseconds in repetition 132
tcp_ping received 4096 bytes back
Round trip time was 0.345987 milliseconds in repetition 133
tcp_ping received 4096 bytes back
Round trip time was 0.405986 milliseconds in repetition 134
tcp_ping received 4096 bytes back
Round trip time was 0.343987 milliseconds in repetition 135
tcp_ping received 4096 bytes back
Round trip time was 0.339988 milliseconds in repetition 136
tcp_ping received 4096 bytes back
Round trip time was 0.334987 milliseconds in repetition 137
tcp_ping received 4096 bytes back
Round trip time was 0.332988 milliseconds in repetition 138
tcp_ping received 4096 bytes back
Round trip time was 0.336988 milliseconds in repetition 139
tcp_ping received 4096 bytes back
Round trip time was 0.337987 milliseconds in repetition 140
tcp_ping received 4096 bytes back
Round trip time was 0.337988 milliseconds in repetition 141
tcp_ping received 4096 bytes back
Round trip time was 0.335987 milliseconds in repetition 142
tcp_ping received 4096 bytes back
Round trip time was 0.332989 milliseconds in repetition 143
tcp_ping received 4096 bytes back
Round trip time was 0.410985 milliseconds in repetition 144
tcp_ping received 4096 bytes back
Round trip time was 0.336987 milliseconds in repetition 145
tcp_ping received 4096 bytes back
Round trip time was 0.338988 milliseconds in repetition 146
tcp_ping received 4096 bytes back
Round trip time was 0.336987 milliseconds in repetition 147
tcp_ping received 4096 bytes back
Round trip time was 0.334989 milliseconds in repetition 148
tcp_ping received 4096 bytes back
Round trip time was 0.335987 milliseconds in repetition 149
tcp_ping received 4096 bytes back
Round trip time was 0.333988 milliseconds in repetition 150
tcp_ping received 4096 bytes back
Round trip time was 0.333988 milliseconds in repetition 151
tcp_ping received 4096 bytes back
Round trip time was 0.333987 milliseconds in repetition 152
tcp_ping received 4096 bytes back
Round trip time was 0.334988 milliseconds in repetition 153
tcp_ping received 4096 bytes back
Round trip time was 0.429984 milliseconds in repetition 154
tcp_ping received 4096 bytes back
Round trip time was 0.335988 milliseconds in repetition 155
tcp_ping received 4096 bytes back
Round trip time was 0.360986 milliseconds in repetition 156
tcp_ping received 4096 bytes back
Round trip time was 0.332988 milliseconds in repetition 157
tcp_ping received 4096 bytes back
Round trip time was 0.334987 milliseconds in repetition 158
tcp_ping received 4096 bytes back
Round trip time was 0.333988 milliseconds in repetition 159
tcp_ping received 4096 bytes back
Round trip time was 0.338988 milliseconds in repetition 160
tcp_ping received 4096 bytes back
Round trip time was 0.336988 milliseconds in repetition 161
tcp_ping received 4096 bytes back
Round trip time was 0.332989 milliseconds in repetition 162
tcp_ping received 4096 bytes back
Round trip time was 0.332987 milliseconds in repetition 163
tcp_ping received 4096 bytes back
Round trip time was 0.333988 milliseconds in repetition 164
tcp_ping received 4096 bytes back
Round trip time was 0.330989 milliseconds in repetition 165
tcp_ping received 4096 bytes back
Round trip time was 0.331987 milliseconds in repetition 166
tcp_ping received 4096 bytes back
Round trip time was 0.380986 milliseconds in repetition 167
tcp_ping received 4096 bytes back
Round trip time was 0.335988 milliseconds in repetition 168
tcp_ping received 4096 bytes back
Round trip time was 0.335988 milliseconds in repetition 169
tcp_ping received 4096 bytes back
Round trip time was 0.351987 milliseconds in repetition 170
tcp_ping received 4096 bytes back
Round trip time was 0.336988 milliseconds in repetition 171
tcp_ping received 4096 bytes back
Round trip time was 0.332989 milliseconds in repetition 172
tcp_ping received 4096 bytes back
Round trip time was 0.343987 milliseconds in repetition 173
tcp_ping received 4096 bytes back
Round trip time was 0.339987 milliseconds in repetition 174
tcp_ping received 4096 bytes back
Round trip time was 0.352987 milliseconds in repetition 175
tcp_ping received 4096 bytes back
Round trip time was 0.415985 milliseconds in repetition 176
tcp_ping received 4096 bytes back
Round trip time was 0.339988 milliseconds in repetition 177
tcp_ping received 4096 bytes back
Round trip time was 0.334987 milliseconds in repetition 178
tcp_ping received 4096 bytes back
Round trip time was 0.336987 milliseconds in repetition 179
tcp_ping received 4096 bytes back
Round trip time was 0.341987 milliseconds in repetition 180
tcp_ping received 4096 bytes back
Round trip time was 0.334988 milliseconds in repetition 181
tcp_ping received 4096 bytes back
Round trip time was 0.341987 milliseconds in repetition 182
tcp_ping received 4096 bytes back
Round trip time was 0.332988 milliseconds in repetition 183
tcp_ping received 4096 bytes back
Round trip time was 0.334988 milliseconds in repetition 184
tcp_ping received 4096 bytes back
Round trip time was 0.332987 milliseconds in repetition 185
tcp_ping received 4096 bytes back
Round trip time was 0.338989 milliseconds in repetition 186
tcp_ping received 4096 bytes back
Round trip time was 0.373987 milliseconds in repetition 187
tcp_ping received 4096 bytes back
Round trip time was 0.340987 milliseconds in repetition 188
tcp_ping received 4096 bytes back
Round trip time was 0.332988 milliseconds in repetition 189
tcp_ping received 4096 bytes back
Round trip time was 0.332988 milliseconds in repetition 190
tcp_ping received 4096 bytes back
Round trip time was 0.336987 milliseconds in repetition 191
tcp_ping received 4096 bytes back
Round trip time was 0.333989 milliseconds in repetition 192
tcp_ping received 4096 bytes back
Round trip time was 0.334987 milliseconds in repetition 193
tcp_ping received 4096 bytes back
Round trip time was 0.332988 milliseconds in repetition 194
tcp_ping received 4096 bytes back
Round trip time was 0.332989 milliseconds in repetition 195
tcp_ping received 4096 bytes back
Round trip time was 0.332987 milliseconds in repetition 196
tcp_ping received 4096 bytes back
Round trip time was 0.394986 milliseconds in repetition 197
tcp_ping received 4096 bytes back
Round trip time was 0.335987 milliseconds in repetition 198
tcp_ping received 4096 bytes back
Round trip time was 0.336988 milliseconds in repetition 199
tcp_ping received 4096 bytes back
Round trip time was 0.336987 milliseconds in repetition 200
tcp_ping received 4096 bytes back
Round trip time was 0.332988 milliseconds in repetition 201
tcp_ping received 4096 bytes back
Round trip time was 0.332989 milliseconds in repetition 202
tcp_ping received 4096 bytes back
Round trip time was 0.333987 milliseconds in repetition 203
tcp_ping received 4096 bytes back
Round trip time was 0.331987 milliseconds in repetition 204
tcp_ping received 4096 bytes back
Round trip time was 0.332988 milliseconds in repetition 205
tcp_ping received 4096 bytes back
Round trip time was 0.331988 milliseconds in repetition 206
tcp_ping received 4096 bytes back
Round trip time was 0.437983 milliseconds in repetition 207
tcp_ping received 4096 bytes back
Round trip time was 0.376986 milliseconds in repetition 208
tcp_ping received 4096 bytes back
Round trip time was 0.346988 milliseconds in repetition 209
tcp_ping received 4096 bytes back
Round trip time was 0.344988 milliseconds in repetition 210
tcp_ping received 4096 bytes back
Round trip time was 0.347988 milliseconds in repetition 211
tcp_ping received 4096 bytes back
Round trip time was 0.366986 milliseconds in repetition 212
tcp_ping received 4096 bytes back
Round trip time was 0.342987 milliseconds in repetition 213
tcp_ping received 4096 bytes back
Round trip time was 0.340987 milliseconds in repetition 214
tcp_ping received 4096 bytes back
Round trip time was 0.334988 milliseconds in repetition 215
tcp_ping received 4096 bytes back
Round trip time was 0.337988 milliseconds in repetition 216
tcp_ping received 4096 bytes back
Round trip time was 0.334987 milliseconds in repetition 217
tcp_ping received 4096 bytes back
Round trip time was 0.337989 milliseconds in repetition 218
tcp_ping received 4096 bytes back
Round trip time was 0.346988 milliseconds in repetition 219
tcp_ping received 4096 bytes back
Round trip time was 0.555981 milliseconds in repetition 220
tcp_ping received 4096 bytes back
Round trip time was 0.352987 milliseconds in repetition 221
tcp_ping received 4096 bytes back
Round trip time was 0.342987 milliseconds in repetition 222
tcp_ping received 4096 bytes back
Round trip time was 0.344987 milliseconds in repetition 223
tcp_ping received 4096 bytes back
Round trip time was 0.340988 milliseconds in repetition 224
tcp_ping received 4096 bytes back
Round trip time was 0.361986 milliseconds in repetition 225
tcp_ping received 4096 bytes back
Round trip time was 0.393986 milliseconds in repetition 226
tcp_ping received 4096 bytes back
Round trip time was 0.352988 milliseconds in repetition 227
tcp_ping received 4096 bytes back
Round trip time was 0.340988 milliseconds in repetition 228
tcp_ping received 4096 bytes back
Round trip time was 0.340987 milliseconds in repetition 229
tcp_ping received 4096 bytes back
Round trip time was 0.342987 milliseconds in repetition 230
tcp_ping received 4096 bytes back
Round trip time was 0.339988 milliseconds in repetition 231
tcp_ping received 4096 bytes back
Round trip time was 0.355987 milliseconds in repetition 232
tcp_ping received 4096 bytes back
Round trip time was 0.337987 milliseconds in repetition 233
tcp_ping received 4096 bytes back
Round trip time was 0.343987 milliseconds in repetition 234
tcp_ping received 4096 bytes back
Round trip time was 0.338988 milliseconds in repetition 235
tcp_ping received 4096 bytes back
Round trip time was 0.348987 milliseconds in repetition 236
tcp_ping received 4096 bytes back
Round trip time was 0.337987 milliseconds in repetition 237
tcp_ping received 4096 bytes back
Round trip time was 0.362987 milliseconds in repetition 238
tcp_ping received 4096 bytes back
Round trip time was 0.392985 milliseconds in repetition 239
tcp_ping received 4096 bytes back
Round trip time was 0.339988 milliseconds in repetition 240
tcp_ping received 4096 bytes back
Round trip time was 0.334987 milliseconds in repetition 241
tcp_ping received 4096 bytes back
Round trip time was 0.333988 milliseconds in repetition 242
tcp_ping received 4096 bytes back
Round trip time was 0.333989 milliseconds in repetition 243
tcp_ping received 4096 bytes back
Round trip time was 0.333987 milliseconds in repetition 244
tcp_ping received 4096 bytes back
Round trip time was 0.334988 milliseconds in repetition 245
tcp_ping received 4096 bytes back
Round trip time was 0.336987 milliseconds in repetition 246
tcp_ping received 4096 bytes back
Round trip time was 0.332987 milliseconds in repetition 247
tcp_ping received 4096 bytes back
Round trip time was 0.332988 milliseconds in repetition 248
tcp_ping received 4096 bytes back
Round trip time was 0.378987 milliseconds in repetition 249
tcp_ping received 4096 bytes back
Round trip time was 0.336988 milliseconds in repetition 250
tcp_ping received 4096 bytes back
Round trip time was 0.338987 milliseconds in repetition 251
tcp_ping received 4096 bytes back
Round trip time was 0.337988 milliseconds in repetition 252
tcp_ping received 4096 bytes back
Round trip time was 0.336987 milliseconds in repetition 253
tcp_ping received 4096 bytes back
Round trip time was 0.332989 milliseconds in repetition 254
tcp_ping received 4096 bytes back
Round trip time was 0.331987 milliseconds in repetition 255
tcp_ping received 4096 bytes back
Round trip time was 0.332987 milliseconds in repetition 256
tcp_ping received 4096 bytes back
Round trip time was 0.348988 milliseconds in repetition 257
tcp_ping received 4096 bytes back
Round trip time was 0.334988 milliseconds in repetition 258
tcp_ping received 4096 bytes back
Round trip time was 0.391986 milliseconds in repetition 259
tcp_ping received 4096 bytes back
Round trip time was 0.337988 milliseconds in repetition 260
tcp_ping received 4096 bytes back
Round trip time was 0.345987 milliseconds in repetition 261
tcp_ping received 4096 bytes back
Round trip time was 0.356986 milliseconds in repetition 262
tcp_ping received 4096 bytes back
Round trip time was 0.338988 milliseconds in repetition 263
tcp_ping received 4096 bytes back
Round trip time was 0.332988 milliseconds in repetition 264
tcp_ping received 4096 bytes back
Round trip time was 0.337987 milliseconds in repetition 265
tcp_ping received 4096 bytes back
Round trip time was 0.332989 milliseconds in repetition 266
tcp_ping received 4096 bytes back
Round trip time was 0.336987 milliseconds in repetition 267
tcp_ping received 4096 bytes back
Round trip time was 0.333988 milliseconds in repetition 268
tcp_ping received 4096 bytes back
Round trip time was 0.377986 milliseconds in repetition 269
tcp_ping received 4096 bytes back
Round trip time was 0.334989 milliseconds in repetition 270
tcp_ping received 4096 bytes back
Round trip time was 0.332987 milliseconds in repetition 271
tcp_ping received 4096 bytes back
Round trip time was 0.333988 milliseconds in repetition 272
tcp_ping received 4096 bytes back
Round trip time was 0.332989 milliseconds in repetition 273
tcp_ping received 4096 bytes back
Round trip time was 0.333987 milliseconds in repetition 274
tcp_ping received 4096 bytes back
Round trip time was 0.332987 milliseconds in repetition 275
tcp_ping received 4096 bytes back
Round trip time was 0.331988 milliseconds in repetition 276
tcp_ping received 4096 bytes back
Round trip time was 0.331989 milliseconds in repetition 277
tcp_ping received 4096 bytes back
Round trip time was 0.335987 milliseconds in repetition 278
tcp_ping received 4096 bytes back
Round trip time was 0.336988 milliseconds in repetition 279
tcp_ping received 4096 bytes back
Round trip time was 0.330988 milliseconds in repetition 280
tcp_ping received 4096 bytes back
Round trip time was 0.329987 milliseconds in repetition 281
tcp_ping received 4096 bytes back
Round trip time was 0.328988 milliseconds in repetition 282
tcp_ping received 4096 bytes back
Round trip time was 0.376986 milliseconds in repetition 283
tcp_ping received 4096 bytes back
Round trip time was 0.331988 milliseconds in repetition 284
tcp_ping received 4096 bytes back
Round trip time was 0.334988 milliseconds in repetition 285
tcp_ping received 4096 bytes back
Round trip time was 0.334987 milliseconds in repetition 286
tcp_ping received 4096 bytes back
Round trip time was 0.337988 milliseconds in repetition 287
tcp_ping received 4096 bytes back
Round trip time was 0.334987 milliseconds in repetition 288
tcp_ping received 4096 bytes back
Round trip time was 0.331987 milliseconds in repetition 289
tcp_ping received 4096 bytes back
Round trip time was 0.369988 milliseconds in repetition 290
tcp_ping received 4096 bytes back
Round trip time was 0.335987 milliseconds in repetition 291
tcp_ping received 4096 bytes back
Round trip time was 0.336988 milliseconds in repetition 292
tcp_ping received 4096 bytes back
Round trip time was 0.334988 milliseconds in repetition 293
tcp_ping received 4096 bytes back
Round trip time was 0.330987 milliseconds in repetition 294
tcp_ping received 4096 bytes back
Round trip time was 0.334988 milliseconds in repetition 295
tcp_ping received 4096 bytes back
Round trip time was 0.331989 milliseconds in repetition 296
tcp_ping received 4096 bytes back
Round trip time was 0.330987 milliseconds in repetition 297
tcp_ping received 4096 bytes back
Round trip time was 0.331987 milliseconds in repetition 298
tcp_ping received 4096 bytes back
Round trip time was 0.335988 milliseconds in repetition 299
tcp_ping received 4096 bytes back
Round trip time was 0.331988 milliseconds in repetition 300
tcp_ping received 4096 bytes back
Round trip time was 0.333987 milliseconds in repetition 301
tcp_ping received 4096 bytes back
Round trip time was 0.336987 milliseconds in repetition 302
tcp_ping received 4096 bytes back
Round trip time was 0.329987 milliseconds in repetition 303
tcp_ping received 4096 bytes back
Round trip time was 0.377987 milliseconds in repetition 304
tcp_ping received 4096 bytes back
Round trip time was 0.335987 milliseconds in repetition 305
tcp_ping received 4096 bytes back
Round trip time was 0.354987 milliseconds in repetition 306
tcp_ping received 4096 bytes back
Round trip time was 0.346987 milliseconds in repetition 307
tcp_ping received 4096 bytes back
Round trip time was 0.351987 milliseconds in repetition 308
tcp_ping received 4096 bytes back
Round trip time was 0.333989 milliseconds in repetition 309
tcp_ping received 4096 bytes back
Round trip time was 0.331987 milliseconds in repetition 310
tcp_ping received 4096 bytes back
Round trip time was 0.330988 milliseconds in repetition 311
tcp_ping received 4096 bytes back
Round trip time was 0.336989 milliseconds in repetition 312
tcp_ping received 4096 bytes back
Round trip time was 0.339988 milliseconds in repetition 313
tcp_ping received 4096 bytes back
Round trip time was 0.348987 milliseconds in repetition 314
tcp_ping received 4096 bytes back
Round trip time was 0.330989 milliseconds in repetition 315
tcp_ping received 4096 bytes back
Round trip time was 0.335987 milliseconds in repetition 316
tcp_ping received 4096 bytes back
Round trip time was 0.332988 milliseconds in repetition 317
tcp_ping received 4096 bytes back
Round trip time was 0.330989 milliseconds in repetition 318
tcp_ping received 4096 bytes back
Round trip time was 0.335987 milliseconds in repetition 319
tcp_ping received 4096 bytes back
Round trip time was 0.332988 milliseconds in repetition 320
tcp_ping received 4096 bytes back
Round trip time was 0.331989 milliseconds in repetition 321
tcp_ping received 4096 bytes back
Round trip time was 0.332987 milliseconds in repetition 322
tcp_ping received 4096 bytes back
Round trip time was 0.371988 milliseconds in repetition 323
tcp_ping received 4096 bytes back
Round trip time was 0.335987 milliseconds in repetition 324
tcp_ping received 4096 bytes back
Round trip time was 0.331988 milliseconds in repetition 325
tcp_ping received 4096 bytes back
Round trip time was 0.332989 milliseconds in repetition 326
tcp_ping received 4096 bytes back
Round trip time was 0.332987 milliseconds in repetition 327
tcp_ping received 4096 bytes back
Round trip time was 0.330988 milliseconds in repetition 328
tcp_ping received 4096 bytes back
Round trip time was 0.332989 milliseconds in repetition 329
tcp_ping received 4096 bytes back
Round trip time was 0.331988 milliseconds in repetition 330
tcp_ping received 4096 bytes back
Round trip time was 0.330987 milliseconds in repetition 331
tcp_ping received 4096 bytes back
Round trip time was 0.332988 milliseconds in repetition 332
tcp_ping received 4096 bytes back
Round trip time was 0.335989 milliseconds in repetition 333
tcp_ping received 4096 bytes back
Round trip time was 0.330987 milliseconds in repetition 334
tcp_ping received 4096 bytes back
Round trip time was 0.329988 milliseconds in repetition 335
tcp_ping received 4096 bytes back
Round trip time was 0.331988 milliseconds in repetition 336
tcp_ping received 4096 bytes back
Round trip time was 0.379986 milliseconds in repetition 337
tcp_ping received 4096 bytes back
Round trip time was 0.334988 milliseconds in repetition 338
tcp_ping received 4096 bytes back
Round trip time was 0.331987 milliseconds in repetition 339
tcp_ping received 4096 bytes back
Round trip time was 0.330988 milliseconds in repetition 340
tcp_ping received 4096 bytes back
Round trip time was 0.341987 milliseconds in repetition 341
tcp_ping received 4096 bytes back
Round trip time was 0.330988 milliseconds in repetition 342
tcp_ping received 4096 bytes back
Round trip time was 0.330988 milliseconds in repetition 343
tcp_ping received 4096 bytes back
Round trip time was 0.374986 milliseconds in repetition 344
tcp_ping received 4096 bytes back
Round trip time was 0.332989 milliseconds in repetition 345
tcp_ping received 4096 bytes back
Round trip time was 0.339987 milliseconds in repetition 346
tcp_ping received 4096 bytes back
Round trip time was 0.334989 milliseconds in repetition 347
tcp_ping received 4096 bytes back
Round trip time was 0.336987 milliseconds in repetition 348
tcp_ping received 4096 bytes back
Round trip time was 0.349988 milliseconds in repetition 349
tcp_ping received 4096 bytes back
Round trip time was 0.361987 milliseconds in repetition 350
tcp_ping received 4096 bytes back
Round trip time was 0.335988 milliseconds in repetition 351
tcp_ping received 4096 bytes back
Round trip time was 0.338987 milliseconds in repetition 352
tcp_ping received 4096 bytes back
Round trip time was 0.332989 milliseconds in repetition 353
tcp_ping received 4096 bytes back
Round trip time was 0.330987 milliseconds in repetition 354
tcp_ping received 4096 bytes back
Round trip time was 0.328987 milliseconds in repetition 355
tcp_ping received 4096 bytes back
Round trip time was 0.328988 milliseconds in repetition 356
tcp_ping received 4096 bytes back
Round trip time was 0.388986 milliseconds in repetition 357
tcp_ping received 4096 bytes back
Round trip time was 0.336987 milliseconds in repetition 358
tcp_ping received 4096 bytes back
Round trip time was 0.334988 milliseconds in repetition 359
tcp_ping received 4096 bytes back
Round trip time was 0.334988 milliseconds in repetition 360
tcp_ping received 4096 bytes back
Round trip time was 0.331987 milliseconds in repetition 361
tcp_ping received 4096 bytes back
Round trip time was 0.330988 milliseconds in repetition 362
tcp_ping received 4096 bytes back
Round trip time was 0.329988 milliseconds in repetition 363
tcp_ping received 4096 bytes back
Round trip time was 0.331989 milliseconds in repetition 364
tcp_ping received 4096 bytes back
Round trip time was 0.346987 milliseconds in repetition 365
tcp_ping received 4096 bytes back
Round trip time was 0.397985 milliseconds in repetition 366
tcp_ping received 4096 bytes back
Round trip time was 0.360987 milliseconds in repetition 367
tcp_ping received 4096 bytes back
Round trip time was 0.331988 milliseconds in repetition 368
tcp_ping received 4096 bytes back
Round trip time was 0.331987 milliseconds in repetition 369
tcp_ping received 4096 bytes back
Round trip time was 0.331988 milliseconds in repetition 370
tcp_ping received 4096 bytes back
Round trip time was 0.331988 milliseconds in repetition 371
tcp_ping received 4096 bytes back
Round trip time was 0.331989 milliseconds in repetition 372
tcp_ping received 4096 bytes back
Round trip time was 0.334987 milliseconds in repetition 373
tcp_ping received 4096 bytes back
Round trip time was 0.332988 milliseconds in repetition 374
tcp_ping received 4096 bytes back
Round trip time was 0.331989 milliseconds in repetition 375
tcp_ping received 4096 bytes back
Round trip time was 0.329989 milliseconds in repetition 376
tcp_ping received 4096 bytes back
Round trip time was 0.370986 milliseconds in repetition 377
tcp_ping received 4096 bytes back
Round trip time was 0.342987 milliseconds in repetition 378
tcp_ping received 4096 bytes back
Round trip time was 0.341988 milliseconds in repetition 379
tcp_ping received 4096 bytes back
Round trip time was 0.342987 milliseconds in repetition 380
tcp_ping received 4096 bytes back
Round trip time was 0.340987 milliseconds in repetition 381
tcp_ping received 4096 bytes back
Round trip time was 0.341988 milliseconds in repetition 382
tcp_ping received 4096 bytes back
Round trip time was 0.341987 milliseconds in repetition 383
tcp_ping received 4096 bytes back
Round trip time was 0.338987 milliseconds in repetition 384
tcp_ping received 4096 bytes back
Round trip time was 0.339989 milliseconds in repetition 385
tcp_ping received 4096 bytes back
Round trip time was 0.337987 milliseconds in repetition 386
tcp_ping received 4096 bytes back
Round trip time was 0.52898 milliseconds in repetition 387
tcp_ping received 4096 bytes back
Round trip time was 0.345988 milliseconds in repetition 388
tcp_ping received 4096 bytes back
Round trip time was 0.340987 milliseconds in repetition 389
tcp_ping received 4096 bytes back
Round trip time was 0.361987 milliseconds in repetition 390
tcp_ping received 4096 bytes back
Round trip time was 0.345988 milliseconds in repetition 391
tcp_ping received 4096 bytes back
Round trip time was 0.344987 milliseconds in repetition 392
tcp_ping received 4096 bytes back
Round trip time was 0.354987 milliseconds in repetition 393
tcp_ping received 4096 bytes back
Round trip time was 0.345987 milliseconds in repetition 394
tcp_ping received 4096 bytes back
Round trip time was 0.351988 milliseconds in repetition 395
tcp_ping received 4096 bytes back
Round trip time was 0.389985 milliseconds in repetition 396
tcp_ping received 4096 bytes back
Round trip time was 0.352987 milliseconds in repetition 397
tcp_ping received 4096 bytes back
Round trip time was 0.470982 milliseconds in repetition 398
tcp_ping received 4096 bytes back
Round trip time was 0.848969 milliseconds in repetition 399
tcp_ping received 4096 bytes back
Round trip time was 0.393985 milliseconds in repetition 400
tcp_ping received 4096 bytes back
Round trip time was 0.346987 milliseconds in repetition 401
tcp_ping received 4096 bytes back
Round trip time was 0.356987 milliseconds in repetition 402
tcp_ping received 4096 bytes back
Round trip time was 0.353987 milliseconds in repetition 403
tcp_ping received 4096 bytes back
Round trip time was 0.353988 milliseconds in repetition 404
tcp_ping received 4096 bytes back
Round trip time was 0.350987 milliseconds in repetition 405
tcp_ping received 4096 bytes back
Round trip time was 0.353987 milliseconds in repetition 406
tcp_ping received 4096 bytes back
Round trip time was 0.386985 milliseconds in repetition 407
tcp_ping received 4096 bytes back
Round trip time was 0.348988 milliseconds in repetition 408
tcp_ping received 4096 bytes back
Round trip time was 0.359987 milliseconds in repetition 409
tcp_ping received 4096 bytes back
Round trip time was 0.327987 milliseconds in repetition 410
tcp_ping received 4096 bytes back
Round trip time was 0.324988 milliseconds in repetition 411
tcp_ping received 4096 bytes back
Round trip time was 0.325988 milliseconds in repetition 412
tcp_ping received 4096 bytes back
Round trip time was 0.379987 milliseconds in repetition 413
tcp_ping received 4096 bytes back
Round trip time was 0.328987 milliseconds in repetition 414
tcp_ping received 4096 bytes back
Round trip time was 0.328987 milliseconds in repetition 415
tcp_ping received 4096 bytes back
Round trip time was 0.345988 milliseconds in repetition 416
tcp_ping received 4096 bytes back
Round trip time was 0.325989 milliseconds in repetition 417
tcp_ping received 4096 bytes back
Round trip time was 0.322989 milliseconds in repetition 418
tcp_ping received 4096 bytes back
Round trip time was 0.324989 milliseconds in repetition 419
tcp_ping received 4096 bytes back
Round trip time was 0.326989 milliseconds in repetition 420
tcp_ping received 4096 bytes back
Round trip time was 0.322988 milliseconds in repetition 421
tcp_ping received 4096 bytes back
Round trip time was 0.322988 milliseconds in repetition 422
tcp_ping received 4096 bytes back
Round trip time was 0.332988 milliseconds in repetition 423
tcp_ping received 4096 bytes back
Round trip time was 0.322988 milliseconds in repetition 424
tcp_ping received 4096 bytes back
Round trip time was 0.321988 milliseconds in repetition 425
tcp_ping received 4096 bytes back
Round trip time was 0.320988 milliseconds in repetition 426
tcp_ping received 4096 bytes back
Round trip time was 0.321988 milliseconds in repetition 427
tcp_ping received 4096 bytes back
Round trip time was 0.372986 milliseconds in repetition 428
tcp_ping received 4096 bytes back
Round trip time was 0.328988 milliseconds in repetition 429
tcp_ping received 4096 bytes back
Round trip time was 0.323988 milliseconds in repetition 430
tcp_ping received 4096 bytes back
Round trip time was 0.330988 milliseconds in repetition 431
tcp_ping received 4096 bytes back
Round trip time was 0.322989 milliseconds in repetition 432
tcp_ping received 4096 bytes back
Round trip time was 0.330988 milliseconds in repetition 433
tcp_ping received 4096 bytes back
Round trip time was 0.325988 milliseconds in repetition 434
tcp_ping received 4096 bytes back
Round trip time was 0.329987 milliseconds in repetition 435
tcp_ping received 4096 bytes back
Round trip time was 0.322988 milliseconds in repetition 436
tcp_ping received 4096 bytes back
Round trip time was 0.383986 milliseconds in repetition 437
tcp_ping received 4096 bytes back
Round trip time was 0.348987 milliseconds in repetition 438
tcp_ping received 4096 bytes back
Round trip time was 0.343988 milliseconds in repetition 439
tcp_ping received 4096 bytes back
Round trip time was 0.352988 milliseconds in repetition 440
tcp_ping received 4096 bytes back
Round trip time was 0.339988 milliseconds in repetition 441
tcp_ping received 4096 bytes back
Round trip time was 0.352987 milliseconds in repetition 442
tcp_ping received 4096 bytes back
Round trip time was 0.338987 milliseconds in repetition 443
tcp_ping received 4096 bytes back
Round trip time was 0.338988 milliseconds in repetition 444
tcp_ping received 4096 bytes back
Round trip time was 0.339987 milliseconds in repetition 445
tcp_ping received 4096 bytes back
Round trip time was 0.341987 milliseconds in repetition 446
tcp_ping received 4096 bytes back
Round trip time was 0.346988 milliseconds in repetition 447
tcp_ping received 4096 bytes back
Round trip time was 0.339987 milliseconds in repetition 448
tcp_ping received 4096 bytes back
Round trip time was 0.370987 milliseconds in repetition 449
tcp_ping received 4096 bytes back
Round trip time was 0.334989 milliseconds in repetition 450
tcp_ping received 4096 bytes back
Round trip time was 0.330987 milliseconds in repetition 451
tcp_ping received 4096 bytes back
Round trip time was 0.327987 milliseconds in repetition 452
tcp_ping received 4096 bytes back
Round trip time was 0.322988 milliseconds in repetition 453
tcp_ping received 4096 bytes back
Round trip time was 0.320988 milliseconds in repetition 454
tcp_ping received 4096 bytes back
Round trip time was 0.326987 milliseconds in repetition 455
tcp_ping received 4096 bytes back
Round trip time was 0.330987 milliseconds in repetition 456
tcp_ping received 4096 bytes back
Round trip time was 0.405985 milliseconds in repetition 457
tcp_ping received 4096 bytes back
Round trip time was 0.332987 milliseconds in repetition 458
tcp_ping received 4096 bytes back
Round trip time was 0.330988 milliseconds in repetition 459
tcp_ping received 4096 bytes back
Round trip time was 0.327988 milliseconds in repetition 460
tcp_ping received 4096 bytes back
Round trip time was 0.327988 milliseconds in repetition 461
tcp_ping received 4096 bytes back
Round trip time was 0.327989 milliseconds in repetition 462
tcp_ping received 4096 bytes back
Round trip time was 0.337987 milliseconds in repetition 463
tcp_ping received 4096 bytes back
Round trip time was 0.329987 milliseconds in repetition 464
tcp_ping received 4096 bytes back
Round trip time was 0.326988 milliseconds in repetition 465
tcp_ping received 4096 bytes back
Round trip time was 0.326988 milliseconds in repetition 466
tcp_ping received 4096 bytes back
Round trip time was 0.390986 milliseconds in repetition 467
tcp_ping received 4096 bytes back
Round trip time was 0.331988 milliseconds in repetition 468
tcp_ping received 4096 bytes back
Round trip time was 0.332987 milliseconds in repetition 469
tcp_ping received 4096 bytes back
Round trip time was 0.328988 milliseconds in repetition 470
tcp_ping received 4096 bytes back
Round trip time was 0.325988 milliseconds in repetition 471
tcp_ping received 4096 bytes back
Round trip time was 0.329988 milliseconds in repetition 472
tcp_ping received 4096 bytes back
Round trip time was 0.326989 milliseconds in repetition 473
tcp_ping received 4096 bytes back
Round trip time was 0.337988 milliseconds in repetition 474
tcp_ping received 4096 bytes back
Round trip time was 0.331988 milliseconds in repetition 475
tcp_ping received 4096 bytes back
Round trip time was 0.326988 milliseconds in repetition 476
tcp_ping received 4096 bytes back
Round trip time was 0.417985 milliseconds in repetition 477
tcp_ping received 4096 bytes back
Round trip time was 0.358987 milliseconds in repetition 478
tcp_ping received 4096 bytes back
Round trip time was 0.354988 milliseconds in repetition 479
tcp_ping received 4096 bytes back
Round trip time was 0.379986 milliseconds in repetition 480
tcp_ping received 4096 bytes back
Round trip time was 0.341987 milliseconds in repetition 481
tcp_ping received 4096 bytes back
Round trip time was 0.355987 milliseconds in repetition 482
tcp_ping received 4096 bytes back
Round trip time was 0.338987 milliseconds in repetition 483
tcp_ping received 4096 bytes back
Round trip time was 0.342988 milliseconds in repetition 484
tcp_ping received 4096 bytes back
Round trip time was 0.331987 milliseconds in repetition 485
tcp_ping received 4096 bytes back
Round trip time was 0.330988 milliseconds in repetition 486
tcp_ping received 4096 bytes back
Round trip time was 0.332988 milliseconds in repetition 487
tcp_ping received 4096 bytes back
Round trip time was 0.329989 milliseconds in repetition 488
tcp_ping received 4096 bytes back
Round trip time was 0.329988 milliseconds in repetition 489
tcp_ping received 4096 bytes back
Round trip time was 0.426984 milliseconds in repetition 490
tcp_ping received 4096 bytes back
Round trip time was 0.332987 milliseconds in repetition 491
tcp_ping received 4096 bytes back
Round trip time was 0.326987 milliseconds in repetition 492
tcp_ping received 4096 bytes back
Round trip time was 0.325988 milliseconds in repetition 493
tcp_ping received 4096 bytes back
Round trip time was 0.327988 milliseconds in repetition 494
tcp_ping received 4096 bytes back
Round trip time was 0.335988 milliseconds in repetition 495
tcp_ping received 4096 bytes back
Round trip time was 0.330989 milliseconds in repetition 496
tcp_ping received 4096 bytes back
Round trip time was 0.330987 milliseconds in repetition 497
tcp_ping received 4096 bytes back
Round trip time was 0.331988 milliseconds in repetition 498
tcp_ping received 4096 bytes back
Round trip time was 0.329988 milliseconds in repetition 499
tcp_ping received 4096 bytes back
Round trip time was 0.329989 milliseconds in repetition 500
tcp_ping received 4096 bytes back
Round trip time was 0.378986 milliseconds in repetition 501

 ... clock resolution was 1e-06
TCP Ping:  Statistics over 501 repetitions of 4096 byte messages

RTT : percentile 10: 0.329988, median: 0.337989, percentile 90: 0.393985, average: 0.411085, variance: 0.214482

RTT histogram:
0.320987 469
0.609277 15
0.897567 4
1.18586 3
1.47415 4
1.76244 2
2.05072 0
2.33901 1
2.6273 0
2.91559 0
3.20388 0
3.49217 0
3.78046 0
4.06875 0
4.35704 0
4.64533 0
4.93362 0
5.22191 0
5.5102 0
5.79849 1
6.08678 2
   median Throughput : 24237.5 KB/s   overall Throughput : 19927.8 KB/s

