TCP Ping trying to connect to server localhost (127.0.0.1) on port 1491
 ... connected to Pong server: asking for 501 repetitions of 262144 bytes TCP messages
 ... Pong server agreed :-)
tcp_ping received 262144 bytes back
Round trip time was 25.7231 milliseconds in repetition 1
tcp_ping received 262144 bytes back
Round trip time was 16.4294 milliseconds in repetition 2
tcp_ping received 262144 bytes back
Round trip time was 9.21568 milliseconds in repetition 3
tcp_ping received 262144 bytes back
Round trip time was 9.25068 milliseconds in repetition 4
tcp_ping received 262144 bytes back
Round trip time was 9.41768 milliseconds in repetition 5
tcp_ping received 262144 bytes back
Round trip time was 9.43968 milliseconds in repetition 6
tcp_ping received 262144 bytes back
Round trip time was 11.4866 milliseconds in repetition 7
tcp_ping received 262144 bytes back
Round trip time was 9.93066 milliseconds in repetition 8
tcp_ping received 262144 bytes back
Round trip time was 9.60567 milliseconds in repetition 9
tcp_ping received 262144 bytes back
Round trip time was 9.25868 milliseconds in repetition 10
tcp_ping received 262144 bytes back
Round trip time was 9.11169 milliseconds in repetition 11
tcp_ping received 262144 bytes back
Round trip time was 9.39668 milliseconds in repetition 12
tcp_ping received 262144 bytes back
Round trip time was 9.19368 milliseconds in repetition 13
tcp_ping received 262144 bytes back
Round trip time was 10.0547 milliseconds in repetition 14
tcp_ping received 262144 bytes back
Round trip time was 9.71267 milliseconds in repetition 15
tcp_ping received 262144 bytes back
Round trip time was 9.53267 milliseconds in repetition 16
tcp_ping received 262144 bytes back
Round trip time was 9.28268 milliseconds in repetition 17
tcp_ping received 262144 bytes back
Round trip time was 9.35568 milliseconds in repetition 18
tcp_ping received 262144 bytes back
Round trip time was 10.0727 milliseconds in repetition 19
tcp_ping received 262144 bytes back
Round trip time was 10.1137 milliseconds in repetition 20
tcp_ping received 262144 bytes back
Round trip time was 9.29368 milliseconds in repetition 21
tcp_ping received 262144 bytes back
Round trip time was 9.14168 milliseconds in repetition 22
tcp_ping received 262144 bytes back
Round trip time was 9.09869 milliseconds in repetition 23
tcp_ping received 262144 bytes back
Round trip time was 9.16369 milliseconds in repetition 24
tcp_ping received 262144 bytes back
Round trip time was 9.01869 milliseconds in repetition 25
tcp_ping received 262144 bytes back
Round trip time was 9.28268 milliseconds in repetition 26
tcp_ping received 262144 bytes back
Round trip time was 9.25568 milliseconds in repetition 27
tcp_ping received 262144 bytes back
Round trip time was 9.21568 milliseconds in repetition 28
tcp_ping received 262144 bytes back
Round trip time was 9.05769 milliseconds in repetition 29
tcp_ping received 262144 bytes back
Round trip time was 9.23068 milliseconds in repetition 30
tcp_ping received 262144 bytes back
Round trip time was 9.11569 milliseconds in repetition 31
tcp_ping received 262144 bytes back
Round trip time was 9.17868 milliseconds in repetition 32
tcp_ping received 262144 bytes back
Round trip time was 9.19368 milliseconds in repetition 33
tcp_ping received 262144 bytes back
Round trip time was 9.10769 milliseconds in repetition 34
tcp_ping received 262144 bytes back
Round trip time was 9.82766 milliseconds in repetition 35
tcp_ping received 262144 bytes back
Round trip time was 9.33368 milliseconds in repetition 36
tcp_ping received 262144 bytes back
Round trip time was 9.23668 milliseconds in repetition 37
tcp_ping received 262144 bytes back
Round trip time was 9.06469 milliseconds in repetition 38
tcp_ping received 262144 bytes back
Round trip time was 9.21568 milliseconds in repetition 39
tcp_ping received 262144 bytes back
Round trip time was 9.31768 milliseconds in repetition 40
tcp_ping received 262144 bytes back
Round trip time was 9.13469 milliseconds in repetition 41
tcp_ping received 262144 bytes back
Round trip time was 9.20268 milliseconds in repetition 42
tcp_ping received 262144 bytes back
Round trip time was 9.11569 milliseconds in repetition 43
tcp_ping received 262144 bytes back
Round trip time was 9.12369 milliseconds in repetition 44
tcp_ping received 262144 bytes back
Round trip time was 9.01769 milliseconds in repetition 45
tcp_ping received 262144 bytes back
Round trip time was 9.15169 milliseconds in repetition 46
tcp_ping received 262144 bytes back
Round trip time was 9.02969 milliseconds in repetition 47
tcp_ping received 262144 bytes back
Round trip time was 9.08869 milliseconds in repetition 48
tcp_ping received 262144 bytes back
Round trip time was 10.4376 milliseconds in repetition 49
tcp_ping received 262144 bytes back
Round trip time was 10.3906 milliseconds in repetition 50
tcp_ping received 262144 bytes back
Round trip time was 9.45967 milliseconds in repetition 51
tcp_ping received 262144 bytes back
Round trip time was 9.09369 milliseconds in repetition 52
tcp_ping received 262144 bytes back
Round trip time was 9.18969 milliseconds in repetition 53
tcp_ping received 262144 bytes back
Round trip time was 9.16169 milliseconds in repetition 54
tcp_ping received 262144 bytes back
Round trip time was 9.13769 milliseconds in repetition 55
tcp_ping received 262144 bytes back
Round trip time was 9.09469 milliseconds in repetition 56
tcp_ping received 262144 bytes back
Round trip time was 9.10369 milliseconds in repetition 57
tcp_ping received 262144 bytes back
Round trip time was 9.10169 milliseconds in repetition 58
tcp_ping received 262144 bytes back
Round trip time was 9.02169 milliseconds in repetition 59
tcp_ping received 262144 bytes back
Round trip time was 27.824 milliseconds in repetition 60
tcp_ping received 262144 bytes back
Round trip time was 9.88266 milliseconds in repetition 61
tcp_ping received 262144 bytes back
Round trip time was 10.0267 milliseconds in repetition 62
tcp_ping received 262144 bytes back
Round trip time was 9.31568 milliseconds in repetition 63
tcp_ping received 262144 bytes back
Round trip time was 9.11069 milliseconds in repetition 64
tcp_ping received 262144 bytes back
Round trip time was 9.12569 milliseconds in repetition 65
tcp_ping received 262144 bytes back
Round trip time was 9.31068 milliseconds in repetition 66
tcp_ping received 262144 bytes back
Round trip time was 9.15969 milliseconds in repetition 67
tcp_ping received 262144 bytes back
Round trip time was 9.06869 milliseconds in repetition 68
tcp_ping received 262144 bytes back
Round trip time was 9.09869 milliseconds in repetition 69
tcp_ping received 262144 bytes back
Round trip time was 9.23468 milliseconds in repetition 70
tcp_ping received 262144 bytes back
Round trip time was 9.14169 milliseconds in repetition 71
tcp_ping received 262144 bytes back
Round trip time was 9.11469 milliseconds in repetition 72
tcp_ping received 262144 bytes back
Round trip time was 9.11869 milliseconds in repetition 73
tcp_ping received 262144 bytes back
Round trip time was 9.13669 milliseconds in repetition 74
tcp_ping received 262144 bytes back
Round trip time was 9.12769 milliseconds in repetition 75
tcp_ping received 262144 bytes back
Round trip time was 10.5456 milliseconds in repetition 76
tcp_ping received 262144 bytes back
Round trip time was 9.25968 milliseconds in repetition 77
tcp_ping received 262144 bytes back
Round trip time was 9.24668 milliseconds in repetition 78
tcp_ping received 262144 bytes back
Round trip time was 9.13669 milliseconds in repetition 79
tcp_ping received 262144 bytes back
Round trip time was 9.03969 milliseconds in repetition 80
tcp_ping received 262144 bytes back
Round trip time was 9.62167 milliseconds in repetition 81
tcp_ping received 262144 bytes back
Round trip time was 9.09569 milliseconds in repetition 82
tcp_ping received 262144 bytes back
Round trip time was 9.15968 milliseconds in repetition 83
tcp_ping received 262144 bytes back
Round trip time was 9.06569 milliseconds in repetition 84
tcp_ping received 262144 bytes back
Round trip time was 9.42068 milliseconds in repetition 85
tcp_ping received 262144 bytes back
Round trip time was 9.11469 milliseconds in repetition 86
tcp_ping received 262144 bytes back
Round trip time was 9.11869 milliseconds in repetition 87
tcp_ping received 262144 bytes back
Round trip time was 9.24868 milliseconds in repetition 88
tcp_ping received 262144 bytes back
Round trip time was 9.04969 milliseconds in repetition 89
tcp_ping received 262144 bytes back
Round trip time was 9.63267 milliseconds in repetition 90
tcp_ping received 262144 bytes back
Round trip time was 10.4066 milliseconds in repetition 91
tcp_ping received 262144 bytes back
Round trip time was 9.35868 milliseconds in repetition 92
tcp_ping received 262144 bytes back
Round trip time was 9.24768 milliseconds in repetition 93
tcp_ping received 262144 bytes back
Round trip time was 9.09369 milliseconds in repetition 94
tcp_ping received 262144 bytes back
Round trip time was 9.25168 milliseconds in repetition 95
tcp_ping received 262144 bytes back
Round trip time was 9.10269 milliseconds in repetition 96
tcp_ping received 262144 bytes back
Round trip time was 9.11969 milliseconds in repetition 97
tcp_ping received 262144 bytes back
Round trip time was 9.13469 milliseconds in repetition 98
tcp_ping received 262144 bytes back
Round trip time was 9.12369 milliseconds in repetition 99
tcp_ping received 262144 bytes back
Round trip time was 9.02369 milliseconds in repetition 100
tcp_ping received 262144 bytes back
Round trip time was 9.07469 milliseconds in repetition 101
tcp_ping received 262144 bytes back
Round trip time was 9.24668 milliseconds in repetition 102
tcp_ping received 262144 bytes back
Round trip time was 9.07469 milliseconds in repetition 103
tcp_ping received 262144 bytes back
Round trip time was 9.66367 milliseconds in repetition 104
tcp_ping received 262144 bytes back
Round trip time was 10.4846 milliseconds in repetition 105
tcp_ping received 262144 bytes back
Round trip time was 9.31668 milliseconds in repetition 106
tcp_ping received 262144 bytes back
Round trip time was 10.4336 milliseconds in repetition 107
tcp_ping received 262144 bytes back
Round trip time was 9.55867 milliseconds in repetition 108
tcp_ping received 262144 bytes back
Round trip time was 9.56467 milliseconds in repetition 109
tcp_ping received 262144 bytes back
Round trip time was 9.25668 milliseconds in repetition 110
tcp_ping received 262144 bytes back
Round trip time was 9.28968 milliseconds in repetition 111
tcp_ping received 262144 bytes back
Round trip time was 9.12269 milliseconds in repetition 112
tcp_ping received 262144 bytes back
Round trip time was 9.15469 milliseconds in repetition 113
tcp_ping received 262144 bytes back
Round trip time was 9.08169 milliseconds in repetition 114
tcp_ping received 262144 bytes back
Round trip time was 9.20069 milliseconds in repetition 115
tcp_ping received 262144 bytes back
Round trip time was 9.34968 milliseconds in repetition 116
tcp_ping received 262144 bytes back
Round trip time was 9.09069 milliseconds in repetition 117
tcp_ping received 262144 bytes back
Round trip time was 10.5076 milliseconds in repetition 118
tcp_ping received 262144 bytes back
Round trip time was 18.7874 milliseconds in repetition 119
tcp_ping received 262144 bytes back
Round trip time was 9.89666 milliseconds in repetition 120
tcp_ping received 262144 bytes back
Round trip time was 29.339 milliseconds in repetition 121
tcp_ping received 262144 bytes back
Round trip time was 10.4026 milliseconds in repetition 122
tcp_ping received 262144 bytes back
Round trip time was 9.58567 milliseconds in repetition 123
tcp_ping received 262144 bytes back
Round trip time was 9.84266 milliseconds in repetition 124
tcp_ping received 262144 bytes back
Round trip time was 9.42368 milliseconds in repetition 125
tcp_ping received 262144 bytes back
Round trip time was 9.17369 milliseconds in repetition 126
tcp_ping received 262144 bytes back
Round trip time was 9.13269 milliseconds in repetition 127
tcp_ping received 262144 bytes back
Round trip time was 9.83766 milliseconds in repetition 128
tcp_ping received 262144 bytes back
Round trip time was 14.9125 milliseconds in repetition 129
tcp_ping received 262144 bytes back
Round trip time was 9.36468 milliseconds in repetition 130
tcp_ping received 262144 bytes back
Round trip time was 9.18069 milliseconds in repetition 131
tcp_ping received 262144 bytes back
Round trip time was 9.20069 milliseconds in repetition 132
tcp_ping received 262144 bytes back
Round trip time was 9.12269 milliseconds in repetition 133
tcp_ping received 262144 bytes back
Round trip time was 9.26668 milliseconds in repetition 134
tcp_ping received 262144 bytes back
Round trip time was 9.48168 milliseconds in repetition 135
tcp_ping received 262144 bytes back
Round trip time was 9.20968 milliseconds in repetition 136
tcp_ping received 262144 bytes back
Round trip time was 9.18269 milliseconds in repetition 137
tcp_ping received 262144 bytes back
Round trip time was 9.26068 milliseconds in repetition 138
tcp_ping received 262144 bytes back
Round trip time was 9.30468 milliseconds in repetition 139
tcp_ping received 262144 bytes back
Round trip time was 9.24668 milliseconds in repetition 140
tcp_ping received 262144 bytes back
Round trip time was 9.19769 milliseconds in repetition 141
tcp_ping received 262144 bytes back
Round trip time was 10.1947 milliseconds in repetition 142
tcp_ping received 262144 bytes back
Round trip time was 13.3205 milliseconds in repetition 143
tcp_ping received 262144 bytes back
Round trip time was 9.25768 milliseconds in repetition 144
tcp_ping received 262144 bytes back
Round trip time was 9.26968 milliseconds in repetition 145
tcp_ping received 262144 bytes back
Round trip time was 9.61667 milliseconds in repetition 146
tcp_ping received 262144 bytes back
Round trip time was 9.63367 milliseconds in repetition 147
tcp_ping received 262144 bytes back
Round trip time was 9.64867 milliseconds in repetition 148
tcp_ping received 262144 bytes back
Round trip time was 9.82866 milliseconds in repetition 149
tcp_ping received 262144 bytes back
Round trip time was 9.40968 milliseconds in repetition 150
tcp_ping received 262144 bytes back
Round trip time was 9.57767 milliseconds in repetition 151
tcp_ping received 262144 bytes back
Round trip time was 9.19669 milliseconds in repetition 152
tcp_ping received 262144 bytes back
Round trip time was 9.30168 milliseconds in repetition 153
tcp_ping received 262144 bytes back
Round trip time was 9.16569 milliseconds in repetition 154
tcp_ping received 262144 bytes back
Round trip time was 9.12569 milliseconds in repetition 155
tcp_ping received 262144 bytes back
Round trip time was 9.12869 milliseconds in repetition 156
tcp_ping received 262144 bytes back
Round trip time was 9.68267 milliseconds in repetition 157
tcp_ping received 262144 bytes back
Round trip time was 9.68167 milliseconds in repetition 158
tcp_ping received 262144 bytes back
Round trip time was 9.22568 milliseconds in repetition 159
tcp_ping received 262144 bytes back
Round trip time was 9.25668 milliseconds in repetition 160
tcp_ping received 262144 bytes back
Round trip time was 9.25068 milliseconds in repetition 161
tcp_ping received 262144 bytes back
Round trip time was 9.11469 milliseconds in repetition 162
tcp_ping received 262144 bytes back
Round trip time was 9.15369 milliseconds in repetition 163
tcp_ping received 262144 bytes back
Round trip time was 9.06669 milliseconds in repetition 164
tcp_ping received 262144 bytes back
Round trip time was 9.20069 milliseconds in repetition 165
tcp_ping received 262144 bytes back
Round trip time was 9.10669 milliseconds in repetition 166
tcp_ping received 262144 bytes back
Round trip time was 9.29268 milliseconds in repetition 167
tcp_ping received 262144 bytes back
Round trip time was 9.09169 milliseconds in repetition 168
tcp_ping received 262144 bytes back
Round trip time was 9.05569 milliseconds in repetition 169
tcp_ping received 262144 bytes back
Round trip time was 9.11869 milliseconds in repetition 170
tcp_ping received 262144 bytes back
Round trip time was 9.51768 milliseconds in repetition 171
tcp_ping received 262144 bytes back
Round trip time was 11.8376 milliseconds in repetition 172
tcp_ping received 262144 bytes back
Round trip time was 10.7366 milliseconds in repetition 173
tcp_ping received 262144 bytes back
Round trip time was 9.96166 milliseconds in repetition 174
tcp_ping received 262144 bytes back
Round trip time was 9.59067 milliseconds in repetition 175
tcp_ping received 262144 bytes back
Round trip time was 9.22768 milliseconds in repetition 176
tcp_ping received 262144 bytes back
Round trip time was 9.21669 milliseconds in repetition 177
tcp_ping received 262144 bytes back
Round trip time was 9.29068 milliseconds in repetition 178
tcp_ping received 262144 bytes back
Round trip time was 9.22168 milliseconds in repetition 179
tcp_ping received 262144 bytes back
Round trip time was 9.15669 milliseconds in repetition 180
tcp_ping received 262144 bytes back
Round trip time was 26.0441 milliseconds in repetition 181
tcp_ping received 262144 bytes back
Round trip time was 10.2436 milliseconds in repetition 182
tcp_ping received 262144 bytes back
Round trip time was 10.5506 milliseconds in repetition 183
tcp_ping received 262144 bytes back
Round trip time was 9.39068 milliseconds in repetition 184
tcp_ping received 262144 bytes back
Round trip time was 9.15769 milliseconds in repetition 185
tcp_ping received 262144 bytes back
Round trip time was 9.37268 milliseconds in repetition 186
tcp_ping received 262144 bytes back
Round trip time was 9.13569 milliseconds in repetition 187
tcp_ping received 262144 bytes back
Round trip time was 9.10569 milliseconds in repetition 188
tcp_ping received 262144 bytes back
Round trip time was 9.10369 milliseconds in repetition 189
tcp_ping received 262144 bytes back
Round trip time was 9.02069 milliseconds in repetition 190
tcp_ping received 262144 bytes back
Round trip time was 9.15169 milliseconds in repetition 191
tcp_ping received 262144 bytes back
Round trip time was 9.01469 milliseconds in repetition 192
tcp_ping received 262144 bytes back
Round trip time was 9.21968 milliseconds in repetition 193
tcp_ping received 262144 bytes back
Round trip time was 9.06469 milliseconds in repetition 194
tcp_ping received 262144 bytes back
Round trip time was 9.11669 milliseconds in repetition 195
tcp_ping received 262144 bytes back
Round trip time was 9.04469 milliseconds in repetition 196
tcp_ping received 262144 bytes back
Round trip time was 14.0005 milliseconds in repetition 197
tcp_ping received 262144 bytes back
Round trip time was 19.2403 milliseconds in repetition 198
tcp_ping received 262144 bytes back
Round trip time was 10.5266 milliseconds in repetition 199
tcp_ping received 262144 bytes back
Round trip time was 9.68467 milliseconds in repetition 200
tcp_ping received 262144 bytes back
Round trip time was 9.19969 milliseconds in repetition 201
tcp_ping received 262144 bytes back
Round trip time was 9.29468 milliseconds in repetition 202
tcp_ping received 262144 bytes back
Round trip time was 9.13769 milliseconds in repetition 203
tcp_ping received 262144 bytes back
Round trip time was 9.16469 milliseconds in repetition 204
tcp_ping received 262144 bytes back
Round trip time was 9.47768 milliseconds in repetition 205
tcp_ping received 262144 bytes back
Round trip time was 9.21469 milliseconds in repetition 206
tcp_ping received 262144 bytes back
Round trip time was 9.39568 milliseconds in repetition 207
tcp_ping received 262144 bytes back
Round trip time was 9.28568 milliseconds in repetition 208
tcp_ping received 262144 bytes back
Round trip time was 9.95066 milliseconds in repetition 209
tcp_ping received 262144 bytes back
Round trip time was 10.9976 milliseconds in repetition 210
tcp_ping received 262144 bytes back
Round trip time was 9.46768 milliseconds in repetition 211
tcp_ping received 262144 bytes back
Round trip time was 9.61867 milliseconds in repetition 212
tcp_ping received 262144 bytes back
Round trip time was 10.1237 milliseconds in repetition 213
tcp_ping received 262144 bytes back
Round trip time was 9.77067 milliseconds in repetition 214
tcp_ping received 262144 bytes back
Round trip time was 9.94766 milliseconds in repetition 215
tcp_ping received 262144 bytes back
Round trip time was 9.60667 milliseconds in repetition 216
tcp_ping received 262144 bytes back
Round trip time was 9.72167 milliseconds in repetition 217
tcp_ping received 262144 bytes back
Round trip time was 9.34468 milliseconds in repetition 218
tcp_ping received 262144 bytes back
Round trip time was 9.47668 milliseconds in repetition 219
tcp_ping received 262144 bytes back
Round trip time was 9.18969 milliseconds in repetition 220
tcp_ping received 262144 bytes back
Round trip time was 9.54667 milliseconds in repetition 221
tcp_ping received 262144 bytes back
Round trip time was 9.25168 milliseconds in repetition 222
tcp_ping received 262144 bytes back
Round trip time was 10.0257 milliseconds in repetition 223
tcp_ping received 262144 bytes back
Round trip time was 13.0926 milliseconds in repetition 224
tcp_ping received 262144 bytes back
Round trip time was 19.3743 milliseconds in repetition 225
tcp_ping received 262144 bytes back
Round trip time was 10.3586 milliseconds in repetition 226
tcp_ping received 262144 bytes back
Round trip time was 10.0227 milliseconds in repetition 227
tcp_ping received 262144 bytes back
Round trip time was 9.57067 milliseconds in repetition 228
tcp_ping received 262144 bytes back
Round trip time was 9.29768 milliseconds in repetition 229
tcp_ping received 262144 bytes back
Round trip time was 9.15369 milliseconds in repetition 230
tcp_ping received 262144 bytes back
Round trip time was 9.40968 milliseconds in repetition 231
tcp_ping received 262144 bytes back
Round trip time was 9.15569 milliseconds in repetition 232
tcp_ping received 262144 bytes back
Round trip time was 9.17969 milliseconds in repetition 233
tcp_ping received 262144 bytes back
Round trip time was 9.15769 milliseconds in repetition 234
tcp_ping received 262144 bytes back
Round trip time was 9.72567 milliseconds in repetition 235
tcp_ping received 262144 bytes back
Round trip time was 10.1467 milliseconds in repetition 236
tcp_ping received 262144 bytes back
Round trip time was 9.45768 milliseconds in repetition 237
tcp_ping received 262144 bytes back
Round trip time was 9.32868 milliseconds in repetition 238
tcp_ping received 262144 bytes back
Round trip time was 9.23769 milliseconds in repetition 239
tcp_ping received 262144 bytes back
Round trip time was 9.37368 milliseconds in repetition 240
tcp_ping received 262144 bytes back
Round trip time was 9.20569 milliseconds in repetition 241
tcp_ping received 262144 bytes back
Round trip time was 9.55668 milliseconds in repetition 242
tcp_ping received 262144 bytes back
Round trip time was 9.26868 milliseconds in repetition 243
tcp_ping received 262144 bytes back
Round trip time was 9.31568 milliseconds in repetition 244
tcp_ping received 262144 bytes back
Round trip time was 9.21669 milliseconds in repetition 245
tcp_ping received 262144 bytes back
Round trip time was 9.31468 milliseconds in repetition 246
tcp_ping received 262144 bytes back
Round trip time was 9.12069 milliseconds in repetition 247
tcp_ping received 262144 bytes back
Round trip time was 9.04969 milliseconds in repetition 248
tcp_ping received 262144 bytes back
Round trip time was 9.74667 milliseconds in repetition 249
tcp_ping received 262144 bytes back
Round trip time was 23.5302 milliseconds in repetition 250
tcp_ping received 262144 bytes back
Round trip time was 16.4224 milliseconds in repetition 251
tcp_ping received 262144 bytes back
Round trip time was 18.3174 milliseconds in repetition 252
tcp_ping received 262144 bytes back
Round trip time was 17.1824 milliseconds in repetition 253
tcp_ping received 262144 bytes back
Round trip time was 20.5443 milliseconds in repetition 254
tcp_ping received 262144 bytes back
Round trip time was 17.4974 milliseconds in repetition 255
tcp_ping received 262144 bytes back
Round trip time was 18.0984 milliseconds in repetition 256
tcp_ping received 262144 bytes back
Round trip time was 20.2073 milliseconds in repetition 257
tcp_ping received 262144 bytes back
Round trip time was 16.0545 milliseconds in repetition 258
tcp_ping received 262144 bytes back
Round trip time was 9.93066 milliseconds in repetition 259
tcp_ping received 262144 bytes back
Round trip time was 9.27368 milliseconds in repetition 260
tcp_ping received 262144 bytes back
Round trip time was 9.31668 milliseconds in repetition 261
tcp_ping received 262144 bytes back
Round trip time was 9.18069 milliseconds in repetition 262
tcp_ping received 262144 bytes back
Round trip time was 9.58367 milliseconds in repetition 263
tcp_ping received 262144 bytes back
Round trip time was 9.27168 milliseconds in repetition 264
tcp_ping received 262144 bytes back
Round trip time was 9.20369 milliseconds in repetition 265
tcp_ping received 262144 bytes back
Round trip time was 9.49968 milliseconds in repetition 266
tcp_ping received 262144 bytes back
Round trip time was 9.26768 milliseconds in repetition 267
tcp_ping received 262144 bytes back
Round trip time was 10.0537 milliseconds in repetition 268
tcp_ping received 262144 bytes back
Round trip time was 10.2417 milliseconds in repetition 269
tcp_ping received 262144 bytes back
Round trip time was 9.32868 milliseconds in repetition 270
tcp_ping received 262144 bytes back
Round trip time was 9.10569 milliseconds in repetition 271
tcp_ping received 262144 bytes back
Round trip time was 9.25468 milliseconds in repetition 272
tcp_ping received 262144 bytes back
Round trip time was 9.31768 milliseconds in repetition 273
tcp_ping received 262144 bytes back
Round trip time was 9.24169 milliseconds in repetition 274
tcp_ping received 262144 bytes back
Round trip time was 9.16969 milliseconds in repetition 275
tcp_ping received 262144 bytes back
Round trip time was 9.14369 milliseconds in repetition 276
tcp_ping received 262144 bytes back
Round trip time was 9.13869 milliseconds in repetition 277
tcp_ping received 262144 bytes back
Round trip time was 9.10669 milliseconds in repetition 278
tcp_ping received 262144 bytes back
Round trip time was 9.55068 milliseconds in repetition 279
tcp_ping received 262144 bytes back
Round trip time was 9.11769 milliseconds in repetition 280
tcp_ping received 262144 bytes back
Round trip time was 9.10069 milliseconds in repetition 281
tcp_ping received 262144 bytes back
Round trip time was 9.14069 milliseconds in repetition 282
tcp_ping received 262144 bytes back
Round trip time was 9.36068 milliseconds in repetition 283
tcp_ping received 262144 bytes back
Round trip time was 10.8966 milliseconds in repetition 284
tcp_ping received 262144 bytes back
Round trip time was 9.53368 milliseconds in repetition 285
tcp_ping received 262144 bytes back
Round trip time was 9.34268 milliseconds in repetition 286
tcp_ping received 262144 bytes back
Round trip time was 9.22169 milliseconds in repetition 287
tcp_ping received 262144 bytes back
Round trip time was 9.07869 milliseconds in repetition 288
tcp_ping received 262144 bytes back
Round trip time was 9.22569 milliseconds in repetition 289
tcp_ping received 262144 bytes back
Round trip time was 9.08669 milliseconds in repetition 290
tcp_ping received 262144 bytes back
Round trip time was 9.08369 milliseconds in repetition 291
tcp_ping received 262144 bytes back
Round trip time was 9.25068 milliseconds in repetition 292
tcp_ping received 262144 bytes back
Round trip time was 9.13169 milliseconds in repetition 293
tcp_ping received 262144 bytes back
Round trip time was 9.11169 milliseconds in repetition 294
tcp_ping received 262144 bytes back
Round trip time was 9.10669 milliseconds in repetition 295
tcp_ping received 262144 bytes back
Round trip time was 9.11069 milliseconds in repetition 296
tcp_ping received 262144 bytes back
Round trip time was 9.09569 milliseconds in repetition 297
tcp_ping received 262144 bytes back
Round trip time was 9.55268 milliseconds in repetition 298
tcp_ping received 262144 bytes back
Round trip time was 10.2966 milliseconds in repetition 299
tcp_ping received 262144 bytes back
Round trip time was 9.35068 milliseconds in repetition 300
tcp_ping received 262144 bytes back
Round trip time was 9.18069 milliseconds in repetition 301
tcp_ping received 262144 bytes back
Round trip time was 9.12969 milliseconds in repetition 302
tcp_ping received 262144 bytes back
Round trip time was 9.05669 milliseconds in repetition 303
tcp_ping received 262144 bytes back
Round trip time was 9.11569 milliseconds in repetition 304
tcp_ping received 262144 bytes back
Round trip time was 9.08669 milliseconds in repetition 305
tcp_ping received 262144 bytes back
Round trip time was 9.36168 milliseconds in repetition 306
tcp_ping received 262144 bytes back
Round trip time was 9.10269 milliseconds in repetition 307
tcp_ping received 262144 bytes back
Round trip time was 9.11569 milliseconds in repetition 308
tcp_ping received 262144 bytes back
Round trip time was 9.19269 milliseconds in repetition 309
tcp_ping received 262144 bytes back
Round trip time was 9.03269 milliseconds in repetition 310
tcp_ping received 262144 bytes back
Round trip time was 10.0477 milliseconds in repetition 311
tcp_ping received 262144 bytes back
Round trip time was 10.3176 milliseconds in repetition 312
tcp_ping received 262144 bytes back
Round trip time was 9.57267 milliseconds in repetition 313
tcp_ping received 262144 bytes back
Round trip time was 9.31468 milliseconds in repetition 314
tcp_ping received 262144 bytes back
Round trip time was 9.61267 milliseconds in repetition 315
tcp_ping received 262144 bytes back
Round trip time was 9.35968 milliseconds in repetition 316
tcp_ping received 262144 bytes back
Round trip time was 9.36168 milliseconds in repetition 317
tcp_ping received 262144 bytes back
Round trip time was 9.26469 milliseconds in repetition 318
tcp_ping received 262144 bytes back
Round trip time was 9.17369 milliseconds in repetition 319
tcp_ping received 262144 bytes back
Round trip time was 9.17969 milliseconds in repetition 320
tcp_ping received 262144 bytes back
Round trip time was 9.17169 milliseconds in repetition 321
tcp_ping received 262144 bytes back
Round trip time was 9.07069 milliseconds in repetition 322
tcp_ping received 262144 bytes back
Round trip time was 9.12569 milliseconds in repetition 323
tcp_ping received 262144 bytes back
Round trip time was 9.04169 milliseconds in repetition 324
tcp_ping received 262144 bytes back
Round trip time was 9.07669 milliseconds in repetition 325
tcp_ping received 262144 bytes back
Round trip time was 9.06069 milliseconds in repetition 326
tcp_ping received 262144 bytes back
Round trip time was 10.1347 milliseconds in repetition 327
tcp_ping received 262144 bytes back
Round trip time was 13.2306 milliseconds in repetition 328
tcp_ping received 262144 bytes back
Round trip time was 9.14069 milliseconds in repetition 329
tcp_ping received 262144 bytes back
Round trip time was 9.18269 milliseconds in repetition 330
tcp_ping received 262144 bytes back
Round trip time was 9.13469 milliseconds in repetition 331
tcp_ping received 262144 bytes back
Round trip time was 9.30668 milliseconds in repetition 332
tcp_ping received 262144 bytes back
Round trip time was 9.32768 milliseconds in repetition 333
tcp_ping received 262144 bytes back
Round trip time was 9.22869 milliseconds in repetition 334
tcp_ping received 262144 bytes back
Round trip time was 9.09169 milliseconds in repetition 335
tcp_ping received 262144 bytes back
Round trip time was 9.16069 milliseconds in repetition 336
tcp_ping received 262144 bytes back
Round trip time was 9.16569 milliseconds in repetition 337
tcp_ping received 262144 bytes back
Round trip time was 9.04569 milliseconds in repetition 338
tcp_ping received 262144 bytes back
Round trip time was 9.03469 milliseconds in repetition 339
tcp_ping received 262144 bytes back
Round trip time was 9.04169 milliseconds in repetition 340
tcp_ping received 262144 bytes back
Round trip time was 9.99366 milliseconds in repetition 341
tcp_ping received 262144 bytes back
Round trip time was 12.2686 milliseconds in repetition 342
tcp_ping received 262144 bytes back
Round trip time was 9.23369 milliseconds in repetition 343
tcp_ping received 262144 bytes back
Round trip time was 9.27468 milliseconds in repetition 344
tcp_ping received 262144 bytes back
Round trip time was 9.09369 milliseconds in repetition 345
tcp_ping received 262144 bytes back
Round trip time was 9.24469 milliseconds in repetition 346
tcp_ping received 262144 bytes back
Round trip time was 9.79167 milliseconds in repetition 347
tcp_ping received 262144 bytes back
Round trip time was 9.26169 milliseconds in repetition 348
tcp_ping received 262144 bytes back
Round trip time was 9.19569 milliseconds in repetition 349
tcp_ping received 262144 bytes back
Round trip time was 9.07569 milliseconds in repetition 350
tcp_ping received 262144 bytes back
Round trip time was 9.08069 milliseconds in repetition 351
tcp_ping received 262144 bytes back
Round trip time was 9.02269 milliseconds in repetition 352
tcp_ping received 262144 bytes back
Round trip time was 9.0067 milliseconds in repetition 353
tcp_ping received 262144 bytes back
Round trip time was 9.76767 milliseconds in repetition 354
tcp_ping received 262144 bytes back
Round trip time was 9.90166 milliseconds in repetition 355
tcp_ping received 262144 bytes back
Round trip time was 10.7636 milliseconds in repetition 356
tcp_ping received 262144 bytes back
Round trip time was 9.24669 milliseconds in repetition 357
tcp_ping received 262144 bytes back
Round trip time was 9.24769 milliseconds in repetition 358
tcp_ping received 262144 bytes back
Round trip time was 9.32968 milliseconds in repetition 359
tcp_ping received 262144 bytes back
Round trip time was 9.22369 milliseconds in repetition 360
tcp_ping received 262144 bytes back
Round trip time was 9.15469 milliseconds in repetition 361
tcp_ping received 262144 bytes back
Round trip time was 9.11469 milliseconds in repetition 362
tcp_ping received 262144 bytes back
Round trip time was 9.15669 milliseconds in repetition 363
tcp_ping received 262144 bytes back
Round trip time was 9.08269 milliseconds in repetition 364
tcp_ping received 262144 bytes back
Round trip time was 9.14669 milliseconds in repetition 365
tcp_ping received 262144 bytes back
Round trip time was 10.0397 milliseconds in repetition 366
tcp_ping received 262144 bytes back
Round trip time was 9.55168 milliseconds in repetition 367
tcp_ping received 262144 bytes back
Round trip time was 10.5396 milliseconds in repetition 368
tcp_ping received 262144 bytes back
Round trip time was 10.0927 milliseconds in repetition 369
tcp_ping received 262144 bytes back
Round trip time was 9.40868 milliseconds in repetition 370
tcp_ping received 262144 bytes back
Round trip time was 9.07369 milliseconds in repetition 371
tcp_ping received 262144 bytes back
Round trip time was 9.19169 milliseconds in repetition 372
tcp_ping received 262144 bytes back
Round trip time was 9.20169 milliseconds in repetition 373
tcp_ping received 262144 bytes back
Round trip time was 9.12069 milliseconds in repetition 374
tcp_ping received 262144 bytes back
Round trip time was 9.26769 milliseconds in repetition 375
tcp_ping received 262144 bytes back
Round trip time was 9.04969 milliseconds in repetition 376
tcp_ping received 262144 bytes back
Round trip time was 9.10869 milliseconds in repetition 377
tcp_ping received 262144 bytes back
Round trip time was 9.01969 milliseconds in repetition 378
tcp_ping received 262144 bytes back
Round trip time was 9.25769 milliseconds in repetition 379
tcp_ping received 262144 bytes back
Round trip time was 9.05569 milliseconds in repetition 380
tcp_ping received 262144 bytes back
Round trip time was 9.06969 milliseconds in repetition 381
tcp_ping received 262144 bytes back
Round trip time was 9.20369 milliseconds in repetition 382
tcp_ping received 262144 bytes back
Round trip time was 9.57967 milliseconds in repetition 383
tcp_ping received 262144 bytes back
Round trip time was 9.81767 milliseconds in repetition 384
tcp_ping received 262144 bytes back
Round trip time was 9.69267 milliseconds in repetition 385
tcp_ping received 262144 bytes back
Round trip time was 9.22869 milliseconds in repetition 386
tcp_ping received 262144 bytes back
Round trip time was 9.14569 milliseconds in repetition 387
tcp_ping received 262144 bytes back
Round trip time was 9.11869 milliseconds in repetition 388
tcp_ping received 262144 bytes back
Round trip time was 9.23769 milliseconds in repetition 389
tcp_ping received 262144 bytes back
Round trip time was 9.29968 milliseconds in repetition 390
tcp_ping received 262144 bytes back
Round trip time was 9.06569 milliseconds in repetition 391
tcp_ping received 262144 bytes back
Round trip time was 9.09669 milliseconds in repetition 392
tcp_ping received 262144 bytes back
Round trip time was 9.08369 milliseconds in repetition 393
tcp_ping received 262144 bytes back
Round trip time was 9.10369 milliseconds in repetition 394
tcp_ping received 262144 bytes back
Round trip time was 9.05769 milliseconds in repetition 395
tcp_ping received 262144 bytes back
Round trip time was 9.01769 milliseconds in repetition 396
tcp_ping received 262144 bytes back
Round trip time was 9.69967 milliseconds in repetition 397
tcp_ping received 262144 bytes back
Round trip time was 9.86266 milliseconds in repetition 398
tcp_ping received 262144 bytes back
Round trip time was 9.31168 milliseconds in repetition 399
tcp_ping received 262144 bytes back
Round trip time was 9.35168 milliseconds in repetition 400
tcp_ping received 262144 bytes back
Round trip time was 9.09269 milliseconds in repetition 401
tcp_ping received 262144 bytes back
Round trip time was 9.13069 milliseconds in repetition 402
tcp_ping received 262144 bytes back
Round trip time was 9.06469 milliseconds in repetition 403
tcp_ping received 262144 bytes back
Round trip time was 9.28869 milliseconds in repetition 404
tcp_ping received 262144 bytes back
Round trip time was 9.05469 milliseconds in repetition 405
tcp_ping received 262144 bytes back
Round trip time was 9.16369 milliseconds in repetition 406
tcp_ping received 262144 bytes back
Round trip time was 9.05069 milliseconds in repetition 407
tcp_ping received 262144 bytes back
Round trip time was 9.07769 milliseconds in repetition 408
tcp_ping received 262144 bytes back
Round trip time was 9.05269 milliseconds in repetition 409
tcp_ping received 262144 bytes back
Round trip time was 9.08969 milliseconds in repetition 410
tcp_ping received 262144 bytes back
Round trip time was 9.27569 milliseconds in repetition 411
tcp_ping received 262144 bytes back
Round trip time was 11.1196 milliseconds in repetition 412
tcp_ping received 262144 bytes back
Round trip time was 9.51668 milliseconds in repetition 413
tcp_ping received 262144 bytes back
Round trip time was 9.10569 milliseconds in repetition 414
tcp_ping received 262144 bytes back
Round trip time was 9.14069 milliseconds in repetition 415
tcp_ping received 262144 bytes back
Round trip time was 9.54168 milliseconds in repetition 416
tcp_ping received 262144 bytes back
Round trip time was 9.62667 milliseconds in repetition 417
tcp_ping received 262144 bytes back
Round trip time was 9.53568 milliseconds in repetition 418
tcp_ping received 262144 bytes back
Round trip time was 9.31468 milliseconds in repetition 419
tcp_ping received 262144 bytes back
Round trip time was 9.24569 milliseconds in repetition 420
tcp_ping received 262144 bytes back
Round trip time was 9.24469 milliseconds in repetition 421
tcp_ping received 262144 bytes back
Round trip time was 9.17669 milliseconds in repetition 422
tcp_ping received 262144 bytes back
Round trip time was 9.33768 milliseconds in repetition 423
tcp_ping received 262144 bytes back
Round trip time was 9.03769 milliseconds in repetition 424
tcp_ping received 262144 bytes back
Round trip time was 9.19369 milliseconds in repetition 425
tcp_ping received 262144 bytes back
Round trip time was 9.77067 milliseconds in repetition 426
tcp_ping received 262144 bytes back
Round trip time was 9.79867 milliseconds in repetition 427
tcp_ping received 262144 bytes back
Round trip time was 10.1527 milliseconds in repetition 428
tcp_ping received 262144 bytes back
Round trip time was 9.90467 milliseconds in repetition 429
tcp_ping received 262144 bytes back
Round trip time was 9.53168 milliseconds in repetition 430
tcp_ping received 262144 bytes back
Round trip time was 9.31468 milliseconds in repetition 431
tcp_ping received 262144 bytes back
Round trip time was 9.39668 milliseconds in repetition 432
tcp_ping received 262144 bytes back
Round trip time was 9.13169 milliseconds in repetition 433
tcp_ping received 262144 bytes back
Round trip time was 9.15869 milliseconds in repetition 434
tcp_ping received 262144 bytes back
Round trip time was 9.17469 milliseconds in repetition 435
tcp_ping received 262144 bytes back
Round trip time was 9.11569 milliseconds in repetition 436
tcp_ping received 262144 bytes back
Round trip time was 9.07769 milliseconds in repetition 437
tcp_ping received 262144 bytes back
Round trip time was 9.11569 milliseconds in repetition 438
tcp_ping received 262144 bytes back
Round trip time was 9.14669 milliseconds in repetition 439
tcp_ping received 262144 bytes back
Round trip time was 10.3876 milliseconds in repetition 440
tcp_ping received 262144 bytes back
Round trip time was 9.96866 milliseconds in repetition 441
tcp_ping received 262144 bytes back
Round trip time was 9.17069 milliseconds in repetition 442
tcp_ping received 262144 bytes back
Round trip time was 9.36968 milliseconds in repetition 443
tcp_ping received 262144 bytes back
Round trip time was 9.26969 milliseconds in repetition 444
tcp_ping received 262144 bytes back
Round trip time was 9.28569 milliseconds in repetition 445
tcp_ping received 262144 bytes back
Round trip time was 9.16569 milliseconds in repetition 446
tcp_ping received 262144 bytes back
Round trip time was 9.12169 milliseconds in repetition 447
tcp_ping received 262144 bytes back
Round trip time was 9.12969 milliseconds in repetition 448
tcp_ping received 262144 bytes back
Round trip time was 9.06169 milliseconds in repetition 449
tcp_ping received 262144 bytes back
Round trip time was 9.10269 milliseconds in repetition 450
tcp_ping received 262144 bytes back
Round trip time was 9.03369 milliseconds in repetition 451
tcp_ping received 262144 bytes back
Round trip time was 9.27169 milliseconds in repetition 452
tcp_ping received 262144 bytes back
Round trip time was 9.06369 milliseconds in repetition 453
tcp_ping received 262144 bytes back
Round trip time was 9.47168 milliseconds in repetition 454
tcp_ping received 262144 bytes back
Round trip time was 10.1037 milliseconds in repetition 455
tcp_ping received 262144 bytes back
Round trip time was 9.20669 milliseconds in repetition 456
tcp_ping received 262144 bytes back
Round trip time was 9.08569 milliseconds in repetition 457
tcp_ping received 262144 bytes back
Round trip time was 9.12169 milliseconds in repetition 458
tcp_ping received 262144 bytes back
Round trip time was 9.29569 milliseconds in repetition 459
tcp_ping received 262144 bytes back
Round trip time was 9.09869 milliseconds in repetition 460
tcp_ping received 262144 bytes back
Round trip time was 9.04769 milliseconds in repetition 461
tcp_ping received 262144 bytes back
Round trip time was 9.15769 milliseconds in repetition 462
tcp_ping received 262144 bytes back
Round trip time was 9.06869 milliseconds in repetition 463
tcp_ping received 262144 bytes back
Round trip time was 9.11569 milliseconds in repetition 464
tcp_ping received 262144 bytes back
Round trip time was 9.03369 milliseconds in repetition 465
tcp_ping received 262144 bytes back
Round trip time was 9.13769 milliseconds in repetition 466
tcp_ping received 262144 bytes back
Round trip time was 9.15369 milliseconds in repetition 467
tcp_ping received 262144 bytes back
Round trip time was 9.06769 milliseconds in repetition 468
tcp_ping received 262144 bytes back
Round trip time was 10.6716 milliseconds in repetition 469
tcp_ping received 262144 bytes back
Round trip time was 9.50468 milliseconds in repetition 470
tcp_ping received 262144 bytes back
Round trip time was 9.18769 milliseconds in repetition 471
tcp_ping received 262144 bytes back
Round trip time was 9.10969 milliseconds in repetition 472
tcp_ping received 262144 bytes back
Round trip time was 9.30968 milliseconds in repetition 473
tcp_ping received 262144 bytes back
Round trip time was 9.08269 milliseconds in repetition 474
tcp_ping received 262144 bytes back
Round trip time was 9.14469 milliseconds in repetition 475
tcp_ping received 262144 bytes back
Round trip time was 9.04369 milliseconds in repetition 476
tcp_ping received 262144 bytes back
Round trip time was 9.19969 milliseconds in repetition 477
tcp_ping received 262144 bytes back
Round trip time was 9.0357 milliseconds in repetition 478
tcp_ping received 262144 bytes back
Round trip time was 9.03169 milliseconds in repetition 479
tcp_ping received 262144 bytes back
Round trip time was 9.11469 milliseconds in repetition 480
tcp_ping received 262144 bytes back
Round trip time was 9.16269 milliseconds in repetition 481
tcp_ping received 262144 bytes back
Round trip time was 9.05669 milliseconds in repetition 482
tcp_ping received 262144 bytes back
Round trip time was 9.59268 milliseconds in repetition 483
tcp_ping received 262144 bytes back
Round trip time was 10.3726 milliseconds in repetition 484
tcp_ping received 262144 bytes back
Round trip time was 9.16169 milliseconds in repetition 485
tcp_ping received 262144 bytes back
Round trip time was 9.34769 milliseconds in repetition 486
tcp_ping received 262144 bytes back
Round trip time was 9.12669 milliseconds in repetition 487
tcp_ping received 262144 bytes back
Round trip time was 9.19369 milliseconds in repetition 488
tcp_ping received 262144 bytes back
Round trip time was 9.11569 milliseconds in repetition 489
tcp_ping received 262144 bytes back
Round trip time was 9.0287 milliseconds in repetition 490
tcp_ping received 262144 bytes back
Round trip time was 9.07869 milliseconds in repetition 491
tcp_ping received 262144 bytes back
Round trip time was 9.35068 milliseconds in repetition 492
tcp_ping received 262144 bytes back
Round trip time was 9.16169 milliseconds in repetition 493
tcp_ping received 262144 bytes back
Round trip time was 9.03369 milliseconds in repetition 494
tcp_ping received 262144 bytes back
Round trip time was 9.20169 milliseconds in repetition 495
tcp_ping received 262144 bytes back
Round trip time was 9.10869 milliseconds in repetition 496
tcp_ping received 262144 bytes back
Round trip time was 9.12069 milliseconds in repetition 497
tcp_ping received 262144 bytes back
Round trip time was 10.6556 milliseconds in repetition 498
tcp_ping received 262144 bytes back
Round trip time was 9.36168 milliseconds in repetition 499
tcp_ping received 262144 bytes back
Round trip time was 9.13069 milliseconds in repetition 500
tcp_ping received 262144 bytes back
Round trip time was 9.07869 milliseconds in repetition 501

 ... clock resolution was 1e-06
TCP Ping:  Statistics over 501 repetitions of 262144 byte messages

RTT : percentile 10: 9.06869, median: 9.22569, percentile 90: 10.1947, average: 9.79483, variance: 5.07036

RTT histogram:
9.00669 371
10.0233 95
11.0399 11
12.0565 2
13.0732 3
14.0898 1
15.1064 1
16.123 3
17.1396 2
18.1562 2
19.1728 3
20.1895 2
21.2061 0
22.2227 0
23.2393 1
24.2559 0
25.2725 1
26.2892 1
27.3058 0
28.3224 1
29.339 1
   median Throughput : 56829.2 KB/s   overall Throughput : 53527 KB/s

