TCP Ping trying to connect to server localhost (127.0.0.1) on port 1491
 ... connected to Pong server: asking for 501 repetitions of 24576 bytes TCP messages
 ... Pong server agreed :-)
tcp_ping received 24576 bytes back
Round trip time was 1.46395 milliseconds in repetition 1
tcp_ping received 24576 bytes back
Round trip time was 3.37388 milliseconds in repetition 2
tcp_ping received 24576 bytes back
Round trip time was 1.11096 milliseconds in repetition 3
tcp_ping received 24576 bytes back
Round trip time was 6.10978 milliseconds in repetition 4
tcp_ping received 24576 bytes back
Round trip time was 1.06796 milliseconds in repetition 5
tcp_ping received 24576 bytes back
Round trip time was 0.989964 milliseconds in repetition 6
tcp_ping received 24576 bytes back
Round trip time was 1.02496 milliseconds in repetition 7
tcp_ping received 24576 bytes back
Round trip time was 1.05196 milliseconds in repetition 8
tcp_ping received 24576 bytes back
Round trip time was 1.02596 milliseconds in repetition 9
tcp_ping received 24576 bytes back
Round trip time was 3.53987 milliseconds in repetition 10
tcp_ping received 24576 bytes back
Round trip time was 1.12096 milliseconds in repetition 11
tcp_ping received 24576 bytes back
Round trip time was 2.29292 milliseconds in repetition 12
tcp_ping received 24576 bytes back
Round trip time was 1.65194 milliseconds in repetition 13
tcp_ping received 24576 bytes back
Round trip time was 1.10796 milliseconds in repetition 14
tcp_ping received 24576 bytes back
Round trip time was 0.964965 milliseconds in repetition 15
tcp_ping received 24576 bytes back
Round trip time was 0.954965 milliseconds in repetition 16
tcp_ping received 24576 bytes back
Round trip time was 1.04296 milliseconds in repetition 17
tcp_ping received 24576 bytes back
Round trip time was 0.957965 milliseconds in repetition 18
tcp_ping received 24576 bytes back
Round trip time was 5.12781 milliseconds in repetition 19
tcp_ping received 24576 bytes back
Round trip time was 2.08292 milliseconds in repetition 20
tcp_ping received 24576 bytes back
Round trip time was 5.20481 milliseconds in repetition 21
tcp_ping received 24576 bytes back
Round trip time was 0.986964 milliseconds in repetition 22
tcp_ping received 24576 bytes back
Round trip time was 3.26188 milliseconds in repetition 23
tcp_ping received 24576 bytes back
Round trip time was 1.19796 milliseconds in repetition 24
tcp_ping received 24576 bytes back
Round trip time was 1.16196 milliseconds in repetition 25
tcp_ping received 24576 bytes back
Round trip time was 0.969964 milliseconds in repetition 26
tcp_ping received 24576 bytes back
Round trip time was 0.964966 milliseconds in repetition 27
tcp_ping received 24576 bytes back
Round trip time was 1.00796 milliseconds in repetition 28
tcp_ping received 24576 bytes back
Round trip time was 0.954965 milliseconds in repetition 29
tcp_ping received 24576 bytes back
Round trip time was 0.943966 milliseconds in repetition 30
tcp_ping received 24576 bytes back
Round trip time was 0.942966 milliseconds in repetition 31
tcp_ping received 24576 bytes back
Round trip time was 0.938965 milliseconds in repetition 32
tcp_ping received 24576 bytes back
Round trip time was 0.998964 milliseconds in repetition 33
tcp_ping received 24576 bytes back
Round trip time was 0.944965 milliseconds in repetition 34
tcp_ping received 24576 bytes back
Round trip time was 0.942966 milliseconds in repetition 35
tcp_ping received 24576 bytes back
Round trip time was 1.19396 milliseconds in repetition 36
tcp_ping received 24576 bytes back
Round trip time was 0.980964 milliseconds in repetition 37
tcp_ping received 24576 bytes back
Round trip time was 0.961964 milliseconds in repetition 38
tcp_ping received 24576 bytes back
Round trip time was 0.956964 milliseconds in repetition 39
tcp_ping received 24576 bytes back
Round trip time was 0.965964 milliseconds in repetition 40
tcp_ping received 24576 bytes back
Round trip time was 1.06196 milliseconds in repetition 41
tcp_ping received 24576 bytes back
Round trip time was 0.971964 milliseconds in repetition 42
tcp_ping received 24576 bytes back
Round trip time was 0.980964 milliseconds in repetition 43
tcp_ping received 24576 bytes back
Round trip time was 1.09996 milliseconds in repetition 44
tcp_ping received 24576 bytes back
Round trip time was 0.961966 milliseconds in repetition 45
tcp_ping received 24576 bytes back
Round trip time was 0.954966 milliseconds in repetition 46
tcp_ping received 24576 bytes back
Round trip time was 0.957965 milliseconds in repetition 47
tcp_ping received 24576 bytes back
Round trip time was 1.05896 milliseconds in repetition 48
tcp_ping received 24576 bytes back
Round trip time was 0.963965 milliseconds in repetition 49
tcp_ping received 24576 bytes back
Round trip time was 0.957965 milliseconds in repetition 50
tcp_ping received 24576 bytes back
Round trip time was 0.956965 milliseconds in repetition 51
tcp_ping received 24576 bytes back
Round trip time was 0.951966 milliseconds in repetition 52
tcp_ping received 24576 bytes back
Round trip time was 0.999964 milliseconds in repetition 53
tcp_ping received 24576 bytes back
Round trip time was 0.957966 milliseconds in repetition 54
tcp_ping received 24576 bytes back
Round trip time was 0.958965 milliseconds in repetition 55
tcp_ping received 24576 bytes back
Round trip time was 0.979964 milliseconds in repetition 56
tcp_ping received 24576 bytes back
Round trip time was 0.968964 milliseconds in repetition 57
tcp_ping received 24576 bytes back
Round trip time was 0.967965 milliseconds in repetition 58
tcp_ping received 24576 bytes back
Round trip time was 0.997964 milliseconds in repetition 59
tcp_ping received 24576 bytes back
Round trip time was 0.955966 milliseconds in repetition 60
tcp_ping received 24576 bytes back
Round trip time was 0.951965 milliseconds in repetition 61
tcp_ping received 24576 bytes back
Round trip time was 0.964965 milliseconds in repetition 62
tcp_ping received 24576 bytes back
Round trip time was 0.951966 milliseconds in repetition 63
tcp_ping received 24576 bytes back
Round trip time was 0.992964 milliseconds in repetition 64
tcp_ping received 24576 bytes back
Round trip time was 0.958965 milliseconds in repetition 65
tcp_ping received 24576 bytes back
Round trip time was 0.951965 milliseconds in repetition 66
tcp_ping received 24576 bytes back
Round trip time was 0.952965 milliseconds in repetition 67
tcp_ping received 24576 bytes back
Round trip time was 0.991964 milliseconds in repetition 68
tcp_ping received 24576 bytes back
Round trip time was 0.954966 milliseconds in repetition 69
tcp_ping received 24576 bytes back
Round trip time was 0.951965 milliseconds in repetition 70
tcp_ping received 24576 bytes back
Round trip time was 0.951966 milliseconds in repetition 71
tcp_ping received 24576 bytes back
Round trip time was 0.996965 milliseconds in repetition 72
tcp_ping received 24576 bytes back
Round trip time was 0.957966 milliseconds in repetition 73
tcp_ping received 24576 bytes back
Round trip time was 0.957966 milliseconds in repetition 74
tcp_ping received 24576 bytes back
Round trip time was 0.974966 milliseconds in repetition 75
tcp_ping received 24576 bytes back
Round trip time was 1.27095 milliseconds in repetition 76
tcp_ping received 24576 bytes back
Round trip time was 1.20196 milliseconds in repetition 77
tcp_ping received 24576 bytes back
Round trip time was 1.01296 milliseconds in repetition 78
tcp_ping received 24576 bytes back
Round trip time was 1.36495 milliseconds in repetition 79
tcp_ping received 24576 bytes back
Round trip time was 1.25295 milliseconds in repetition 80
tcp_ping received 24576 bytes back
Round trip time was 1.05096 milliseconds in repetition 81
tcp_ping received 24576 bytes back
Round trip time was 1.87193 milliseconds in repetition 82
tcp_ping received 24576 bytes back
Round trip time was 1.06696 milliseconds in repetition 83
tcp_ping received 24576 bytes back
Round trip time was 1.24696 milliseconds in repetition 84
tcp_ping received 24576 bytes back
Round trip time was 1.11396 milliseconds in repetition 85
tcp_ping received 24576 bytes back
Round trip time was 1.14696 milliseconds in repetition 86
tcp_ping received 24576 bytes back
Round trip time was 1.17796 milliseconds in repetition 87
tcp_ping received 24576 bytes back
Round trip time was 1.00696 milliseconds in repetition 88
tcp_ping received 24576 bytes back
Round trip time was 0.990965 milliseconds in repetition 89
tcp_ping received 24576 bytes back
Round trip time was 0.984965 milliseconds in repetition 90
tcp_ping received 24576 bytes back
Round trip time was 0.976965 milliseconds in repetition 91
tcp_ping received 24576 bytes back
Round trip time was 1.04596 milliseconds in repetition 92
tcp_ping received 24576 bytes back
Round trip time was 0.985965 milliseconds in repetition 93
tcp_ping received 24576 bytes back
Round trip time was 0.961965 milliseconds in repetition 94
tcp_ping received 24576 bytes back
Round trip time was 0.956965 milliseconds in repetition 95
tcp_ping received 24576 bytes back
Round trip time was 1.03496 milliseconds in repetition 96
tcp_ping received 24576 bytes back
Round trip time was 1.12196 milliseconds in repetition 97
tcp_ping received 24576 bytes back
Round trip time was 0.982965 milliseconds in repetition 98
tcp_ping received 24576 bytes back
Round trip time was 1.02396 milliseconds in repetition 99
tcp_ping received 24576 bytes back
Round trip time was 1.00696 milliseconds in repetition 100
tcp_ping received 24576 bytes back
Round trip time was 0.972965 milliseconds in repetition 101
tcp_ping received 24576 bytes back
Round trip time was 0.969964 milliseconds in repetition 102
tcp_ping received 24576 bytes back
Round trip time was 0.988964 milliseconds in repetition 103
tcp_ping received 24576 bytes back
Round trip time was 1.04796 milliseconds in repetition 104
tcp_ping received 24576 bytes back
Round trip time was 1.02496 milliseconds in repetition 105
tcp_ping received 24576 bytes back
Round trip time was 0.984964 milliseconds in repetition 106
tcp_ping received 24576 bytes back
Round trip time was 0.969964 milliseconds in repetition 107
tcp_ping received 24576 bytes back
Round trip time was 1.04796 milliseconds in repetition 108
tcp_ping received 24576 bytes back
Round trip time was 0.949966 milliseconds in repetition 109
tcp_ping received 24576 bytes back
Round trip time was 0.996965 milliseconds in repetition 110
tcp_ping received 24576 bytes back
Round trip time was 0.944965 milliseconds in repetition 111
tcp_ping received 24576 bytes back
Round trip time was 1.06196 milliseconds in repetition 112
tcp_ping received 24576 bytes back
Round trip time was 0.958965 milliseconds in repetition 113
tcp_ping received 24576 bytes back
Round trip time was 0.956965 milliseconds in repetition 114
tcp_ping received 24576 bytes back
Round trip time was 1.05896 milliseconds in repetition 115
tcp_ping received 24576 bytes back
Round trip time was 0.975965 milliseconds in repetition 116
tcp_ping received 24576 bytes back
Round trip time was 0.973965 milliseconds in repetition 117
tcp_ping received 24576 bytes back
Round trip time was 0.966965 milliseconds in repetition 118
tcp_ping received 24576 bytes back
Round trip time was 1.01696 milliseconds in repetition 119
tcp_ping received 24576 bytes back
Round trip time was 1.00496 milliseconds in repetition 120
tcp_ping received 24576 bytes back
Round trip time was 0.951965 milliseconds in repetition 121
tcp_ping received 24576 bytes back
Round trip time was 0.944966 milliseconds in repetition 122
tcp_ping received 24576 bytes back
Round trip time was 1.02396 milliseconds in repetition 123
tcp_ping received 24576 bytes back
Round trip time was 0.958965 milliseconds in repetition 124
tcp_ping received 24576 bytes back
Round trip time was 0.975964 milliseconds in repetition 125
tcp_ping received 24576 bytes back
Round trip time was 0.955965 milliseconds in repetition 126
tcp_ping received 24576 bytes back
Round trip time was 0.959965 milliseconds in repetition 127
tcp_ping received 24576 bytes back
Round trip time was 1.11596 milliseconds in repetition 128
tcp_ping received 24576 bytes back
Round trip time was 0.962965 milliseconds in repetition 129
tcp_ping received 24576 bytes back
Round trip time was 1.03396 milliseconds in repetition 130
tcp_ping received 24576 bytes back
Round trip time was 0.992963 milliseconds in repetition 131
tcp_ping received 24576 bytes back
Round trip time was 0.952966 milliseconds in repetition 132
tcp_ping received 24576 bytes back
Round trip time was 0.952966 milliseconds in repetition 133
tcp_ping received 24576 bytes back
Round trip time was 0.954965 milliseconds in repetition 134
tcp_ping received 24576 bytes back
Round trip time was 1.04196 milliseconds in repetition 135
tcp_ping received 24576 bytes back
Round trip time was 0.976965 milliseconds in repetition 136
tcp_ping received 24576 bytes back
Round trip time was 0.942966 milliseconds in repetition 137
tcp_ping received 24576 bytes back
Round trip time was 1.01196 milliseconds in repetition 138
tcp_ping received 24576 bytes back
Round trip time was 0.961966 milliseconds in repetition 139
tcp_ping received 24576 bytes back
Round trip time was 1.00296 milliseconds in repetition 140
tcp_ping received 24576 bytes back
Round trip time was 0.961964 milliseconds in repetition 141
tcp_ping received 24576 bytes back
Round trip time was 1.02696 milliseconds in repetition 142
tcp_ping received 24576 bytes back
Round trip time was 0.957966 milliseconds in repetition 143
tcp_ping received 24576 bytes back
Round trip time was 0.962965 milliseconds in repetition 144
tcp_ping received 24576 bytes back
Round trip time was 0.957965 milliseconds in repetition 145
tcp_ping received 24576 bytes back
Round trip time was 1.00996 milliseconds in repetition 146
tcp_ping received 24576 bytes back
Round trip time was 0.946965 milliseconds in repetition 147
tcp_ping received 24576 bytes back
Round trip time was 0.941966 milliseconds in repetition 148
tcp_ping received 24576 bytes back
Round trip time was 0.941966 milliseconds in repetition 149
tcp_ping received 24576 bytes back
Round trip time was 0.947965 milliseconds in repetition 150
tcp_ping received 24576 bytes back
Round trip time was 1.01296 milliseconds in repetition 151
tcp_ping received 24576 bytes back
Round trip time was 0.968964 milliseconds in repetition 152
tcp_ping received 24576 bytes back
Round trip time was 0.953966 milliseconds in repetition 153
tcp_ping received 24576 bytes back
Round trip time was 0.964964 milliseconds in repetition 154
tcp_ping received 24576 bytes back
Round trip time was 1.00396 milliseconds in repetition 155
tcp_ping received 24576 bytes back
Round trip time was 0.965965 milliseconds in repetition 156
tcp_ping received 24576 bytes back
Round trip time was 0.953966 milliseconds in repetition 157
tcp_ping received 24576 bytes back
Round trip time was 0.958966 milliseconds in repetition 158
tcp_ping received 24576 bytes back
Round trip time was 1.07196 milliseconds in repetition 159
tcp_ping received 24576 bytes back
Round trip time was 0.958965 milliseconds in repetition 160
tcp_ping received 24576 bytes back
Round trip time was 1.14996 milliseconds in repetition 161
tcp_ping received 24576 bytes back
Round trip time was 0.974965 milliseconds in repetition 162
tcp_ping received 24576 bytes back
Round trip time was 0.967965 milliseconds in repetition 163
tcp_ping received 24576 bytes back
Round trip time was 0.965964 milliseconds in repetition 164
tcp_ping received 24576 bytes back
Round trip time was 0.962965 milliseconds in repetition 165
tcp_ping received 24576 bytes back
Round trip time was 1.02996 milliseconds in repetition 166
tcp_ping received 24576 bytes back
Round trip time was 0.968964 milliseconds in repetition 167
tcp_ping received 24576 bytes back
Round trip time was 1.01396 milliseconds in repetition 168
tcp_ping received 24576 bytes back
Round trip time was 0.980964 milliseconds in repetition 169
tcp_ping received 24576 bytes back
Round trip time was 1.01096 milliseconds in repetition 170
tcp_ping received 24576 bytes back
Round trip time was 0.968964 milliseconds in repetition 171
tcp_ping received 24576 bytes back
Round trip time was 0.960964 milliseconds in repetition 172
tcp_ping received 24576 bytes back
Round trip time was 0.960964 milliseconds in repetition 173
tcp_ping received 24576 bytes back
Round trip time was 0.991965 milliseconds in repetition 174
tcp_ping received 24576 bytes back
Round trip time was 0.968965 milliseconds in repetition 175
tcp_ping received 24576 bytes back
Round trip time was 0.960965 milliseconds in repetition 176
tcp_ping received 24576 bytes back
Round trip time was 1.00296 milliseconds in repetition 177
tcp_ping received 24576 bytes back
Round trip time was 0.963965 milliseconds in repetition 178
tcp_ping received 24576 bytes back
Round trip time was 0.966965 milliseconds in repetition 179
tcp_ping received 24576 bytes back
Round trip time was 0.959965 milliseconds in repetition 180
tcp_ping received 24576 bytes back
Round trip time was 0.959965 milliseconds in repetition 181
tcp_ping received 24576 bytes back
Round trip time was 1.00796 milliseconds in repetition 182
tcp_ping received 24576 bytes back
Round trip time was 0.970965 milliseconds in repetition 183
tcp_ping received 24576 bytes back
Round trip time was 0.969964 milliseconds in repetition 184
tcp_ping received 24576 bytes back
Round trip time was 0.982964 milliseconds in repetition 185
tcp_ping received 24576 bytes back
Round trip time was 1.02996 milliseconds in repetition 186
tcp_ping received 24576 bytes back
Round trip time was 0.969966 milliseconds in repetition 187
tcp_ping received 24576 bytes back
Round trip time was 0.970966 milliseconds in repetition 188
tcp_ping received 24576 bytes back
Round trip time was 0.962965 milliseconds in repetition 189
tcp_ping received 24576 bytes back
Round trip time was 1.03096 milliseconds in repetition 190
tcp_ping received 24576 bytes back
Round trip time was 0.962965 milliseconds in repetition 191
tcp_ping received 24576 bytes back
Round trip time was 0.942967 milliseconds in repetition 192
tcp_ping received 24576 bytes back
Round trip time was 0.946966 milliseconds in repetition 193
tcp_ping received 24576 bytes back
Round trip time was 0.987964 milliseconds in repetition 194
tcp_ping received 24576 bytes back
Round trip time was 0.945966 milliseconds in repetition 195
tcp_ping received 24576 bytes back
Round trip time was 0.941965 milliseconds in repetition 196
tcp_ping received 24576 bytes back
Round trip time was 1.00296 milliseconds in repetition 197
tcp_ping received 24576 bytes back
Round trip time was 0.961966 milliseconds in repetition 198
tcp_ping received 24576 bytes back
Round trip time was 0.965966 milliseconds in repetition 199
tcp_ping received 24576 bytes back
Round trip time was 0.968966 milliseconds in repetition 200
tcp_ping received 24576 bytes back
Round trip time was 1.04996 milliseconds in repetition 201
tcp_ping received 24576 bytes back
Round trip time was 1.18096 milliseconds in repetition 202
tcp_ping received 24576 bytes back
Round trip time was 0.980964 milliseconds in repetition 203
tcp_ping received 24576 bytes back
Round trip time was 0.988965 milliseconds in repetition 204
tcp_ping received 24576 bytes back
Round trip time was 0.979964 milliseconds in repetition 205
tcp_ping received 24576 bytes back
Round trip time was 1.28495 milliseconds in repetition 206
tcp_ping received 24576 bytes back
Round trip time was 1.07196 milliseconds in repetition 207
tcp_ping received 24576 bytes back
Round trip time was 1.17996 milliseconds in repetition 208
tcp_ping received 24576 bytes back
Round trip time was 1.11796 milliseconds in repetition 209
tcp_ping received 24576 bytes back
Round trip time was 1.02496 milliseconds in repetition 210
tcp_ping received 24576 bytes back
Round trip time was 0.967964 milliseconds in repetition 211
tcp_ping received 24576 bytes back
Round trip time was 1.07896 milliseconds in repetition 212
tcp_ping received 24576 bytes back
Round trip time was 1.05396 milliseconds in repetition 213
tcp_ping received 24576 bytes back
Round trip time was 0.991964 milliseconds in repetition 214
tcp_ping received 24576 bytes back
Round trip time was 0.991963 milliseconds in repetition 215
tcp_ping received 24576 bytes back
Round trip time was 1.07996 milliseconds in repetition 216
tcp_ping received 24576 bytes back
Round trip time was 0.962966 milliseconds in repetition 217
tcp_ping received 24576 bytes back
Round trip time was 0.993964 milliseconds in repetition 218
tcp_ping received 24576 bytes back
Round trip time was 1.05996 milliseconds in repetition 219
tcp_ping received 24576 bytes back
Round trip time was 0.988964 milliseconds in repetition 220
tcp_ping received 24576 bytes back
Round trip time was 0.965964 milliseconds in repetition 221
tcp_ping received 24576 bytes back
Round trip time was 0.964965 milliseconds in repetition 222
tcp_ping received 24576 bytes back
Round trip time was 1.05296 milliseconds in repetition 223
tcp_ping received 24576 bytes back
Round trip time was 1.01496 milliseconds in repetition 224
tcp_ping received 24576 bytes back
Round trip time was 0.964965 milliseconds in repetition 225
tcp_ping received 24576 bytes back
Round trip time was 0.966966 milliseconds in repetition 226
tcp_ping received 24576 bytes back
Round trip time was 1.01996 milliseconds in repetition 227
tcp_ping received 24576 bytes back
Round trip time was 0.969965 milliseconds in repetition 228
tcp_ping received 24576 bytes back
Round trip time was 0.964965 milliseconds in repetition 229
tcp_ping received 24576 bytes back
Round trip time was 0.983965 milliseconds in repetition 230
tcp_ping received 24576 bytes back
Round trip time was 0.970966 milliseconds in repetition 231
tcp_ping received 24576 bytes back
Round trip time was 1.03996 milliseconds in repetition 232
tcp_ping received 24576 bytes back
Round trip time was 0.967965 milliseconds in repetition 233
tcp_ping received 24576 bytes back
Round trip time was 1.01996 milliseconds in repetition 234
tcp_ping received 24576 bytes back
Round trip time was 0.962965 milliseconds in repetition 235
tcp_ping received 24576 bytes back
Round trip time was 0.964965 milliseconds in repetition 236
tcp_ping received 24576 bytes back
Round trip time was 0.960966 milliseconds in repetition 237
tcp_ping received 24576 bytes back
Round trip time was 0.970965 milliseconds in repetition 238
tcp_ping received 24576 bytes back
Round trip time was 1.00896 milliseconds in repetition 239
tcp_ping received 24576 bytes back
Round trip time was 0.967966 milliseconds in repetition 240
tcp_ping received 24576 bytes back
Round trip time was 0.961966 milliseconds in repetition 241
tcp_ping received 24576 bytes back
Round trip time was 0.963966 milliseconds in repetition 242
tcp_ping received 24576 bytes back
Round trip time was 1.00696 milliseconds in repetition 243
tcp_ping received 24576 bytes back
Round trip time was 0.969964 milliseconds in repetition 244
tcp_ping received 24576 bytes back
Round trip time was 0.958965 milliseconds in repetition 245
tcp_ping received 24576 bytes back
Round trip time was 0.960965 milliseconds in repetition 246
tcp_ping received 24576 bytes back
Round trip time was 1.00996 milliseconds in repetition 247
tcp_ping received 24576 bytes back
Round trip time was 0.992965 milliseconds in repetition 248
tcp_ping received 24576 bytes back
Round trip time was 0.990964 milliseconds in repetition 249
tcp_ping received 24576 bytes back
Round trip time was 0.958966 milliseconds in repetition 250
tcp_ping received 24576 bytes back
Round trip time was 1.13796 milliseconds in repetition 251
tcp_ping received 24576 bytes back
Round trip time was 0.966965 milliseconds in repetition 252
tcp_ping received 24576 bytes back
Round trip time was 0.961965 milliseconds in repetition 253
tcp_ping received 24576 bytes back
Round trip time was 1.00896 milliseconds in repetition 254
tcp_ping received 24576 bytes back
Round trip time was 0.964966 milliseconds in repetition 255
tcp_ping received 24576 bytes back
Round trip time was 0.959965 milliseconds in repetition 256
tcp_ping received 24576 bytes back
Round trip time was 0.964966 milliseconds in repetition 257
tcp_ping received 24576 bytes back
Round trip time was 0.961965 milliseconds in repetition 258
tcp_ping received 24576 bytes back
Round trip time was 1.00396 milliseconds in repetition 259
tcp_ping received 24576 bytes back
Round trip time was 0.968966 milliseconds in repetition 260
tcp_ping received 24576 bytes back
Round trip time was 0.965966 milliseconds in repetition 261
tcp_ping received 24576 bytes back
Round trip time was 0.959966 milliseconds in repetition 262
tcp_ping received 24576 bytes back
Round trip time was 1.01596 milliseconds in repetition 263
tcp_ping received 24576 bytes back
Round trip time was 0.985964 milliseconds in repetition 264
tcp_ping received 24576 bytes back
Round trip time was 1.00196 milliseconds in repetition 265
tcp_ping received 24576 bytes back
Round trip time was 0.958965 milliseconds in repetition 266
tcp_ping received 24576 bytes back
Round trip time was 1.03696 milliseconds in repetition 267
tcp_ping received 24576 bytes back
Round trip time was 0.963965 milliseconds in repetition 268
tcp_ping received 24576 bytes back
Round trip time was 0.964965 milliseconds in repetition 269
tcp_ping received 24576 bytes back
Round trip time was 1.00696 milliseconds in repetition 270
tcp_ping received 24576 bytes back
Round trip time was 0.980965 milliseconds in repetition 271
tcp_ping received 24576 bytes back
Round trip time was 0.960965 milliseconds in repetition 272
tcp_ping received 24576 bytes back
Round trip time was 0.958965 milliseconds in repetition 273
tcp_ping received 24576 bytes back
Round trip time was 1.00796 milliseconds in repetition 274
tcp_ping received 24576 bytes back
Round trip time was 0.961965 milliseconds in repetition 275
tcp_ping received 24576 bytes back
Round trip time was 0.959965 milliseconds in repetition 276
tcp_ping received 24576 bytes back
Round trip time was 0.956965 milliseconds in repetition 277
tcp_ping received 24576 bytes back
Round trip time was 1.00796 milliseconds in repetition 278
tcp_ping received 24576 bytes back
Round trip time was 0.980965 milliseconds in repetition 279
tcp_ping received 24576 bytes back
Round trip time was 0.967964 milliseconds in repetition 280
tcp_ping received 24576 bytes back
Round trip time was 1.00496 milliseconds in repetition 281
tcp_ping received 24576 bytes back
Round trip time was 1.01296 milliseconds in repetition 282
tcp_ping received 24576 bytes back
Round trip time was 0.968966 milliseconds in repetition 283
tcp_ping received 24576 bytes back
Round trip time was 0.960966 milliseconds in repetition 284
tcp_ping received 24576 bytes back
Round trip time was 0.959965 milliseconds in repetition 285
tcp_ping received 24576 bytes back
Round trip time was 1.00196 milliseconds in repetition 286
tcp_ping received 24576 bytes back
Round trip time was 0.962966 milliseconds in repetition 287
tcp_ping received 24576 bytes back
Round trip time was 0.962966 milliseconds in repetition 288
tcp_ping received 24576 bytes back
Round trip time was 0.957965 milliseconds in repetition 289
tcp_ping received 24576 bytes back
Round trip time was 1.16396 milliseconds in repetition 290
tcp_ping received 24576 bytes back
Round trip time was 0.971965 milliseconds in repetition 291
tcp_ping received 24576 bytes back
Round trip time was 0.960965 milliseconds in repetition 292
tcp_ping received 24576 bytes back
Round trip time was 1.00396 milliseconds in repetition 293
tcp_ping received 24576 bytes back
Round trip time was 0.957966 milliseconds in repetition 294
tcp_ping received 24576 bytes back
Round trip time was 0.956965 milliseconds in repetition 295
tcp_ping received 24576 bytes back
Round trip time was 0.960965 milliseconds in repetition 296
tcp_ping received 24576 bytes back
Round trip time was 0.958966 milliseconds in repetition 297
tcp_ping received 24576 bytes back
Round trip time was 0.998964 milliseconds in repetition 298
tcp_ping received 24576 bytes back
Round trip time was 0.965966 milliseconds in repetition 299
tcp_ping received 24576 bytes back
Round trip time was 1.02696 milliseconds in repetition 300
tcp_ping received 24576 bytes back
Round trip time was 1.00596 milliseconds in repetition 301
tcp_ping received 24576 bytes back
Round trip time was 1.07896 milliseconds in repetition 302
tcp_ping received 24576 bytes back
Round trip time was 0.992964 milliseconds in repetition 303
tcp_ping received 24576 bytes back
Round trip time was 1.01296 milliseconds in repetition 304
tcp_ping received 24576 bytes back
Round trip time was 1.04796 milliseconds in repetition 305
tcp_ping received 24576 bytes back
Round trip time was 1.15196 milliseconds in repetition 306
tcp_ping received 24576 bytes back
Round trip time was 0.973964 milliseconds in repetition 307
tcp_ping received 24576 bytes back
Round trip time was 0.946966 milliseconds in repetition 308
tcp_ping received 24576 bytes back
Round trip time was 1.04796 milliseconds in repetition 309
tcp_ping received 24576 bytes back
Round trip time was 0.951966 milliseconds in repetition 310
tcp_ping received 24576 bytes back
Round trip time was 0.967966 milliseconds in repetition 311
tcp_ping received 24576 bytes back
Round trip time was 1.09796 milliseconds in repetition 312
tcp_ping received 24576 bytes back
Round trip time was 1.02296 milliseconds in repetition 313
tcp_ping received 24576 bytes back
Round trip time was 1.02896 milliseconds in repetition 314
tcp_ping received 24576 bytes back
Round trip time was 0.982964 milliseconds in repetition 315
tcp_ping received 24576 bytes back
Round trip time was 0.973964 milliseconds in repetition 316
tcp_ping received 24576 bytes back
Round trip time was 1.04196 milliseconds in repetition 317
tcp_ping received 24576 bytes back
Round trip time was 0.964964 milliseconds in repetition 318
tcp_ping received 24576 bytes back
Round trip time was 0.967964 milliseconds in repetition 319
tcp_ping received 24576 bytes back
Round trip time was 0.956966 milliseconds in repetition 320
tcp_ping received 24576 bytes back
Round trip time was 1.24195 milliseconds in repetition 321
tcp_ping received 24576 bytes back
Round trip time was 1.10596 milliseconds in repetition 322
tcp_ping received 24576 bytes back
Round trip time was 1.24696 milliseconds in repetition 323
tcp_ping received 24576 bytes back
Round trip time was 1.04196 milliseconds in repetition 324
tcp_ping received 24576 bytes back
Round trip time was 1.08796 milliseconds in repetition 325
tcp_ping received 24576 bytes back
Round trip time was 1.00896 milliseconds in repetition 326
tcp_ping received 24576 bytes back
Round trip time was 0.965964 milliseconds in repetition 327
tcp_ping received 24576 bytes back
Round trip time was 1.72994 milliseconds in repetition 328
tcp_ping received 24576 bytes back
Round trip time was 2.20192 milliseconds in repetition 329
tcp_ping received 24576 bytes back
Round trip time was 1.28295 milliseconds in repetition 330
tcp_ping received 24576 bytes back
Round trip time was 1.00396 milliseconds in repetition 331
tcp_ping received 24576 bytes back
Round trip time was 0.969966 milliseconds in repetition 332
tcp_ping received 24576 bytes back
Round trip time was 1.06796 milliseconds in repetition 333
tcp_ping received 24576 bytes back
Round trip time was 0.975965 milliseconds in repetition 334
tcp_ping received 24576 bytes back
Round trip time was 0.968965 milliseconds in repetition 335
tcp_ping received 24576 bytes back
Round trip time was 0.963965 milliseconds in repetition 336
tcp_ping received 24576 bytes back
Round trip time was 1.04696 milliseconds in repetition 337
tcp_ping received 24576 bytes back
Round trip time was 0.970964 milliseconds in repetition 338
tcp_ping received 24576 bytes back
Round trip time was 0.960965 milliseconds in repetition 339
tcp_ping received 24576 bytes back
Round trip time was 1.05996 milliseconds in repetition 340
tcp_ping received 24576 bytes back
Round trip time was 1.08196 milliseconds in repetition 341
tcp_ping received 24576 bytes back
Round trip time was 0.975966 milliseconds in repetition 342
tcp_ping received 24576 bytes back
Round trip time was 0.974964 milliseconds in repetition 343
tcp_ping received 24576 bytes back
Round trip time was 0.963965 milliseconds in repetition 344
tcp_ping received 24576 bytes back
Round trip time was 1.03796 milliseconds in repetition 345
tcp_ping received 24576 bytes back
Round trip time was 0.966964 milliseconds in repetition 346
tcp_ping received 24576 bytes back
Round trip time was 1.06296 milliseconds in repetition 347
tcp_ping received 24576 bytes back
Round trip time was 0.995963 milliseconds in repetition 348
tcp_ping received 24576 bytes back
Round trip time was 0.964965 milliseconds in repetition 349
tcp_ping received 24576 bytes back
Round trip time was 1.03396 milliseconds in repetition 350
tcp_ping received 24576 bytes back
Round trip time was 0.997964 milliseconds in repetition 351
tcp_ping received 24576 bytes back
Round trip time was 0.953965 milliseconds in repetition 352
tcp_ping received 24576 bytes back
Round trip time was 0.961966 milliseconds in repetition 353
tcp_ping received 24576 bytes back
Round trip time was 0.961966 milliseconds in repetition 354
tcp_ping received 24576 bytes back
Round trip time was 0.961965 milliseconds in repetition 355
tcp_ping received 24576 bytes back
Round trip time was 1.00896 milliseconds in repetition 356
tcp_ping received 24576 bytes back
Round trip time was 0.969965 milliseconds in repetition 357
tcp_ping received 24576 bytes back
Round trip time was 0.987965 milliseconds in repetition 358
tcp_ping received 24576 bytes back
Round trip time was 0.952966 milliseconds in repetition 359
tcp_ping received 24576 bytes back
Round trip time was 1.01196 milliseconds in repetition 360
tcp_ping received 24576 bytes back
Round trip time was 0.957966 milliseconds in repetition 361
tcp_ping received 24576 bytes back
Round trip time was 0.954966 milliseconds in repetition 362
tcp_ping received 24576 bytes back
Round trip time was 0.958965 milliseconds in repetition 363
tcp_ping received 24576 bytes back
Round trip time was 1.02996 milliseconds in repetition 364
tcp_ping received 24576 bytes back
Round trip time was 9.08367 milliseconds in repetition 365
tcp_ping received 24576 bytes back
Round trip time was 1.02096 milliseconds in repetition 366
tcp_ping received 24576 bytes back
Round trip time was 7.33773 milliseconds in repetition 367
tcp_ping received 24576 bytes back
Round trip time was 5.4908 milliseconds in repetition 368
tcp_ping received 24576 bytes back
Round trip time was 0.987965 milliseconds in repetition 369
tcp_ping received 24576 bytes back
Round trip time was 0.973964 milliseconds in repetition 370
tcp_ping received 24576 bytes back
Round trip time was 2.29692 milliseconds in repetition 371
tcp_ping received 24576 bytes back
Round trip time was 2.12092 milliseconds in repetition 372
tcp_ping received 24576 bytes back
Round trip time was 0.978965 milliseconds in repetition 373
tcp_ping received 24576 bytes back
Round trip time was 1.12296 milliseconds in repetition 374
tcp_ping received 24576 bytes back
Round trip time was 0.963965 milliseconds in repetition 375
tcp_ping received 24576 bytes back
Round trip time was 0.950966 milliseconds in repetition 376
tcp_ping received 24576 bytes back
Round trip time was 0.950966 milliseconds in repetition 377
tcp_ping received 24576 bytes back
Round trip time was 1.10196 milliseconds in repetition 378
tcp_ping received 24576 bytes back
Round trip time was 0.964966 milliseconds in repetition 379
tcp_ping received 24576 bytes back
Round trip time was 0.952966 milliseconds in repetition 380
tcp_ping received 24576 bytes back
Round trip time was 1.05996 milliseconds in repetition 381
tcp_ping received 24576 bytes back
Round trip time was 0.975965 milliseconds in repetition 382
tcp_ping received 24576 bytes back
Round trip time was 0.942966 milliseconds in repetition 383
tcp_ping received 24576 bytes back
Round trip time was 0.947965 milliseconds in repetition 384
tcp_ping received 24576 bytes back
Round trip time was 1.06996 milliseconds in repetition 385
tcp_ping received 24576 bytes back
Round trip time was 0.950966 milliseconds in repetition 386
tcp_ping received 24576 bytes back
Round trip time was 0.948966 milliseconds in repetition 387
tcp_ping received 24576 bytes back
Round trip time was 0.954965 milliseconds in repetition 388
tcp_ping received 24576 bytes back
Round trip time was 1.00096 milliseconds in repetition 389
tcp_ping received 24576 bytes back
Round trip time was 0.974965 milliseconds in repetition 390
tcp_ping received 24576 bytes back
Round trip time was 0.961966 milliseconds in repetition 391
tcp_ping received 24576 bytes back
Round trip time was 0.955965 milliseconds in repetition 392
tcp_ping received 24576 bytes back
Round trip time was 0.952965 milliseconds in repetition 393
tcp_ping received 24576 bytes back
Round trip time was 1.12096 milliseconds in repetition 394
tcp_ping received 24576 bytes back
Round trip time was 0.959965 milliseconds in repetition 395
tcp_ping received 24576 bytes back
Round trip time was 0.953965 milliseconds in repetition 396
tcp_ping received 24576 bytes back
Round trip time was 1.01396 milliseconds in repetition 397
tcp_ping received 24576 bytes back
Round trip time was 0.961966 milliseconds in repetition 398
tcp_ping received 24576 bytes back
Round trip time was 0.956965 milliseconds in repetition 399
tcp_ping received 24576 bytes back
Round trip time was 0.973965 milliseconds in repetition 400
tcp_ping received 24576 bytes back
Round trip time was 1.00496 milliseconds in repetition 401
tcp_ping received 24576 bytes back
Round trip time was 0.996964 milliseconds in repetition 402
tcp_ping received 24576 bytes back
Round trip time was 0.952965 milliseconds in repetition 403
tcp_ping received 24576 bytes back
Round trip time was 0.958966 milliseconds in repetition 404
tcp_ping received 24576 bytes back
Round trip time was 1.00596 milliseconds in repetition 405
tcp_ping received 24576 bytes back
Round trip time was 0.956966 milliseconds in repetition 406
tcp_ping received 24576 bytes back
Round trip time was 0.951966 milliseconds in repetition 407
tcp_ping received 24576 bytes back
Round trip time was 0.968965 milliseconds in repetition 408
tcp_ping received 24576 bytes back
Round trip time was 0.998964 milliseconds in repetition 409
tcp_ping received 24576 bytes back
Round trip time was 0.956966 milliseconds in repetition 410
tcp_ping received 24576 bytes back
Round trip time was 0.951966 milliseconds in repetition 411
tcp_ping received 24576 bytes back
Round trip time was 0.952966 milliseconds in repetition 412
tcp_ping received 24576 bytes back
Round trip time was 1.07496 milliseconds in repetition 413
tcp_ping received 24576 bytes back
Round trip time was 0.982965 milliseconds in repetition 414
tcp_ping received 24576 bytes back
Round trip time was 0.965965 milliseconds in repetition 415
tcp_ping received 24576 bytes back
Round trip time was 1.03596 milliseconds in repetition 416
tcp_ping received 24576 bytes back
Round trip time was 0.966965 milliseconds in repetition 417
tcp_ping received 24576 bytes back
Round trip time was 0.954966 milliseconds in repetition 418
tcp_ping received 24576 bytes back
Round trip time was 0.947966 milliseconds in repetition 419
tcp_ping received 24576 bytes back
Round trip time was 0.941966 milliseconds in repetition 420
tcp_ping received 24576 bytes back
Round trip time was 0.949966 milliseconds in repetition 421
tcp_ping received 24576 bytes back
Round trip time was 0.992965 milliseconds in repetition 422
tcp_ping received 24576 bytes back
Round trip time was 0.957965 milliseconds in repetition 423
tcp_ping received 24576 bytes back
Round trip time was 0.968964 milliseconds in repetition 424
tcp_ping received 24576 bytes back
Round trip time was 1.00096 milliseconds in repetition 425
tcp_ping received 24576 bytes back
Round trip time was 0.983965 milliseconds in repetition 426
tcp_ping received 24576 bytes back
Round trip time was 0.952966 milliseconds in repetition 427
tcp_ping received 24576 bytes back
Round trip time was 0.951966 milliseconds in repetition 428
tcp_ping received 24576 bytes back
Round trip time was 0.994963 milliseconds in repetition 429
tcp_ping received 24576 bytes back
Round trip time was 0.954965 milliseconds in repetition 430
tcp_ping received 24576 bytes back
Round trip time was 0.953966 milliseconds in repetition 431
tcp_ping received 24576 bytes back
Round trip time was 0.951966 milliseconds in repetition 432
tcp_ping received 24576 bytes back
Round trip time was 1.01396 milliseconds in repetition 433
tcp_ping received 24576 bytes back
Round trip time was 0.965965 milliseconds in repetition 434
tcp_ping received 24576 bytes back
Round trip time was 0.957965 milliseconds in repetition 435
tcp_ping received 24576 bytes back
Round trip time was 0.956965 milliseconds in repetition 436
tcp_ping received 24576 bytes back
Round trip time was 0.995964 milliseconds in repetition 437
tcp_ping received 24576 bytes back
Round trip time was 0.977964 milliseconds in repetition 438
tcp_ping received 24576 bytes back
Round trip time was 1.12496 milliseconds in repetition 439
tcp_ping received 24576 bytes back
Round trip time was 1.11996 milliseconds in repetition 440
tcp_ping received 24576 bytes back
Round trip time was 1.41595 milliseconds in repetition 441
tcp_ping received 24576 bytes back
Round trip time was 1.12296 milliseconds in repetition 442
tcp_ping received 24576 bytes back
Round trip time was 1.31895 milliseconds in repetition 443
tcp_ping received 24576 bytes back
Round trip time was 1.10296 milliseconds in repetition 444
tcp_ping received 24576 bytes back
Round trip time was 0.964965 milliseconds in repetition 445
tcp_ping received 24576 bytes back
Round trip time was 0.953965 milliseconds in repetition 446
tcp_ping received 24576 bytes back
Round trip time was 1.08896 milliseconds in repetition 447
tcp_ping received 24576 bytes back
Round trip time was 1.02796 milliseconds in repetition 448
tcp_ping received 24576 bytes back
Round trip time was 0.978964 milliseconds in repetition 449
tcp_ping received 24576 bytes back
Round trip time was 0.995964 milliseconds in repetition 450
tcp_ping received 24576 bytes back
Round trip time was 1.05096 milliseconds in repetition 451
tcp_ping received 24576 bytes back
Round trip time was 0.965964 milliseconds in repetition 452
tcp_ping received 24576 bytes back
Round trip time was 0.962965 milliseconds in repetition 453
tcp_ping received 24576 bytes back
Round trip time was 0.981964 milliseconds in repetition 454
tcp_ping received 24576 bytes back
Round trip time was 0.979964 milliseconds in repetition 455
tcp_ping received 24576 bytes back
Round trip time was 0.961966 milliseconds in repetition 456
tcp_ping received 24576 bytes back
Round trip time was 1.05496 milliseconds in repetition 457
tcp_ping received 24576 bytes back
Round trip time was 1.03496 milliseconds in repetition 458
tcp_ping received 24576 bytes back
Round trip time was 0.989963 milliseconds in repetition 459
tcp_ping received 24576 bytes back
Round trip time was 0.944966 milliseconds in repetition 460
tcp_ping received 24576 bytes back
Round trip time was 0.936967 milliseconds in repetition 461
tcp_ping received 24576 bytes back
Round trip time was 0.956966 milliseconds in repetition 462
tcp_ping received 24576 bytes back
Round trip time was 1.01696 milliseconds in repetition 463
tcp_ping received 24576 bytes back
Round trip time was 0.981965 milliseconds in repetition 464
tcp_ping received 24576 bytes back
Round trip time was 0.967965 milliseconds in repetition 465
tcp_ping received 24576 bytes back
Round trip time was 1.03796 milliseconds in repetition 466
tcp_ping received 24576 bytes back
Round trip time was 0.963964 milliseconds in repetition 467
tcp_ping received 24576 bytes back
Round trip time was 0.961965 milliseconds in repetition 468
tcp_ping received 24576 bytes back
Round trip time was 0.958965 milliseconds in repetition 469
tcp_ping received 24576 bytes back
Round trip time was 0.953966 milliseconds in repetition 470
tcp_ping received 24576 bytes back
Round trip time was 0.997965 milliseconds in repetition 471
tcp_ping received 24576 bytes back
Round trip time was 0.963966 milliseconds in repetition 472
tcp_ping received 24576 bytes back
Round trip time was 0.956965 milliseconds in repetition 473
tcp_ping received 24576 bytes back
Round trip time was 0.951965 milliseconds in repetition 474
tcp_ping received 24576 bytes back
Round trip time was 0.993964 milliseconds in repetition 475
tcp_ping received 24576 bytes back
Round trip time was 0.957966 milliseconds in repetition 476
tcp_ping received 24576 bytes back
Round trip time was 0.967964 milliseconds in repetition 477
tcp_ping received 24576 bytes back
Round trip time was 1.11396 milliseconds in repetition 478
tcp_ping received 24576 bytes back
Round trip time was 1.04496 milliseconds in repetition 479
tcp_ping received 24576 bytes back
Round trip time was 0.979964 milliseconds in repetition 480
tcp_ping received 24576 bytes back
Round trip time was 0.983964 milliseconds in repetition 481
tcp_ping received 24576 bytes back
Round trip time was 1.00996 milliseconds in repetition 482
tcp_ping received 24576 bytes back
Round trip time was 0.955966 milliseconds in repetition 483
tcp_ping received 24576 bytes back
Round trip time was 0.962965 milliseconds in repetition 484
tcp_ping received 24576 bytes back
Round trip time was 0.955966 milliseconds in repetition 485
tcp_ping received 24576 bytes back
Round trip time was 0.995965 milliseconds in repetition 486
tcp_ping received 24576 bytes back
Round trip time was 0.956965 milliseconds in repetition 487
tcp_ping received 24576 bytes back
Round trip time was 0.958965 milliseconds in repetition 488
tcp_ping received 24576 bytes back
Round trip time was 0.951966 milliseconds in repetition 489
tcp_ping received 24576 bytes back
Round trip time was 0.962965 milliseconds in repetition 490
tcp_ping received 24576 bytes back
Round trip time was 0.951965 milliseconds in repetition 491
tcp_ping received 24576 bytes back
Round trip time was 0.955965 milliseconds in repetition 492
tcp_ping received 24576 bytes back
Round trip time was 0.953966 milliseconds in repetition 493
tcp_ping received 24576 bytes back
Round trip time was 0.949966 milliseconds in repetition 494
tcp_ping received 24576 bytes back
Round trip time was 1.01096 milliseconds in repetition 495
tcp_ping received 24576 bytes back
Round trip time was 0.954966 milliseconds in repetition 496
tcp_ping received 24576 bytes back
Round trip time was 1.00096 milliseconds in repetition 497
tcp_ping received 24576 bytes back
Round trip time was 0.964964 milliseconds in repetition 498
tcp_ping received 24576 bytes back
Round trip time was 1.01096 milliseconds in repetition 499
tcp_ping received 24576 bytes back
Round trip time was 0.951965 milliseconds in repetition 500
tcp_ping received 24576 bytes back
Round trip time was 0.954965 milliseconds in repetition 501

 ... clock resolution was 1e-06
TCP Ping:  Statistics over 501 repetitions of 24576 byte messages

RTT : percentile 10: 0.952966, median: 0.973964, percentile 90: 1.11396, average: 1.09482, variance: 0.420933

RTT histogram:
0.936967 462
1.3443 22
1.75164 3
2.15897 5
2.56631 0
2.97364 0
3.38098 3
3.78831 0
4.19565 0
4.60298 0
5.01032 2
5.41765 1
5.82499 0
6.23233 1
6.63966 0
7.047 0
7.45433 1
7.86167 0
8.269 0
8.67634 0
9.08367 1
   median Throughput : 50465.9 KB/s   overall Throughput : 44895.2 KB/s

