UDP Ping trying to connect to server localhost (127.0.0.1) on TCP port 1491
 ... connected to Pong server: asking for 501 repetitions of 32768 _bytes UDP messages
 ... Pong server agreed to ping-pong using port 62832 :-)


vwbvbrvrrevrie-->32768Round trip time was  8.967 milliseconds in repetition 1


vwbvbrvrrevrie-->32768Round trip time was 18.599 milliseconds in repetition 2


vwbvbrvrrevrie-->32768Round trip time was  1.481 milliseconds in repetition 3


vwbvbrvrrevrie-->32768Round trip time was  0.284 milliseconds in repetition 4


vwbvbrvrrevrie-->32768Round trip time was  0.260 milliseconds in repetition 5


vwbvbrvrrevrie-->32768Round trip time was  0.248 milliseconds in repetition 6


vwbvbrvrrevrie-->32768Round trip time was  0.245 milliseconds in repetition 7


vwbvbrvrrevrie-->32768Round trip time was  0.245 milliseconds in repetition 8


vwbvbrvrrevrie-->32768Round trip time was  0.534 milliseconds in repetition 9


vwbvbrvrrevrie-->32768Round trip time was  0.263 milliseconds in repetition 10


vwbvbrvrrevrie-->32768Round trip time was  0.250 milliseconds in repetition 11


vwbvbrvrrevrie-->32768Round trip time was  0.242 milliseconds in repetition 12


vwbvbrvrrevrie-->32768Round trip time was  0.238 milliseconds in repetition 13


vwbvbrvrrevrie-->32768Round trip time was  0.254 milliseconds in repetition 14


vwbvbrvrrevrie-->32768Round trip time was  0.237 milliseconds in repetition 15


vwbvbrvrrevrie-->32768Round trip time was  0.236 milliseconds in repetition 16


vwbvbrvrrevrie-->32768Round trip time was  0.349 milliseconds in repetition 17


vwbvbrvrrevrie-->32768Round trip time was  0.267 milliseconds in repetition 18


vwbvbrvrrevrie-->32768Round trip time was  0.254 milliseconds in repetition 19


vwbvbrvrrevrie-->32768Round trip time was  0.250 milliseconds in repetition 20


vwbvbrvrrevrie-->32768Round trip time was  0.249 milliseconds in repetition 21


vwbvbrvrrevrie-->32768Round trip time was  1.176 milliseconds in repetition 22


vwbvbrvrrevrie-->32768Round trip time was  0.257 milliseconds in repetition 23


vwbvbrvrrevrie-->32768Round trip time was  0.244 milliseconds in repetition 24


vwbvbrvrrevrie-->32768Round trip time was  0.242 milliseconds in repetition 25


vwbvbrvrrevrie-->32768Round trip time was  0.241 milliseconds in repetition 26


vwbvbrvrrevrie-->32768Round trip time was  0.242 milliseconds in repetition 27


vwbvbrvrrevrie-->32768Round trip time was  0.739 milliseconds in repetition 28


vwbvbrvrrevrie-->32768Round trip time was  0.299 milliseconds in repetition 29


vwbvbrvrrevrie-->32768Round trip time was  0.264 milliseconds in repetition 30


vwbvbrvrrevrie-->32768Round trip time was  0.523 milliseconds in repetition 31


vwbvbrvrrevrie-->32768Round trip time was  4.135 milliseconds in repetition 32


vwbvbrvrrevrie-->32768Round trip time was  1.846 milliseconds in repetition 33


vwbvbrvrrevrie-->32768Round trip time was  0.281 milliseconds in repetition 34


vwbvbrvrrevrie-->32768Round trip time was  0.255 milliseconds in repetition 35


vwbvbrvrrevrie-->32768Round trip time was  9.259 milliseconds in repetition 36


vwbvbrvrrevrie-->32768Round trip time was  0.430 milliseconds in repetition 37


vwbvbrvrrevrie-->32768Round trip time was  0.256 milliseconds in repetition 38


vwbvbrvrrevrie-->32768Round trip time was  0.251 milliseconds in repetition 39


vwbvbrvrrevrie-->32768Round trip time was  0.243 milliseconds in repetition 40


vwbvbrvrrevrie-->32768Round trip time was  0.242 milliseconds in repetition 41


vwbvbrvrrevrie-->32768Round trip time was  0.256 milliseconds in repetition 42


vwbvbrvrrevrie-->32768Round trip time was  0.249 milliseconds in repetition 43


vwbvbrvrrevrie-->32768Round trip time was  0.238 milliseconds in repetition 44


vwbvbrvrrevrie-->32768Round trip time was  0.244 milliseconds in repetition 45


vwbvbrvrrevrie-->32768Round trip time was  0.238 milliseconds in repetition 46


vwbvbrvrrevrie-->32768Round trip time was  1.812 milliseconds in repetition 47


vwbvbrvrrevrie-->32768Round trip time was  0.278 milliseconds in repetition 48


vwbvbrvrrevrie-->32768Round trip time was  0.263 milliseconds in repetition 49


vwbvbrvrrevrie-->32768Round trip time was  0.248 milliseconds in repetition 50


vwbvbrvrrevrie-->32768Round trip time was  0.242 milliseconds in repetition 51


vwbvbrvrrevrie-->32768Round trip time was  0.242 milliseconds in repetition 52


vwbvbrvrrevrie-->32768Round trip time was  0.573 milliseconds in repetition 53


vwbvbrvrrevrie-->32768Round trip time was  0.263 milliseconds in repetition 54


vwbvbrvrrevrie-->32768Round trip time was  0.249 milliseconds in repetition 55


vwbvbrvrrevrie-->32768Round trip time was  0.245 milliseconds in repetition 56


vwbvbrvrrevrie-->32768Round trip time was  0.244 milliseconds in repetition 57


vwbvbrvrrevrie-->32768Round trip time was  0.245 milliseconds in repetition 58


vwbvbrvrrevrie-->32768Round trip time was  0.240 milliseconds in repetition 59


vwbvbrvrrevrie-->32768Round trip time was  0.264 milliseconds in repetition 60


vwbvbrvrrevrie-->32768Round trip time was  0.241 milliseconds in repetition 61


vwbvbrvrrevrie-->32768Round trip time was  0.238 milliseconds in repetition 62


vwbvbrvrrevrie-->32768Round trip time was  0.236 milliseconds in repetition 63


vwbvbrvrrevrie-->32768Round trip time was  0.235 milliseconds in repetition 64


vwbvbrvrrevrie-->32768Round trip time was  0.236 milliseconds in repetition 65


vwbvbrvrrevrie-->32768Round trip time was  0.621 milliseconds in repetition 66


vwbvbrvrrevrie-->32768Round trip time was  0.246 milliseconds in repetition 67


vwbvbrvrrevrie-->32768Round trip time was  0.235 milliseconds in repetition 68


vwbvbrvrrevrie-->32768Round trip time was  0.233 milliseconds in repetition 69


vwbvbrvrrevrie-->32768Round trip time was  0.232 milliseconds in repetition 70


vwbvbrvrrevrie-->32768Round trip time was  0.397 milliseconds in repetition 71


vwbvbrvrrevrie-->32768Round trip time was  0.257 milliseconds in repetition 72


vwbvbrvrrevrie-->32768Round trip time was  0.734 milliseconds in repetition 73


vwbvbrvrrevrie-->32768Round trip time was  2.803 milliseconds in repetition 74


vwbvbrvrrevrie-->32768Round trip time was  0.660 milliseconds in repetition 75


vwbvbrvrrevrie-->32768Round trip time was  0.495 milliseconds in repetition 76


vwbvbrvrrevrie-->32768Round trip time was  0.401 milliseconds in repetition 77


vwbvbrvrrevrie-->32768Round trip time was  0.821 milliseconds in repetition 78


vwbvbrvrrevrie-->32768Round trip time was  0.427 milliseconds in repetition 79


vwbvbrvrrevrie-->32768Round trip time was  0.626 milliseconds in repetition 80


vwbvbrvrrevrie-->32768Round trip time was  0.409 milliseconds in repetition 81


vwbvbrvrrevrie-->32768Round trip time was  0.552 milliseconds in repetition 82


vwbvbrvrrevrie-->32768Round trip time was  0.398 milliseconds in repetition 83


vwbvbrvrrevrie-->32768Round trip time was  0.545 milliseconds in repetition 84


vwbvbrvrrevrie-->32768Round trip time was  3.177 milliseconds in repetition 85


vwbvbrvrrevrie-->32768Round trip time was  0.292 milliseconds in repetition 86


vwbvbrvrrevrie-->32768Round trip time was  1.417 milliseconds in repetition 87


vwbvbrvrrevrie-->32768Round trip time was  0.262 milliseconds in repetition 88


vwbvbrvrrevrie-->32768Round trip time was  0.470 milliseconds in repetition 89


vwbvbrvrrevrie-->32768Round trip time was  0.398 milliseconds in repetition 90


vwbvbrvrrevrie-->32768Round trip time was  0.534 milliseconds in repetition 91


vwbvbrvrrevrie-->32768Round trip time was  0.686 milliseconds in repetition 92


vwbvbrvrrevrie-->32768Round trip time was  0.547 milliseconds in repetition 93


vwbvbrvrrevrie-->32768Round trip time was  0.390 milliseconds in repetition 94


vwbvbrvrrevrie-->32768Round trip time was  0.532 milliseconds in repetition 95


vwbvbrvrrevrie-->32768Round trip time was  0.387 milliseconds in repetition 96


vwbvbrvrrevrie-->32768Round trip time was  5.428 milliseconds in repetition 97


vwbvbrvrrevrie-->32768Round trip time was  1.150 milliseconds in repetition 98


vwbvbrvrrevrie-->32768Round trip time was  2.653 milliseconds in repetition 99


vwbvbrvrrevrie-->32768Round trip time was  0.276 milliseconds in repetition 100


vwbvbrvrrevrie-->32768Round trip time was  0.249 milliseconds in repetition 101


vwbvbrvrrevrie-->32768Round trip time was  0.242 milliseconds in repetition 102


vwbvbrvrrevrie-->32768Round trip time was  0.238 milliseconds in repetition 103


vwbvbrvrrevrie-->32768Round trip time was  0.236 milliseconds in repetition 104


vwbvbrvrrevrie-->32768Round trip time was  0.236 milliseconds in repetition 105


vwbvbrvrrevrie-->32768Round trip time was  0.239 milliseconds in repetition 106


vwbvbrvrrevrie-->32768Round trip time was  0.235 milliseconds in repetition 107


vwbvbrvrrevrie-->32768Round trip time was  0.279 milliseconds in repetition 108


vwbvbrvrrevrie-->32768Round trip time was  0.254 milliseconds in repetition 109


vwbvbrvrrevrie-->32768Round trip time was  0.243 milliseconds in repetition 110


vwbvbrvrrevrie-->32768Round trip time was  4.530 milliseconds in repetition 111


vwbvbrvrrevrie-->32768Round trip time was  3.815 milliseconds in repetition 112


vwbvbrvrrevrie-->32768Round trip time was  0.868 milliseconds in repetition 113


vwbvbrvrrevrie-->32768Round trip time was  0.266 milliseconds in repetition 114


vwbvbrvrrevrie-->32768Round trip time was  0.244 milliseconds in repetition 115


vwbvbrvrrevrie-->32768Round trip time was  1.737 milliseconds in repetition 116


vwbvbrvrrevrie-->32768Round trip time was  0.462 milliseconds in repetition 117


vwbvbrvrrevrie-->32768Round trip time was  0.257 milliseconds in repetition 118


vwbvbrvrrevrie-->32768Round trip time was  0.246 milliseconds in repetition 119


vwbvbrvrrevrie-->32768Round trip time was  0.242 milliseconds in repetition 120


vwbvbrvrrevrie-->32768Round trip time was  0.383 milliseconds in repetition 121


vwbvbrvrrevrie-->32768Round trip time was  0.265 milliseconds in repetition 122


vwbvbrvrrevrie-->32768Round trip time was  0.252 milliseconds in repetition 123


vwbvbrvrrevrie-->32768Round trip time was  0.250 milliseconds in repetition 124


vwbvbrvrrevrie-->32768Round trip time was  0.249 milliseconds in repetition 125


vwbvbrvrrevrie-->32768Round trip time was  0.246 milliseconds in repetition 126


vwbvbrvrrevrie-->32768Round trip time was  0.245 milliseconds in repetition 127


vwbvbrvrrevrie-->32768Round trip time was  0.244 milliseconds in repetition 128


vwbvbrvrrevrie-->32768Round trip time was  0.245 milliseconds in repetition 129


vwbvbrvrrevrie-->32768Round trip time was  0.280 milliseconds in repetition 130


vwbvbrvrrevrie-->32768Round trip time was  0.809 milliseconds in repetition 131


vwbvbrvrrevrie-->32768Round trip time was  0.254 milliseconds in repetition 132


vwbvbrvrrevrie-->32768Round trip time was  0.687 milliseconds in repetition 133


vwbvbrvrrevrie-->32768Round trip time was  1.249 milliseconds in repetition 134


vwbvbrvrrevrie-->32768Round trip time was  0.277 milliseconds in repetition 135


vwbvbrvrrevrie-->32768Round trip time was  2.672 milliseconds in repetition 136


vwbvbrvrrevrie-->32768Round trip time was  1.891 milliseconds in repetition 137


vwbvbrvrrevrie-->32768Round trip time was  0.719 milliseconds in repetition 138


vwbvbrvrrevrie-->32768Round trip time was  0.332 milliseconds in repetition 139


vwbvbrvrrevrie-->32768Round trip time was  0.354 milliseconds in repetition 140


vwbvbrvrrevrie-->32768Round trip time was  0.246 milliseconds in repetition 141


vwbvbrvrrevrie-->32768Round trip time was  0.238 milliseconds in repetition 142


vwbvbrvrrevrie-->32768Round trip time was  0.239 milliseconds in repetition 143


vwbvbrvrrevrie-->32768Round trip time was  3.784 milliseconds in repetition 144


vwbvbrvrrevrie-->32768Round trip time was  0.644 milliseconds in repetition 145


vwbvbrvrrevrie-->32768Round trip time was  0.634 milliseconds in repetition 146


vwbvbrvrrevrie-->32768Round trip time was  0.268 milliseconds in repetition 147


vwbvbrvrrevrie-->32768Round trip time was  0.259 milliseconds in repetition 148


vwbvbrvrrevrie-->32768Round trip time was  1.599 milliseconds in repetition 149


vwbvbrvrrevrie-->32768Round trip time was  1.895 milliseconds in repetition 150


vwbvbrvrrevrie-->32768Round trip time was  1.942 milliseconds in repetition 151


vwbvbrvrrevrie-->32768Round trip time was  0.328 milliseconds in repetition 152


vwbvbrvrrevrie-->32768Round trip time was  0.262 milliseconds in repetition 153


vwbvbrvrrevrie-->32768Round trip time was  0.256 milliseconds in repetition 154


vwbvbrvrrevrie-->32768Round trip time was  0.253 milliseconds in repetition 155


vwbvbrvrrevrie-->32768Round trip time was  0.244 milliseconds in repetition 156


vwbvbrvrrevrie-->32768Round trip time was  0.240 milliseconds in repetition 157


vwbvbrvrrevrie-->32768Round trip time was  0.239 milliseconds in repetition 158


vwbvbrvrrevrie-->32768Round trip time was  5.393 milliseconds in repetition 159


vwbvbrvrrevrie-->32768Round trip time was  0.566 milliseconds in repetition 160


vwbvbrvrrevrie-->32768Round trip time was  0.263 milliseconds in repetition 161


vwbvbrvrrevrie-->32768Round trip time was  0.248 milliseconds in repetition 162


vwbvbrvrrevrie-->32768Round trip time was  0.240 milliseconds in repetition 163


vwbvbrvrrevrie-->32768Round trip time was  0.238 milliseconds in repetition 164


vwbvbrvrrevrie-->32768Round trip time was  0.240 milliseconds in repetition 165


vwbvbrvrrevrie-->32768Round trip time was  0.243 milliseconds in repetition 166


vwbvbrvrrevrie-->32768Round trip time was  0.248 milliseconds in repetition 167


vwbvbrvrrevrie-->32768Round trip time was  0.235 milliseconds in repetition 168


vwbvbrvrrevrie-->32768Round trip time was  0.325 milliseconds in repetition 169


vwbvbrvrrevrie-->32768Round trip time was  0.243 milliseconds in repetition 170


vwbvbrvrrevrie-->32768Round trip time was  0.236 milliseconds in repetition 171


vwbvbrvrrevrie-->32768Round trip time was  0.235 milliseconds in repetition 172


vwbvbrvrrevrie-->32768Round trip time was  0.237 milliseconds in repetition 173


vwbvbrvrrevrie-->32768Round trip time was  0.237 milliseconds in repetition 174


vwbvbrvrrevrie-->32768Round trip time was  0.235 milliseconds in repetition 175


vwbvbrvrrevrie-->32768Round trip time was  0.237 milliseconds in repetition 176


vwbvbrvrrevrie-->32768Round trip time was  0.234 milliseconds in repetition 177


vwbvbrvrrevrie-->32768Round trip time was  0.245 milliseconds in repetition 178


vwbvbrvrrevrie-->32768Round trip time was  0.243 milliseconds in repetition 179


vwbvbrvrrevrie-->32768Round trip time was  0.235 milliseconds in repetition 180


vwbvbrvrrevrie-->32768Round trip time was  0.236 milliseconds in repetition 181


vwbvbrvrrevrie-->32768Round trip time was  0.244 milliseconds in repetition 182


vwbvbrvrrevrie-->32768Round trip time was  0.236 milliseconds in repetition 183


vwbvbrvrrevrie-->32768Round trip time was  0.236 milliseconds in repetition 184


vwbvbrvrrevrie-->32768Round trip time was  0.243 milliseconds in repetition 185


vwbvbrvrrevrie-->32768Round trip time was  0.234 milliseconds in repetition 186


vwbvbrvrrevrie-->32768Round trip time was  0.234 milliseconds in repetition 187


vwbvbrvrrevrie-->32768Round trip time was  0.232 milliseconds in repetition 188


vwbvbrvrrevrie-->32768Round trip time was  0.345 milliseconds in repetition 189


vwbvbrvrrevrie-->32768Round trip time was  3.012 milliseconds in repetition 190


vwbvbrvrrevrie-->32768Round trip time was  0.324 milliseconds in repetition 191


vwbvbrvrrevrie-->32768Round trip time was  0.245 milliseconds in repetition 192


vwbvbrvrrevrie-->32768Round trip time was  0.239 milliseconds in repetition 193


vwbvbrvrrevrie-->32768Round trip time was  0.366 milliseconds in repetition 194


vwbvbrvrrevrie-->32768Round trip time was  0.262 milliseconds in repetition 195


vwbvbrvrrevrie-->32768Round trip time was  0.250 milliseconds in repetition 196


vwbvbrvrrevrie-->32768Round trip time was  0.305 milliseconds in repetition 197


vwbvbrvrrevrie-->32768Round trip time was  0.285 milliseconds in repetition 198


vwbvbrvrrevrie-->32768Round trip time was  0.255 milliseconds in repetition 199


vwbvbrvrrevrie-->32768Round trip time was  0.258 milliseconds in repetition 200


vwbvbrvrrevrie-->32768Round trip time was  0.247 milliseconds in repetition 201


vwbvbrvrrevrie-->32768Round trip time was  0.319 milliseconds in repetition 202


vwbvbrvrrevrie-->32768Round trip time was  0.245 milliseconds in repetition 203


vwbvbrvrrevrie-->32768Round trip time was  0.244 milliseconds in repetition 204


vwbvbrvrrevrie-->32768Round trip time was  0.244 milliseconds in repetition 205


vwbvbrvrrevrie-->32768Round trip time was  0.245 milliseconds in repetition 206


vwbvbrvrrevrie-->32768Round trip time was  0.735 milliseconds in repetition 207


vwbvbrvrrevrie-->32768Round trip time was  4.139 milliseconds in repetition 208


vwbvbrvrrevrie-->32768Round trip time was  0.393 milliseconds in repetition 209


vwbvbrvrrevrie-->32768Round trip time was  0.252 milliseconds in repetition 210


vwbvbrvrrevrie-->32768Round trip time was  0.246 milliseconds in repetition 211


vwbvbrvrrevrie-->32768Round trip time was  0.247 milliseconds in repetition 212


vwbvbrvrrevrie-->32768Round trip time was  0.246 milliseconds in repetition 213


vwbvbrvrrevrie-->32768Round trip time was  0.917 milliseconds in repetition 214


vwbvbrvrrevrie-->32768Round trip time was  0.297 milliseconds in repetition 215


vwbvbrvrrevrie-->32768Round trip time was  4.130 milliseconds in repetition 216


vwbvbrvrrevrie-->32768Round trip time was  3.803 milliseconds in repetition 217


vwbvbrvrrevrie-->32768Round trip time was  6.467 milliseconds in repetition 218


vwbvbrvrrevrie-->32768Round trip time was  0.408 milliseconds in repetition 219


vwbvbrvrrevrie-->32768Round trip time was  0.260 milliseconds in repetition 220


vwbvbrvrrevrie-->32768Round trip time was  0.250 milliseconds in repetition 221


vwbvbrvrrevrie-->32768Round trip time was  0.360 milliseconds in repetition 222


vwbvbrvrrevrie-->32768Round trip time was  0.247 milliseconds in repetition 223


vwbvbrvrrevrie-->32768Round trip time was  0.242 milliseconds in repetition 224


vwbvbrvrrevrie-->32768Round trip time was  0.252 milliseconds in repetition 225


vwbvbrvrrevrie-->32768Round trip time was  0.246 milliseconds in repetition 226


vwbvbrvrrevrie-->32768Round trip time was  0.236 milliseconds in repetition 227


vwbvbrvrrevrie-->32768Round trip time was  0.242 milliseconds in repetition 228


vwbvbrvrrevrie-->32768Round trip time was  0.234 milliseconds in repetition 229


vwbvbrvrrevrie-->32768Round trip time was  0.242 milliseconds in repetition 230


vwbvbrvrrevrie-->32768Round trip time was  1.185 milliseconds in repetition 231


vwbvbrvrrevrie-->32768Round trip time was  0.281 milliseconds in repetition 232


vwbvbrvrrevrie-->32768Round trip time was  1.175 milliseconds in repetition 233


vwbvbrvrrevrie-->32768Round trip time was  0.297 milliseconds in repetition 234


vwbvbrvrrevrie-->32768Round trip time was  0.251 milliseconds in repetition 235


vwbvbrvrrevrie-->32768Round trip time was  0.248 milliseconds in repetition 236


vwbvbrvrrevrie-->32768Round trip time was  0.824 milliseconds in repetition 237


vwbvbrvrrevrie-->32768Round trip time was  0.312 milliseconds in repetition 238


vwbvbrvrrevrie-->32768Round trip time was  1.479 milliseconds in repetition 239


vwbvbrvrrevrie-->32768Round trip time was  0.272 milliseconds in repetition 240


vwbvbrvrrevrie-->32768Round trip time was  0.244 milliseconds in repetition 241


vwbvbrvrrevrie-->32768Round trip time was  0.319 milliseconds in repetition 242


vwbvbrvrrevrie-->32768Round trip time was  0.237 milliseconds in repetition 243


vwbvbrvrrevrie-->32768Round trip time was  1.467 milliseconds in repetition 244


vwbvbrvrrevrie-->32768Round trip time was  0.275 milliseconds in repetition 245


vwbvbrvrrevrie-->32768Round trip time was  0.243 milliseconds in repetition 246


vwbvbrvrrevrie-->32768Round trip time was  0.239 milliseconds in repetition 247


vwbvbrvrrevrie-->32768Round trip time was  1.034 milliseconds in repetition 248


vwbvbrvrrevrie-->32768Round trip time was  0.817 milliseconds in repetition 249


vwbvbrvrrevrie-->32768Round trip time was  0.267 milliseconds in repetition 250


vwbvbrvrrevrie-->32768Round trip time was  0.240 milliseconds in repetition 251


vwbvbrvrrevrie-->32768Round trip time was  0.462 milliseconds in repetition 252


vwbvbrvrrevrie-->32768Round trip time was  3.787 milliseconds in repetition 253


vwbvbrvrrevrie-->32768Round trip time was  0.352 milliseconds in repetition 254


vwbvbrvrrevrie-->32768Round trip time was  0.246 milliseconds in repetition 255


vwbvbrvrrevrie-->32768Round trip time was  0.241 milliseconds in repetition 256


vwbvbrvrrevrie-->32768Round trip time was  0.353 milliseconds in repetition 257


vwbvbrvrrevrie-->32768Round trip time was  0.242 milliseconds in repetition 258


vwbvbrvrrevrie-->32768Round trip time was  0.237 milliseconds in repetition 259


vwbvbrvrrevrie-->32768Round trip time was  0.399 milliseconds in repetition 260


vwbvbrvrrevrie-->32768Round trip time was  0.575 milliseconds in repetition 261


vwbvbrvrrevrie-->32768Round trip time was  0.265 milliseconds in repetition 262


vwbvbrvrrevrie-->32768Round trip time was  1.166 milliseconds in repetition 263


vwbvbrvrrevrie-->32768Round trip time was  0.287 milliseconds in repetition 264


vwbvbrvrrevrie-->32768Round trip time was  0.250 milliseconds in repetition 265


vwbvbrvrrevrie-->32768Round trip time was  0.243 milliseconds in repetition 266


vwbvbrvrrevrie-->32768Round trip time was  0.554 milliseconds in repetition 267


vwbvbrvrrevrie-->32768Round trip time was  0.244 milliseconds in repetition 268


vwbvbrvrrevrie-->32768Round trip time was  0.237 milliseconds in repetition 269


vwbvbrvrrevrie-->32768Round trip time was  0.236 milliseconds in repetition 270


vwbvbrvrrevrie-->32768Round trip time was  0.998 milliseconds in repetition 271


vwbvbrvrrevrie-->32768Round trip time was  0.257 milliseconds in repetition 272


vwbvbrvrrevrie-->32768Round trip time was  0.243 milliseconds in repetition 273


vwbvbrvrrevrie-->32768Round trip time was  0.237 milliseconds in repetition 274


vwbvbrvrrevrie-->32768Round trip time was  0.574 milliseconds in repetition 275


vwbvbrvrrevrie-->32768Round trip time was  0.244 milliseconds in repetition 276


vwbvbrvrrevrie-->32768Round trip time was  1.588 milliseconds in repetition 277


vwbvbrvrrevrie-->32768Round trip time was  0.280 milliseconds in repetition 278


vwbvbrvrrevrie-->32768Round trip time was  0.248 milliseconds in repetition 279


vwbvbrvrrevrie-->32768Round trip time was  0.247 milliseconds in repetition 280


vwbvbrvrrevrie-->32768Round trip time was  0.242 milliseconds in repetition 281


vwbvbrvrrevrie-->32768Round trip time was  0.241 milliseconds in repetition 282


vwbvbrvrrevrie-->32768Round trip time was  0.242 milliseconds in repetition 283


vwbvbrvrrevrie-->32768Round trip time was  0.813 milliseconds in repetition 284


vwbvbrvrrevrie-->32768Round trip time was  2.104 milliseconds in repetition 285


vwbvbrvrrevrie-->32768Round trip time was  0.405 milliseconds in repetition 286


vwbvbrvrrevrie-->32768Round trip time was  0.260 milliseconds in repetition 287


vwbvbrvrrevrie-->32768Round trip time was  0.242 milliseconds in repetition 288


vwbvbrvrrevrie-->32768Round trip time was  0.243 milliseconds in repetition 289


vwbvbrvrrevrie-->32768Round trip time was  0.240 milliseconds in repetition 290


vwbvbrvrrevrie-->32768Round trip time was  0.237 milliseconds in repetition 291


vwbvbrvrrevrie-->32768Round trip time was  0.237 milliseconds in repetition 292


vwbvbrvrrevrie-->32768Round trip time was  0.237 milliseconds in repetition 293


vwbvbrvrrevrie-->32768Round trip time was  0.412 milliseconds in repetition 294


vwbvbrvrrevrie-->32768Round trip time was  0.256 milliseconds in repetition 295


vwbvbrvrrevrie-->32768Round trip time was  0.244 milliseconds in repetition 296


vwbvbrvrrevrie-->32768Round trip time was  0.242 milliseconds in repetition 297


vwbvbrvrrevrie-->32768Round trip time was  0.240 milliseconds in repetition 298


vwbvbrvrrevrie-->32768Round trip time was  0.239 milliseconds in repetition 299


vwbvbrvrrevrie-->32768Round trip time was  0.251 milliseconds in repetition 300


vwbvbrvrrevrie-->32768Round trip time was  0.241 milliseconds in repetition 301


vwbvbrvrrevrie-->32768Round trip time was  0.238 milliseconds in repetition 302


vwbvbrvrrevrie-->32768Round trip time was  5.582 milliseconds in repetition 303


vwbvbrvrrevrie-->-1Round trip time was 12.206 milliseconds in repetition 304


vwbvbrvrrevrie-->32768Round trip time was  0.419 milliseconds in repetition 305


vwbvbrvrrevrie-->32768Round trip time was  0.245 milliseconds in repetition 306


vwbvbrvrrevrie-->32768Round trip time was  0.240 milliseconds in repetition 307


vwbvbrvrrevrie-->32768Round trip time was  0.238 milliseconds in repetition 308


vwbvbrvrrevrie-->32768Round trip time was  0.236 milliseconds in repetition 309


vwbvbrvrrevrie-->32768Round trip time was  0.237 milliseconds in repetition 310


vwbvbrvrrevrie-->32768Round trip time was  0.234 milliseconds in repetition 311


vwbvbrvrrevrie-->32768Round trip time was  0.237 milliseconds in repetition 312


vwbvbrvrrevrie-->32768Round trip time was  0.233 milliseconds in repetition 313


vwbvbrvrrevrie-->32768Round trip time was  0.239 milliseconds in repetition 314


vwbvbrvrrevrie-->32768Round trip time was  0.233 milliseconds in repetition 315


vwbvbrvrrevrie-->32768Round trip time was  0.234 milliseconds in repetition 316


vwbvbrvrrevrie-->32768Round trip time was  0.371 milliseconds in repetition 317


vwbvbrvrrevrie-->32768Round trip time was  0.233 milliseconds in repetition 318


vwbvbrvrrevrie-->32768Round trip time was  0.233 milliseconds in repetition 319


vwbvbrvrrevrie-->32768Round trip time was  0.233 milliseconds in repetition 320


vwbvbrvrrevrie-->32768Round trip time was  0.232 milliseconds in repetition 321


vwbvbrvrrevrie-->32768Round trip time was  0.234 milliseconds in repetition 322


vwbvbrvrrevrie-->32768Round trip time was  0.232 milliseconds in repetition 323


vwbvbrvrrevrie-->32768Round trip time was  0.231 milliseconds in repetition 324


vwbvbrvrrevrie-->32768Round trip time was  0.231 milliseconds in repetition 325


vwbvbrvrrevrie-->32768Round trip time was  0.232 milliseconds in repetition 326


vwbvbrvrrevrie-->32768Round trip time was  0.240 milliseconds in repetition 327


vwbvbrvrrevrie-->32768Round trip time was  0.229 milliseconds in repetition 328


vwbvbrvrrevrie-->32768Round trip time was  0.230 milliseconds in repetition 329


vwbvbrvrrevrie-->32768Round trip time was  0.231 milliseconds in repetition 330


vwbvbrvrrevrie-->32768Round trip time was  0.231 milliseconds in repetition 331


vwbvbrvrrevrie-->32768Round trip time was  0.353 milliseconds in repetition 332


vwbvbrvrrevrie-->32768Round trip time was  0.237 milliseconds in repetition 333


vwbvbrvrrevrie-->32768Round trip time was  0.233 milliseconds in repetition 334


vwbvbrvrrevrie-->32768Round trip time was  0.231 milliseconds in repetition 335


vwbvbrvrrevrie-->32768Round trip time was  0.232 milliseconds in repetition 336


vwbvbrvrrevrie-->32768Round trip time was  0.231 milliseconds in repetition 337


vwbvbrvrrevrie-->32768Round trip time was  0.232 milliseconds in repetition 338


vwbvbrvrrevrie-->32768Round trip time was  0.230 milliseconds in repetition 339


vwbvbrvrrevrie-->32768Round trip time was  0.229 milliseconds in repetition 340


vwbvbrvrrevrie-->32768Round trip time was  0.236 milliseconds in repetition 341


vwbvbrvrrevrie-->32768Round trip time was  0.230 milliseconds in repetition 342


vwbvbrvrrevrie-->32768Round trip time was  0.231 milliseconds in repetition 343


vwbvbrvrrevrie-->32768Round trip time was  0.232 milliseconds in repetition 344


vwbvbrvrrevrie-->32768Round trip time was  0.234 milliseconds in repetition 345


vwbvbrvrrevrie-->32768Round trip time was  0.230 milliseconds in repetition 346


vwbvbrvrrevrie-->32768Round trip time was  0.238 milliseconds in repetition 347


vwbvbrvrrevrie-->32768Round trip time was  0.233 milliseconds in repetition 348


vwbvbrvrrevrie-->32768Round trip time was  0.229 milliseconds in repetition 349


vwbvbrvrrevrie-->32768Round trip time was  0.296 milliseconds in repetition 350


vwbvbrvrrevrie-->32768Round trip time was  0.239 milliseconds in repetition 351


vwbvbrvrrevrie-->32768Round trip time was  0.234 milliseconds in repetition 352


vwbvbrvrrevrie-->32768Round trip time was  0.231 milliseconds in repetition 353


vwbvbrvrrevrie-->32768Round trip time was  0.231 milliseconds in repetition 354


vwbvbrvrrevrie-->32768Round trip time was  0.229 milliseconds in repetition 355


vwbvbrvrrevrie-->32768Round trip time was  0.234 milliseconds in repetition 356


vwbvbrvrrevrie-->32768Round trip time was  0.229 milliseconds in repetition 357


vwbvbrvrrevrie-->32768Round trip time was  0.231 milliseconds in repetition 358


vwbvbrvrrevrie-->32768Round trip time was  0.229 milliseconds in repetition 359


vwbvbrvrrevrie-->32768Round trip time was  0.230 milliseconds in repetition 360


vwbvbrvrrevrie-->32768Round trip time was  0.229 milliseconds in repetition 361


vwbvbrvrrevrie-->32768Round trip time was  0.230 milliseconds in repetition 362


vwbvbrvrrevrie-->32768Round trip time was  0.229 milliseconds in repetition 363


vwbvbrvrrevrie-->32768Round trip time was  0.229 milliseconds in repetition 364


vwbvbrvrrevrie-->32768Round trip time was  0.228 milliseconds in repetition 365


vwbvbrvrrevrie-->32768Round trip time was  0.267 milliseconds in repetition 366


vwbvbrvrrevrie-->32768Round trip time was  0.231 milliseconds in repetition 367


vwbvbrvrrevrie-->32768Round trip time was  0.229 milliseconds in repetition 368


vwbvbrvrrevrie-->32768Round trip time was  0.229 milliseconds in repetition 369


vwbvbrvrrevrie-->32768Round trip time was  0.232 milliseconds in repetition 370


vwbvbrvrrevrie-->32768Round trip time was  0.234 milliseconds in repetition 371


vwbvbrvrrevrie-->32768Round trip time was  0.233 milliseconds in repetition 372


vwbvbrvrrevrie-->32768Round trip time was  0.238 milliseconds in repetition 373


vwbvbrvrrevrie-->32768Round trip time was  0.235 milliseconds in repetition 374


vwbvbrvrrevrie-->32768Round trip time was  0.239 milliseconds in repetition 375


vwbvbrvrrevrie-->32768Round trip time was  0.233 milliseconds in repetition 376


vwbvbrvrrevrie-->32768Round trip time was  0.323 milliseconds in repetition 377


vwbvbrvrrevrie-->32768Round trip time was  0.266 milliseconds in repetition 378


vwbvbrvrrevrie-->32768Round trip time was  0.256 milliseconds in repetition 379


vwbvbrvrrevrie-->32768Round trip time was  0.693 milliseconds in repetition 380


vwbvbrvrrevrie-->32768Round trip time was  0.517 milliseconds in repetition 381


vwbvbrvrrevrie-->32768Round trip time was  0.245 milliseconds in repetition 382


vwbvbrvrrevrie-->32768Round trip time was  0.251 milliseconds in repetition 383


vwbvbrvrrevrie-->32768Round trip time was  0.251 milliseconds in repetition 384


vwbvbrvrrevrie-->32768Round trip time was  0.248 milliseconds in repetition 385


vwbvbrvrrevrie-->32768Round trip time was  0.248 milliseconds in repetition 386


vwbvbrvrrevrie-->-1Round trip time was  2.878 milliseconds in repetition 387


vwbvbrvrrevrie-->32768Round trip time was  0.274 milliseconds in repetition 388


vwbvbrvrrevrie-->32768Round trip time was  0.252 milliseconds in repetition 389


vwbvbrvrrevrie-->32768Round trip time was  0.249 milliseconds in repetition 390


vwbvbrvrrevrie-->32768Round trip time was  0.246 milliseconds in repetition 391


vwbvbrvrrevrie-->32768Round trip time was  0.560 milliseconds in repetition 392


vwbvbrvrrevrie-->32768Round trip time was  0.308 milliseconds in repetition 393


vwbvbrvrrevrie-->32768Round trip time was  0.411 milliseconds in repetition 394


vwbvbrvrrevrie-->32768Round trip time was  0.275 milliseconds in repetition 395


vwbvbrvrrevrie-->32768Round trip time was  0.254 milliseconds in repetition 396


vwbvbrvrrevrie-->32768Round trip time was  0.266 milliseconds in repetition 397


vwbvbrvrrevrie-->32768Round trip time was  0.283 milliseconds in repetition 398


vwbvbrvrrevrie-->32768Round trip time was  0.245 milliseconds in repetition 399


vwbvbrvrrevrie-->32768Round trip time was  0.309 milliseconds in repetition 400


vwbvbrvrrevrie-->32768Round trip time was  0.272 milliseconds in repetition 401


vwbvbrvrrevrie-->32768Round trip time was  0.266 milliseconds in repetition 402


vwbvbrvrrevrie-->32768Round trip time was  0.261 milliseconds in repetition 403


vwbvbrvrrevrie-->32768Round trip time was  0.261 milliseconds in repetition 404


vwbvbrvrrevrie-->32768Round trip time was  0.258 milliseconds in repetition 405


vwbvbrvrrevrie-->32768Round trip time was  0.258 milliseconds in repetition 406


vwbvbrvrrevrie-->32768Round trip time was  0.359 milliseconds in repetition 407


vwbvbrvrrevrie-->32768Round trip time was  0.260 milliseconds in repetition 408


vwbvbrvrrevrie-->32768Round trip time was  0.258 milliseconds in repetition 409


vwbvbrvrrevrie-->32768Round trip time was  0.256 milliseconds in repetition 410


vwbvbrvrrevrie-->32768Round trip time was  0.260 milliseconds in repetition 411


vwbvbrvrrevrie-->32768Round trip time was  0.256 milliseconds in repetition 412


vwbvbrvrrevrie-->32768Round trip time was  0.255 milliseconds in repetition 413


vwbvbrvrrevrie-->32768Round trip time was  0.253 milliseconds in repetition 414


vwbvbrvrrevrie-->32768Round trip time was  0.253 milliseconds in repetition 415


vwbvbrvrrevrie-->32768Round trip time was  3.006 milliseconds in repetition 416


vwbvbrvrrevrie-->32768Round trip time was  0.364 milliseconds in repetition 417


vwbvbrvrrevrie-->32768Round trip time was  0.259 milliseconds in repetition 418


vwbvbrvrrevrie-->32768Round trip time was  0.252 milliseconds in repetition 419


vwbvbrvrrevrie-->32768Round trip time was  0.250 milliseconds in repetition 420


vwbvbrvrrevrie-->32768Round trip time was  0.248 milliseconds in repetition 421


vwbvbrvrrevrie-->32768Round trip time was  0.249 milliseconds in repetition 422


vwbvbrvrrevrie-->32768Round trip time was  0.247 milliseconds in repetition 423


vwbvbrvrrevrie-->32768Round trip time was  0.247 milliseconds in repetition 424


vwbvbrvrrevrie-->32768Round trip time was  0.247 milliseconds in repetition 425


vwbvbrvrrevrie-->32768Round trip time was  0.247 milliseconds in repetition 426


vwbvbrvrrevrie-->32768Round trip time was  0.244 milliseconds in repetition 427


vwbvbrvrrevrie-->32768Round trip time was  0.361 milliseconds in repetition 428


vwbvbrvrrevrie-->32768Round trip time was  0.251 milliseconds in repetition 429


vwbvbrvrrevrie-->32768Round trip time was  0.252 milliseconds in repetition 430


vwbvbrvrrevrie-->32768Round trip time was  0.249 milliseconds in repetition 431


vwbvbrvrrevrie-->32768Round trip time was  0.247 milliseconds in repetition 432


vwbvbrvrrevrie-->32768Round trip time was  0.245 milliseconds in repetition 433


vwbvbrvrrevrie-->32768Round trip time was  0.249 milliseconds in repetition 434


vwbvbrvrrevrie-->32768Round trip time was  0.246 milliseconds in repetition 435


vwbvbrvrrevrie-->32768Round trip time was  0.245 milliseconds in repetition 436


vwbvbrvrrevrie-->32768Round trip time was  0.246 milliseconds in repetition 437


vwbvbrvrrevrie-->32768Round trip time was  0.240 milliseconds in repetition 438


vwbvbrvrrevrie-->32768Round trip time was  0.240 milliseconds in repetition 439


vwbvbrvrrevrie-->32768Round trip time was  0.236 milliseconds in repetition 440


vwbvbrvrrevrie-->32768Round trip time was  0.235 milliseconds in repetition 441


vwbvbrvrrevrie-->32768Round trip time was  0.244 milliseconds in repetition 442


vwbvbrvrrevrie-->32768Round trip time was  0.362 milliseconds in repetition 443


vwbvbrvrrevrie-->32768Round trip time was  0.262 milliseconds in repetition 444


vwbvbrvrrevrie-->32768Round trip time was  0.258 milliseconds in repetition 445


vwbvbrvrrevrie-->32768Round trip time was  0.253 milliseconds in repetition 446


vwbvbrvrrevrie-->32768Round trip time was  0.257 milliseconds in repetition 447


vwbvbrvrrevrie-->32768Round trip time was  0.248 milliseconds in repetition 448


vwbvbrvrrevrie-->32768Round trip time was  0.488 milliseconds in repetition 449


vwbvbrvrrevrie-->32768Round trip time was  0.251 milliseconds in repetition 450


vwbvbrvrrevrie-->32768Round trip time was  0.248 milliseconds in repetition 451


vwbvbrvrrevrie-->32768Round trip time was  0.245 milliseconds in repetition 452


vwbvbrvrrevrie-->32768Round trip time was  0.266 milliseconds in repetition 453


vwbvbrvrrevrie-->32768Round trip time was  0.281 milliseconds in repetition 454


vwbvbrvrrevrie-->32768Round trip time was  0.280 milliseconds in repetition 455


vwbvbrvrrevrie-->32768Round trip time was  0.250 milliseconds in repetition 456


vwbvbrvrrevrie-->32768Round trip time was  0.244 milliseconds in repetition 457


vwbvbrvrrevrie-->32768Round trip time was  0.355 milliseconds in repetition 458


vwbvbrvrrevrie-->32768Round trip time was  0.237 milliseconds in repetition 459


vwbvbrvrrevrie-->32768Round trip time was  0.234 milliseconds in repetition 460


vwbvbrvrrevrie-->32768Round trip time was  0.235 milliseconds in repetition 461


vwbvbrvrrevrie-->32768Round trip time was  0.233 milliseconds in repetition 462


vwbvbrvrrevrie-->32768Round trip time was  0.233 milliseconds in repetition 463


vwbvbrvrrevrie-->32768Round trip time was  0.236 milliseconds in repetition 464


vwbvbrvrrevrie-->32768Round trip time was  0.238 milliseconds in repetition 465


vwbvbrvrrevrie-->32768Round trip time was  0.232 milliseconds in repetition 466


vwbvbrvrrevrie-->32768Round trip time was  0.235 milliseconds in repetition 467


vwbvbrvrrevrie-->32768Round trip time was  0.233 milliseconds in repetition 468


vwbvbrvrrevrie-->32768Round trip time was  0.235 milliseconds in repetition 469


vwbvbrvrrevrie-->32768Round trip time was  0.230 milliseconds in repetition 470


vwbvbrvrrevrie-->32768Round trip time was  0.230 milliseconds in repetition 471


vwbvbrvrrevrie-->32768Round trip time was  0.231 milliseconds in repetition 472


vwbvbrvrrevrie-->32768Round trip time was  0.280 milliseconds in repetition 473


vwbvbrvrrevrie-->32768Round trip time was  0.234 milliseconds in repetition 474


vwbvbrvrrevrie-->32768Round trip time was  0.232 milliseconds in repetition 475


vwbvbrvrrevrie-->32768Round trip time was  0.234 milliseconds in repetition 476


vwbvbrvrrevrie-->32768Round trip time was  0.231 milliseconds in repetition 477


vwbvbrvrrevrie-->32768Round trip time was  0.231 milliseconds in repetition 478


vwbvbrvrrevrie-->32768Round trip time was  0.232 milliseconds in repetition 479


vwbvbrvrrevrie-->32768Round trip time was  0.232 milliseconds in repetition 480


vwbvbrvrrevrie-->32768Round trip time was  0.238 milliseconds in repetition 481


vwbvbrvrrevrie-->32768Round trip time was  0.232 milliseconds in repetition 482


vwbvbrvrrevrie-->32768Round trip time was  0.232 milliseconds in repetition 483


vwbvbrvrrevrie-->32768Round trip time was  0.232 milliseconds in repetition 484


vwbvbrvrrevrie-->32768Round trip time was  0.235 milliseconds in repetition 485


vwbvbrvrrevrie-->32768Round trip time was  0.232 milliseconds in repetition 486


vwbvbrvrrevrie-->32768Round trip time was  0.231 milliseconds in repetition 487


vwbvbrvrrevrie-->32768Round trip time was  0.232 milliseconds in repetition 488


vwbvbrvrrevrie-->32768Round trip time was  0.326 milliseconds in repetition 489


vwbvbrvrrevrie-->32768Round trip time was  0.276 milliseconds in repetition 490


vwbvbrvrrevrie-->32768Round trip time was  0.242 milliseconds in repetition 491


vwbvbrvrrevrie-->32768Round trip time was  0.263 milliseconds in repetition 492


vwbvbrvrrevrie-->32768Round trip time was  0.241 milliseconds in repetition 493


vwbvbrvrrevrie-->32768Round trip time was  0.239 milliseconds in repetition 494


vwbvbrvrrevrie-->32768Round trip time was  0.239 milliseconds in repetition 495


vwbvbrvrrevrie-->32768Round trip time was  0.237 milliseconds in repetition 496


vwbvbrvrrevrie-->32768Round trip time was  0.239 milliseconds in repetition 497


vwbvbrvrrevrie-->32768Round trip time was  0.237 milliseconds in repetition 498


vwbvbrvrrevrie-->32768Round trip time was  0.357 milliseconds in repetition 499


vwbvbrvrrevrie-->32768Round trip time was  0.258 milliseconds in repetition 500


vwbvbrvrrevrie-->32768Round trip time was  1.462 milliseconds in repetition 501

 ... clock resolution was 1e-06
UDP Ping:  Statistics over 501 repetitions of 32768 byte messages

RTT : percentile 10: 0.231994, median: 0.247993, percentile 90: 0.812977, average: 0.577142, variance: 1.81887

RTT histogram:
0.227994 444
1.14657 27
2.06514 7
2.98372 7
3.90229 7
4.82086 1
5.73944 3
6.65801 1
7.57659 0
8.49516 0
9.41374 2
10.3323 0
11.2509 0
12.1695 1
13.088 0
14.0066 0
14.9252 0
15.8438 0
16.7623 0
17.6809 0
18.5995 1
   median Throughput : 264266 KB/s   overall Throughput : 113553 KB/s

