UDP Ping trying to connect to server localhost (127.0.0.1) on TCP port 1491
 ... connected to Pong server: asking for 501 repetitions of 512 _bytes UDP messages
 ... Pong server agreed to ping-pong using port 62832 :-)


vwbvbrvrrevrie-->512Round trip time was  0.638 milliseconds in repetition 1


vwbvbrvrrevrie-->512Round trip time was  0.272 milliseconds in repetition 2


vwbvbrvrrevrie-->512Round trip time was  0.214 milliseconds in repetition 3


vwbvbrvrrevrie-->512Round trip time was  0.583 milliseconds in repetition 4


vwbvbrvrrevrie-->512Round trip time was  0.210 milliseconds in repetition 5


vwbvbrvrrevrie-->512Round trip time was  0.195 milliseconds in repetition 6


vwbvbrvrrevrie-->512Round trip time was  0.193 milliseconds in repetition 7


vwbvbrvrrevrie-->512Round trip time was  0.191 milliseconds in repetition 8


vwbvbrvrrevrie-->512Round trip time was  0.253 milliseconds in repetition 9


vwbvbrvrrevrie-->512Round trip time was  0.197 milliseconds in repetition 10


vwbvbrvrrevrie-->512Round trip time was  0.192 milliseconds in repetition 11


vwbvbrvrrevrie-->512Round trip time was  0.191 milliseconds in repetition 12


vwbvbrvrrevrie-->512Round trip time was  0.190 milliseconds in repetition 13


vwbvbrvrrevrie-->512Round trip time was  0.189 milliseconds in repetition 14


vwbvbrvrrevrie-->512Round trip time was  0.190 milliseconds in repetition 15


vwbvbrvrrevrie-->512Round trip time was  2.058 milliseconds in repetition 16


vwbvbrvrrevrie-->512Round trip time was  0.245 milliseconds in repetition 17


vwbvbrvrrevrie-->512Round trip time was  0.205 milliseconds in repetition 18


vwbvbrvrrevrie-->512Round trip time was  0.198 milliseconds in repetition 19


vwbvbrvrrevrie-->512Round trip time was  0.197 milliseconds in repetition 20


vwbvbrvrrevrie-->512Round trip time was  0.199 milliseconds in repetition 21


vwbvbrvrrevrie-->512Round trip time was  0.192 milliseconds in repetition 22


vwbvbrvrrevrie-->512Round trip time was  0.253 milliseconds in repetition 23


vwbvbrvrrevrie-->512Round trip time was  0.211 milliseconds in repetition 24


vwbvbrvrrevrie-->512Round trip time was  0.197 milliseconds in repetition 25


vwbvbrvrrevrie-->512Round trip time was  0.194 milliseconds in repetition 26


vwbvbrvrrevrie-->512Round trip time was  0.193 milliseconds in repetition 27


vwbvbrvrrevrie-->512Round trip time was  0.192 milliseconds in repetition 28


vwbvbrvrrevrie-->512Round trip time was  0.191 milliseconds in repetition 29


vwbvbrvrrevrie-->512Round trip time was  0.193 milliseconds in repetition 30


vwbvbrvrrevrie-->512Round trip time was  0.192 milliseconds in repetition 31


vwbvbrvrrevrie-->512Round trip time was  0.561 milliseconds in repetition 32


vwbvbrvrrevrie-->512Round trip time was  0.201 milliseconds in repetition 33


vwbvbrvrrevrie-->512Round trip time was  0.195 milliseconds in repetition 34


vwbvbrvrrevrie-->512Round trip time was  0.191 milliseconds in repetition 35


vwbvbrvrrevrie-->512Round trip time was  4.570 milliseconds in repetition 36


vwbvbrvrrevrie-->512Round trip time was  1.169 milliseconds in repetition 37


vwbvbrvrrevrie-->512Round trip time was  0.218 milliseconds in repetition 38


vwbvbrvrrevrie-->512Round trip time was  0.202 milliseconds in repetition 39


vwbvbrvrrevrie-->512Round trip time was  0.197 milliseconds in repetition 40


vwbvbrvrrevrie-->512Round trip time was  0.194 milliseconds in repetition 41


vwbvbrvrrevrie-->512Round trip time was  1.621 milliseconds in repetition 42


vwbvbrvrrevrie-->512Round trip time was  0.217 milliseconds in repetition 43


vwbvbrvrrevrie-->512Round trip time was  0.199 milliseconds in repetition 44


vwbvbrvrrevrie-->512Round trip time was  0.196 milliseconds in repetition 45


vwbvbrvrrevrie-->512Round trip time was  0.196 milliseconds in repetition 46


vwbvbrvrrevrie-->512Round trip time was  0.974 milliseconds in repetition 47


vwbvbrvrrevrie-->512Round trip time was  0.214 milliseconds in repetition 48


vwbvbrvrrevrie-->512Round trip time was  0.198 milliseconds in repetition 49


vwbvbrvrrevrie-->512Round trip time was  0.588 milliseconds in repetition 50


vwbvbrvrrevrie-->512Round trip time was  0.205 milliseconds in repetition 51


vwbvbrvrrevrie-->512Round trip time was  1.580 milliseconds in repetition 52


vwbvbrvrrevrie-->512Round trip time was  0.240 milliseconds in repetition 53


vwbvbrvrrevrie-->512Round trip time was  0.219 milliseconds in repetition 54


vwbvbrvrrevrie-->512Round trip time was  0.196 milliseconds in repetition 55


vwbvbrvrrevrie-->512Round trip time was  0.196 milliseconds in repetition 56


vwbvbrvrrevrie-->512Round trip time was  0.238 milliseconds in repetition 57


vwbvbrvrrevrie-->512Round trip time was  0.195 milliseconds in repetition 58


vwbvbrvrrevrie-->512Round trip time was  0.192 milliseconds in repetition 59


vwbvbrvrrevrie-->512Round trip time was  0.190 milliseconds in repetition 60


vwbvbrvrrevrie-->512Round trip time was  0.190 milliseconds in repetition 61


vwbvbrvrrevrie-->512Round trip time was  0.189 milliseconds in repetition 62


vwbvbrvrrevrie-->512Round trip time was  0.190 milliseconds in repetition 63


vwbvbrvrrevrie-->512Round trip time was  3.243 milliseconds in repetition 64


vwbvbrvrrevrie-->512Round trip time was  0.376 milliseconds in repetition 65


vwbvbrvrrevrie-->512Round trip time was  0.205 milliseconds in repetition 66


vwbvbrvrrevrie-->512Round trip time was  0.205 milliseconds in repetition 67


vwbvbrvrrevrie-->512Round trip time was  0.191 milliseconds in repetition 68


vwbvbrvrrevrie-->512Round trip time was  0.196 milliseconds in repetition 69


vwbvbrvrrevrie-->512Round trip time was  0.189 milliseconds in repetition 70


vwbvbrvrrevrie-->512Round trip time was  0.191 milliseconds in repetition 71


vwbvbrvrrevrie-->512Round trip time was  5.672 milliseconds in repetition 72


vwbvbrvrrevrie-->512Round trip time was  0.319 milliseconds in repetition 73


vwbvbrvrrevrie-->512Round trip time was  0.203 milliseconds in repetition 74


vwbvbrvrrevrie-->512Round trip time was  2.539 milliseconds in repetition 75


vwbvbrvrrevrie-->512Round trip time was  0.226 milliseconds in repetition 76


vwbvbrvrrevrie-->512Round trip time was  0.202 milliseconds in repetition 77


vwbvbrvrrevrie-->512Round trip time was  0.196 milliseconds in repetition 78


vwbvbrvrrevrie-->512Round trip time was  0.193 milliseconds in repetition 79


vwbvbrvrrevrie-->512Round trip time was  0.192 milliseconds in repetition 80


vwbvbrvrrevrie-->512Round trip time was  0.190 milliseconds in repetition 81


vwbvbrvrrevrie-->512Round trip time was  0.190 milliseconds in repetition 82


vwbvbrvrrevrie-->512Round trip time was  0.192 milliseconds in repetition 83


vwbvbrvrrevrie-->512Round trip time was  0.190 milliseconds in repetition 84


vwbvbrvrrevrie-->512Round trip time was  2.251 milliseconds in repetition 85


vwbvbrvrrevrie-->512Round trip time was  0.231 milliseconds in repetition 86


vwbvbrvrrevrie-->512Round trip time was  0.196 milliseconds in repetition 87


vwbvbrvrrevrie-->512Round trip time was  0.192 milliseconds in repetition 88


vwbvbrvrrevrie-->512Round trip time was  0.191 milliseconds in repetition 89


vwbvbrvrrevrie-->512Round trip time was  0.194 milliseconds in repetition 90


vwbvbrvrrevrie-->512Round trip time was  0.188 milliseconds in repetition 91


vwbvbrvrrevrie-->512Round trip time was  0.190 milliseconds in repetition 92


vwbvbrvrrevrie-->512Round trip time was  0.190 milliseconds in repetition 93


vwbvbrvrrevrie-->512Round trip time was  0.190 milliseconds in repetition 94


vwbvbrvrrevrie-->512Round trip time was  0.195 milliseconds in repetition 95


vwbvbrvrrevrie-->512Round trip time was  0.188 milliseconds in repetition 96


vwbvbrvrrevrie-->512Round trip time was  0.188 milliseconds in repetition 97


vwbvbrvrrevrie-->512Round trip time was  2.456 milliseconds in repetition 98


vwbvbrvrrevrie-->512Round trip time was  0.265 milliseconds in repetition 99


vwbvbrvrrevrie-->512Round trip time was  0.204 milliseconds in repetition 100


vwbvbrvrrevrie-->512Round trip time was  0.198 milliseconds in repetition 101


vwbvbrvrrevrie-->512Round trip time was  0.447 milliseconds in repetition 102


vwbvbrvrrevrie-->512Round trip time was  0.207 milliseconds in repetition 103


vwbvbrvrrevrie-->512Round trip time was  0.197 milliseconds in repetition 104


vwbvbrvrrevrie-->512Round trip time was  0.196 milliseconds in repetition 105


vwbvbrvrrevrie-->512Round trip time was  0.196 milliseconds in repetition 106


vwbvbrvrrevrie-->512Round trip time was  0.191 milliseconds in repetition 107


vwbvbrvrrevrie-->512Round trip time was  0.191 milliseconds in repetition 108


vwbvbrvrrevrie-->512Round trip time was  0.190 milliseconds in repetition 109


vwbvbrvrrevrie-->512Round trip time was  0.189 milliseconds in repetition 110


vwbvbrvrrevrie-->512Round trip time was  0.187 milliseconds in repetition 111


vwbvbrvrrevrie-->512Round trip time was  0.188 milliseconds in repetition 112


vwbvbrvrrevrie-->512Round trip time was  0.187 milliseconds in repetition 113


vwbvbrvrrevrie-->512Round trip time was  0.186 milliseconds in repetition 114


vwbvbrvrrevrie-->512Round trip time was  0.301 milliseconds in repetition 115


vwbvbrvrrevrie-->512Round trip time was  2.386 milliseconds in repetition 116


vwbvbrvrrevrie-->512Round trip time was  1.251 milliseconds in repetition 117


vwbvbrvrrevrie-->512Round trip time was  0.220 milliseconds in repetition 118


vwbvbrvrrevrie-->512Round trip time was  0.199 milliseconds in repetition 119


vwbvbrvrrevrie-->512Round trip time was  0.194 milliseconds in repetition 120


vwbvbrvrrevrie-->512Round trip time was  0.191 milliseconds in repetition 121


vwbvbrvrrevrie-->512Round trip time was  0.234 milliseconds in repetition 122


vwbvbrvrrevrie-->512Round trip time was  0.493 milliseconds in repetition 123


vwbvbrvrrevrie-->512Round trip time was  0.201 milliseconds in repetition 124


vwbvbrvrrevrie-->512Round trip time was  0.192 milliseconds in repetition 125


vwbvbrvrrevrie-->512Round trip time was  4.810 milliseconds in repetition 126


vwbvbrvrrevrie-->512Round trip time was  1.608 milliseconds in repetition 127


vwbvbrvrrevrie-->512Round trip time was  0.220 milliseconds in repetition 128


vwbvbrvrrevrie-->512Round trip time was  0.199 milliseconds in repetition 129


vwbvbrvrrevrie-->512Round trip time was  0.200 milliseconds in repetition 130


vwbvbrvrrevrie-->512Round trip time was  0.190 milliseconds in repetition 131


vwbvbrvrrevrie-->512Round trip time was  0.989 milliseconds in repetition 132


vwbvbrvrrevrie-->512Round trip time was  0.222 milliseconds in repetition 133


vwbvbrvrrevrie-->512Round trip time was  0.199 milliseconds in repetition 134


vwbvbrvrrevrie-->512Round trip time was  0.195 milliseconds in repetition 135


vwbvbrvrrevrie-->512Round trip time was  0.194 milliseconds in repetition 136


vwbvbrvrrevrie-->512Round trip time was  0.193 milliseconds in repetition 137


vwbvbrvrrevrie-->512Round trip time was  0.313 milliseconds in repetition 138


vwbvbrvrrevrie-->512Round trip time was  0.197 milliseconds in repetition 139


vwbvbrvrrevrie-->512Round trip time was  0.201 milliseconds in repetition 140


vwbvbrvrrevrie-->512Round trip time was  0.193 milliseconds in repetition 141


vwbvbrvrrevrie-->512Round trip time was  0.192 milliseconds in repetition 142


vwbvbrvrrevrie-->512Round trip time was  0.193 milliseconds in repetition 143


vwbvbrvrrevrie-->512Round trip time was  3.773 milliseconds in repetition 144


vwbvbrvrrevrie-->512Round trip time was  0.336 milliseconds in repetition 145


vwbvbrvrrevrie-->512Round trip time was  0.194 milliseconds in repetition 146


vwbvbrvrrevrie-->512Round trip time was  0.189 milliseconds in repetition 147


vwbvbrvrrevrie-->512Round trip time was  0.190 milliseconds in repetition 148


vwbvbrvrrevrie-->512Round trip time was  0.189 milliseconds in repetition 149


vwbvbrvrrevrie-->512Round trip time was  0.842 milliseconds in repetition 150


vwbvbrvrrevrie-->512Round trip time was  0.204 milliseconds in repetition 151


vwbvbrvrrevrie-->512Round trip time was  0.191 milliseconds in repetition 152


vwbvbrvrrevrie-->512Round trip time was  0.434 milliseconds in repetition 153


vwbvbrvrrevrie-->512Round trip time was  2.484 milliseconds in repetition 154


vwbvbrvrrevrie-->512Round trip time was  0.293 milliseconds in repetition 155


vwbvbrvrrevrie-->512Round trip time was  0.197 milliseconds in repetition 156


vwbvbrvrrevrie-->512Round trip time was  0.199 milliseconds in repetition 157


vwbvbrvrrevrie-->512Round trip time was  0.193 milliseconds in repetition 158


vwbvbrvrrevrie-->512Round trip time was  0.510 milliseconds in repetition 159


vwbvbrvrrevrie-->512Round trip time was  0.213 milliseconds in repetition 160


vwbvbrvrrevrie-->512Round trip time was  0.196 milliseconds in repetition 161


vwbvbrvrrevrie-->512Round trip time was  0.305 milliseconds in repetition 162


vwbvbrvrrevrie-->512Round trip time was  0.905 milliseconds in repetition 163


vwbvbrvrrevrie-->512Round trip time was  0.210 milliseconds in repetition 164


vwbvbrvrrevrie-->512Round trip time was  0.195 milliseconds in repetition 165


vwbvbrvrrevrie-->512Round trip time was  0.260 milliseconds in repetition 166


vwbvbrvrrevrie-->-1Round trip time was 14.175 milliseconds in repetition 167


vwbvbrvrrevrie-->512Round trip time was  1.888 milliseconds in repetition 168


vwbvbrvrrevrie-->512Round trip time was  0.306 milliseconds in repetition 169


vwbvbrvrrevrie-->512Round trip time was  0.220 milliseconds in repetition 170


vwbvbrvrrevrie-->512Round trip time was  0.212 milliseconds in repetition 171


vwbvbrvrrevrie-->512Round trip time was  0.211 milliseconds in repetition 172


vwbvbrvrrevrie-->512Round trip time was  0.207 milliseconds in repetition 173


vwbvbrvrrevrie-->512Round trip time was  1.805 milliseconds in repetition 174


vwbvbrvrrevrie-->512Round trip time was  0.412 milliseconds in repetition 175


vwbvbrvrrevrie-->512Round trip time was  0.232 milliseconds in repetition 176


vwbvbrvrrevrie-->512Round trip time was  0.220 milliseconds in repetition 177


vwbvbrvrrevrie-->512Round trip time was  0.669 milliseconds in repetition 178


vwbvbrvrrevrie-->512Round trip time was  0.228 milliseconds in repetition 179


vwbvbrvrrevrie-->512Round trip time was  0.217 milliseconds in repetition 180


vwbvbrvrrevrie-->512Round trip time was  1.552 milliseconds in repetition 181


vwbvbrvrrevrie-->512Round trip time was  0.315 milliseconds in repetition 182


vwbvbrvrrevrie-->512Round trip time was  0.220 milliseconds in repetition 183


vwbvbrvrrevrie-->512Round trip time was  0.214 milliseconds in repetition 184


vwbvbrvrrevrie-->512Round trip time was  0.213 milliseconds in repetition 185


vwbvbrvrrevrie-->512Round trip time was  0.372 milliseconds in repetition 186


vwbvbrvrrevrie-->512Round trip time was  0.218 milliseconds in repetition 187


vwbvbrvrrevrie-->512Round trip time was  0.211 milliseconds in repetition 188


vwbvbrvrrevrie-->512Round trip time was  0.209 milliseconds in repetition 189


vwbvbrvrrevrie-->512Round trip time was  0.208 milliseconds in repetition 190


vwbvbrvrrevrie-->512Round trip time was  1.323 milliseconds in repetition 191


vwbvbrvrrevrie-->512Round trip time was  0.244 milliseconds in repetition 192


vwbvbrvrrevrie-->512Round trip time was  0.214 milliseconds in repetition 193


vwbvbrvrrevrie-->512Round trip time was  0.210 milliseconds in repetition 194


vwbvbrvrrevrie-->512Round trip time was  0.208 milliseconds in repetition 195


vwbvbrvrrevrie-->512Round trip time was  0.209 milliseconds in repetition 196


vwbvbrvrrevrie-->512Round trip time was  0.208 milliseconds in repetition 197


vwbvbrvrrevrie-->512Round trip time was  1.201 milliseconds in repetition 198


vwbvbrvrrevrie-->512Round trip time was  0.254 milliseconds in repetition 199


vwbvbrvrrevrie-->512Round trip time was  0.277 milliseconds in repetition 200


vwbvbrvrrevrie-->512Round trip time was  0.226 milliseconds in repetition 201


vwbvbrvrrevrie-->512Round trip time was  0.219 milliseconds in repetition 202


vwbvbrvrrevrie-->512Round trip time was  0.204 milliseconds in repetition 203


vwbvbrvrrevrie-->512Round trip time was  0.226 milliseconds in repetition 204


vwbvbrvrrevrie-->512Round trip time was  1.260 milliseconds in repetition 205


vwbvbrvrrevrie-->512Round trip time was  0.252 milliseconds in repetition 206


vwbvbrvrrevrie-->512Round trip time was  0.208 milliseconds in repetition 207


vwbvbrvrrevrie-->512Round trip time was  0.198 milliseconds in repetition 208


vwbvbrvrrevrie-->512Round trip time was  0.195 milliseconds in repetition 209


vwbvbrvrrevrie-->512Round trip time was  1.279 milliseconds in repetition 210


vwbvbrvrrevrie-->512Round trip time was  0.243 milliseconds in repetition 211


vwbvbrvrrevrie-->512Round trip time was  0.203 milliseconds in repetition 212


vwbvbrvrrevrie-->512Round trip time was  0.200 milliseconds in repetition 213


vwbvbrvrrevrie-->512Round trip time was  0.194 milliseconds in repetition 214


vwbvbrvrrevrie-->512Round trip time was  0.194 milliseconds in repetition 215


vwbvbrvrrevrie-->512Round trip time was  0.192 milliseconds in repetition 216


vwbvbrvrrevrie-->512Round trip time was  0.194 milliseconds in repetition 217


vwbvbrvrrevrie-->512Round trip time was  0.195 milliseconds in repetition 218


vwbvbrvrrevrie-->512Round trip time was  0.192 milliseconds in repetition 219


vwbvbrvrrevrie-->512Round trip time was  0.190 milliseconds in repetition 220


vwbvbrvrrevrie-->512Round trip time was  0.192 milliseconds in repetition 221


vwbvbrvrrevrie-->512Round trip time was  0.430 milliseconds in repetition 222


vwbvbrvrrevrie-->512Round trip time was  0.197 milliseconds in repetition 223


vwbvbrvrrevrie-->512Round trip time was  0.192 milliseconds in repetition 224


vwbvbrvrrevrie-->512Round trip time was  1.093 milliseconds in repetition 225


vwbvbrvrrevrie-->512Round trip time was  0.273 milliseconds in repetition 226


vwbvbrvrrevrie-->512Round trip time was  0.206 milliseconds in repetition 227


vwbvbrvrrevrie-->512Round trip time was  0.226 milliseconds in repetition 228


vwbvbrvrrevrie-->512Round trip time was  0.194 milliseconds in repetition 229


vwbvbrvrrevrie-->512Round trip time was  0.558 milliseconds in repetition 230


vwbvbrvrrevrie-->512Round trip time was  0.215 milliseconds in repetition 231


vwbvbrvrrevrie-->512Round trip time was  0.197 milliseconds in repetition 232


vwbvbrvrrevrie-->512Round trip time was  0.857 milliseconds in repetition 233


vwbvbrvrrevrie-->512Round trip time was  0.210 milliseconds in repetition 234


vwbvbrvrrevrie-->512Round trip time was  0.194 milliseconds in repetition 235


vwbvbrvrrevrie-->512Round trip time was  1.007 milliseconds in repetition 236


vwbvbrvrrevrie-->512Round trip time was  0.206 milliseconds in repetition 237


vwbvbrvrrevrie-->512Round trip time was  0.199 milliseconds in repetition 238


vwbvbrvrrevrie-->512Round trip time was  0.195 milliseconds in repetition 239


vwbvbrvrrevrie-->512Round trip time was  0.193 milliseconds in repetition 240


vwbvbrvrrevrie-->512Round trip time was  0.196 milliseconds in repetition 241


vwbvbrvrrevrie-->512Round trip time was  1.539 milliseconds in repetition 242


vwbvbrvrrevrie-->512Round trip time was  0.297 milliseconds in repetition 243


vwbvbrvrrevrie-->512Round trip time was  0.200 milliseconds in repetition 244


vwbvbrvrrevrie-->512Round trip time was  0.216 milliseconds in repetition 245


vwbvbrvrrevrie-->512Round trip time was  0.203 milliseconds in repetition 246


vwbvbrvrrevrie-->512Round trip time was  0.195 milliseconds in repetition 247


vwbvbrvrrevrie-->512Round trip time was  0.197 milliseconds in repetition 248


vwbvbrvrrevrie-->512Round trip time was  0.195 milliseconds in repetition 249


vwbvbrvrrevrie-->512Round trip time was  1.113 milliseconds in repetition 250


vwbvbrvrrevrie-->512Round trip time was  0.224 milliseconds in repetition 251


vwbvbrvrrevrie-->512Round trip time was  0.204 milliseconds in repetition 252


vwbvbrvrrevrie-->512Round trip time was  0.271 milliseconds in repetition 253


vwbvbrvrrevrie-->512Round trip time was  0.291 milliseconds in repetition 254


vwbvbrvrrevrie-->512Round trip time was  1.209 milliseconds in repetition 255


vwbvbrvrrevrie-->512Round trip time was  0.267 milliseconds in repetition 256


vwbvbrvrrevrie-->512Round trip time was  0.205 milliseconds in repetition 257


vwbvbrvrrevrie-->512Round trip time was  0.198 milliseconds in repetition 258


vwbvbrvrrevrie-->512Round trip time was  0.198 milliseconds in repetition 259


vwbvbrvrrevrie-->512Round trip time was  0.197 milliseconds in repetition 260


vwbvbrvrrevrie-->512Round trip time was  0.197 milliseconds in repetition 261


vwbvbrvrrevrie-->512Round trip time was  0.192 milliseconds in repetition 262


vwbvbrvrrevrie-->512Round trip time was  0.190 milliseconds in repetition 263


vwbvbrvrrevrie-->512Round trip time was  0.190 milliseconds in repetition 264


vwbvbrvrrevrie-->512Round trip time was  0.364 milliseconds in repetition 265


vwbvbrvrrevrie-->512Round trip time was  1.684 milliseconds in repetition 266


vwbvbrvrrevrie-->512Round trip time was  0.847 milliseconds in repetition 267


vwbvbrvrrevrie-->512Round trip time was  0.216 milliseconds in repetition 268


vwbvbrvrrevrie-->512Round trip time was  0.201 milliseconds in repetition 269


vwbvbrvrrevrie-->512Round trip time was  0.861 milliseconds in repetition 270


vwbvbrvrrevrie-->512Round trip time was  0.214 milliseconds in repetition 271


vwbvbrvrrevrie-->512Round trip time was  0.194 milliseconds in repetition 272


vwbvbrvrrevrie-->512Round trip time was  0.191 milliseconds in repetition 273


vwbvbrvrrevrie-->512Round trip time was  0.190 milliseconds in repetition 274


vwbvbrvrrevrie-->512Round trip time was  0.829 milliseconds in repetition 275


vwbvbrvrrevrie-->512Round trip time was  0.219 milliseconds in repetition 276


vwbvbrvrrevrie-->512Round trip time was  0.205 milliseconds in repetition 277


vwbvbrvrrevrie-->512Round trip time was  0.198 milliseconds in repetition 278


vwbvbrvrrevrie-->512Round trip time was  0.197 milliseconds in repetition 279


vwbvbrvrrevrie-->512Round trip time was  0.196 milliseconds in repetition 280


vwbvbrvrrevrie-->512Round trip time was  0.784 milliseconds in repetition 281


vwbvbrvrrevrie-->512Round trip time was  0.217 milliseconds in repetition 282


vwbvbrvrrevrie-->512Round trip time was  0.196 milliseconds in repetition 283


vwbvbrvrrevrie-->512Round trip time was  0.193 milliseconds in repetition 284


vwbvbrvrrevrie-->512Round trip time was  0.192 milliseconds in repetition 285


vwbvbrvrrevrie-->512Round trip time was  0.880 milliseconds in repetition 286


vwbvbrvrrevrie-->512Round trip time was  0.203 milliseconds in repetition 287


vwbvbrvrrevrie-->512Round trip time was  0.191 milliseconds in repetition 288


vwbvbrvrrevrie-->512Round trip time was  0.196 milliseconds in repetition 289


vwbvbrvrrevrie-->512Round trip time was  1.100 milliseconds in repetition 290


vwbvbrvrrevrie-->512Round trip time was  0.251 milliseconds in repetition 291


vwbvbrvrrevrie-->512Round trip time was  0.217 milliseconds in repetition 292


vwbvbrvrrevrie-->512Round trip time was  0.193 milliseconds in repetition 293


vwbvbrvrrevrie-->512Round trip time was  1.162 milliseconds in repetition 294


vwbvbrvrrevrie-->512Round trip time was  0.241 milliseconds in repetition 295


vwbvbrvrrevrie-->512Round trip time was  0.198 milliseconds in repetition 296


vwbvbrvrrevrie-->512Round trip time was  0.192 milliseconds in repetition 297


vwbvbrvrrevrie-->512Round trip time was  0.190 milliseconds in repetition 298


vwbvbrvrrevrie-->512Round trip time was  0.203 milliseconds in repetition 299


vwbvbrvrrevrie-->512Round trip time was  0.188 milliseconds in repetition 300


vwbvbrvrrevrie-->512Round trip time was  0.189 milliseconds in repetition 301


vwbvbrvrrevrie-->512Round trip time was  0.862 milliseconds in repetition 302


vwbvbrvrrevrie-->512Round trip time was  0.212 milliseconds in repetition 303


vwbvbrvrrevrie-->512Round trip time was  0.200 milliseconds in repetition 304


vwbvbrvrrevrie-->512Round trip time was  0.193 milliseconds in repetition 305


vwbvbrvrrevrie-->512Round trip time was  0.193 milliseconds in repetition 306


vwbvbrvrrevrie-->512Round trip time was  0.900 milliseconds in repetition 307


vwbvbrvrrevrie-->512Round trip time was  0.221 milliseconds in repetition 308


vwbvbrvrrevrie-->512Round trip time was  0.197 milliseconds in repetition 309


vwbvbrvrrevrie-->512Round trip time was  0.806 milliseconds in repetition 310


vwbvbrvrrevrie-->512Round trip time was  0.208 milliseconds in repetition 311


vwbvbrvrrevrie-->512Round trip time was  0.202 milliseconds in repetition 312


vwbvbrvrrevrie-->512Round trip time was  0.198 milliseconds in repetition 313


vwbvbrvrrevrie-->512Round trip time was  0.193 milliseconds in repetition 314


vwbvbrvrrevrie-->512Round trip time was  0.191 milliseconds in repetition 315


vwbvbrvrrevrie-->512Round trip time was  0.482 milliseconds in repetition 316


vwbvbrvrrevrie-->512Round trip time was  0.200 milliseconds in repetition 317


vwbvbrvrrevrie-->512Round trip time was  0.906 milliseconds in repetition 318


vwbvbrvrrevrie-->512Round trip time was  0.213 milliseconds in repetition 319


vwbvbrvrrevrie-->512Round trip time was  0.195 milliseconds in repetition 320


vwbvbrvrrevrie-->512Round trip time was  0.189 milliseconds in repetition 321


vwbvbrvrrevrie-->512Round trip time was  0.190 milliseconds in repetition 322


vwbvbrvrrevrie-->512Round trip time was  0.188 milliseconds in repetition 323


vwbvbrvrrevrie-->512Round trip time was  0.188 milliseconds in repetition 324


vwbvbrvrrevrie-->512Round trip time was  1.035 milliseconds in repetition 325


vwbvbrvrrevrie-->512Round trip time was  0.221 milliseconds in repetition 326


vwbvbrvrrevrie-->512Round trip time was  0.191 milliseconds in repetition 327


vwbvbrvrrevrie-->512Round trip time was  0.189 milliseconds in repetition 328


vwbvbrvrrevrie-->512Round trip time was  0.188 milliseconds in repetition 329


vwbvbrvrrevrie-->512Round trip time was  0.188 milliseconds in repetition 330


vwbvbrvrrevrie-->512Round trip time was  0.188 milliseconds in repetition 331


vwbvbrvrrevrie-->512Round trip time was  0.188 milliseconds in repetition 332


vwbvbrvrrevrie-->512Round trip time was  0.867 milliseconds in repetition 333


vwbvbrvrrevrie-->512Round trip time was  0.220 milliseconds in repetition 334


vwbvbrvrrevrie-->512Round trip time was  0.202 milliseconds in repetition 335


vwbvbrvrrevrie-->512Round trip time was  0.234 milliseconds in repetition 336


vwbvbrvrrevrie-->512Round trip time was  0.584 milliseconds in repetition 337


vwbvbrvrrevrie-->512Round trip time was  0.210 milliseconds in repetition 338


vwbvbrvrrevrie-->512Round trip time was  0.193 milliseconds in repetition 339


vwbvbrvrrevrie-->512Round trip time was  0.821 milliseconds in repetition 340


vwbvbrvrrevrie-->512Round trip time was  0.206 milliseconds in repetition 341


vwbvbrvrrevrie-->512Round trip time was  0.190 milliseconds in repetition 342


vwbvbrvrrevrie-->512Round trip time was  0.938 milliseconds in repetition 343


vwbvbrvrrevrie-->512Round trip time was  0.206 milliseconds in repetition 344


vwbvbrvrrevrie-->512Round trip time was  0.201 milliseconds in repetition 345


vwbvbrvrrevrie-->512Round trip time was  0.197 milliseconds in repetition 346


vwbvbrvrrevrie-->512Round trip time was  0.196 milliseconds in repetition 347


vwbvbrvrrevrie-->512Round trip time was  0.194 milliseconds in repetition 348


vwbvbrvrrevrie-->512Round trip time was  1.310 milliseconds in repetition 349


vwbvbrvrrevrie-->512Round trip time was  0.220 milliseconds in repetition 350


vwbvbrvrrevrie-->512Round trip time was  0.197 milliseconds in repetition 351


vwbvbrvrrevrie-->512Round trip time was  0.194 milliseconds in repetition 352


vwbvbrvrrevrie-->512Round trip time was  0.194 milliseconds in repetition 353


vwbvbrvrrevrie-->512Round trip time was  0.769 milliseconds in repetition 354


vwbvbrvrrevrie-->512Round trip time was  0.208 milliseconds in repetition 355


vwbvbrvrrevrie-->512Round trip time was  0.814 milliseconds in repetition 356


vwbvbrvrrevrie-->512Round trip time was  0.197 milliseconds in repetition 357


vwbvbrvrrevrie-->512Round trip time was  0.414 milliseconds in repetition 358


vwbvbrvrrevrie-->512Round trip time was  0.196 milliseconds in repetition 359


vwbvbrvrrevrie-->512Round trip time was  0.189 milliseconds in repetition 360


vwbvbrvrrevrie-->512Round trip time was  0.347 milliseconds in repetition 361


vwbvbrvrrevrie-->-1Round trip time was 24.038 milliseconds in repetition 362


vwbvbrvrrevrie-->512Round trip time was  0.424 milliseconds in repetition 363


vwbvbrvrrevrie-->512Round trip time was  0.524 milliseconds in repetition 364


vwbvbrvrrevrie-->512Round trip time was  0.206 milliseconds in repetition 365


vwbvbrvrrevrie-->512Round trip time was  0.197 milliseconds in repetition 366


vwbvbrvrrevrie-->512Round trip time was  0.197 milliseconds in repetition 367


vwbvbrvrrevrie-->512Round trip time was  0.196 milliseconds in repetition 368


vwbvbrvrrevrie-->512Round trip time was  0.192 milliseconds in repetition 369


vwbvbrvrrevrie-->512Round trip time was  0.192 milliseconds in repetition 370


vwbvbrvrrevrie-->512Round trip time was  0.191 milliseconds in repetition 371


vwbvbrvrrevrie-->512Round trip time was  0.194 milliseconds in repetition 372


vwbvbrvrrevrie-->512Round trip time was  0.190 milliseconds in repetition 373


vwbvbrvrrevrie-->512Round trip time was  0.189 milliseconds in repetition 374


vwbvbrvrrevrie-->512Round trip time was  0.599 milliseconds in repetition 375


vwbvbrvrrevrie-->512Round trip time was  0.224 milliseconds in repetition 376


vwbvbrvrrevrie-->512Round trip time was  3.341 milliseconds in repetition 377


vwbvbrvrrevrie-->512Round trip time was  0.821 milliseconds in repetition 378


vwbvbrvrrevrie-->512Round trip time was  0.826 milliseconds in repetition 379


vwbvbrvrrevrie-->512Round trip time was  0.284 milliseconds in repetition 380


vwbvbrvrrevrie-->512Round trip time was  1.225 milliseconds in repetition 381


vwbvbrvrrevrie-->512Round trip time was  0.256 milliseconds in repetition 382


vwbvbrvrrevrie-->512Round trip time was  0.204 milliseconds in repetition 383


vwbvbrvrrevrie-->512Round trip time was  0.198 milliseconds in repetition 384


vwbvbrvrrevrie-->512Round trip time was  0.194 milliseconds in repetition 385


vwbvbrvrrevrie-->512Round trip time was  0.194 milliseconds in repetition 386


vwbvbrvrrevrie-->512Round trip time was  0.313 milliseconds in repetition 387


vwbvbrvrrevrie-->512Round trip time was  0.212 milliseconds in repetition 388


vwbvbrvrrevrie-->512Round trip time was  0.191 milliseconds in repetition 389


vwbvbrvrrevrie-->512Round trip time was  0.190 milliseconds in repetition 390


vwbvbrvrrevrie-->512Round trip time was  0.514 milliseconds in repetition 391


vwbvbrvrrevrie-->512Round trip time was  0.198 milliseconds in repetition 392


vwbvbrvrrevrie-->512Round trip time was  0.189 milliseconds in repetition 393


vwbvbrvrrevrie-->512Round trip time was  0.194 milliseconds in repetition 394


vwbvbrvrrevrie-->512Round trip time was  0.189 milliseconds in repetition 395


vwbvbrvrrevrie-->512Round trip time was  0.190 milliseconds in repetition 396


vwbvbrvrrevrie-->512Round trip time was  0.208 milliseconds in repetition 397


vwbvbrvrrevrie-->512Round trip time was  0.321 milliseconds in repetition 398


vwbvbrvrrevrie-->512Round trip time was  0.414 milliseconds in repetition 399


vwbvbrvrrevrie-->512Round trip time was  0.331 milliseconds in repetition 400


vwbvbrvrrevrie-->512Round trip time was  0.370 milliseconds in repetition 401


vwbvbrvrrevrie-->512Round trip time was  0.250 milliseconds in repetition 402


vwbvbrvrrevrie-->512Round trip time was  0.377 milliseconds in repetition 403


vwbvbrvrrevrie-->512Round trip time was  0.217 milliseconds in repetition 404


vwbvbrvrrevrie-->512Round trip time was  4.852 milliseconds in repetition 405


vwbvbrvrrevrie-->512Round trip time was  0.421 milliseconds in repetition 406


vwbvbrvrrevrie-->512Round trip time was  0.232 milliseconds in repetition 407


vwbvbrvrrevrie-->512Round trip time was  0.209 milliseconds in repetition 408


vwbvbrvrrevrie-->512Round trip time was  0.785 milliseconds in repetition 409


vwbvbrvrrevrie-->512Round trip time was  0.211 milliseconds in repetition 410


vwbvbrvrrevrie-->512Round trip time was  0.203 milliseconds in repetition 411


vwbvbrvrrevrie-->512Round trip time was  0.196 milliseconds in repetition 412


vwbvbrvrrevrie-->512Round trip time was  0.229 milliseconds in repetition 413


vwbvbrvrrevrie-->512Round trip time was  0.197 milliseconds in repetition 414


vwbvbrvrrevrie-->512Round trip time was  0.194 milliseconds in repetition 415


vwbvbrvrrevrie-->512Round trip time was  2.178 milliseconds in repetition 416


vwbvbrvrrevrie-->512Round trip time was  0.256 milliseconds in repetition 417


vwbvbrvrrevrie-->512Round trip time was  0.205 milliseconds in repetition 418


vwbvbrvrrevrie-->512Round trip time was  0.202 milliseconds in repetition 419


vwbvbrvrrevrie-->512Round trip time was  0.198 milliseconds in repetition 420


vwbvbrvrrevrie-->512Round trip time was  0.196 milliseconds in repetition 421


vwbvbrvrrevrie-->512Round trip time was  0.200 milliseconds in repetition 422


vwbvbrvrrevrie-->512Round trip time was  0.195 milliseconds in repetition 423


vwbvbrvrrevrie-->512Round trip time was  0.196 milliseconds in repetition 424


vwbvbrvrrevrie-->512Round trip time was  0.195 milliseconds in repetition 425


vwbvbrvrrevrie-->512Round trip time was  0.205 milliseconds in repetition 426


vwbvbrvrrevrie-->512Round trip time was  0.193 milliseconds in repetition 427


vwbvbrvrrevrie-->512Round trip time was  0.193 milliseconds in repetition 428


vwbvbrvrrevrie-->512Round trip time was  0.280 milliseconds in repetition 429


vwbvbrvrrevrie-->512Round trip time was  0.219 milliseconds in repetition 430


vwbvbrvrrevrie-->512Round trip time was  0.205 milliseconds in repetition 431


vwbvbrvrrevrie-->512Round trip time was  0.212 milliseconds in repetition 432


vwbvbrvrrevrie-->512Round trip time was  0.199 milliseconds in repetition 433


vwbvbrvrrevrie-->512Round trip time was  0.195 milliseconds in repetition 434


vwbvbrvrrevrie-->512Round trip time was  0.202 milliseconds in repetition 435


vwbvbrvrrevrie-->512Round trip time was  0.192 milliseconds in repetition 436


vwbvbrvrrevrie-->512Round trip time was  0.192 milliseconds in repetition 437


vwbvbrvrrevrie-->512Round trip time was  0.192 milliseconds in repetition 438


vwbvbrvrrevrie-->512Round trip time was  0.371 milliseconds in repetition 439


vwbvbrvrrevrie-->-1Round trip time was 11.671 milliseconds in repetition 440


vwbvbrvrrevrie-->512Round trip time was  0.280 milliseconds in repetition 441


vwbvbrvrrevrie-->512Round trip time was  0.211 milliseconds in repetition 442


vwbvbrvrrevrie-->512Round trip time was  0.199 milliseconds in repetition 443


vwbvbrvrrevrie-->512Round trip time was  0.192 milliseconds in repetition 444


vwbvbrvrrevrie-->512Round trip time was  0.191 milliseconds in repetition 445


vwbvbrvrrevrie-->512Round trip time was  0.196 milliseconds in repetition 446


vwbvbrvrrevrie-->512Round trip time was  0.191 milliseconds in repetition 447


vwbvbrvrrevrie-->512Round trip time was  0.191 milliseconds in repetition 448


vwbvbrvrrevrie-->512Round trip time was  0.189 milliseconds in repetition 449


vwbvbrvrrevrie-->512Round trip time was  0.208 milliseconds in repetition 450


vwbvbrvrrevrie-->512Round trip time was  0.193 milliseconds in repetition 451


vwbvbrvrrevrie-->512Round trip time was  0.199 milliseconds in repetition 452


vwbvbrvrrevrie-->512Round trip time was  0.192 milliseconds in repetition 453


vwbvbrvrrevrie-->512Round trip time was  0.188 milliseconds in repetition 454


vwbvbrvrrevrie-->512Round trip time was  0.187 milliseconds in repetition 455


vwbvbrvrrevrie-->512Round trip time was  0.192 milliseconds in repetition 456


vwbvbrvrrevrie-->512Round trip time was  0.193 milliseconds in repetition 457


vwbvbrvrrevrie-->512Round trip time was  0.261 milliseconds in repetition 458


vwbvbrvrrevrie-->512Round trip time was  0.188 milliseconds in repetition 459


vwbvbrvrrevrie-->512Round trip time was  0.187 milliseconds in repetition 460


vwbvbrvrrevrie-->512Round trip time was  0.223 milliseconds in repetition 461


vwbvbrvrrevrie-->512Round trip time was  0.195 milliseconds in repetition 462


vwbvbrvrrevrie-->512Round trip time was  0.220 milliseconds in repetition 463


vwbvbrvrrevrie-->512Round trip time was  0.188 milliseconds in repetition 464


vwbvbrvrrevrie-->512Round trip time was  0.189 milliseconds in repetition 465


vwbvbrvrrevrie-->512Round trip time was  0.193 milliseconds in repetition 466


vwbvbrvrrevrie-->512Round trip time was  0.187 milliseconds in repetition 467


vwbvbrvrrevrie-->512Round trip time was  0.193 milliseconds in repetition 468


vwbvbrvrrevrie-->512Round trip time was  4.670 milliseconds in repetition 469


vwbvbrvrrevrie-->512Round trip time was  0.325 milliseconds in repetition 470


vwbvbrvrrevrie-->512Round trip time was  0.334 milliseconds in repetition 471


vwbvbrvrrevrie-->512Round trip time was  0.202 milliseconds in repetition 472


vwbvbrvrrevrie-->512Round trip time was  0.193 milliseconds in repetition 473


vwbvbrvrrevrie-->512Round trip time was  0.194 milliseconds in repetition 474


vwbvbrvrrevrie-->512Round trip time was  0.192 milliseconds in repetition 475


vwbvbrvrrevrie-->512Round trip time was  0.192 milliseconds in repetition 476


vwbvbrvrrevrie-->512Round trip time was  0.310 milliseconds in repetition 477


vwbvbrvrrevrie-->512Round trip time was  1.534 milliseconds in repetition 478


vwbvbrvrrevrie-->512Round trip time was  0.212 milliseconds in repetition 479


vwbvbrvrrevrie-->512Round trip time was  0.197 milliseconds in repetition 480


vwbvbrvrrevrie-->512Round trip time was  0.196 milliseconds in repetition 481


vwbvbrvrrevrie-->512Round trip time was  0.198 milliseconds in repetition 482


vwbvbrvrrevrie-->512Round trip time was  0.191 milliseconds in repetition 483


vwbvbrvrrevrie-->512Round trip time was  0.190 milliseconds in repetition 484


vwbvbrvrrevrie-->512Round trip time was  0.189 milliseconds in repetition 485


vwbvbrvrrevrie-->512Round trip time was  0.188 milliseconds in repetition 486


vwbvbrvrrevrie-->512Round trip time was  0.187 milliseconds in repetition 487


vwbvbrvrrevrie-->512Round trip time was  0.241 milliseconds in repetition 488


vwbvbrvrrevrie-->512Round trip time was  1.535 milliseconds in repetition 489


vwbvbrvrrevrie-->512Round trip time was  0.217 milliseconds in repetition 490


vwbvbrvrrevrie-->512Round trip time was  0.196 milliseconds in repetition 491


vwbvbrvrrevrie-->512Round trip time was  0.191 milliseconds in repetition 492


vwbvbrvrrevrie-->512Round trip time was  0.190 milliseconds in repetition 493


vwbvbrvrrevrie-->512Round trip time was  0.190 milliseconds in repetition 494


vwbvbrvrrevrie-->512Round trip time was  1.814 milliseconds in repetition 495


vwbvbrvrrevrie-->512Round trip time was  0.228 milliseconds in repetition 496


vwbvbrvrrevrie-->512Round trip time was  0.199 milliseconds in repetition 497


vwbvbrvrrevrie-->512Round trip time was  0.202 milliseconds in repetition 498


vwbvbrvrrevrie-->512Round trip time was  0.191 milliseconds in repetition 499


vwbvbrvrrevrie-->512Round trip time was  0.189 milliseconds in repetition 500


vwbvbrvrrevrie-->512Round trip time was  1.352 milliseconds in repetition 501

 ... clock resolution was 1e-06
UDP Ping:  Statistics over 501 repetitions of 512 byte messages

RTT : percentile 10: 0.189995, median: 0.200994, percentile 90: 0.899974, average: 0.508588, variance: 2.14978

RTT histogram:
0.185995 435
1.37861 48
2.57123 7
3.76384 3
4.95646 4
6.14907 1
7.34169 0
8.53431 0
9.72692 0
10.9195 0
12.1122 1
13.3048 0
14.4974 1
15.69 0
16.8826 0
18.0752 0
19.2678 0
20.4605 0
21.6531 0
22.8457 0
24.0383 1
   median Throughput : 5094.68 KB/s   overall Throughput : 2013.42 KB/s

