UDP Ping trying to connect to server localhost (127.0.0.1) on TCP port 1491
 ... connected to Pong server: asking for 501 repetitions of 4096 _bytes UDP messages
 ... Pong server agreed to ping-pong using port 62832 :-)


vwbvbrvrrevrie-->4096Round trip time was  1.051 milliseconds in repetition 1


vwbvbrvrrevrie-->4096Round trip time was  1.529 milliseconds in repetition 2


vwbvbrvrrevrie-->4096Round trip time was  1.509 milliseconds in repetition 3


vwbvbrvrrevrie-->4096Round trip time was  0.231 milliseconds in repetition 4


vwbvbrvrrevrie-->4096Round trip time was  2.601 milliseconds in repetition 5


vwbvbrvrrevrie-->4096Round trip time was  0.288 milliseconds in repetition 6


vwbvbrvrrevrie-->4096Round trip time was  0.221 milliseconds in repetition 7


vwbvbrvrrevrie-->4096Round trip time was  0.212 milliseconds in repetition 8


vwbvbrvrrevrie-->4096Round trip time was  0.216 milliseconds in repetition 9


vwbvbrvrrevrie-->4096Round trip time was  0.263 milliseconds in repetition 10


vwbvbrvrrevrie-->4096Round trip time was  0.211 milliseconds in repetition 11


vwbvbrvrrevrie-->4096Round trip time was  0.212 milliseconds in repetition 12


vwbvbrvrrevrie-->4096Round trip time was  0.206 milliseconds in repetition 13


vwbvbrvrrevrie-->4096Round trip time was  0.204 milliseconds in repetition 14


vwbvbrvrrevrie-->4096Round trip time was  0.204 milliseconds in repetition 15


vwbvbrvrrevrie-->4096Round trip time was  0.211 milliseconds in repetition 16


vwbvbrvrrevrie-->4096Round trip time was  4.032 milliseconds in repetition 17


vwbvbrvrrevrie-->4096Round trip time was  0.248 milliseconds in repetition 18


vwbvbrvrrevrie-->4096Round trip time was  0.208 milliseconds in repetition 19


vwbvbrvrrevrie-->4096Round trip time was  0.202 milliseconds in repetition 20


vwbvbrvrrevrie-->4096Round trip time was  0.201 milliseconds in repetition 21


vwbvbrvrrevrie-->4096Round trip time was  0.202 milliseconds in repetition 22


vwbvbrvrrevrie-->4096Round trip time was  0.204 milliseconds in repetition 23


vwbvbrvrrevrie-->4096Round trip time was  0.198 milliseconds in repetition 24


vwbvbrvrrevrie-->4096Round trip time was  0.197 milliseconds in repetition 25


vwbvbrvrrevrie-->4096Round trip time was  0.198 milliseconds in repetition 26


vwbvbrvrrevrie-->4096Round trip time was  0.553 milliseconds in repetition 27


vwbvbrvrrevrie-->4096Round trip time was  0.244 milliseconds in repetition 28


vwbvbrvrrevrie-->4096Round trip time was  3.225 milliseconds in repetition 29


vwbvbrvrrevrie-->4096Round trip time was  0.289 milliseconds in repetition 30


vwbvbrvrrevrie-->4096Round trip time was  0.214 milliseconds in repetition 31


vwbvbrvrrevrie-->4096Round trip time was  0.209 milliseconds in repetition 32


vwbvbrvrrevrie-->4096Round trip time was  0.205 milliseconds in repetition 33


vwbvbrvrrevrie-->4096Round trip time was  0.204 milliseconds in repetition 34


vwbvbrvrrevrie-->4096Round trip time was  0.204 milliseconds in repetition 35


vwbvbrvrrevrie-->4096Round trip time was  0.210 milliseconds in repetition 36


vwbvbrvrrevrie-->4096Round trip time was  0.206 milliseconds in repetition 37


vwbvbrvrrevrie-->4096Round trip time was  0.202 milliseconds in repetition 38


vwbvbrvrrevrie-->4096Round trip time was  6.600 milliseconds in repetition 39


vwbvbrvrrevrie-->4096Round trip time was  0.642 milliseconds in repetition 40


vwbvbrvrrevrie-->4096Round trip time was  0.251 milliseconds in repetition 41


vwbvbrvrrevrie-->4096Round trip time was  1.597 milliseconds in repetition 42


vwbvbrvrrevrie-->4096Round trip time was  2.942 milliseconds in repetition 43


vwbvbrvrrevrie-->4096Round trip time was  0.306 milliseconds in repetition 44


vwbvbrvrrevrie-->4096Round trip time was  0.228 milliseconds in repetition 45


vwbvbrvrrevrie-->4096Round trip time was  0.308 milliseconds in repetition 46


vwbvbrvrrevrie-->4096Round trip time was  0.264 milliseconds in repetition 47


vwbvbrvrrevrie-->4096Round trip time was  2.069 milliseconds in repetition 48


vwbvbrvrrevrie-->4096Round trip time was  0.947 milliseconds in repetition 49


vwbvbrvrrevrie-->4096Round trip time was 11.803 milliseconds in repetition 50


vwbvbrvrrevrie-->4096Round trip time was  0.427 milliseconds in repetition 51


vwbvbrvrrevrie-->4096Round trip time was  0.252 milliseconds in repetition 52


vwbvbrvrrevrie-->4096Round trip time was  0.223 milliseconds in repetition 53


vwbvbrvrrevrie-->4096Round trip time was  0.236 milliseconds in repetition 54


vwbvbrvrrevrie-->4096Round trip time was  0.219 milliseconds in repetition 55


vwbvbrvrrevrie-->4096Round trip time was  0.223 milliseconds in repetition 56


vwbvbrvrrevrie-->4096Round trip time was  0.217 milliseconds in repetition 57


vwbvbrvrrevrie-->4096Round trip time was  0.219 milliseconds in repetition 58


vwbvbrvrrevrie-->4096Round trip time was  0.219 milliseconds in repetition 59


vwbvbrvrrevrie-->4096Round trip time was  0.214 milliseconds in repetition 60


vwbvbrvrrevrie-->4096Round trip time was  0.217 milliseconds in repetition 61


vwbvbrvrrevrie-->4096Round trip time was  0.212 milliseconds in repetition 62


vwbvbrvrrevrie-->4096Round trip time was  0.215 milliseconds in repetition 63


vwbvbrvrrevrie-->4096Round trip time was  0.211 milliseconds in repetition 64


vwbvbrvrrevrie-->4096Round trip time was  0.211 milliseconds in repetition 65


vwbvbrvrrevrie-->4096Round trip time was  0.210 milliseconds in repetition 66


vwbvbrvrrevrie-->4096Round trip time was  0.210 milliseconds in repetition 67


vwbvbrvrrevrie-->4096Round trip time was  0.454 milliseconds in repetition 68


vwbvbrvrrevrie-->4096Round trip time was  6.000 milliseconds in repetition 69


vwbvbrvrrevrie-->4096Round trip time was  0.405 milliseconds in repetition 70


vwbvbrvrrevrie-->4096Round trip time was  0.608 milliseconds in repetition 71


vwbvbrvrrevrie-->4096Round trip time was  0.594 milliseconds in repetition 72


vwbvbrvrrevrie-->4096Round trip time was  4.755 milliseconds in repetition 73


vwbvbrvrrevrie-->4096Round trip time was  0.468 milliseconds in repetition 74


vwbvbrvrrevrie-->4096Round trip time was  0.235 milliseconds in repetition 75


vwbvbrvrrevrie-->4096Round trip time was  0.229 milliseconds in repetition 76


vwbvbrvrrevrie-->4096Round trip time was  0.224 milliseconds in repetition 77


vwbvbrvrrevrie-->4096Round trip time was  0.222 milliseconds in repetition 78


vwbvbrvrrevrie-->4096Round trip time was  0.222 milliseconds in repetition 79


vwbvbrvrrevrie-->4096Round trip time was  0.363 milliseconds in repetition 80


vwbvbrvrrevrie-->4096Round trip time was  0.225 milliseconds in repetition 81


vwbvbrvrrevrie-->4096Round trip time was  0.220 milliseconds in repetition 82


vwbvbrvrrevrie-->4096Round trip time was  0.221 milliseconds in repetition 83


vwbvbrvrrevrie-->4096Round trip time was  0.217 milliseconds in repetition 84


vwbvbrvrrevrie-->4096Round trip time was  0.216 milliseconds in repetition 85


vwbvbrvrrevrie-->4096Round trip time was  0.217 milliseconds in repetition 86


vwbvbrvrrevrie-->4096Round trip time was  0.217 milliseconds in repetition 87


vwbvbrvrrevrie-->4096Round trip time was  0.813 milliseconds in repetition 88


vwbvbrvrrevrie-->4096Round trip time was  0.228 milliseconds in repetition 89


vwbvbrvrrevrie-->4096Round trip time was  0.215 milliseconds in repetition 90


vwbvbrvrrevrie-->4096Round trip time was  1.053 milliseconds in repetition 91


vwbvbrvrrevrie-->4096Round trip time was  0.227 milliseconds in repetition 92


vwbvbrvrrevrie-->4096Round trip time was  0.213 milliseconds in repetition 93


vwbvbrvrrevrie-->4096Round trip time was  0.209 milliseconds in repetition 94


vwbvbrvrrevrie-->4096Round trip time was  0.212 milliseconds in repetition 95


vwbvbrvrrevrie-->4096Round trip time was  0.275 milliseconds in repetition 96


vwbvbrvrrevrie-->-1Round trip time was  7.858 milliseconds in repetition 97


vwbvbrvrrevrie-->4096Round trip time was  0.310 milliseconds in repetition 98


vwbvbrvrrevrie-->4096Round trip time was  0.226 milliseconds in repetition 99


vwbvbrvrrevrie-->4096Round trip time was  0.285 milliseconds in repetition 100


vwbvbrvrrevrie-->4096Round trip time was  2.771 milliseconds in repetition 101


vwbvbrvrrevrie-->4096Round trip time was  0.295 milliseconds in repetition 102


vwbvbrvrrevrie-->4096Round trip time was  0.235 milliseconds in repetition 103


vwbvbrvrrevrie-->4096Round trip time was  0.226 milliseconds in repetition 104


vwbvbrvrrevrie-->4096Round trip time was  0.264 milliseconds in repetition 105


vwbvbrvrrevrie-->4096Round trip time was  0.238 milliseconds in repetition 106


vwbvbrvrrevrie-->4096Round trip time was  0.227 milliseconds in repetition 107


vwbvbrvrrevrie-->4096Round trip time was  0.223 milliseconds in repetition 108


vwbvbrvrrevrie-->4096Round trip time was  0.224 milliseconds in repetition 109


vwbvbrvrrevrie-->4096Round trip time was  0.218 milliseconds in repetition 110


vwbvbrvrrevrie-->4096Round trip time was  0.221 milliseconds in repetition 111


vwbvbrvrrevrie-->4096Round trip time was  0.223 milliseconds in repetition 112


vwbvbrvrrevrie-->4096Round trip time was  0.217 milliseconds in repetition 113


vwbvbrvrrevrie-->4096Round trip time was  0.216 milliseconds in repetition 114


vwbvbrvrrevrie-->4096Round trip time was  0.215 milliseconds in repetition 115


vwbvbrvrrevrie-->4096Round trip time was  0.220 milliseconds in repetition 116


vwbvbrvrrevrie-->4096Round trip time was  0.392 milliseconds in repetition 117


vwbvbrvrrevrie-->4096Round trip time was  0.219 milliseconds in repetition 118


vwbvbrvrrevrie-->4096Round trip time was  0.215 milliseconds in repetition 119


vwbvbrvrrevrie-->4096Round trip time was  3.217 milliseconds in repetition 120


vwbvbrvrrevrie-->4096Round trip time was  0.268 milliseconds in repetition 121


vwbvbrvrrevrie-->4096Round trip time was  0.219 milliseconds in repetition 122


vwbvbrvrrevrie-->4096Round trip time was  0.214 milliseconds in repetition 123


vwbvbrvrrevrie-->4096Round trip time was  0.211 milliseconds in repetition 124


vwbvbrvrrevrie-->4096Round trip time was  0.212 milliseconds in repetition 125


vwbvbrvrrevrie-->4096Round trip time was  0.209 milliseconds in repetition 126


vwbvbrvrrevrie-->4096Round trip time was  0.235 milliseconds in repetition 127


vwbvbrvrrevrie-->4096Round trip time was  0.207 milliseconds in repetition 128


vwbvbrvrrevrie-->4096Round trip time was  0.209 milliseconds in repetition 129


vwbvbrvrrevrie-->4096Round trip time was  0.206 milliseconds in repetition 130


vwbvbrvrrevrie-->4096Round trip time was  0.206 milliseconds in repetition 131


vwbvbrvrrevrie-->4096Round trip time was  0.206 milliseconds in repetition 132


vwbvbrvrrevrie-->4096Round trip time was  0.206 milliseconds in repetition 133


vwbvbrvrrevrie-->4096Round trip time was  0.207 milliseconds in repetition 134


vwbvbrvrrevrie-->4096Round trip time was  0.206 milliseconds in repetition 135


vwbvbrvrrevrie-->4096Round trip time was  0.206 milliseconds in repetition 136


vwbvbrvrrevrie-->4096Round trip time was  0.324 milliseconds in repetition 137


vwbvbrvrrevrie-->4096Round trip time was  0.208 milliseconds in repetition 138


vwbvbrvrrevrie-->4096Round trip time was  0.205 milliseconds in repetition 139


vwbvbrvrrevrie-->4096Round trip time was  0.204 milliseconds in repetition 140


vwbvbrvrrevrie-->4096Round trip time was  0.204 milliseconds in repetition 141


vwbvbrvrrevrie-->4096Round trip time was  0.204 milliseconds in repetition 142


vwbvbrvrrevrie-->4096Round trip time was  0.205 milliseconds in repetition 143


vwbvbrvrrevrie-->4096Round trip time was  0.204 milliseconds in repetition 144


vwbvbrvrrevrie-->4096Round trip time was  0.204 milliseconds in repetition 145


vwbvbrvrrevrie-->4096Round trip time was  0.251 milliseconds in repetition 146


vwbvbrvrrevrie-->4096Round trip time was  0.247 milliseconds in repetition 147


vwbvbrvrrevrie-->4096Round trip time was  1.501 milliseconds in repetition 148


vwbvbrvrrevrie-->4096Round trip time was  0.248 milliseconds in repetition 149


vwbvbrvrrevrie-->4096Round trip time was  0.222 milliseconds in repetition 150


vwbvbrvrrevrie-->4096Round trip time was  0.218 milliseconds in repetition 151


vwbvbrvrrevrie-->4096Round trip time was  0.223 milliseconds in repetition 152


vwbvbrvrrevrie-->4096Round trip time was  0.213 milliseconds in repetition 153


vwbvbrvrrevrie-->4096Round trip time was  0.213 milliseconds in repetition 154


vwbvbrvrrevrie-->4096Round trip time was  0.213 milliseconds in repetition 155


vwbvbrvrrevrie-->4096Round trip time was  0.208 milliseconds in repetition 156


vwbvbrvrrevrie-->4096Round trip time was  5.347 milliseconds in repetition 157


vwbvbrvrrevrie-->4096Round trip time was  0.293 milliseconds in repetition 158


vwbvbrvrrevrie-->4096Round trip time was  0.227 milliseconds in repetition 159


vwbvbrvrrevrie-->4096Round trip time was  0.224 milliseconds in repetition 160


vwbvbrvrrevrie-->4096Round trip time was  0.218 milliseconds in repetition 161


vwbvbrvrrevrie-->4096Round trip time was  0.217 milliseconds in repetition 162


vwbvbrvrrevrie-->4096Round trip time was  0.215 milliseconds in repetition 163


vwbvbrvrrevrie-->4096Round trip time was  0.217 milliseconds in repetition 164


vwbvbrvrrevrie-->4096Round trip time was  0.215 milliseconds in repetition 165


vwbvbrvrrevrie-->4096Round trip time was  0.214 milliseconds in repetition 166


vwbvbrvrrevrie-->4096Round trip time was  0.214 milliseconds in repetition 167


vwbvbrvrrevrie-->4096Round trip time was  0.214 milliseconds in repetition 168


vwbvbrvrrevrie-->4096Round trip time was  0.213 milliseconds in repetition 169


vwbvbrvrrevrie-->4096Round trip time was  0.213 milliseconds in repetition 170


vwbvbrvrrevrie-->4096Round trip time was  0.212 milliseconds in repetition 171


vwbvbrvrrevrie-->4096Round trip time was  0.370 milliseconds in repetition 172


vwbvbrvrrevrie-->4096Round trip time was  0.217 milliseconds in repetition 173


vwbvbrvrrevrie-->4096Round trip time was  0.215 milliseconds in repetition 174


vwbvbrvrrevrie-->4096Round trip time was  0.214 milliseconds in repetition 175


vwbvbrvrrevrie-->4096Round trip time was  0.213 milliseconds in repetition 176


vwbvbrvrrevrie-->4096Round trip time was  0.214 milliseconds in repetition 177


vwbvbrvrrevrie-->4096Round trip time was  0.213 milliseconds in repetition 178


vwbvbrvrrevrie-->4096Round trip time was  0.212 milliseconds in repetition 179


vwbvbrvrrevrie-->4096Round trip time was  0.213 milliseconds in repetition 180


vwbvbrvrrevrie-->4096Round trip time was  0.214 milliseconds in repetition 181


vwbvbrvrrevrie-->4096Round trip time was  0.212 milliseconds in repetition 182


vwbvbrvrrevrie-->4096Round trip time was  0.211 milliseconds in repetition 183


vwbvbrvrrevrie-->4096Round trip time was  0.212 milliseconds in repetition 184


vwbvbrvrrevrie-->4096Round trip time was  0.212 milliseconds in repetition 185


vwbvbrvrrevrie-->4096Round trip time was  0.245 milliseconds in repetition 186


vwbvbrvrrevrie-->4096Round trip time was  0.325 milliseconds in repetition 187


vwbvbrvrrevrie-->4096Round trip time was  0.242 milliseconds in repetition 188


vwbvbrvrrevrie-->4096Round trip time was  0.227 milliseconds in repetition 189


vwbvbrvrrevrie-->4096Round trip time was  0.249 milliseconds in repetition 190


vwbvbrvrrevrie-->4096Round trip time was  0.219 milliseconds in repetition 191


vwbvbrvrrevrie-->4096Round trip time was  0.266 milliseconds in repetition 192


vwbvbrvrrevrie-->4096Round trip time was  0.311 milliseconds in repetition 193


vwbvbrvrrevrie-->4096Round trip time was  0.216 milliseconds in repetition 194


vwbvbrvrrevrie-->4096Round trip time was  3.232 milliseconds in repetition 195


vwbvbrvrrevrie-->4096Round trip time was  0.333 milliseconds in repetition 196


vwbvbrvrrevrie-->4096Round trip time was  0.226 milliseconds in repetition 197


vwbvbrvrrevrie-->4096Round trip time was  0.221 milliseconds in repetition 198


vwbvbrvrrevrie-->4096Round trip time was  0.216 milliseconds in repetition 199


vwbvbrvrrevrie-->4096Round trip time was  0.222 milliseconds in repetition 200


vwbvbrvrrevrie-->4096Round trip time was  0.215 milliseconds in repetition 201


vwbvbrvrrevrie-->4096Round trip time was  0.222 milliseconds in repetition 202


vwbvbrvrrevrie-->4096Round trip time was  0.212 milliseconds in repetition 203


vwbvbrvrrevrie-->4096Round trip time was  0.211 milliseconds in repetition 204


vwbvbrvrrevrie-->4096Round trip time was  0.209 milliseconds in repetition 205


vwbvbrvrrevrie-->4096Round trip time was  0.209 milliseconds in repetition 206


vwbvbrvrrevrie-->4096Round trip time was  0.208 milliseconds in repetition 207


vwbvbrvrrevrie-->4096Round trip time was  0.208 milliseconds in repetition 208


vwbvbrvrrevrie-->4096Round trip time was  0.207 milliseconds in repetition 209


vwbvbrvrrevrie-->4096Round trip time was  0.208 milliseconds in repetition 210


vwbvbrvrrevrie-->4096Round trip time was  0.208 milliseconds in repetition 211


vwbvbrvrrevrie-->4096Round trip time was  0.205 milliseconds in repetition 212


vwbvbrvrrevrie-->4096Round trip time was  0.204 milliseconds in repetition 213


vwbvbrvrrevrie-->4096Round trip time was  0.204 milliseconds in repetition 214


vwbvbrvrrevrie-->4096Round trip time was  0.204 milliseconds in repetition 215


vwbvbrvrrevrie-->4096Round trip time was  0.302 milliseconds in repetition 216


vwbvbrvrrevrie-->4096Round trip time was  4.138 milliseconds in repetition 217


vwbvbrvrrevrie-->4096Round trip time was  0.338 milliseconds in repetition 218


vwbvbrvrrevrie-->4096Round trip time was  0.221 milliseconds in repetition 219


vwbvbrvrrevrie-->4096Round trip time was  0.212 milliseconds in repetition 220


vwbvbrvrrevrie-->4096Round trip time was  0.219 milliseconds in repetition 221


vwbvbrvrrevrie-->4096Round trip time was  0.206 milliseconds in repetition 222


vwbvbrvrrevrie-->4096Round trip time was  0.210 milliseconds in repetition 223


vwbvbrvrrevrie-->4096Round trip time was  0.205 milliseconds in repetition 224


vwbvbrvrrevrie-->4096Round trip time was  0.205 milliseconds in repetition 225


vwbvbrvrrevrie-->4096Round trip time was  0.215 milliseconds in repetition 226


vwbvbrvrrevrie-->4096Round trip time was  0.207 milliseconds in repetition 227


vwbvbrvrrevrie-->4096Round trip time was  0.203 milliseconds in repetition 228


vwbvbrvrrevrie-->4096Round trip time was  0.203 milliseconds in repetition 229


vwbvbrvrrevrie-->4096Round trip time was  0.205 milliseconds in repetition 230


vwbvbrvrrevrie-->4096Round trip time was  0.202 milliseconds in repetition 231


vwbvbrvrrevrie-->4096Round trip time was  0.202 milliseconds in repetition 232


vwbvbrvrrevrie-->4096Round trip time was  0.299 milliseconds in repetition 233


vwbvbrvrrevrie-->4096Round trip time was  0.205 milliseconds in repetition 234


vwbvbrvrrevrie-->4096Round trip time was  0.201 milliseconds in repetition 235


vwbvbrvrrevrie-->4096Round trip time was  0.201 milliseconds in repetition 236


vwbvbrvrrevrie-->4096Round trip time was  0.201 milliseconds in repetition 237


vwbvbrvrrevrie-->4096Round trip time was  0.201 milliseconds in repetition 238


vwbvbrvrrevrie-->4096Round trip time was  0.200 milliseconds in repetition 239


vwbvbrvrrevrie-->4096Round trip time was  0.202 milliseconds in repetition 240


vwbvbrvrrevrie-->4096Round trip time was  0.198 milliseconds in repetition 241


vwbvbrvrrevrie-->4096Round trip time was  0.197 milliseconds in repetition 242


vwbvbrvrrevrie-->4096Round trip time was  0.199 milliseconds in repetition 243


vwbvbrvrrevrie-->4096Round trip time was  0.202 milliseconds in repetition 244


vwbvbrvrrevrie-->4096Round trip time was  0.197 milliseconds in repetition 245


vwbvbrvrrevrie-->4096Round trip time was  0.206 milliseconds in repetition 246


vwbvbrvrrevrie-->4096Round trip time was  0.198 milliseconds in repetition 247


vwbvbrvrrevrie-->4096Round trip time was  2.762 milliseconds in repetition 248


vwbvbrvrrevrie-->4096Round trip time was  0.286 milliseconds in repetition 249


vwbvbrvrrevrie-->4096Round trip time was  0.214 milliseconds in repetition 250


vwbvbrvrrevrie-->4096Round trip time was  0.215 milliseconds in repetition 251


vwbvbrvrrevrie-->4096Round trip time was  0.206 milliseconds in repetition 252


vwbvbrvrrevrie-->4096Round trip time was  0.219 milliseconds in repetition 253


vwbvbrvrrevrie-->4096Round trip time was  0.335 milliseconds in repetition 254


vwbvbrvrrevrie-->4096Round trip time was  0.223 milliseconds in repetition 255


vwbvbrvrrevrie-->4096Round trip time was  0.217 milliseconds in repetition 256


vwbvbrvrrevrie-->4096Round trip time was  0.220 milliseconds in repetition 257


vwbvbrvrrevrie-->4096Round trip time was  0.214 milliseconds in repetition 258


vwbvbrvrrevrie-->4096Round trip time was  0.261 milliseconds in repetition 259


vwbvbrvrrevrie-->4096Round trip time was  0.252 milliseconds in repetition 260


vwbvbrvrrevrie-->4096Round trip time was  0.227 milliseconds in repetition 261


vwbvbrvrrevrie-->4096Round trip time was  0.226 milliseconds in repetition 262


vwbvbrvrrevrie-->4096Round trip time was  0.232 milliseconds in repetition 263


vwbvbrvrrevrie-->4096Round trip time was  0.220 milliseconds in repetition 264


vwbvbrvrrevrie-->4096Round trip time was  0.251 milliseconds in repetition 265


vwbvbrvrrevrie-->4096Round trip time was  0.217 milliseconds in repetition 266


vwbvbrvrrevrie-->4096Round trip time was  5.065 milliseconds in repetition 267


vwbvbrvrrevrie-->4096Round trip time was  0.535 milliseconds in repetition 268


vwbvbrvrrevrie-->4096Round trip time was  0.213 milliseconds in repetition 269


vwbvbrvrrevrie-->4096Round trip time was  0.208 milliseconds in repetition 270


vwbvbrvrrevrie-->4096Round trip time was  0.207 milliseconds in repetition 271


vwbvbrvrrevrie-->4096Round trip time was  0.260 milliseconds in repetition 272


vwbvbrvrrevrie-->4096Round trip time was  0.243 milliseconds in repetition 273


vwbvbrvrrevrie-->4096Round trip time was  0.218 milliseconds in repetition 274


vwbvbrvrrevrie-->4096Round trip time was  0.213 milliseconds in repetition 275


vwbvbrvrrevrie-->4096Round trip time was  0.212 milliseconds in repetition 276


vwbvbrvrrevrie-->4096Round trip time was  0.213 milliseconds in repetition 277


vwbvbrvrrevrie-->4096Round trip time was  0.209 milliseconds in repetition 278


vwbvbrvrrevrie-->4096Round trip time was  0.218 milliseconds in repetition 279


vwbvbrvrrevrie-->4096Round trip time was  0.211 milliseconds in repetition 280


vwbvbrvrrevrie-->4096Round trip time was  0.212 milliseconds in repetition 281


vwbvbrvrrevrie-->4096Round trip time was  0.315 milliseconds in repetition 282


vwbvbrvrrevrie-->4096Round trip time was  0.209 milliseconds in repetition 283


vwbvbrvrrevrie-->4096Round trip time was  0.208 milliseconds in repetition 284


vwbvbrvrrevrie-->4096Round trip time was  0.207 milliseconds in repetition 285


vwbvbrvrrevrie-->4096Round trip time was  0.209 milliseconds in repetition 286


vwbvbrvrrevrie-->4096Round trip time was  0.226 milliseconds in repetition 287


vwbvbrvrrevrie-->4096Round trip time was  0.205 milliseconds in repetition 288


vwbvbrvrrevrie-->4096Round trip time was  0.204 milliseconds in repetition 289


vwbvbrvrrevrie-->4096Round trip time was  0.205 milliseconds in repetition 290


vwbvbrvrrevrie-->4096Round trip time was  0.204 milliseconds in repetition 291


vwbvbrvrrevrie-->4096Round trip time was  0.204 milliseconds in repetition 292


vwbvbrvrrevrie-->4096Round trip time was  0.204 milliseconds in repetition 293


vwbvbrvrrevrie-->4096Round trip time was  0.227 milliseconds in repetition 294


vwbvbrvrrevrie-->4096Round trip time was  0.207 milliseconds in repetition 295


vwbvbrvrrevrie-->4096Round trip time was  0.209 milliseconds in repetition 296


vwbvbrvrrevrie-->4096Round trip time was  0.205 milliseconds in repetition 297


vwbvbrvrrevrie-->4096Round trip time was  0.204 milliseconds in repetition 298


vwbvbrvrrevrie-->4096Round trip time was  0.254 milliseconds in repetition 299


vwbvbrvrrevrie-->4096Round trip time was  0.205 milliseconds in repetition 300


vwbvbrvrrevrie-->4096Round trip time was  0.206 milliseconds in repetition 301


vwbvbrvrrevrie-->4096Round trip time was  0.219 milliseconds in repetition 302


vwbvbrvrrevrie-->4096Round trip time was  0.492 milliseconds in repetition 303


vwbvbrvrrevrie-->4096Round trip time was  0.218 milliseconds in repetition 304


vwbvbrvrrevrie-->4096Round trip time was  7.606 milliseconds in repetition 305


vwbvbrvrrevrie-->4096Round trip time was  0.489 milliseconds in repetition 306


vwbvbrvrrevrie-->4096Round trip time was  0.243 milliseconds in repetition 307


vwbvbrvrrevrie-->4096Round trip time was  0.217 milliseconds in repetition 308


vwbvbrvrrevrie-->4096Round trip time was  0.221 milliseconds in repetition 309


vwbvbrvrrevrie-->4096Round trip time was  0.216 milliseconds in repetition 310


vwbvbrvrrevrie-->4096Round trip time was  0.210 milliseconds in repetition 311


vwbvbrvrrevrie-->4096Round trip time was  0.214 milliseconds in repetition 312


vwbvbrvrrevrie-->4096Round trip time was  0.212 milliseconds in repetition 313


vwbvbrvrrevrie-->4096Round trip time was  0.206 milliseconds in repetition 314


vwbvbrvrrevrie-->4096Round trip time was  0.292 milliseconds in repetition 315


vwbvbrvrrevrie-->4096Round trip time was  0.207 milliseconds in repetition 316


vwbvbrvrrevrie-->4096Round trip time was  0.206 milliseconds in repetition 317


vwbvbrvrrevrie-->4096Round trip time was  0.205 milliseconds in repetition 318


vwbvbrvrrevrie-->4096Round trip time was  0.209 milliseconds in repetition 319


vwbvbrvrrevrie-->4096Round trip time was  0.208 milliseconds in repetition 320


vwbvbrvrrevrie-->4096Round trip time was  0.204 milliseconds in repetition 321


vwbvbrvrrevrie-->4096Round trip time was  0.204 milliseconds in repetition 322


vwbvbrvrrevrie-->4096Round trip time was  0.205 milliseconds in repetition 323


vwbvbrvrrevrie-->4096Round trip time was  0.206 milliseconds in repetition 324


vwbvbrvrrevrie-->4096Round trip time was  0.205 milliseconds in repetition 325


vwbvbrvrrevrie-->4096Round trip time was  0.204 milliseconds in repetition 326


vwbvbrvrrevrie-->4096Round trip time was  0.208 milliseconds in repetition 327


vwbvbrvrrevrie-->4096Round trip time was  0.204 milliseconds in repetition 328


vwbvbrvrrevrie-->4096Round trip time was  0.206 milliseconds in repetition 329


vwbvbrvrrevrie-->4096Round trip time was  0.204 milliseconds in repetition 330


vwbvbrvrrevrie-->4096Round trip time was  0.204 milliseconds in repetition 331


vwbvbrvrrevrie-->4096Round trip time was  0.204 milliseconds in repetition 332


vwbvbrvrrevrie-->4096Round trip time was  0.211 milliseconds in repetition 333


vwbvbrvrrevrie-->4096Round trip time was  0.208 milliseconds in repetition 334


vwbvbrvrrevrie-->4096Round trip time was  0.257 milliseconds in repetition 335


vwbvbrvrrevrie-->4096Round trip time was  0.206 milliseconds in repetition 336


vwbvbrvrrevrie-->4096Round trip time was  0.204 milliseconds in repetition 337


vwbvbrvrrevrie-->4096Round trip time was  0.204 milliseconds in repetition 338


vwbvbrvrrevrie-->4096Round trip time was  0.203 milliseconds in repetition 339


vwbvbrvrrevrie-->4096Round trip time was  0.204 milliseconds in repetition 340


vwbvbrvrrevrie-->4096Round trip time was  0.203 milliseconds in repetition 341


vwbvbrvrrevrie-->4096Round trip time was  0.202 milliseconds in repetition 342


vwbvbrvrrevrie-->4096Round trip time was  0.217 milliseconds in repetition 343


vwbvbrvrrevrie-->4096Round trip time was  0.206 milliseconds in repetition 344


vwbvbrvrrevrie-->4096Round trip time was  0.204 milliseconds in repetition 345


vwbvbrvrrevrie-->4096Round trip time was  0.203 milliseconds in repetition 346


vwbvbrvrrevrie-->4096Round trip time was  0.203 milliseconds in repetition 347


vwbvbrvrrevrie-->4096Round trip time was  0.204 milliseconds in repetition 348


vwbvbrvrrevrie-->4096Round trip time was  0.202 milliseconds in repetition 349


vwbvbrvrrevrie-->4096Round trip time was  0.255 milliseconds in repetition 350


vwbvbrvrrevrie-->4096Round trip time was  0.221 milliseconds in repetition 351


vwbvbrvrrevrie-->4096Round trip time was  0.209 milliseconds in repetition 352


vwbvbrvrrevrie-->4096Round trip time was  0.209 milliseconds in repetition 353


vwbvbrvrrevrie-->4096Round trip time was  0.216 milliseconds in repetition 354


vwbvbrvrrevrie-->4096Round trip time was  0.287 milliseconds in repetition 355


vwbvbrvrrevrie-->4096Round trip time was  0.239 milliseconds in repetition 356


vwbvbrvrrevrie-->4096Round trip time was  0.220 milliseconds in repetition 357


vwbvbrvrrevrie-->4096Round trip time was  0.217 milliseconds in repetition 358


vwbvbrvrrevrie-->4096Round trip time was  0.213 milliseconds in repetition 359


vwbvbrvrrevrie-->4096Round trip time was  0.212 milliseconds in repetition 360


vwbvbrvrrevrie-->4096Round trip time was  0.210 milliseconds in repetition 361


vwbvbrvrrevrie-->4096Round trip time was  0.212 milliseconds in repetition 362


vwbvbrvrrevrie-->4096Round trip time was  0.207 milliseconds in repetition 363


vwbvbrvrrevrie-->4096Round trip time was  0.210 milliseconds in repetition 364


vwbvbrvrrevrie-->4096Round trip time was  0.209 milliseconds in repetition 365


vwbvbrvrrevrie-->4096Round trip time was  0.207 milliseconds in repetition 366


vwbvbrvrrevrie-->4096Round trip time was  0.206 milliseconds in repetition 367


vwbvbrvrrevrie-->4096Round trip time was  0.205 milliseconds in repetition 368


vwbvbrvrrevrie-->4096Round trip time was  0.204 milliseconds in repetition 369


vwbvbrvrrevrie-->4096Round trip time was  0.209 milliseconds in repetition 370


vwbvbrvrrevrie-->4096Round trip time was  0.211 milliseconds in repetition 371


vwbvbrvrrevrie-->4096Round trip time was  0.314 milliseconds in repetition 372


vwbvbrvrrevrie-->-1Round trip time was  8.079 milliseconds in repetition 373


vwbvbrvrrevrie-->4096Round trip time was  0.502 milliseconds in repetition 374


vwbvbrvrrevrie-->4096Round trip time was  0.225 milliseconds in repetition 375


vwbvbrvrrevrie-->4096Round trip time was  6.781 milliseconds in repetition 376


vwbvbrvrrevrie-->4096Round trip time was  0.588 milliseconds in repetition 377


vwbvbrvrrevrie-->4096Round trip time was  0.234 milliseconds in repetition 378


vwbvbrvrrevrie-->4096Round trip time was  0.241 milliseconds in repetition 379


vwbvbrvrrevrie-->4096Round trip time was  0.249 milliseconds in repetition 380


vwbvbrvrrevrie-->4096Round trip time was  0.284 milliseconds in repetition 381


vwbvbrvrrevrie-->4096Round trip time was  0.234 milliseconds in repetition 382


vwbvbrvrrevrie-->4096Round trip time was  0.225 milliseconds in repetition 383


vwbvbrvrrevrie-->4096Round trip time was  0.222 milliseconds in repetition 384


vwbvbrvrrevrie-->4096Round trip time was  0.401 milliseconds in repetition 385


vwbvbrvrrevrie-->4096Round trip time was  0.248 milliseconds in repetition 386


vwbvbrvrrevrie-->4096Round trip time was  0.254 milliseconds in repetition 387


vwbvbrvrrevrie-->4096Round trip time was  0.221 milliseconds in repetition 388


vwbvbrvrrevrie-->4096Round trip time was  0.235 milliseconds in repetition 389


vwbvbrvrrevrie-->4096Round trip time was  0.217 milliseconds in repetition 390


vwbvbrvrrevrie-->4096Round trip time was  0.215 milliseconds in repetition 391


vwbvbrvrrevrie-->4096Round trip time was  0.254 milliseconds in repetition 392


vwbvbrvrrevrie-->4096Round trip time was  0.240 milliseconds in repetition 393


vwbvbrvrrevrie-->4096Round trip time was  0.226 milliseconds in repetition 394


vwbvbrvrrevrie-->4096Round trip time was  0.221 milliseconds in repetition 395


vwbvbrvrrevrie-->4096Round trip time was  0.218 milliseconds in repetition 396


vwbvbrvrrevrie-->4096Round trip time was  0.219 milliseconds in repetition 397


vwbvbrvrrevrie-->4096Round trip time was  0.216 milliseconds in repetition 398


vwbvbrvrrevrie-->4096Round trip time was  0.215 milliseconds in repetition 399


vwbvbrvrrevrie-->4096Round trip time was  0.213 milliseconds in repetition 400


vwbvbrvrrevrie-->4096Round trip time was  0.213 milliseconds in repetition 401


vwbvbrvrrevrie-->4096Round trip time was  0.211 milliseconds in repetition 402


vwbvbrvrrevrie-->4096Round trip time was  0.211 milliseconds in repetition 403


vwbvbrvrrevrie-->4096Round trip time was  0.466 milliseconds in repetition 404


vwbvbrvrrevrie-->4096Round trip time was  0.287 milliseconds in repetition 405


vwbvbrvrrevrie-->4096Round trip time was  0.215 milliseconds in repetition 406


vwbvbrvrrevrie-->4096Round trip time was  0.213 milliseconds in repetition 407


vwbvbrvrrevrie-->4096Round trip time was  0.216 milliseconds in repetition 408


vwbvbrvrrevrie-->4096Round trip time was  0.213 milliseconds in repetition 409


vwbvbrvrrevrie-->4096Round trip time was  0.212 milliseconds in repetition 410


vwbvbrvrrevrie-->4096Round trip time was  0.212 milliseconds in repetition 411


vwbvbrvrrevrie-->4096Round trip time was  0.212 milliseconds in repetition 412


vwbvbrvrrevrie-->4096Round trip time was  0.211 milliseconds in repetition 413


vwbvbrvrrevrie-->4096Round trip time was  0.217 milliseconds in repetition 414


vwbvbrvrrevrie-->4096Round trip time was  0.211 milliseconds in repetition 415


vwbvbrvrrevrie-->4096Round trip time was  0.211 milliseconds in repetition 416


vwbvbrvrrevrie-->4096Round trip time was  0.214 milliseconds in repetition 417


vwbvbrvrrevrie-->4096Round trip time was  0.212 milliseconds in repetition 418


vwbvbrvrrevrie-->4096Round trip time was  0.213 milliseconds in repetition 419


vwbvbrvrrevrie-->4096Round trip time was  0.211 milliseconds in repetition 420


vwbvbrvrrevrie-->4096Round trip time was  0.212 milliseconds in repetition 421


vwbvbrvrrevrie-->4096Round trip time was  0.260 milliseconds in repetition 422


vwbvbrvrrevrie-->4096Round trip time was  0.213 milliseconds in repetition 423


vwbvbrvrrevrie-->4096Round trip time was  0.211 milliseconds in repetition 424


vwbvbrvrrevrie-->4096Round trip time was  3.866 milliseconds in repetition 425


vwbvbrvrrevrie-->4096Round trip time was  0.305 milliseconds in repetition 426


vwbvbrvrrevrie-->4096Round trip time was  0.220 milliseconds in repetition 427


vwbvbrvrrevrie-->4096Round trip time was  0.216 milliseconds in repetition 428


vwbvbrvrrevrie-->4096Round trip time was  0.212 milliseconds in repetition 429


vwbvbrvrrevrie-->4096Round trip time was  0.212 milliseconds in repetition 430


vwbvbrvrrevrie-->4096Round trip time was  0.294 milliseconds in repetition 431


vwbvbrvrrevrie-->4096Round trip time was  0.212 milliseconds in repetition 432


vwbvbrvrrevrie-->4096Round trip time was  0.277 milliseconds in repetition 433


vwbvbrvrrevrie-->4096Round trip time was  0.237 milliseconds in repetition 434


vwbvbrvrrevrie-->4096Round trip time was  0.228 milliseconds in repetition 435


vwbvbrvrrevrie-->4096Round trip time was  0.222 milliseconds in repetition 436


vwbvbrvrrevrie-->4096Round trip time was  0.219 milliseconds in repetition 437


vwbvbrvrrevrie-->4096Round trip time was  0.218 milliseconds in repetition 438


vwbvbrvrrevrie-->4096Round trip time was  0.216 milliseconds in repetition 439


vwbvbrvrrevrie-->4096Round trip time was  0.214 milliseconds in repetition 440


vwbvbrvrrevrie-->4096Round trip time was  0.214 milliseconds in repetition 441


vwbvbrvrrevrie-->4096Round trip time was  0.313 milliseconds in repetition 442


vwbvbrvrrevrie-->4096Round trip time was  0.218 milliseconds in repetition 443


vwbvbrvrrevrie-->4096Round trip time was  0.216 milliseconds in repetition 444


vwbvbrvrrevrie-->4096Round trip time was  0.219 milliseconds in repetition 445


vwbvbrvrrevrie-->4096Round trip time was  0.215 milliseconds in repetition 446


vwbvbrvrrevrie-->4096Round trip time was  0.216 milliseconds in repetition 447


vwbvbrvrrevrie-->4096Round trip time was  0.219 milliseconds in repetition 448


vwbvbrvrrevrie-->4096Round trip time was  0.214 milliseconds in repetition 449


vwbvbrvrrevrie-->4096Round trip time was  6.012 milliseconds in repetition 450


vwbvbrvrrevrie-->4096Round trip time was  0.399 milliseconds in repetition 451


vwbvbrvrrevrie-->4096Round trip time was  0.229 milliseconds in repetition 452


vwbvbrvrrevrie-->4096Round trip time was  0.225 milliseconds in repetition 453


vwbvbrvrrevrie-->4096Round trip time was  0.220 milliseconds in repetition 454


vwbvbrvrrevrie-->4096Round trip time was  0.228 milliseconds in repetition 455


vwbvbrvrrevrie-->4096Round trip time was  0.220 milliseconds in repetition 456


vwbvbrvrrevrie-->4096Round trip time was  0.271 milliseconds in repetition 457


vwbvbrvrrevrie-->4096Round trip time was  0.248 milliseconds in repetition 458


vwbvbrvrrevrie-->4096Round trip time was  0.225 milliseconds in repetition 459


vwbvbrvrrevrie-->4096Round trip time was  0.218 milliseconds in repetition 460


vwbvbrvrrevrie-->4096Round trip time was  0.214 milliseconds in repetition 461


vwbvbrvrrevrie-->4096Round trip time was  0.215 milliseconds in repetition 462


vwbvbrvrrevrie-->4096Round trip time was  0.210 milliseconds in repetition 463


vwbvbrvrrevrie-->4096Round trip time was  0.300 milliseconds in repetition 464


vwbvbrvrrevrie-->4096Round trip time was  0.209 milliseconds in repetition 465


vwbvbrvrrevrie-->4096Round trip time was  0.208 milliseconds in repetition 466


vwbvbrvrrevrie-->4096Round trip time was  0.208 milliseconds in repetition 467


vwbvbrvrrevrie-->4096Round trip time was  0.208 milliseconds in repetition 468


vwbvbrvrrevrie-->4096Round trip time was  0.209 milliseconds in repetition 469


vwbvbrvrrevrie-->4096Round trip time was  0.208 milliseconds in repetition 470


vwbvbrvrrevrie-->4096Round trip time was  0.208 milliseconds in repetition 471


vwbvbrvrrevrie-->4096Round trip time was  0.208 milliseconds in repetition 472


vwbvbrvrrevrie-->4096Round trip time was  0.207 milliseconds in repetition 473


vwbvbrvrrevrie-->4096Round trip time was  0.208 milliseconds in repetition 474


vwbvbrvrrevrie-->4096Round trip time was  0.206 milliseconds in repetition 475


vwbvbrvrrevrie-->4096Round trip time was  0.245 milliseconds in repetition 476


vwbvbrvrrevrie-->4096Round trip time was  0.209 milliseconds in repetition 477


vwbvbrvrrevrie-->4096Round trip time was  0.209 milliseconds in repetition 478


vwbvbrvrrevrie-->4096Round trip time was  0.208 milliseconds in repetition 479


vwbvbrvrrevrie-->4096Round trip time was  0.207 milliseconds in repetition 480


vwbvbrvrrevrie-->4096Round trip time was  0.294 milliseconds in repetition 481


vwbvbrvrrevrie-->4096Round trip time was  0.251 milliseconds in repetition 482


vwbvbrvrrevrie-->4096Round trip time was  0.231 milliseconds in repetition 483


vwbvbrvrrevrie-->4096Round trip time was  0.226 milliseconds in repetition 484


vwbvbrvrrevrie-->4096Round trip time was  0.221 milliseconds in repetition 485


vwbvbrvrrevrie-->4096Round trip time was  0.218 milliseconds in repetition 486


vwbvbrvrrevrie-->4096Round trip time was  0.220 milliseconds in repetition 487


vwbvbrvrrevrie-->4096Round trip time was  0.218 milliseconds in repetition 488


vwbvbrvrrevrie-->4096Round trip time was  0.217 milliseconds in repetition 489


vwbvbrvrrevrie-->4096Round trip time was  0.216 milliseconds in repetition 490


vwbvbrvrrevrie-->4096Round trip time was  0.218 milliseconds in repetition 491


vwbvbrvrrevrie-->4096Round trip time was  0.219 milliseconds in repetition 492


vwbvbrvrrevrie-->4096Round trip time was  0.218 milliseconds in repetition 493


vwbvbrvrrevrie-->4096Round trip time was  0.214 milliseconds in repetition 494


vwbvbrvrrevrie-->4096Round trip time was  0.214 milliseconds in repetition 495


vwbvbrvrrevrie-->4096Round trip time was  0.278 milliseconds in repetition 496


vwbvbrvrrevrie-->4096Round trip time was  1.980 milliseconds in repetition 497


vwbvbrvrrevrie-->4096Round trip time was  0.238 milliseconds in repetition 498


vwbvbrvrrevrie-->4096Round trip time was  0.217 milliseconds in repetition 499


vwbvbrvrrevrie-->4096Round trip time was  0.213 milliseconds in repetition 500


vwbvbrvrrevrie-->4096Round trip time was  1.453 milliseconds in repetition 501

 ... clock resolution was 1e-06
UDP Ping:  Statistics over 501 repetitions of 4096 byte messages

RTT : percentile 10: 0.203994, median: 0.214994, percentile 90: 0.36299, average: 0.465723, variance: 1.22963

RTT histogram:
0.196994 460
0.777277 13
1.35756 5
1.93784 2
2.51813 3
3.09841 4
3.6787 1
4.25898 2
4.83926 2
5.41955 1
5.99983 2
6.58011 2
7.1604 0
7.74068 2
8.32096 1
8.90125 0
9.48153 0
10.0618 0
10.6421 0
11.2224 0
11.8027 1
   median Throughput : 38103.4 KB/s   overall Throughput : 17589.8 KB/s

