UDP Ping trying to connect to server localhost (127.0.0.1) on TCP port 1491
 ... connected to Pong server: asking for 501 repetitions of 768 _bytes UDP messages
 ... Pong server agreed to ping-pong using port 62832 :-)


vwbvbrvrrevrie-->768Round trip time was  3.950 milliseconds in repetition 1


vwbvbrvrrevrie-->768Round trip time was  1.795 milliseconds in repetition 2


vwbvbrvrrevrie-->768Round trip time was  5.307 milliseconds in repetition 3


vwbvbrvrrevrie-->768Round trip time was  0.311 milliseconds in repetition 4


vwbvbrvrrevrie-->768Round trip time was  1.805 milliseconds in repetition 5


vwbvbrvrrevrie-->768Round trip time was  0.253 milliseconds in repetition 6


vwbvbrvrrevrie-->768Round trip time was  0.210 milliseconds in repetition 7


vwbvbrvrrevrie-->768Round trip time was  0.201 milliseconds in repetition 8


vwbvbrvrrevrie-->768Round trip time was  0.209 milliseconds in repetition 9


vwbvbrvrrevrie-->768Round trip time was  0.205 milliseconds in repetition 10


vwbvbrvrrevrie-->768Round trip time was  0.195 milliseconds in repetition 11


vwbvbrvrrevrie-->768Round trip time was  0.193 milliseconds in repetition 12


vwbvbrvrrevrie-->768Round trip time was  0.194 milliseconds in repetition 13


vwbvbrvrrevrie-->768Round trip time was  0.193 milliseconds in repetition 14


vwbvbrvrrevrie-->768Round trip time was  0.193 milliseconds in repetition 15


vwbvbrvrrevrie-->768Round trip time was  0.191 milliseconds in repetition 16


vwbvbrvrrevrie-->768Round trip time was  0.821 milliseconds in repetition 17


vwbvbrvrrevrie-->768Round trip time was  0.258 milliseconds in repetition 18


vwbvbrvrrevrie-->768Round trip time was  0.216 milliseconds in repetition 19


vwbvbrvrrevrie-->768Round trip time was  2.496 milliseconds in repetition 20


vwbvbrvrrevrie-->768Round trip time was  0.929 milliseconds in repetition 21


vwbvbrvrrevrie-->768Round trip time was  0.249 milliseconds in repetition 22


vwbvbrvrrevrie-->768Round trip time was  0.208 milliseconds in repetition 23


vwbvbrvrrevrie-->768Round trip time was  0.202 milliseconds in repetition 24


vwbvbrvrrevrie-->768Round trip time was  2.255 milliseconds in repetition 25


vwbvbrvrrevrie-->768Round trip time was  0.228 milliseconds in repetition 26


vwbvbrvrrevrie-->768Round trip time was  0.330 milliseconds in repetition 27


vwbvbrvrrevrie-->768Round trip time was  0.209 milliseconds in repetition 28


vwbvbrvrrevrie-->768Round trip time was  0.199 milliseconds in repetition 29


vwbvbrvrrevrie-->768Round trip time was  0.197 milliseconds in repetition 30


vwbvbrvrrevrie-->768Round trip time was  0.204 milliseconds in repetition 31


vwbvbrvrrevrie-->768Round trip time was  0.196 milliseconds in repetition 32


vwbvbrvrrevrie-->768Round trip time was  0.194 milliseconds in repetition 33


vwbvbrvrrevrie-->768Round trip time was  0.195 milliseconds in repetition 34


vwbvbrvrrevrie-->768Round trip time was  0.193 milliseconds in repetition 35


vwbvbrvrrevrie-->768Round trip time was  0.193 milliseconds in repetition 36


vwbvbrvrrevrie-->768Round trip time was  3.333 milliseconds in repetition 37


vwbvbrvrrevrie-->768Round trip time was  0.255 milliseconds in repetition 38


vwbvbrvrrevrie-->768Round trip time was  0.209 milliseconds in repetition 39


vwbvbrvrrevrie-->768Round trip time was  0.201 milliseconds in repetition 40


vwbvbrvrrevrie-->768Round trip time was  2.476 milliseconds in repetition 41


vwbvbrvrrevrie-->768Round trip time was  0.406 milliseconds in repetition 42


vwbvbrvrrevrie-->768Round trip time was  0.229 milliseconds in repetition 43


vwbvbrvrrevrie-->768Round trip time was  0.585 milliseconds in repetition 44


vwbvbrvrrevrie-->768Round trip time was  0.214 milliseconds in repetition 45


vwbvbrvrrevrie-->768Round trip time was  0.200 milliseconds in repetition 46


vwbvbrvrrevrie-->768Round trip time was  0.223 milliseconds in repetition 47


vwbvbrvrrevrie-->768Round trip time was  0.464 milliseconds in repetition 48


vwbvbrvrrevrie-->768Round trip time was  1.084 milliseconds in repetition 49


vwbvbrvrrevrie-->768Round trip time was  6.186 milliseconds in repetition 50


vwbvbrvrrevrie-->768Round trip time was  0.611 milliseconds in repetition 51


vwbvbrvrrevrie-->768Round trip time was  0.435 milliseconds in repetition 52


vwbvbrvrrevrie-->768Round trip time was  0.399 milliseconds in repetition 53


vwbvbrvrrevrie-->768Round trip time was  0.897 milliseconds in repetition 54


vwbvbrvrrevrie-->768Round trip time was  0.224 milliseconds in repetition 55


vwbvbrvrrevrie-->768Round trip time was  0.207 milliseconds in repetition 56


vwbvbrvrrevrie-->768Round trip time was  0.202 milliseconds in repetition 57


vwbvbrvrrevrie-->768Round trip time was  0.198 milliseconds in repetition 58


vwbvbrvrrevrie-->768Round trip time was  0.267 milliseconds in repetition 59


vwbvbrvrrevrie-->768Round trip time was  1.499 milliseconds in repetition 60


vwbvbrvrrevrie-->768Round trip time was  1.148 milliseconds in repetition 61


vwbvbrvrrevrie-->768Round trip time was  0.221 milliseconds in repetition 62


vwbvbrvrrevrie-->768Round trip time was  1.160 milliseconds in repetition 63


vwbvbrvrrevrie-->768Round trip time was  1.776 milliseconds in repetition 64


vwbvbrvrrevrie-->768Round trip time was  0.223 milliseconds in repetition 65


vwbvbrvrrevrie-->768Round trip time was  0.202 milliseconds in repetition 66


vwbvbrvrrevrie-->768Round trip time was  0.198 milliseconds in repetition 67


vwbvbrvrrevrie-->768Round trip time was  0.196 milliseconds in repetition 68


vwbvbrvrrevrie-->768Round trip time was  0.193 milliseconds in repetition 69


vwbvbrvrrevrie-->768Round trip time was  0.195 milliseconds in repetition 70


vwbvbrvrrevrie-->768Round trip time was  0.606 milliseconds in repetition 71


vwbvbrvrrevrie-->768Round trip time was  0.261 milliseconds in repetition 72


vwbvbrvrrevrie-->768Round trip time was  0.205 milliseconds in repetition 73


vwbvbrvrrevrie-->768Round trip time was  4.716 milliseconds in repetition 74


vwbvbrvrrevrie-->768Round trip time was  0.256 milliseconds in repetition 75


vwbvbrvrrevrie-->768Round trip time was  0.206 milliseconds in repetition 76


vwbvbrvrrevrie-->768Round trip time was  0.473 milliseconds in repetition 77


vwbvbrvrrevrie-->768Round trip time was  0.206 milliseconds in repetition 78


vwbvbrvrrevrie-->768Round trip time was  1.118 milliseconds in repetition 79


vwbvbrvrrevrie-->768Round trip time was  0.217 milliseconds in repetition 80


vwbvbrvrrevrie-->768Round trip time was  0.199 milliseconds in repetition 81


vwbvbrvrrevrie-->768Round trip time was  0.194 milliseconds in repetition 82


vwbvbrvrrevrie-->768Round trip time was  0.575 milliseconds in repetition 83


vwbvbrvrrevrie-->768Round trip time was  0.199 milliseconds in repetition 84


vwbvbrvrrevrie-->768Round trip time was  0.191 milliseconds in repetition 85


vwbvbrvrrevrie-->768Round trip time was  0.189 milliseconds in repetition 86


vwbvbrvrrevrie-->768Round trip time was  0.189 milliseconds in repetition 87


vwbvbrvrrevrie-->768Round trip time was  4.556 milliseconds in repetition 88


vwbvbrvrrevrie-->768Round trip time was  6.736 milliseconds in repetition 89


vwbvbrvrrevrie-->768Round trip time was  2.292 milliseconds in repetition 90


vwbvbrvrrevrie-->768Round trip time was  0.244 milliseconds in repetition 91


vwbvbrvrrevrie-->768Round trip time was  0.203 milliseconds in repetition 92


vwbvbrvrrevrie-->768Round trip time was  0.196 milliseconds in repetition 93


vwbvbrvrrevrie-->768Round trip time was  0.195 milliseconds in repetition 94


vwbvbrvrrevrie-->768Round trip time was  0.198 milliseconds in repetition 95


vwbvbrvrrevrie-->768Round trip time was  0.194 milliseconds in repetition 96


vwbvbrvrrevrie-->768Round trip time was  0.192 milliseconds in repetition 97


vwbvbrvrrevrie-->768Round trip time was  0.191 milliseconds in repetition 98


vwbvbrvrrevrie-->768Round trip time was  0.188 milliseconds in repetition 99


vwbvbrvrrevrie-->768Round trip time was  0.188 milliseconds in repetition 100


vwbvbrvrrevrie-->768Round trip time was  0.190 milliseconds in repetition 101


vwbvbrvrrevrie-->768Round trip time was  0.617 milliseconds in repetition 102


vwbvbrvrrevrie-->768Round trip time was  0.203 milliseconds in repetition 103


vwbvbrvrrevrie-->768Round trip time was  0.194 milliseconds in repetition 104


vwbvbrvrrevrie-->768Round trip time was  0.192 milliseconds in repetition 105


vwbvbrvrrevrie-->768Round trip time was  0.190 milliseconds in repetition 106


vwbvbrvrrevrie-->768Round trip time was  0.189 milliseconds in repetition 107


vwbvbrvrrevrie-->768Round trip time was  0.188 milliseconds in repetition 108


vwbvbrvrrevrie-->768Round trip time was  0.190 milliseconds in repetition 109


vwbvbrvrrevrie-->768Round trip time was  4.168 milliseconds in repetition 110


vwbvbrvrrevrie-->768Round trip time was  0.383 milliseconds in repetition 111


vwbvbrvrrevrie-->768Round trip time was  0.211 milliseconds in repetition 112


vwbvbrvrrevrie-->768Round trip time was  0.200 milliseconds in repetition 113


vwbvbrvrrevrie-->768Round trip time was  0.200 milliseconds in repetition 114


vwbvbrvrrevrie-->768Round trip time was  0.309 milliseconds in repetition 115


vwbvbrvrrevrie-->768Round trip time was  0.196 milliseconds in repetition 116


vwbvbrvrrevrie-->768Round trip time was  0.194 milliseconds in repetition 117


vwbvbrvrrevrie-->768Round trip time was  0.195 milliseconds in repetition 118


vwbvbrvrrevrie-->768Round trip time was  0.196 milliseconds in repetition 119


vwbvbrvrrevrie-->768Round trip time was  0.195 milliseconds in repetition 120


vwbvbrvrrevrie-->768Round trip time was  0.275 milliseconds in repetition 121


vwbvbrvrrevrie-->768Round trip time was  0.196 milliseconds in repetition 122


vwbvbrvrrevrie-->768Round trip time was  0.195 milliseconds in repetition 123


vwbvbrvrrevrie-->768Round trip time was  0.197 milliseconds in repetition 124


vwbvbrvrrevrie-->768Round trip time was  0.191 milliseconds in repetition 125


vwbvbrvrrevrie-->768Round trip time was  1.699 milliseconds in repetition 126


vwbvbrvrrevrie-->768Round trip time was  0.531 milliseconds in repetition 127


vwbvbrvrrevrie-->768Round trip time was  1.323 milliseconds in repetition 128


vwbvbrvrrevrie-->768Round trip time was  0.479 milliseconds in repetition 129


vwbvbrvrrevrie-->768Round trip time was  0.215 milliseconds in repetition 130


vwbvbrvrrevrie-->768Round trip time was  0.685 milliseconds in repetition 131


vwbvbrvrrevrie-->768Round trip time was  1.508 milliseconds in repetition 132


vwbvbrvrrevrie-->768Round trip time was  0.529 milliseconds in repetition 133


vwbvbrvrrevrie-->768Round trip time was  1.335 milliseconds in repetition 134


vwbvbrvrrevrie-->768Round trip time was  0.516 milliseconds in repetition 135


vwbvbrvrrevrie-->768Round trip time was  0.975 milliseconds in repetition 136


vwbvbrvrrevrie-->768Round trip time was  0.643 milliseconds in repetition 137


vwbvbrvrrevrie-->768Round trip time was  2.111 milliseconds in repetition 138


vwbvbrvrrevrie-->768Round trip time was  0.364 milliseconds in repetition 139


vwbvbrvrrevrie-->768Round trip time was  1.098 milliseconds in repetition 140


vwbvbrvrrevrie-->768Round trip time was  0.245 milliseconds in repetition 141


vwbvbrvrrevrie-->768Round trip time was  0.218 milliseconds in repetition 142


vwbvbrvrrevrie-->768Round trip time was  0.216 milliseconds in repetition 143


vwbvbrvrrevrie-->768Round trip time was  0.212 milliseconds in repetition 144


vwbvbrvrrevrie-->768Round trip time was  1.376 milliseconds in repetition 145


vwbvbrvrrevrie-->768Round trip time was  0.267 milliseconds in repetition 146


vwbvbrvrrevrie-->768Round trip time was  2.073 milliseconds in repetition 147


vwbvbrvrrevrie-->768Round trip time was  0.293 milliseconds in repetition 148


vwbvbrvrrevrie-->768Round trip time was  0.216 milliseconds in repetition 149


vwbvbrvrrevrie-->768Round trip time was  0.211 milliseconds in repetition 150


vwbvbrvrrevrie-->768Round trip time was  0.208 milliseconds in repetition 151


vwbvbrvrrevrie-->768Round trip time was  0.527 milliseconds in repetition 152


vwbvbrvrrevrie-->768Round trip time was  0.447 milliseconds in repetition 153


vwbvbrvrrevrie-->768Round trip time was  0.216 milliseconds in repetition 154


vwbvbrvrrevrie-->768Round trip time was  0.215 milliseconds in repetition 155


vwbvbrvrrevrie-->768Round trip time was  1.889 milliseconds in repetition 156


vwbvbrvrrevrie-->768Round trip time was  0.241 milliseconds in repetition 157


vwbvbrvrrevrie-->768Round trip time was  0.215 milliseconds in repetition 158


vwbvbrvrrevrie-->768Round trip time was  0.364 milliseconds in repetition 159


vwbvbrvrrevrie-->768Round trip time was  0.214 milliseconds in repetition 160


vwbvbrvrrevrie-->768Round trip time was  0.205 milliseconds in repetition 161


vwbvbrvrrevrie-->768Round trip time was  0.206 milliseconds in repetition 162


vwbvbrvrrevrie-->768Round trip time was  0.203 milliseconds in repetition 163


vwbvbrvrrevrie-->768Round trip time was  2.617 milliseconds in repetition 164


vwbvbrvrrevrie-->768Round trip time was  0.351 milliseconds in repetition 165


vwbvbrvrrevrie-->768Round trip time was  0.251 milliseconds in repetition 166


vwbvbrvrrevrie-->768Round trip time was  0.221 milliseconds in repetition 167


vwbvbrvrrevrie-->768Round trip time was  0.213 milliseconds in repetition 168


vwbvbrvrrevrie-->768Round trip time was  0.211 milliseconds in repetition 169


vwbvbrvrrevrie-->768Round trip time was  1.036 milliseconds in repetition 170


vwbvbrvrrevrie-->768Round trip time was  0.241 milliseconds in repetition 171


vwbvbrvrrevrie-->768Round trip time was  0.211 milliseconds in repetition 172


vwbvbrvrrevrie-->768Round trip time was  0.234 milliseconds in repetition 173


vwbvbrvrrevrie-->768Round trip time was  0.208 milliseconds in repetition 174


vwbvbrvrrevrie-->768Round trip time was  0.278 milliseconds in repetition 175


vwbvbrvrrevrie-->768Round trip time was  0.308 milliseconds in repetition 176


vwbvbrvrrevrie-->768Round trip time was  0.207 milliseconds in repetition 177


vwbvbrvrrevrie-->768Round trip time was  0.693 milliseconds in repetition 178


vwbvbrvrrevrie-->768Round trip time was  0.221 milliseconds in repetition 179


vwbvbrvrrevrie-->768Round trip time was  0.207 milliseconds in repetition 180


vwbvbrvrrevrie-->768Round trip time was  0.214 milliseconds in repetition 181


vwbvbrvrrevrie-->768Round trip time was  1.242 milliseconds in repetition 182


vwbvbrvrrevrie-->768Round trip time was  0.228 milliseconds in repetition 183


vwbvbrvrrevrie-->768Round trip time was  0.448 milliseconds in repetition 184


vwbvbrvrrevrie-->768Round trip time was  2.802 milliseconds in repetition 185


vwbvbrvrrevrie-->768Round trip time was  0.286 milliseconds in repetition 186


vwbvbrvrrevrie-->768Round trip time was  0.216 milliseconds in repetition 187


vwbvbrvrrevrie-->768Round trip time was  0.207 milliseconds in repetition 188


vwbvbrvrrevrie-->768Round trip time was  0.204 milliseconds in repetition 189


vwbvbrvrrevrie-->768Round trip time was  0.205 milliseconds in repetition 190


vwbvbrvrrevrie-->768Round trip time was  0.201 milliseconds in repetition 191


vwbvbrvrrevrie-->768Round trip time was  0.202 milliseconds in repetition 192


vwbvbrvrrevrie-->768Round trip time was  1.174 milliseconds in repetition 193


vwbvbrvrrevrie-->768Round trip time was  0.645 milliseconds in repetition 194


vwbvbrvrrevrie-->768Round trip time was  0.461 milliseconds in repetition 195


vwbvbrvrrevrie-->768Round trip time was  0.216 milliseconds in repetition 196


vwbvbrvrrevrie-->768Round trip time was  2.822 milliseconds in repetition 197


vwbvbrvrrevrie-->768Round trip time was  0.322 milliseconds in repetition 198


vwbvbrvrrevrie-->768Round trip time was  0.211 milliseconds in repetition 199


vwbvbrvrrevrie-->768Round trip time was  0.209 milliseconds in repetition 200


vwbvbrvrrevrie-->768Round trip time was  2.113 milliseconds in repetition 201


vwbvbrvrrevrie-->768Round trip time was  0.288 milliseconds in repetition 202


vwbvbrvrrevrie-->768Round trip time was  0.216 milliseconds in repetition 203


vwbvbrvrrevrie-->768Round trip time was  0.210 milliseconds in repetition 204


vwbvbrvrrevrie-->768Round trip time was  0.907 milliseconds in repetition 205


vwbvbrvrrevrie-->768Round trip time was  0.223 milliseconds in repetition 206


vwbvbrvrrevrie-->768Round trip time was  1.268 milliseconds in repetition 207


vwbvbrvrrevrie-->768Round trip time was  0.274 milliseconds in repetition 208


vwbvbrvrrevrie-->768Round trip time was  0.217 milliseconds in repetition 209


vwbvbrvrrevrie-->768Round trip time was  3.342 milliseconds in repetition 210


vwbvbrvrrevrie-->768Round trip time was  0.302 milliseconds in repetition 211


vwbvbrvrrevrie-->768Round trip time was  0.223 milliseconds in repetition 212


vwbvbrvrrevrie-->768Round trip time was  0.241 milliseconds in repetition 213


vwbvbrvrrevrie-->768Round trip time was  1.793 milliseconds in repetition 214


vwbvbrvrrevrie-->768Round trip time was  0.280 milliseconds in repetition 215


vwbvbrvrrevrie-->768Round trip time was  0.221 milliseconds in repetition 216


vwbvbrvrrevrie-->768Round trip time was  0.209 milliseconds in repetition 217


vwbvbrvrrevrie-->768Round trip time was  0.209 milliseconds in repetition 218


vwbvbrvrrevrie-->768Round trip time was  0.369 milliseconds in repetition 219


vwbvbrvrrevrie-->768Round trip time was  0.253 milliseconds in repetition 220


vwbvbrvrrevrie-->768Round trip time was  0.222 milliseconds in repetition 221


vwbvbrvrrevrie-->768Round trip time was  0.216 milliseconds in repetition 222


vwbvbrvrrevrie-->768Round trip time was  0.216 milliseconds in repetition 223


vwbvbrvrrevrie-->768Round trip time was  0.243 milliseconds in repetition 224


vwbvbrvrrevrie-->768Round trip time was  0.737 milliseconds in repetition 225


vwbvbrvrrevrie-->768Round trip time was  0.227 milliseconds in repetition 226


vwbvbrvrrevrie-->768Round trip time was  0.212 milliseconds in repetition 227


vwbvbrvrrevrie-->768Round trip time was  0.212 milliseconds in repetition 228


vwbvbrvrrevrie-->768Round trip time was  1.298 milliseconds in repetition 229


vwbvbrvrrevrie-->768Round trip time was  0.234 milliseconds in repetition 230


vwbvbrvrrevrie-->768Round trip time was  0.370 milliseconds in repetition 231


vwbvbrvrrevrie-->768Round trip time was  0.208 milliseconds in repetition 232


vwbvbrvrrevrie-->768Round trip time was  0.204 milliseconds in repetition 233


vwbvbrvrrevrie-->768Round trip time was  0.203 milliseconds in repetition 234


vwbvbrvrrevrie-->768Round trip time was  0.201 milliseconds in repetition 235


vwbvbrvrrevrie-->768Round trip time was  0.266 milliseconds in repetition 236


vwbvbrvrrevrie-->768Round trip time was  3.577 milliseconds in repetition 237


vwbvbrvrrevrie-->768Round trip time was  0.336 milliseconds in repetition 238


vwbvbrvrrevrie-->768Round trip time was  0.218 milliseconds in repetition 239


vwbvbrvrrevrie-->768Round trip time was  0.212 milliseconds in repetition 240


vwbvbrvrrevrie-->768Round trip time was  0.214 milliseconds in repetition 241


vwbvbrvrrevrie-->768Round trip time was  0.209 milliseconds in repetition 242


vwbvbrvrrevrie-->768Round trip time was  1.223 milliseconds in repetition 243


vwbvbrvrrevrie-->768Round trip time was  0.279 milliseconds in repetition 244


vwbvbrvrrevrie-->768Round trip time was  0.227 milliseconds in repetition 245


vwbvbrvrrevrie-->768Round trip time was  0.217 milliseconds in repetition 246


vwbvbrvrrevrie-->768Round trip time was  0.214 milliseconds in repetition 247


vwbvbrvrrevrie-->768Round trip time was  0.215 milliseconds in repetition 248


vwbvbrvrrevrie-->768Round trip time was  0.211 milliseconds in repetition 249


vwbvbrvrrevrie-->768Round trip time was  1.060 milliseconds in repetition 250


vwbvbrvrrevrie-->768Round trip time was  0.227 milliseconds in repetition 251


vwbvbrvrrevrie-->768Round trip time was  0.215 milliseconds in repetition 252


vwbvbrvrrevrie-->768Round trip time was  0.213 milliseconds in repetition 253


vwbvbrvrrevrie-->768Round trip time was  0.211 milliseconds in repetition 254


vwbvbrvrrevrie-->768Round trip time was  0.210 milliseconds in repetition 255


vwbvbrvrrevrie-->768Round trip time was  0.406 milliseconds in repetition 256


vwbvbrvrrevrie-->768Round trip time was  0.220 milliseconds in repetition 257


vwbvbrvrrevrie-->768Round trip time was  0.278 milliseconds in repetition 258


vwbvbrvrrevrie-->768Round trip time was  0.790 milliseconds in repetition 259


vwbvbrvrrevrie-->768Round trip time was  0.218 milliseconds in repetition 260


vwbvbrvrrevrie-->768Round trip time was  0.659 milliseconds in repetition 261


vwbvbrvrrevrie-->768Round trip time was  2.407 milliseconds in repetition 262


vwbvbrvrrevrie-->768Round trip time was  0.271 milliseconds in repetition 263


vwbvbrvrrevrie-->768Round trip time was  0.621 milliseconds in repetition 264


vwbvbrvrrevrie-->768Round trip time was  0.246 milliseconds in repetition 265


vwbvbrvrrevrie-->768Round trip time was  0.224 milliseconds in repetition 266


vwbvbrvrrevrie-->768Round trip time was  0.991 milliseconds in repetition 267


vwbvbrvrrevrie-->768Round trip time was  0.228 milliseconds in repetition 268


vwbvbrvrrevrie-->768Round trip time was  0.211 milliseconds in repetition 269


vwbvbrvrrevrie-->768Round trip time was  0.210 milliseconds in repetition 270


vwbvbrvrrevrie-->768Round trip time was  0.406 milliseconds in repetition 271


vwbvbrvrrevrie-->768Round trip time was  2.955 milliseconds in repetition 272


vwbvbrvrrevrie-->768Round trip time was  0.330 milliseconds in repetition 273


vwbvbrvrrevrie-->768Round trip time was  0.223 milliseconds in repetition 274


vwbvbrvrrevrie-->768Round trip time was  0.215 milliseconds in repetition 275


vwbvbrvrrevrie-->768Round trip time was  0.212 milliseconds in repetition 276


vwbvbrvrrevrie-->768Round trip time was  0.212 milliseconds in repetition 277


vwbvbrvrrevrie-->768Round trip time was  0.211 milliseconds in repetition 278


vwbvbrvrrevrie-->768Round trip time was  1.365 milliseconds in repetition 279


vwbvbrvrrevrie-->768Round trip time was  0.295 milliseconds in repetition 280


vwbvbrvrrevrie-->768Round trip time was  0.219 milliseconds in repetition 281


vwbvbrvrrevrie-->768Round trip time was  0.210 milliseconds in repetition 282


vwbvbrvrrevrie-->768Round trip time was  0.231 milliseconds in repetition 283


vwbvbrvrrevrie-->768Round trip time was  0.638 milliseconds in repetition 284


vwbvbrvrrevrie-->768Round trip time was  0.215 milliseconds in repetition 285


vwbvbrvrrevrie-->768Round trip time was  0.210 milliseconds in repetition 286


vwbvbrvrrevrie-->768Round trip time was  0.980 milliseconds in repetition 287


vwbvbrvrrevrie-->768Round trip time was  0.242 milliseconds in repetition 288


vwbvbrvrrevrie-->768Round trip time was  0.209 milliseconds in repetition 289


vwbvbrvrrevrie-->768Round trip time was  0.210 milliseconds in repetition 290


vwbvbrvrrevrie-->768Round trip time was  4.480 milliseconds in repetition 291


vwbvbrvrrevrie-->768Round trip time was  0.314 milliseconds in repetition 292


vwbvbrvrrevrie-->768Round trip time was  0.215 milliseconds in repetition 293


vwbvbrvrrevrie-->768Round trip time was  0.209 milliseconds in repetition 294


vwbvbrvrrevrie-->768Round trip time was  0.706 milliseconds in repetition 295


vwbvbrvrrevrie-->768Round trip time was  0.216 milliseconds in repetition 296


vwbvbrvrrevrie-->768Round trip time was  0.207 milliseconds in repetition 297


vwbvbrvrrevrie-->768Round trip time was  0.205 milliseconds in repetition 298


vwbvbrvrrevrie-->768Round trip time was  0.631 milliseconds in repetition 299


vwbvbrvrrevrie-->768Round trip time was  0.254 milliseconds in repetition 300


vwbvbrvrrevrie-->768Round trip time was  0.218 milliseconds in repetition 301


vwbvbrvrrevrie-->768Round trip time was  0.765 milliseconds in repetition 302


vwbvbrvrrevrie-->768Round trip time was  0.246 milliseconds in repetition 303


vwbvbrvrrevrie-->768Round trip time was  0.207 milliseconds in repetition 304


vwbvbrvrrevrie-->768Round trip time was  0.205 milliseconds in repetition 305


vwbvbrvrrevrie-->768Round trip time was  0.462 milliseconds in repetition 306


vwbvbrvrrevrie-->768Round trip time was  1.330 milliseconds in repetition 307


vwbvbrvrrevrie-->768Round trip time was  0.276 milliseconds in repetition 308


vwbvbrvrrevrie-->768Round trip time was  0.229 milliseconds in repetition 309


vwbvbrvrrevrie-->768Round trip time was  0.241 milliseconds in repetition 310


vwbvbrvrrevrie-->768Round trip time was  0.305 milliseconds in repetition 311


vwbvbrvrrevrie-->768Round trip time was  0.219 milliseconds in repetition 312


vwbvbrvrrevrie-->768Round trip time was  0.252 milliseconds in repetition 313


vwbvbrvrrevrie-->768Round trip time was  2.164 milliseconds in repetition 314


vwbvbrvrrevrie-->768Round trip time was  0.354 milliseconds in repetition 315


vwbvbrvrrevrie-->768Round trip time was  0.220 milliseconds in repetition 316


vwbvbrvrrevrie-->768Round trip time was  0.339 milliseconds in repetition 317


vwbvbrvrrevrie-->-1Round trip time was 11.807 milliseconds in repetition 318


vwbvbrvrrevrie-->768Round trip time was  3.512 milliseconds in repetition 319


vwbvbrvrrevrie-->768Round trip time was  0.947 milliseconds in repetition 320


vwbvbrvrrevrie-->768Round trip time was  0.253 milliseconds in repetition 321


vwbvbrvrrevrie-->768Round trip time was  0.218 milliseconds in repetition 322


vwbvbrvrrevrie-->768Round trip time was  0.211 milliseconds in repetition 323


vwbvbrvrrevrie-->768Round trip time was  0.434 milliseconds in repetition 324


vwbvbrvrrevrie-->768Round trip time was  1.008 milliseconds in repetition 325


vwbvbrvrrevrie-->768Round trip time was  0.221 milliseconds in repetition 326


vwbvbrvrrevrie-->768Round trip time was  2.973 milliseconds in repetition 327


vwbvbrvrrevrie-->768Round trip time was  0.628 milliseconds in repetition 328


vwbvbrvrrevrie-->768Round trip time was  0.324 milliseconds in repetition 329


vwbvbrvrrevrie-->768Round trip time was  2.107 milliseconds in repetition 330


vwbvbrvrrevrie-->768Round trip time was  0.293 milliseconds in repetition 331


vwbvbrvrrevrie-->768Round trip time was  0.214 milliseconds in repetition 332


vwbvbrvrrevrie-->768Round trip time was  0.210 milliseconds in repetition 333


vwbvbrvrrevrie-->768Round trip time was  0.206 milliseconds in repetition 334


vwbvbrvrrevrie-->768Round trip time was  0.204 milliseconds in repetition 335


vwbvbrvrrevrie-->768Round trip time was  0.265 milliseconds in repetition 336


vwbvbrvrrevrie-->768Round trip time was  0.238 milliseconds in repetition 337


vwbvbrvrrevrie-->768Round trip time was  0.211 milliseconds in repetition 338


vwbvbrvrrevrie-->768Round trip time was  0.207 milliseconds in repetition 339


vwbvbrvrrevrie-->768Round trip time was  0.367 milliseconds in repetition 340


vwbvbrvrrevrie-->768Round trip time was  3.703 milliseconds in repetition 341


vwbvbrvrrevrie-->768Round trip time was  0.886 milliseconds in repetition 342


vwbvbrvrrevrie-->768Round trip time was  0.250 milliseconds in repetition 343


vwbvbrvrrevrie-->768Round trip time was  0.509 milliseconds in repetition 344


vwbvbrvrrevrie-->768Round trip time was  0.213 milliseconds in repetition 345


vwbvbrvrrevrie-->768Round trip time was  0.207 milliseconds in repetition 346


vwbvbrvrrevrie-->768Round trip time was  0.730 milliseconds in repetition 347


vwbvbrvrrevrie-->768Round trip time was  0.219 milliseconds in repetition 348


vwbvbrvrrevrie-->768Round trip time was  0.208 milliseconds in repetition 349


vwbvbrvrrevrie-->768Round trip time was  0.197 milliseconds in repetition 350


vwbvbrvrrevrie-->768Round trip time was  0.198 milliseconds in repetition 351


vwbvbrvrrevrie-->768Round trip time was  0.195 milliseconds in repetition 352


vwbvbrvrrevrie-->768Round trip time was  0.361 milliseconds in repetition 353


vwbvbrvrrevrie-->768Round trip time was  0.204 milliseconds in repetition 354


vwbvbrvrrevrie-->768Round trip time was  0.486 milliseconds in repetition 355


vwbvbrvrrevrie-->768Round trip time was  0.206 milliseconds in repetition 356


vwbvbrvrrevrie-->768Round trip time was  0.860 milliseconds in repetition 357


vwbvbrvrrevrie-->768Round trip time was  0.485 milliseconds in repetition 358


vwbvbrvrrevrie-->768Round trip time was  0.538 milliseconds in repetition 359


vwbvbrvrrevrie-->768Round trip time was  0.216 milliseconds in repetition 360


vwbvbrvrrevrie-->768Round trip time was  0.205 milliseconds in repetition 361


vwbvbrvrrevrie-->768Round trip time was  1.563 milliseconds in repetition 362


vwbvbrvrrevrie-->768Round trip time was  0.245 milliseconds in repetition 363


vwbvbrvrrevrie-->768Round trip time was  0.200 milliseconds in repetition 364


vwbvbrvrrevrie-->768Round trip time was  0.196 milliseconds in repetition 365


vwbvbrvrrevrie-->768Round trip time was  0.196 milliseconds in repetition 366


vwbvbrvrrevrie-->768Round trip time was  0.196 milliseconds in repetition 367


vwbvbrvrrevrie-->768Round trip time was  0.200 milliseconds in repetition 368


vwbvbrvrrevrie-->768Round trip time was  0.196 milliseconds in repetition 369


vwbvbrvrrevrie-->768Round trip time was  0.198 milliseconds in repetition 370


vwbvbrvrrevrie-->768Round trip time was  0.836 milliseconds in repetition 371


vwbvbrvrrevrie-->768Round trip time was  0.224 milliseconds in repetition 372


vwbvbrvrrevrie-->768Round trip time was  0.238 milliseconds in repetition 373


vwbvbrvrrevrie-->768Round trip time was  2.572 milliseconds in repetition 374


vwbvbrvrrevrie-->768Round trip time was  0.283 milliseconds in repetition 375


vwbvbrvrrevrie-->768Round trip time was  1.720 milliseconds in repetition 376


vwbvbrvrrevrie-->768Round trip time was  0.277 milliseconds in repetition 377


vwbvbrvrrevrie-->768Round trip time was  0.207 milliseconds in repetition 378


vwbvbrvrrevrie-->768Round trip time was  0.201 milliseconds in repetition 379


vwbvbrvrrevrie-->768Round trip time was  0.198 milliseconds in repetition 380


vwbvbrvrrevrie-->768Round trip time was  0.198 milliseconds in repetition 381


vwbvbrvrrevrie-->768Round trip time was  0.240 milliseconds in repetition 382


vwbvbrvrrevrie-->768Round trip time was  0.197 milliseconds in repetition 383


vwbvbrvrrevrie-->768Round trip time was  0.545 milliseconds in repetition 384


vwbvbrvrrevrie-->768Round trip time was  0.230 milliseconds in repetition 385


vwbvbrvrrevrie-->768Round trip time was  0.210 milliseconds in repetition 386


vwbvbrvrrevrie-->768Round trip time was  4.340 milliseconds in repetition 387


vwbvbrvrrevrie-->768Round trip time was  0.286 milliseconds in repetition 388


vwbvbrvrrevrie-->768Round trip time was  0.211 milliseconds in repetition 389


vwbvbrvrrevrie-->768Round trip time was  0.203 milliseconds in repetition 390


vwbvbrvrrevrie-->768Round trip time was  0.202 milliseconds in repetition 391


vwbvbrvrrevrie-->768Round trip time was  0.831 milliseconds in repetition 392


vwbvbrvrrevrie-->768Round trip time was  0.216 milliseconds in repetition 393


vwbvbrvrrevrie-->768Round trip time was  0.202 milliseconds in repetition 394


vwbvbrvrrevrie-->768Round trip time was  0.199 milliseconds in repetition 395


vwbvbrvrrevrie-->768Round trip time was  0.654 milliseconds in repetition 396


vwbvbrvrrevrie-->768Round trip time was  0.220 milliseconds in repetition 397


vwbvbrvrrevrie-->768Round trip time was  0.207 milliseconds in repetition 398


vwbvbrvrrevrie-->768Round trip time was  0.733 milliseconds in repetition 399


vwbvbrvrrevrie-->768Round trip time was  0.248 milliseconds in repetition 400


vwbvbrvrrevrie-->768Round trip time was  0.214 milliseconds in repetition 401


vwbvbrvrrevrie-->768Round trip time was  3.213 milliseconds in repetition 402


vwbvbrvrrevrie-->768Round trip time was  0.358 milliseconds in repetition 403


vwbvbrvrrevrie-->768Round trip time was  0.210 milliseconds in repetition 404


vwbvbrvrrevrie-->768Round trip time was  0.213 milliseconds in repetition 405


vwbvbrvrrevrie-->768Round trip time was  0.209 milliseconds in repetition 406


vwbvbrvrrevrie-->768Round trip time was  0.211 milliseconds in repetition 407


vwbvbrvrrevrie-->768Round trip time was  0.213 milliseconds in repetition 408


vwbvbrvrrevrie-->768Round trip time was  1.002 milliseconds in repetition 409


vwbvbrvrrevrie-->768Round trip time was  0.232 milliseconds in repetition 410


vwbvbrvrrevrie-->768Round trip time was  0.214 milliseconds in repetition 411


vwbvbrvrrevrie-->768Round trip time was  0.446 milliseconds in repetition 412


vwbvbrvrrevrie-->768Round trip time was  0.207 milliseconds in repetition 413


vwbvbrvrrevrie-->768Round trip time was  0.201 milliseconds in repetition 414


vwbvbrvrrevrie-->768Round trip time was  0.205 milliseconds in repetition 415


vwbvbrvrrevrie-->768Round trip time was  0.229 milliseconds in repetition 416


vwbvbrvrrevrie-->768Round trip time was  0.222 milliseconds in repetition 417


vwbvbrvrrevrie-->768Round trip time was  0.207 milliseconds in repetition 418


vwbvbrvrrevrie-->768Round trip time was  0.197 milliseconds in repetition 419


vwbvbrvrrevrie-->768Round trip time was  3.482 milliseconds in repetition 420


vwbvbrvrrevrie-->768Round trip time was  0.310 milliseconds in repetition 421


vwbvbrvrrevrie-->768Round trip time was  0.238 milliseconds in repetition 422


vwbvbrvrrevrie-->768Round trip time was  0.583 milliseconds in repetition 423


vwbvbrvrrevrie-->768Round trip time was  0.213 milliseconds in repetition 424


vwbvbrvrrevrie-->768Round trip time was  0.200 milliseconds in repetition 425


vwbvbrvrrevrie-->768Round trip time was  0.484 milliseconds in repetition 426


vwbvbrvrrevrie-->768Round trip time was  0.212 milliseconds in repetition 427


vwbvbrvrrevrie-->768Round trip time was  0.203 milliseconds in repetition 428


vwbvbrvrrevrie-->768Round trip time was  0.778 milliseconds in repetition 429


vwbvbrvrrevrie-->768Round trip time was  0.256 milliseconds in repetition 430


vwbvbrvrrevrie-->768Round trip time was  0.915 milliseconds in repetition 431


vwbvbrvrrevrie-->768Round trip time was  0.213 milliseconds in repetition 432


vwbvbrvrrevrie-->768Round trip time was  0.199 milliseconds in repetition 433


vwbvbrvrrevrie-->768Round trip time was  1.449 milliseconds in repetition 434


vwbvbrvrrevrie-->768Round trip time was  0.230 milliseconds in repetition 435


vwbvbrvrrevrie-->768Round trip time was  0.309 milliseconds in repetition 436


vwbvbrvrrevrie-->768Round trip time was  0.366 milliseconds in repetition 437


vwbvbrvrrevrie-->768Round trip time was  0.226 milliseconds in repetition 438


vwbvbrvrrevrie-->-1Round trip time was  3.703 milliseconds in repetition 439


vwbvbrvrrevrie-->768Round trip time was  1.336 milliseconds in repetition 440


vwbvbrvrrevrie-->768Round trip time was  0.241 milliseconds in repetition 441


vwbvbrvrrevrie-->768Round trip time was  0.209 milliseconds in repetition 442


vwbvbrvrrevrie-->768Round trip time was  0.251 milliseconds in repetition 443


vwbvbrvrrevrie-->768Round trip time was  0.218 milliseconds in repetition 444


vwbvbrvrrevrie-->768Round trip time was  0.205 milliseconds in repetition 445


vwbvbrvrrevrie-->768Round trip time was  0.197 milliseconds in repetition 446


vwbvbrvrrevrie-->768Round trip time was  0.196 milliseconds in repetition 447


vwbvbrvrrevrie-->768Round trip time was  1.010 milliseconds in repetition 448


vwbvbrvrrevrie-->768Round trip time was  0.220 milliseconds in repetition 449


vwbvbrvrrevrie-->768Round trip time was  0.203 milliseconds in repetition 450


vwbvbrvrrevrie-->768Round trip time was  0.202 milliseconds in repetition 451


vwbvbrvrrevrie-->768Round trip time was  0.201 milliseconds in repetition 452


vwbvbrvrrevrie-->768Round trip time was  0.195 milliseconds in repetition 453


vwbvbrvrrevrie-->768Round trip time was  0.194 milliseconds in repetition 454


vwbvbrvrrevrie-->768Round trip time was  0.194 milliseconds in repetition 455


vwbvbrvrrevrie-->768Round trip time was  2.232 milliseconds in repetition 456


vwbvbrvrrevrie-->768Round trip time was  0.246 milliseconds in repetition 457


vwbvbrvrrevrie-->768Round trip time was  0.206 milliseconds in repetition 458


vwbvbrvrrevrie-->768Round trip time was  0.202 milliseconds in repetition 459


vwbvbrvrrevrie-->768Round trip time was  0.232 milliseconds in repetition 460


vwbvbrvrrevrie-->768Round trip time was  0.227 milliseconds in repetition 461


vwbvbrvrrevrie-->768Round trip time was  0.223 milliseconds in repetition 462


vwbvbrvrrevrie-->768Round trip time was  0.199 milliseconds in repetition 463


vwbvbrvrrevrie-->768Round trip time was  0.236 milliseconds in repetition 464


vwbvbrvrrevrie-->768Round trip time was  0.233 milliseconds in repetition 465


vwbvbrvrrevrie-->768Round trip time was  0.210 milliseconds in repetition 466


vwbvbrvrrevrie-->768Round trip time was  0.208 milliseconds in repetition 467


vwbvbrvrrevrie-->768Round trip time was  0.209 milliseconds in repetition 468


vwbvbrvrrevrie-->768Round trip time was  0.208 milliseconds in repetition 469


vwbvbrvrrevrie-->768Round trip time was  0.198 milliseconds in repetition 470


vwbvbrvrrevrie-->768Round trip time was  0.197 milliseconds in repetition 471


vwbvbrvrrevrie-->768Round trip time was  1.610 milliseconds in repetition 472


vwbvbrvrrevrie-->768Round trip time was  0.241 milliseconds in repetition 473


vwbvbrvrrevrie-->768Round trip time was  0.207 milliseconds in repetition 474


vwbvbrvrrevrie-->768Round trip time was  0.206 milliseconds in repetition 475


vwbvbrvrrevrie-->768Round trip time was  0.203 milliseconds in repetition 476


vwbvbrvrrevrie-->768Round trip time was  0.195 milliseconds in repetition 477


vwbvbrvrrevrie-->768Round trip time was  0.197 milliseconds in repetition 478


vwbvbrvrrevrie-->768Round trip time was  0.203 milliseconds in repetition 479


vwbvbrvrrevrie-->768Round trip time was  0.195 milliseconds in repetition 480


vwbvbrvrrevrie-->768Round trip time was  0.243 milliseconds in repetition 481


vwbvbrvrrevrie-->768Round trip time was  0.299 milliseconds in repetition 482


vwbvbrvrrevrie-->768Round trip time was  7.486 milliseconds in repetition 483


vwbvbrvrrevrie-->768Round trip time was  0.378 milliseconds in repetition 484


vwbvbrvrrevrie-->768Round trip time was  0.217 milliseconds in repetition 485


vwbvbrvrrevrie-->768Round trip time was  0.210 milliseconds in repetition 486


vwbvbrvrrevrie-->768Round trip time was  0.207 milliseconds in repetition 487


vwbvbrvrrevrie-->768Round trip time was  0.206 milliseconds in repetition 488


vwbvbrvrrevrie-->768Round trip time was  0.222 milliseconds in repetition 489


vwbvbrvrrevrie-->768Round trip time was  0.198 milliseconds in repetition 490


vwbvbrvrrevrie-->768Round trip time was  0.320 milliseconds in repetition 491


vwbvbrvrrevrie-->768Round trip time was  0.208 milliseconds in repetition 492


vwbvbrvrrevrie-->768Round trip time was  0.204 milliseconds in repetition 493


vwbvbrvrrevrie-->768Round trip time was  0.203 milliseconds in repetition 494


vwbvbrvrrevrie-->768Round trip time was  0.196 milliseconds in repetition 495


vwbvbrvrrevrie-->768Round trip time was  0.199 milliseconds in repetition 496


vwbvbrvrrevrie-->768Round trip time was  0.200 milliseconds in repetition 497


vwbvbrvrrevrie-->768Round trip time was  0.201 milliseconds in repetition 498


vwbvbrvrrevrie-->768Round trip time was  0.200 milliseconds in repetition 499


vwbvbrvrrevrie-->768Round trip time was  0.197 milliseconds in repetition 500


vwbvbrvrrevrie-->768Round trip time was  1.419 milliseconds in repetition 501

 ... clock resolution was 1e-06
UDP Ping:  Statistics over 501 repetitions of 768 byte messages

RTT : percentile 10: 0.195995, median: 0.219994, percentile 90: 1.36496, average: 0.60161, variance: 1.10485

RTT histogram:
0.187994 384
0.768927 51
1.34986 23
1.93079 12
2.51173 9
3.09266 6
3.67359 6
4.25453 3
4.83546 2
5.41639 1
5.99733 1
6.57826 1
7.15919 0
7.74013 1
8.32106 0
8.902 0
9.48293 0
10.0639 0
10.6448 0
11.2257 0
11.8067 1
   median Throughput : 6982.01 KB/s   overall Throughput : 2553.15 KB/s

