UDP Ping trying to connect to server localhost (127.0.0.1) on TCP port 1491
 ... connected to Pong server: asking for 501 repetitions of 96 _bytes UDP messages
 ... Pong server agreed to ping-pong using port 62831 :-)


vwbvbrvrrevrie-->96Round trip time was  0.441 milliseconds in repetition 1


vwbvbrvrrevrie-->96Round trip time was  0.232 milliseconds in repetition 2


vwbvbrvrrevrie-->96Round trip time was  0.213 milliseconds in repetition 3


vwbvbrvrrevrie-->96Round trip time was  0.208 milliseconds in repetition 4


vwbvbrvrrevrie-->96Round trip time was  0.207 milliseconds in repetition 5


vwbvbrvrrevrie-->96Round trip time was  0.199 milliseconds in repetition 6


vwbvbrvrrevrie-->96Round trip time was  0.200 milliseconds in repetition 7


vwbvbrvrrevrie-->96Round trip time was  0.204 milliseconds in repetition 8


vwbvbrvrrevrie-->96Round trip time was  0.202 milliseconds in repetition 9


vwbvbrvrrevrie-->96Round trip time was  0.197 milliseconds in repetition 10


vwbvbrvrrevrie-->96Round trip time was  0.202 milliseconds in repetition 11


vwbvbrvrrevrie-->96Round trip time was  0.195 milliseconds in repetition 12


vwbvbrvrrevrie-->96Round trip time was  0.194 milliseconds in repetition 13


vwbvbrvrrevrie-->96Round trip time was  0.199 milliseconds in repetition 14


vwbvbrvrrevrie-->96Round trip time was  0.224 milliseconds in repetition 15


vwbvbrvrrevrie-->96Round trip time was  0.199 milliseconds in repetition 16


vwbvbrvrrevrie-->96Round trip time was  0.190 milliseconds in repetition 17


vwbvbrvrrevrie-->96Round trip time was  0.189 milliseconds in repetition 18


vwbvbrvrrevrie-->96Round trip time was  0.189 milliseconds in repetition 19


vwbvbrvrrevrie-->96Round trip time was  0.365 milliseconds in repetition 20


vwbvbrvrrevrie-->96Round trip time was  0.217 milliseconds in repetition 21


vwbvbrvrrevrie-->96Round trip time was  0.195 milliseconds in repetition 22


vwbvbrvrrevrie-->96Round trip time was  0.202 milliseconds in repetition 23


vwbvbrvrrevrie-->96Round trip time was  0.200 milliseconds in repetition 24


vwbvbrvrrevrie-->96Round trip time was  0.191 milliseconds in repetition 25


vwbvbrvrrevrie-->96Round trip time was  0.192 milliseconds in repetition 26


vwbvbrvrrevrie-->96Round trip time was  0.191 milliseconds in repetition 27


vwbvbrvrrevrie-->96Round trip time was  0.193 milliseconds in repetition 28


vwbvbrvrrevrie-->96Round trip time was  0.192 milliseconds in repetition 29


vwbvbrvrrevrie-->96Round trip time was  0.295 milliseconds in repetition 30


vwbvbrvrrevrie-->96Round trip time was  0.193 milliseconds in repetition 31


vwbvbrvrrevrie-->96Round trip time was  0.192 milliseconds in repetition 32


vwbvbrvrrevrie-->96Round trip time was  0.192 milliseconds in repetition 33


vwbvbrvrrevrie-->96Round trip time was  0.190 milliseconds in repetition 34


vwbvbrvrrevrie-->96Round trip time was  0.190 milliseconds in repetition 35


vwbvbrvrrevrie-->96Round trip time was  0.190 milliseconds in repetition 36


vwbvbrvrrevrie-->96Round trip time was  0.195 milliseconds in repetition 37


vwbvbrvrrevrie-->96Round trip time was  0.192 milliseconds in repetition 38


vwbvbrvrrevrie-->96Round trip time was  0.190 milliseconds in repetition 39


vwbvbrvrrevrie-->96Round trip time was  0.190 milliseconds in repetition 40


vwbvbrvrrevrie-->96Round trip time was  0.189 milliseconds in repetition 41


vwbvbrvrrevrie-->96Round trip time was  0.190 milliseconds in repetition 42


vwbvbrvrrevrie-->96Round trip time was  0.192 milliseconds in repetition 43


vwbvbrvrrevrie-->96Round trip time was  0.190 milliseconds in repetition 44


vwbvbrvrrevrie-->96Round trip time was  0.190 milliseconds in repetition 45


vwbvbrvrrevrie-->96Round trip time was  0.189 milliseconds in repetition 46


vwbvbrvrrevrie-->96Round trip time was  0.189 milliseconds in repetition 47


vwbvbrvrrevrie-->96Round trip time was  0.191 milliseconds in repetition 48


vwbvbrvrrevrie-->96Round trip time was  0.192 milliseconds in repetition 49


vwbvbrvrrevrie-->96Round trip time was  0.189 milliseconds in repetition 50


vwbvbrvrrevrie-->96Round trip time was  0.202 milliseconds in repetition 51


vwbvbrvrrevrie-->96Round trip time was  0.191 milliseconds in repetition 52


vwbvbrvrrevrie-->96Round trip time was  0.248 milliseconds in repetition 53


vwbvbrvrrevrie-->-1Round trip time was  3.770 milliseconds in repetition 54


vwbvbrvrrevrie-->96Round trip time was  0.199 milliseconds in repetition 55


vwbvbrvrrevrie-->96Round trip time was  0.190 milliseconds in repetition 56


vwbvbrvrrevrie-->96Round trip time was  0.187 milliseconds in repetition 57


vwbvbrvrrevrie-->96Round trip time was  0.189 milliseconds in repetition 58


vwbvbrvrrevrie-->96Round trip time was  0.190 milliseconds in repetition 59


vwbvbrvrrevrie-->96Round trip time was  0.186 milliseconds in repetition 60


vwbvbrvrrevrie-->96Round trip time was  0.185 milliseconds in repetition 61


vwbvbrvrrevrie-->96Round trip time was  0.186 milliseconds in repetition 62


vwbvbrvrrevrie-->96Round trip time was  0.185 milliseconds in repetition 63


vwbvbrvrrevrie-->96Round trip time was  0.190 milliseconds in repetition 64


vwbvbrvrrevrie-->96Round trip time was  0.188 milliseconds in repetition 65


vwbvbrvrrevrie-->96Round trip time was  0.189 milliseconds in repetition 66


vwbvbrvrrevrie-->96Round trip time was  0.184 milliseconds in repetition 67


vwbvbrvrrevrie-->96Round trip time was  0.185 milliseconds in repetition 68


vwbvbrvrrevrie-->96Round trip time was  0.189 milliseconds in repetition 69


vwbvbrvrrevrie-->96Round trip time was  0.186 milliseconds in repetition 70


vwbvbrvrrevrie-->96Round trip time was  0.184 milliseconds in repetition 71


vwbvbrvrrevrie-->96Round trip time was  0.226 milliseconds in repetition 72


vwbvbrvrrevrie-->96Round trip time was  0.199 milliseconds in repetition 73


vwbvbrvrrevrie-->96Round trip time was  0.189 milliseconds in repetition 74


vwbvbrvrrevrie-->96Round trip time was  0.184 milliseconds in repetition 75


vwbvbrvrrevrie-->96Round trip time was  0.193 milliseconds in repetition 76


vwbvbrvrrevrie-->96Round trip time was  0.207 milliseconds in repetition 77


vwbvbrvrrevrie-->96Round trip time was  0.186 milliseconds in repetition 78


vwbvbrvrrevrie-->96Round trip time was  0.184 milliseconds in repetition 79


vwbvbrvrrevrie-->96Round trip time was  0.185 milliseconds in repetition 80


vwbvbrvrrevrie-->96Round trip time was  0.184 milliseconds in repetition 81


vwbvbrvrrevrie-->96Round trip time was  0.184 milliseconds in repetition 82


vwbvbrvrrevrie-->96Round trip time was  0.183 milliseconds in repetition 83


vwbvbrvrrevrie-->96Round trip time was  0.281 milliseconds in repetition 84


vwbvbrvrrevrie-->96Round trip time was  0.251 milliseconds in repetition 85


vwbvbrvrrevrie-->96Round trip time was  0.212 milliseconds in repetition 86


vwbvbrvrrevrie-->96Round trip time was  0.205 milliseconds in repetition 87


vwbvbrvrrevrie-->96Round trip time was  0.201 milliseconds in repetition 88


vwbvbrvrrevrie-->96Round trip time was  0.201 milliseconds in repetition 89


vwbvbrvrrevrie-->96Round trip time was  0.250 milliseconds in repetition 90


vwbvbrvrrevrie-->96Round trip time was  0.188 milliseconds in repetition 91


vwbvbrvrrevrie-->96Round trip time was  0.186 milliseconds in repetition 92


vwbvbrvrrevrie-->96Round trip time was  0.185 milliseconds in repetition 93


vwbvbrvrrevrie-->96Round trip time was  0.186 milliseconds in repetition 94


vwbvbrvrrevrie-->96Round trip time was  0.184 milliseconds in repetition 95


vwbvbrvrrevrie-->96Round trip time was  0.184 milliseconds in repetition 96


vwbvbrvrrevrie-->96Round trip time was  0.203 milliseconds in repetition 97


vwbvbrvrrevrie-->96Round trip time was  0.185 milliseconds in repetition 98


vwbvbrvrrevrie-->96Round trip time was  0.185 milliseconds in repetition 99


vwbvbrvrrevrie-->96Round trip time was  0.184 milliseconds in repetition 100


vwbvbrvrrevrie-->96Round trip time was  0.187 milliseconds in repetition 101


vwbvbrvrrevrie-->96Round trip time was  0.184 milliseconds in repetition 102


vwbvbrvrrevrie-->96Round trip time was  0.184 milliseconds in repetition 103


vwbvbrvrrevrie-->96Round trip time was  0.195 milliseconds in repetition 104


vwbvbrvrrevrie-->96Round trip time was  0.186 milliseconds in repetition 105


vwbvbrvrrevrie-->96Round trip time was  0.184 milliseconds in repetition 106


vwbvbrvrrevrie-->96Round trip time was  0.244 milliseconds in repetition 107


vwbvbrvrrevrie-->96Round trip time was  0.202 milliseconds in repetition 108


vwbvbrvrrevrie-->96Round trip time was  0.201 milliseconds in repetition 109


vwbvbrvrrevrie-->96Round trip time was  0.198 milliseconds in repetition 110


vwbvbrvrrevrie-->96Round trip time was  0.197 milliseconds in repetition 111


vwbvbrvrrevrie-->96Round trip time was  0.197 milliseconds in repetition 112


vwbvbrvrrevrie-->96Round trip time was  0.197 milliseconds in repetition 113


vwbvbrvrrevrie-->96Round trip time was  0.201 milliseconds in repetition 114


vwbvbrvrrevrie-->96Round trip time was  0.195 milliseconds in repetition 115


vwbvbrvrrevrie-->96Round trip time was  0.195 milliseconds in repetition 116


vwbvbrvrrevrie-->96Round trip time was  0.195 milliseconds in repetition 117


vwbvbrvrrevrie-->96Round trip time was  0.195 milliseconds in repetition 118


vwbvbrvrrevrie-->96Round trip time was  0.196 milliseconds in repetition 119


vwbvbrvrrevrie-->96Round trip time was  0.193 milliseconds in repetition 120


vwbvbrvrrevrie-->96Round trip time was  0.194 milliseconds in repetition 121


vwbvbrvrrevrie-->96Round trip time was  0.194 milliseconds in repetition 122


vwbvbrvrrevrie-->96Round trip time was  0.195 milliseconds in repetition 123


vwbvbrvrrevrie-->96Round trip time was  0.195 milliseconds in repetition 124


vwbvbrvrrevrie-->96Round trip time was  0.198 milliseconds in repetition 125


vwbvbrvrrevrie-->96Round trip time was  0.193 milliseconds in repetition 126


vwbvbrvrrevrie-->96Round trip time was  0.193 milliseconds in repetition 127


vwbvbrvrrevrie-->96Round trip time was  0.191 milliseconds in repetition 128


vwbvbrvrrevrie-->96Round trip time was  0.189 milliseconds in repetition 129


vwbvbrvrrevrie-->96Round trip time was  0.190 milliseconds in repetition 130


vwbvbrvrrevrie-->96Round trip time was  0.191 milliseconds in repetition 131


vwbvbrvrrevrie-->96Round trip time was  0.426 milliseconds in repetition 132


vwbvbrvrrevrie-->96Round trip time was  0.217 milliseconds in repetition 133


vwbvbrvrrevrie-->96Round trip time was  0.202 milliseconds in repetition 134


vwbvbrvrrevrie-->96Round trip time was  0.197 milliseconds in repetition 135


vwbvbrvrrevrie-->96Round trip time was  0.195 milliseconds in repetition 136


vwbvbrvrrevrie-->96Round trip time was  0.199 milliseconds in repetition 137


vwbvbrvrrevrie-->96Round trip time was  0.196 milliseconds in repetition 138


vwbvbrvrrevrie-->96Round trip time was  0.192 milliseconds in repetition 139


vwbvbrvrrevrie-->96Round trip time was  0.191 milliseconds in repetition 140


vwbvbrvrrevrie-->96Round trip time was  0.189 milliseconds in repetition 141


vwbvbrvrrevrie-->96Round trip time was  0.196 milliseconds in repetition 142


vwbvbrvrrevrie-->96Round trip time was  0.191 milliseconds in repetition 143


vwbvbrvrrevrie-->96Round trip time was  0.188 milliseconds in repetition 144


vwbvbrvrrevrie-->96Round trip time was  0.191 milliseconds in repetition 145


vwbvbrvrrevrie-->96Round trip time was  0.190 milliseconds in repetition 146


vwbvbrvrrevrie-->96Round trip time was  0.195 milliseconds in repetition 147


vwbvbrvrrevrie-->96Round trip time was  0.191 milliseconds in repetition 148


vwbvbrvrrevrie-->96Round trip time was  0.188 milliseconds in repetition 149


vwbvbrvrrevrie-->96Round trip time was  0.274 milliseconds in repetition 150


vwbvbrvrrevrie-->96Round trip time was  0.212 milliseconds in repetition 151


vwbvbrvrrevrie-->96Round trip time was  0.194 milliseconds in repetition 152


vwbvbrvrrevrie-->96Round trip time was  0.188 milliseconds in repetition 153


vwbvbrvrrevrie-->96Round trip time was  0.191 milliseconds in repetition 154


vwbvbrvrrevrie-->96Round trip time was  0.364 milliseconds in repetition 155


vwbvbrvrrevrie-->96Round trip time was  0.201 milliseconds in repetition 156


vwbvbrvrrevrie-->96Round trip time was  0.191 milliseconds in repetition 157


vwbvbrvrrevrie-->96Round trip time was  0.187 milliseconds in repetition 158


vwbvbrvrrevrie-->96Round trip time was  0.187 milliseconds in repetition 159


vwbvbrvrrevrie-->96Round trip time was  0.186 milliseconds in repetition 160


vwbvbrvrrevrie-->96Round trip time was  0.191 milliseconds in repetition 161


vwbvbrvrrevrie-->96Round trip time was  0.188 milliseconds in repetition 162


vwbvbrvrrevrie-->96Round trip time was  0.186 milliseconds in repetition 163


vwbvbrvrrevrie-->96Round trip time was  0.185 milliseconds in repetition 164


vwbvbrvrrevrie-->96Round trip time was  0.186 milliseconds in repetition 165


vwbvbrvrrevrie-->96Round trip time was  0.186 milliseconds in repetition 166


vwbvbrvrrevrie-->96Round trip time was  0.187 milliseconds in repetition 167


vwbvbrvrrevrie-->96Round trip time was  0.235 milliseconds in repetition 168


vwbvbrvrrevrie-->96Round trip time was  0.191 milliseconds in repetition 169


vwbvbrvrrevrie-->96Round trip time was  0.186 milliseconds in repetition 170


vwbvbrvrrevrie-->96Round trip time was  0.186 milliseconds in repetition 171


vwbvbrvrrevrie-->96Round trip time was  0.186 milliseconds in repetition 172


vwbvbrvrrevrie-->96Round trip time was  0.190 milliseconds in repetition 173


vwbvbrvrrevrie-->96Round trip time was  0.185 milliseconds in repetition 174


vwbvbrvrrevrie-->96Round trip time was  0.185 milliseconds in repetition 175


vwbvbrvrrevrie-->96Round trip time was  0.188 milliseconds in repetition 176


vwbvbrvrrevrie-->96Round trip time was  0.185 milliseconds in repetition 177


vwbvbrvrrevrie-->96Round trip time was  0.186 milliseconds in repetition 178


vwbvbrvrrevrie-->96Round trip time was  0.188 milliseconds in repetition 179


vwbvbrvrrevrie-->96Round trip time was  0.236 milliseconds in repetition 180


vwbvbrvrrevrie-->96Round trip time was  0.191 milliseconds in repetition 181


vwbvbrvrrevrie-->96Round trip time was  0.186 milliseconds in repetition 182


vwbvbrvrrevrie-->96Round trip time was  0.186 milliseconds in repetition 183


vwbvbrvrrevrie-->96Round trip time was  0.185 milliseconds in repetition 184


vwbvbrvrrevrie-->96Round trip time was  0.185 milliseconds in repetition 185


vwbvbrvrrevrie-->96Round trip time was  0.184 milliseconds in repetition 186


vwbvbrvrrevrie-->96Round trip time was  0.188 milliseconds in repetition 187


vwbvbrvrrevrie-->96Round trip time was  0.186 milliseconds in repetition 188


vwbvbrvrrevrie-->96Round trip time was  0.185 milliseconds in repetition 189


vwbvbrvrrevrie-->96Round trip time was  0.184 milliseconds in repetition 190


vwbvbrvrrevrie-->96Round trip time was  0.184 milliseconds in repetition 191


vwbvbrvrrevrie-->96Round trip time was  0.201 milliseconds in repetition 192


vwbvbrvrrevrie-->96Round trip time was  0.184 milliseconds in repetition 193


vwbvbrvrrevrie-->96Round trip time was  0.186 milliseconds in repetition 194


vwbvbrvrrevrie-->96Round trip time was  0.184 milliseconds in repetition 195


vwbvbrvrrevrie-->96Round trip time was  0.184 milliseconds in repetition 196


vwbvbrvrrevrie-->96Round trip time was  0.183 milliseconds in repetition 197


vwbvbrvrrevrie-->96Round trip time was  0.187 milliseconds in repetition 198


vwbvbrvrrevrie-->96Round trip time was  0.185 milliseconds in repetition 199


vwbvbrvrrevrie-->96Round trip time was  0.184 milliseconds in repetition 200


vwbvbrvrrevrie-->96Round trip time was  0.183 milliseconds in repetition 201


vwbvbrvrrevrie-->96Round trip time was  0.181 milliseconds in repetition 202


vwbvbrvrrevrie-->96Round trip time was  0.183 milliseconds in repetition 203


vwbvbrvrrevrie-->96Round trip time was  0.182 milliseconds in repetition 204


vwbvbrvrrevrie-->96Round trip time was  0.181 milliseconds in repetition 205


vwbvbrvrrevrie-->96Round trip time was  0.224 milliseconds in repetition 206


vwbvbrvrrevrie-->96Round trip time was  0.311 milliseconds in repetition 207


vwbvbrvrrevrie-->96Round trip time was  0.191 milliseconds in repetition 208


vwbvbrvrrevrie-->96Round trip time was  0.205 milliseconds in repetition 209


vwbvbrvrrevrie-->96Round trip time was  0.184 milliseconds in repetition 210


vwbvbrvrrevrie-->96Round trip time was  0.184 milliseconds in repetition 211


vwbvbrvrrevrie-->96Round trip time was  0.187 milliseconds in repetition 212


vwbvbrvrrevrie-->96Round trip time was  0.185 milliseconds in repetition 213


vwbvbrvrrevrie-->96Round trip time was  0.185 milliseconds in repetition 214


vwbvbrvrrevrie-->96Round trip time was  0.187 milliseconds in repetition 215


vwbvbrvrrevrie-->96Round trip time was  0.184 milliseconds in repetition 216


vwbvbrvrrevrie-->96Round trip time was  0.184 milliseconds in repetition 217


vwbvbrvrrevrie-->96Round trip time was  0.184 milliseconds in repetition 218


vwbvbrvrrevrie-->96Round trip time was  0.184 milliseconds in repetition 219


vwbvbrvrrevrie-->96Round trip time was  0.184 milliseconds in repetition 220


vwbvbrvrrevrie-->96Round trip time was  0.184 milliseconds in repetition 221


vwbvbrvrrevrie-->96Round trip time was  0.184 milliseconds in repetition 222


vwbvbrvrrevrie-->96Round trip time was  0.185 milliseconds in repetition 223


vwbvbrvrrevrie-->96Round trip time was  0.188 milliseconds in repetition 224


vwbvbrvrrevrie-->96Round trip time was  0.222 milliseconds in repetition 225


vwbvbrvrrevrie-->96Round trip time was  0.184 milliseconds in repetition 226


vwbvbrvrrevrie-->96Round trip time was  0.188 milliseconds in repetition 227


vwbvbrvrrevrie-->96Round trip time was  0.184 milliseconds in repetition 228


vwbvbrvrrevrie-->96Round trip time was  0.190 milliseconds in repetition 229


vwbvbrvrrevrie-->-1Round trip time was  3.032 milliseconds in repetition 230


vwbvbrvrrevrie-->96Round trip time was  0.188 milliseconds in repetition 231


vwbvbrvrrevrie-->96Round trip time was  0.185 milliseconds in repetition 232


vwbvbrvrrevrie-->96Round trip time was  0.183 milliseconds in repetition 233


vwbvbrvrrevrie-->96Round trip time was  0.184 milliseconds in repetition 234


vwbvbrvrrevrie-->96Round trip time was  0.187 milliseconds in repetition 235


vwbvbrvrrevrie-->96Round trip time was  0.183 milliseconds in repetition 236


vwbvbrvrrevrie-->96Round trip time was  0.185 milliseconds in repetition 237


vwbvbrvrrevrie-->96Round trip time was  0.183 milliseconds in repetition 238


vwbvbrvrrevrie-->96Round trip time was  0.183 milliseconds in repetition 239


vwbvbrvrrevrie-->96Round trip time was  0.184 milliseconds in repetition 240


vwbvbrvrrevrie-->96Round trip time was  0.184 milliseconds in repetition 241


vwbvbrvrrevrie-->96Round trip time was  0.187 milliseconds in repetition 242


vwbvbrvrrevrie-->96Round trip time was  0.183 milliseconds in repetition 243


vwbvbrvrrevrie-->96Round trip time was  0.183 milliseconds in repetition 244


vwbvbrvrrevrie-->96Round trip time was  0.183 milliseconds in repetition 245


vwbvbrvrrevrie-->96Round trip time was  0.183 milliseconds in repetition 246


vwbvbrvrrevrie-->96Round trip time was  0.183 milliseconds in repetition 247


vwbvbrvrrevrie-->96Round trip time was  0.184 milliseconds in repetition 248


vwbvbrvrrevrie-->96Round trip time was  0.183 milliseconds in repetition 249


vwbvbrvrrevrie-->96Round trip time was  0.183 milliseconds in repetition 250


vwbvbrvrrevrie-->96Round trip time was  0.183 milliseconds in repetition 251


vwbvbrvrrevrie-->96Round trip time was  0.180 milliseconds in repetition 252


vwbvbrvrrevrie-->96Round trip time was  0.181 milliseconds in repetition 253


vwbvbrvrrevrie-->96Round trip time was  0.181 milliseconds in repetition 254


vwbvbrvrrevrie-->96Round trip time was  0.181 milliseconds in repetition 255


vwbvbrvrrevrie-->96Round trip time was  0.222 milliseconds in repetition 256


vwbvbrvrrevrie-->96Round trip time was  0.183 milliseconds in repetition 257


vwbvbrvrrevrie-->96Round trip time was  0.184 milliseconds in repetition 258


vwbvbrvrrevrie-->96Round trip time was  0.191 milliseconds in repetition 259


vwbvbrvrrevrie-->96Round trip time was  0.184 milliseconds in repetition 260


vwbvbrvrrevrie-->96Round trip time was  0.183 milliseconds in repetition 261


vwbvbrvrrevrie-->96Round trip time was  0.184 milliseconds in repetition 262


vwbvbrvrrevrie-->96Round trip time was  0.185 milliseconds in repetition 263


vwbvbrvrrevrie-->96Round trip time was  0.184 milliseconds in repetition 264


vwbvbrvrrevrie-->96Round trip time was  0.183 milliseconds in repetition 265


vwbvbrvrrevrie-->96Round trip time was  0.183 milliseconds in repetition 266


vwbvbrvrrevrie-->96Round trip time was  0.182 milliseconds in repetition 267


vwbvbrvrrevrie-->96Round trip time was  0.184 milliseconds in repetition 268


vwbvbrvrrevrie-->96Round trip time was  0.183 milliseconds in repetition 269


vwbvbrvrrevrie-->96Round trip time was  0.183 milliseconds in repetition 270


vwbvbrvrrevrie-->96Round trip time was  0.182 milliseconds in repetition 271


vwbvbrvrrevrie-->96Round trip time was  0.182 milliseconds in repetition 272


vwbvbrvrrevrie-->96Round trip time was  0.182 milliseconds in repetition 273


vwbvbrvrrevrie-->96Round trip time was  0.189 milliseconds in repetition 274


vwbvbrvrrevrie-->96Round trip time was  0.188 milliseconds in repetition 275


vwbvbrvrrevrie-->96Round trip time was  0.184 milliseconds in repetition 276


vwbvbrvrrevrie-->96Round trip time was  0.199 milliseconds in repetition 277


vwbvbrvrrevrie-->96Round trip time was  0.183 milliseconds in repetition 278


vwbvbrvrrevrie-->96Round trip time was  0.184 milliseconds in repetition 279


vwbvbrvrrevrie-->96Round trip time was  0.187 milliseconds in repetition 280


vwbvbrvrrevrie-->96Round trip time was  0.182 milliseconds in repetition 281


vwbvbrvrrevrie-->96Round trip time was  0.183 milliseconds in repetition 282


vwbvbrvrrevrie-->96Round trip time was  0.182 milliseconds in repetition 283


vwbvbrvrrevrie-->96Round trip time was  0.184 milliseconds in repetition 284


vwbvbrvrrevrie-->96Round trip time was  0.183 milliseconds in repetition 285


vwbvbrvrrevrie-->96Round trip time was  0.182 milliseconds in repetition 286


vwbvbrvrrevrie-->96Round trip time was  0.183 milliseconds in repetition 287


vwbvbrvrrevrie-->96Round trip time was  0.183 milliseconds in repetition 288


vwbvbrvrrevrie-->96Round trip time was  0.182 milliseconds in repetition 289


vwbvbrvrrevrie-->96Round trip time was  0.183 milliseconds in repetition 290


vwbvbrvrrevrie-->96Round trip time was  0.182 milliseconds in repetition 291


vwbvbrvrrevrie-->96Round trip time was  0.182 milliseconds in repetition 292


vwbvbrvrrevrie-->96Round trip time was  0.188 milliseconds in repetition 293


vwbvbrvrrevrie-->96Round trip time was  0.227 milliseconds in repetition 294


vwbvbrvrrevrie-->96Round trip time was  0.185 milliseconds in repetition 295


vwbvbrvrrevrie-->96Round trip time was  0.183 milliseconds in repetition 296


vwbvbrvrrevrie-->96Round trip time was  0.182 milliseconds in repetition 297


vwbvbrvrrevrie-->96Round trip time was  0.186 milliseconds in repetition 298


vwbvbrvrrevrie-->96Round trip time was  0.182 milliseconds in repetition 299


vwbvbrvrrevrie-->96Round trip time was  0.184 milliseconds in repetition 300


vwbvbrvrrevrie-->96Round trip time was  0.187 milliseconds in repetition 301


vwbvbrvrrevrie-->96Round trip time was  0.194 milliseconds in repetition 302


vwbvbrvrrevrie-->96Round trip time was  0.189 milliseconds in repetition 303


vwbvbrvrrevrie-->96Round trip time was  0.184 milliseconds in repetition 304


vwbvbrvrrevrie-->96Round trip time was  0.203 milliseconds in repetition 305


vwbvbrvrrevrie-->96Round trip time was  0.189 milliseconds in repetition 306


vwbvbrvrrevrie-->96Round trip time was  0.183 milliseconds in repetition 307


vwbvbrvrrevrie-->96Round trip time was  0.182 milliseconds in repetition 308


vwbvbrvrrevrie-->96Round trip time was  0.185 milliseconds in repetition 309


vwbvbrvrrevrie-->96Round trip time was  0.183 milliseconds in repetition 310


vwbvbrvrrevrie-->96Round trip time was  0.193 milliseconds in repetition 311


vwbvbrvrrevrie-->96Round trip time was  0.229 milliseconds in repetition 312


vwbvbrvrrevrie-->96Round trip time was  0.184 milliseconds in repetition 313


vwbvbrvrrevrie-->96Round trip time was  0.183 milliseconds in repetition 314


vwbvbrvrrevrie-->96Round trip time was  0.184 milliseconds in repetition 315


vwbvbrvrrevrie-->96Round trip time was  0.182 milliseconds in repetition 316


vwbvbrvrrevrie-->96Round trip time was  0.182 milliseconds in repetition 317


vwbvbrvrrevrie-->96Round trip time was  0.182 milliseconds in repetition 318


vwbvbrvrrevrie-->96Round trip time was  0.182 milliseconds in repetition 319


vwbvbrvrrevrie-->96Round trip time was  0.183 milliseconds in repetition 320


vwbvbrvrrevrie-->96Round trip time was  0.184 milliseconds in repetition 321


vwbvbrvrrevrie-->96Round trip time was  0.182 milliseconds in repetition 322


vwbvbrvrrevrie-->96Round trip time was  0.182 milliseconds in repetition 323


vwbvbrvrrevrie-->96Round trip time was  0.182 milliseconds in repetition 324


vwbvbrvrrevrie-->96Round trip time was  0.182 milliseconds in repetition 325


vwbvbrvrrevrie-->96Round trip time was  0.183 milliseconds in repetition 326


vwbvbrvrrevrie-->96Round trip time was  0.183 milliseconds in repetition 327


vwbvbrvrrevrie-->96Round trip time was  0.183 milliseconds in repetition 328


vwbvbrvrrevrie-->96Round trip time was  0.182 milliseconds in repetition 329


vwbvbrvrrevrie-->96Round trip time was  0.182 milliseconds in repetition 330


vwbvbrvrrevrie-->96Round trip time was  0.184 milliseconds in repetition 331


vwbvbrvrrevrie-->96Round trip time was  0.223 milliseconds in repetition 332


vwbvbrvrrevrie-->96Round trip time was  0.184 milliseconds in repetition 333


vwbvbrvrrevrie-->96Round trip time was  0.183 milliseconds in repetition 334


vwbvbrvrrevrie-->96Round trip time was  0.183 milliseconds in repetition 335


vwbvbrvrrevrie-->96Round trip time was  0.183 milliseconds in repetition 336


vwbvbrvrrevrie-->96Round trip time was  0.185 milliseconds in repetition 337


vwbvbrvrrevrie-->96Round trip time was  0.183 milliseconds in repetition 338


vwbvbrvrrevrie-->96Round trip time was  0.182 milliseconds in repetition 339


vwbvbrvrrevrie-->96Round trip time was  0.182 milliseconds in repetition 340


vwbvbrvrrevrie-->96Round trip time was  0.183 milliseconds in repetition 341


vwbvbrvrrevrie-->96Round trip time was  0.184 milliseconds in repetition 342


vwbvbrvrrevrie-->96Round trip time was  0.183 milliseconds in repetition 343


vwbvbrvrrevrie-->96Round trip time was  0.183 milliseconds in repetition 344


vwbvbrvrrevrie-->96Round trip time was  0.183 milliseconds in repetition 345


vwbvbrvrrevrie-->96Round trip time was  0.182 milliseconds in repetition 346


vwbvbrvrrevrie-->96Round trip time was  0.184 milliseconds in repetition 347


vwbvbrvrrevrie-->96Round trip time was  0.182 milliseconds in repetition 348


vwbvbrvrrevrie-->96Round trip time was  0.182 milliseconds in repetition 349


vwbvbrvrrevrie-->96Round trip time was  0.183 milliseconds in repetition 350


vwbvbrvrrevrie-->96Round trip time was  0.183 milliseconds in repetition 351


vwbvbrvrrevrie-->96Round trip time was  0.222 milliseconds in repetition 352


vwbvbrvrrevrie-->96Round trip time was  0.184 milliseconds in repetition 353


vwbvbrvrrevrie-->96Round trip time was  0.183 milliseconds in repetition 354


vwbvbrvrrevrie-->96Round trip time was  0.183 milliseconds in repetition 355


vwbvbrvrrevrie-->96Round trip time was  0.183 milliseconds in repetition 356


vwbvbrvrrevrie-->96Round trip time was  0.183 milliseconds in repetition 357


vwbvbrvrrevrie-->96Round trip time was  0.183 milliseconds in repetition 358


vwbvbrvrrevrie-->96Round trip time was  0.183 milliseconds in repetition 359


vwbvbrvrrevrie-->96Round trip time was  0.183 milliseconds in repetition 360


vwbvbrvrrevrie-->96Round trip time was  0.183 milliseconds in repetition 361


vwbvbrvrrevrie-->96Round trip time was  0.183 milliseconds in repetition 362


vwbvbrvrrevrie-->96Round trip time was  0.197 milliseconds in repetition 363


vwbvbrvrrevrie-->96Round trip time was  0.186 milliseconds in repetition 364


vwbvbrvrrevrie-->96Round trip time was  0.184 milliseconds in repetition 365


vwbvbrvrrevrie-->96Round trip time was  0.183 milliseconds in repetition 366


vwbvbrvrrevrie-->96Round trip time was  0.184 milliseconds in repetition 367


vwbvbrvrrevrie-->96Round trip time was  0.185 milliseconds in repetition 368


vwbvbrvrrevrie-->96Round trip time was  0.182 milliseconds in repetition 369


vwbvbrvrrevrie-->96Round trip time was  0.226 milliseconds in repetition 370


vwbvbrvrrevrie-->96Round trip time was  0.182 milliseconds in repetition 371


vwbvbrvrrevrie-->96Round trip time was  0.183 milliseconds in repetition 372


vwbvbrvrrevrie-->96Round trip time was  0.184 milliseconds in repetition 373


vwbvbrvrrevrie-->96Round trip time was  0.182 milliseconds in repetition 374


vwbvbrvrrevrie-->96Round trip time was  0.194 milliseconds in repetition 375


vwbvbrvrrevrie-->96Round trip time was  0.188 milliseconds in repetition 376


vwbvbrvrrevrie-->96Round trip time was  0.196 milliseconds in repetition 377


vwbvbrvrrevrie-->96Round trip time was  0.184 milliseconds in repetition 378


vwbvbrvrrevrie-->96Round trip time was  0.182 milliseconds in repetition 379


vwbvbrvrrevrie-->96Round trip time was  0.183 milliseconds in repetition 380


vwbvbrvrrevrie-->96Round trip time was  0.184 milliseconds in repetition 381


vwbvbrvrrevrie-->96Round trip time was  0.183 milliseconds in repetition 382


vwbvbrvrrevrie-->96Round trip time was  0.190 milliseconds in repetition 383


vwbvbrvrrevrie-->96Round trip time was  0.184 milliseconds in repetition 384


vwbvbrvrrevrie-->96Round trip time was  0.182 milliseconds in repetition 385


vwbvbrvrrevrie-->96Round trip time was  0.183 milliseconds in repetition 386


vwbvbrvrrevrie-->96Round trip time was  0.183 milliseconds in repetition 387


vwbvbrvrrevrie-->96Round trip time was  0.183 milliseconds in repetition 388


vwbvbrvrrevrie-->96Round trip time was  0.343 milliseconds in repetition 389


vwbvbrvrrevrie-->96Round trip time was  0.208 milliseconds in repetition 390


vwbvbrvrrevrie-->96Round trip time was  0.195 milliseconds in repetition 391


vwbvbrvrrevrie-->96Round trip time was  0.192 milliseconds in repetition 392


vwbvbrvrrevrie-->96Round trip time was  0.193 milliseconds in repetition 393


vwbvbrvrrevrie-->96Round trip time was  0.191 milliseconds in repetition 394


vwbvbrvrrevrie-->96Round trip time was  0.193 milliseconds in repetition 395


vwbvbrvrrevrie-->96Round trip time was  0.191 milliseconds in repetition 396


vwbvbrvrrevrie-->96Round trip time was  0.189 milliseconds in repetition 397


vwbvbrvrrevrie-->96Round trip time was  0.191 milliseconds in repetition 398


vwbvbrvrrevrie-->96Round trip time was  0.190 milliseconds in repetition 399


vwbvbrvrrevrie-->96Round trip time was  0.188 milliseconds in repetition 400


vwbvbrvrrevrie-->96Round trip time was  0.188 milliseconds in repetition 401


vwbvbrvrrevrie-->96Round trip time was  0.188 milliseconds in repetition 402


vwbvbrvrrevrie-->96Round trip time was  0.187 milliseconds in repetition 403


vwbvbrvrrevrie-->96Round trip time was  0.189 milliseconds in repetition 404


vwbvbrvrrevrie-->96Round trip time was  0.188 milliseconds in repetition 405


vwbvbrvrrevrie-->96Round trip time was  0.190 milliseconds in repetition 406


vwbvbrvrrevrie-->96Round trip time was  0.188 milliseconds in repetition 407


vwbvbrvrrevrie-->96Round trip time was  0.188 milliseconds in repetition 408


vwbvbrvrrevrie-->96Round trip time was  0.187 milliseconds in repetition 409


vwbvbrvrrevrie-->96Round trip time was  0.187 milliseconds in repetition 410


vwbvbrvrrevrie-->96Round trip time was  0.185 milliseconds in repetition 411


vwbvbrvrrevrie-->96Round trip time was  0.184 milliseconds in repetition 412


vwbvbrvrrevrie-->96Round trip time was  0.185 milliseconds in repetition 413


vwbvbrvrrevrie-->96Round trip time was  0.185 milliseconds in repetition 414


vwbvbrvrrevrie-->96Round trip time was  0.200 milliseconds in repetition 415


vwbvbrvrrevrie-->96Round trip time was  0.193 milliseconds in repetition 416


vwbvbrvrrevrie-->96Round trip time was  0.188 milliseconds in repetition 417


vwbvbrvrrevrie-->96Round trip time was  0.187 milliseconds in repetition 418


vwbvbrvrrevrie-->96Round trip time was  0.188 milliseconds in repetition 419


vwbvbrvrrevrie-->96Round trip time was  0.186 milliseconds in repetition 420


vwbvbrvrrevrie-->96Round trip time was  0.186 milliseconds in repetition 421


vwbvbrvrrevrie-->96Round trip time was  0.187 milliseconds in repetition 422


vwbvbrvrrevrie-->96Round trip time was  0.188 milliseconds in repetition 423


vwbvbrvrrevrie-->96Round trip time was  0.188 milliseconds in repetition 424


vwbvbrvrrevrie-->96Round trip time was  0.298 milliseconds in repetition 425


vwbvbrvrrevrie-->96Round trip time was  0.441 milliseconds in repetition 426


vwbvbrvrrevrie-->96Round trip time was  0.211 milliseconds in repetition 427


vwbvbrvrrevrie-->96Round trip time was  0.203 milliseconds in repetition 428


vwbvbrvrrevrie-->96Round trip time was  0.366 milliseconds in repetition 429


vwbvbrvrrevrie-->96Round trip time was  0.244 milliseconds in repetition 430


vwbvbrvrrevrie-->96Round trip time was  0.385 milliseconds in repetition 431


vwbvbrvrrevrie-->96Round trip time was  0.243 milliseconds in repetition 432


vwbvbrvrrevrie-->96Round trip time was  0.220 milliseconds in repetition 433


vwbvbrvrrevrie-->96Round trip time was  0.220 milliseconds in repetition 434


vwbvbrvrrevrie-->96Round trip time was  0.227 milliseconds in repetition 435


vwbvbrvrrevrie-->96Round trip time was  0.208 milliseconds in repetition 436


vwbvbrvrrevrie-->96Round trip time was  0.206 milliseconds in repetition 437


vwbvbrvrrevrie-->96Round trip time was  0.203 milliseconds in repetition 438


vwbvbrvrrevrie-->96Round trip time was  0.207 milliseconds in repetition 439


vwbvbrvrrevrie-->96Round trip time was  0.203 milliseconds in repetition 440


vwbvbrvrrevrie-->96Round trip time was  0.194 milliseconds in repetition 441


vwbvbrvrrevrie-->96Round trip time was  0.193 milliseconds in repetition 442


vwbvbrvrrevrie-->96Round trip time was  0.190 milliseconds in repetition 443


vwbvbrvrrevrie-->96Round trip time was  0.196 milliseconds in repetition 444


vwbvbrvrrevrie-->96Round trip time was  0.437 milliseconds in repetition 445


vwbvbrvrrevrie-->96Round trip time was  0.216 milliseconds in repetition 446


vwbvbrvrrevrie-->96Round trip time was  0.208 milliseconds in repetition 447


vwbvbrvrrevrie-->96Round trip time was  0.205 milliseconds in repetition 448


vwbvbrvrrevrie-->96Round trip time was  0.202 milliseconds in repetition 449


vwbvbrvrrevrie-->96Round trip time was  0.238 milliseconds in repetition 450


vwbvbrvrrevrie-->96Round trip time was  0.205 milliseconds in repetition 451


vwbvbrvrrevrie-->96Round trip time was  0.268 milliseconds in repetition 452


vwbvbrvrrevrie-->96Round trip time was  0.267 milliseconds in repetition 453


vwbvbrvrrevrie-->96Round trip time was  0.224 milliseconds in repetition 454


vwbvbrvrrevrie-->96Round trip time was  0.258 milliseconds in repetition 455


vwbvbrvrrevrie-->96Round trip time was  0.293 milliseconds in repetition 456


vwbvbrvrrevrie-->96Round trip time was  0.217 milliseconds in repetition 457


vwbvbrvrrevrie-->96Round trip time was  0.195 milliseconds in repetition 458


vwbvbrvrrevrie-->96Round trip time was  0.196 milliseconds in repetition 459


vwbvbrvrrevrie-->96Round trip time was  0.194 milliseconds in repetition 460


vwbvbrvrrevrie-->96Round trip time was  0.192 milliseconds in repetition 461


vwbvbrvrrevrie-->96Round trip time was  0.193 milliseconds in repetition 462


vwbvbrvrrevrie-->96Round trip time was  0.193 milliseconds in repetition 463


vwbvbrvrrevrie-->96Round trip time was  0.215 milliseconds in repetition 464


vwbvbrvrrevrie-->96Round trip time was  0.196 milliseconds in repetition 465


vwbvbrvrrevrie-->96Round trip time was  0.438 milliseconds in repetition 466


vwbvbrvrrevrie-->96Round trip time was  0.201 milliseconds in repetition 467


vwbvbrvrrevrie-->96Round trip time was  0.191 milliseconds in repetition 468


vwbvbrvrrevrie-->96Round trip time was  0.192 milliseconds in repetition 469


vwbvbrvrrevrie-->96Round trip time was  0.195 milliseconds in repetition 470


vwbvbrvrrevrie-->96Round trip time was  0.211 milliseconds in repetition 471


vwbvbrvrrevrie-->96Round trip time was  0.322 milliseconds in repetition 472


vwbvbrvrrevrie-->96Round trip time was  0.442 milliseconds in repetition 473


vwbvbrvrrevrie-->96Round trip time was  0.350 milliseconds in repetition 474


vwbvbrvrrevrie-->96Round trip time was  0.211 milliseconds in repetition 475


vwbvbrvrrevrie-->96Round trip time was  1.640 milliseconds in repetition 476


vwbvbrvrrevrie-->-1Round trip time was  6.139 milliseconds in repetition 477


vwbvbrvrrevrie-->96Round trip time was  0.599 milliseconds in repetition 478


vwbvbrvrrevrie-->96Round trip time was  0.236 milliseconds in repetition 479


vwbvbrvrrevrie-->96Round trip time was  0.218 milliseconds in repetition 480


vwbvbrvrrevrie-->96Round trip time was  0.206 milliseconds in repetition 481


vwbvbrvrrevrie-->96Round trip time was  0.204 milliseconds in repetition 482


vwbvbrvrrevrie-->96Round trip time was  0.201 milliseconds in repetition 483


vwbvbrvrrevrie-->96Round trip time was  0.200 milliseconds in repetition 484


vwbvbrvrrevrie-->96Round trip time was  0.377 milliseconds in repetition 485


vwbvbrvrrevrie-->96Round trip time was  0.353 milliseconds in repetition 486


vwbvbrvrrevrie-->96Round trip time was  0.254 milliseconds in repetition 487


vwbvbrvrrevrie-->96Round trip time was  0.235 milliseconds in repetition 488


vwbvbrvrrevrie-->96Round trip time was  0.208 milliseconds in repetition 489


vwbvbrvrrevrie-->96Round trip time was  0.203 milliseconds in repetition 490


vwbvbrvrrevrie-->96Round trip time was  0.385 milliseconds in repetition 491


vwbvbrvrrevrie-->96Round trip time was  0.211 milliseconds in repetition 492


vwbvbrvrrevrie-->96Round trip time was  0.204 milliseconds in repetition 493


vwbvbrvrrevrie-->96Round trip time was  0.202 milliseconds in repetition 494


vwbvbrvrrevrie-->96Round trip time was  0.200 milliseconds in repetition 495


vwbvbrvrrevrie-->96Round trip time was  0.200 milliseconds in repetition 496


vwbvbrvrrevrie-->96Round trip time was  0.199 milliseconds in repetition 497


vwbvbrvrrevrie-->96Round trip time was  0.244 milliseconds in repetition 498


vwbvbrvrrevrie-->96Round trip time was  0.217 milliseconds in repetition 499


vwbvbrvrrevrie-->96Round trip time was  0.209 milliseconds in repetition 500


vwbvbrvrrevrie-->96Round trip time was  1.299 milliseconds in repetition 501

 ... clock resolution was 1e-06
UDP Ping:  Statistics over 501 repetitions of 96 byte messages

RTT : percentile 10: 0.182994, median: 0.187995, percentile 90: 0.223993, average: 0.230762, variance: 0.119548

RTT histogram:
0.179995 480
0.477936 16
0.775877 0
1.07382 0
1.37176 1
1.6697 1
1.96764 0
2.26558 0
2.56353 0
2.86147 0
3.15941 1
3.45735 0
3.75529 1
4.05323 0
4.35117 0
4.64912 0
4.94706 0
5.245 0
5.54294 0
5.84088 0
6.13882 1
   median Throughput : 1021.3 KB/s   overall Throughput : 832.027 KB/s

