UDP Ping trying to connect to server localhost (127.0.0.1) on TCP port 1491
 ... connected to Pong server: asking for 501 repetitions of 192 _bytes UDP messages
 ... Pong server agreed to ping-pong using port 62832 :-)


vwbvbrvrrevrie-->192Round trip time was  3.067 milliseconds in repetition 1


vwbvbrvrrevrie-->192Round trip time was  4.169 milliseconds in repetition 2


vwbvbrvrrevrie-->192Round trip time was  0.248 milliseconds in repetition 3


vwbvbrvrrevrie-->192Round trip time was  0.214 milliseconds in repetition 4


vwbvbrvrrevrie-->192Round trip time was  0.203 milliseconds in repetition 5


vwbvbrvrrevrie-->192Round trip time was  0.206 milliseconds in repetition 6


vwbvbrvrrevrie-->192Round trip time was  0.201 milliseconds in repetition 7


vwbvbrvrrevrie-->192Round trip time was  0.197 milliseconds in repetition 8


vwbvbrvrrevrie-->192Round trip time was  0.194 milliseconds in repetition 9


vwbvbrvrrevrie-->192Round trip time was  0.197 milliseconds in repetition 10


vwbvbrvrrevrie-->192Round trip time was  0.193 milliseconds in repetition 11


vwbvbrvrrevrie-->192Round trip time was  0.327 milliseconds in repetition 12


vwbvbrvrrevrie-->192Round trip time was  1.186 milliseconds in repetition 13


vwbvbrvrrevrie-->192Round trip time was  0.220 milliseconds in repetition 14


vwbvbrvrrevrie-->192Round trip time was  0.203 milliseconds in repetition 15


vwbvbrvrrevrie-->192Round trip time was  0.194 milliseconds in repetition 16


vwbvbrvrrevrie-->192Round trip time was  0.191 milliseconds in repetition 17


vwbvbrvrrevrie-->192Round trip time was  0.191 milliseconds in repetition 18


vwbvbrvrrevrie-->192Round trip time was  0.190 milliseconds in repetition 19


vwbvbrvrrevrie-->192Round trip time was  0.190 milliseconds in repetition 20


vwbvbrvrrevrie-->192Round trip time was  0.189 milliseconds in repetition 21


vwbvbrvrrevrie-->192Round trip time was  1.560 milliseconds in repetition 22


vwbvbrvrrevrie-->192Round trip time was  0.223 milliseconds in repetition 23


vwbvbrvrrevrie-->192Round trip time was  0.374 milliseconds in repetition 24


vwbvbrvrrevrie-->192Round trip time was  0.232 milliseconds in repetition 25


vwbvbrvrrevrie-->192Round trip time was  0.210 milliseconds in repetition 26


vwbvbrvrrevrie-->192Round trip time was  0.204 milliseconds in repetition 27


vwbvbrvrrevrie-->192Round trip time was  0.205 milliseconds in repetition 28


vwbvbrvrrevrie-->192Round trip time was  0.202 milliseconds in repetition 29


vwbvbrvrrevrie-->192Round trip time was  0.841 milliseconds in repetition 30


vwbvbrvrrevrie-->192Round trip time was  0.265 milliseconds in repetition 31


vwbvbrvrrevrie-->192Round trip time was  0.223 milliseconds in repetition 32


vwbvbrvrrevrie-->192Round trip time was  0.206 milliseconds in repetition 33


vwbvbrvrrevrie-->192Round trip time was  0.722 milliseconds in repetition 34


vwbvbrvrrevrie-->192Round trip time was  0.220 milliseconds in repetition 35


vwbvbrvrrevrie-->192Round trip time was  1.097 milliseconds in repetition 36


vwbvbrvrrevrie-->192Round trip time was  0.221 milliseconds in repetition 37


vwbvbrvrrevrie-->192Round trip time was  0.741 milliseconds in repetition 38


vwbvbrvrrevrie-->192Round trip time was  0.239 milliseconds in repetition 39


vwbvbrvrrevrie-->192Round trip time was  0.203 milliseconds in repetition 40


vwbvbrvrrevrie-->192Round trip time was  0.239 milliseconds in repetition 41


vwbvbrvrrevrie-->192Round trip time was  0.199 milliseconds in repetition 42


vwbvbrvrrevrie-->192Round trip time was  0.315 milliseconds in repetition 43


vwbvbrvrrevrie-->192Round trip time was  0.202 milliseconds in repetition 44


vwbvbrvrrevrie-->192Round trip time was  0.196 milliseconds in repetition 45


vwbvbrvrrevrie-->192Round trip time was  0.196 milliseconds in repetition 46


vwbvbrvrrevrie-->192Round trip time was  0.332 milliseconds in repetition 47


vwbvbrvrrevrie-->192Round trip time was  0.201 milliseconds in repetition 48


vwbvbrvrrevrie-->192Round trip time was  0.194 milliseconds in repetition 49


vwbvbrvrrevrie-->192Round trip time was  0.609 milliseconds in repetition 50


vwbvbrvrrevrie-->192Round trip time was  0.210 milliseconds in repetition 51


vwbvbrvrrevrie-->192Round trip time was  0.195 milliseconds in repetition 52


vwbvbrvrrevrie-->192Round trip time was  0.193 milliseconds in repetition 53


vwbvbrvrrevrie-->192Round trip time was  0.193 milliseconds in repetition 54


vwbvbrvrrevrie-->192Round trip time was  0.192 milliseconds in repetition 55


vwbvbrvrrevrie-->192Round trip time was  0.193 milliseconds in repetition 56


vwbvbrvrrevrie-->192Round trip time was  0.192 milliseconds in repetition 57


vwbvbrvrrevrie-->192Round trip time was  0.196 milliseconds in repetition 58


vwbvbrvrrevrie-->192Round trip time was  0.294 milliseconds in repetition 59


vwbvbrvrrevrie-->192Round trip time was  0.190 milliseconds in repetition 60


vwbvbrvrrevrie-->192Round trip time was  0.190 milliseconds in repetition 61


vwbvbrvrrevrie-->192Round trip time was  0.187 milliseconds in repetition 62


vwbvbrvrrevrie-->192Round trip time was  0.187 milliseconds in repetition 63


vwbvbrvrrevrie-->192Round trip time was  0.186 milliseconds in repetition 64


vwbvbrvrrevrie-->192Round trip time was  0.187 milliseconds in repetition 65


vwbvbrvrrevrie-->192Round trip time was  0.188 milliseconds in repetition 66


vwbvbrvrrevrie-->192Round trip time was  0.186 milliseconds in repetition 67


vwbvbrvrrevrie-->192Round trip time was  0.189 milliseconds in repetition 68


vwbvbrvrrevrie-->192Round trip time was  0.186 milliseconds in repetition 69


vwbvbrvrrevrie-->192Round trip time was  0.212 milliseconds in repetition 70


vwbvbrvrrevrie-->192Round trip time was  5.279 milliseconds in repetition 71


vwbvbrvrrevrie-->192Round trip time was  0.246 milliseconds in repetition 72


vwbvbrvrrevrie-->192Round trip time was  0.213 milliseconds in repetition 73


vwbvbrvrrevrie-->192Round trip time was  0.268 milliseconds in repetition 74


vwbvbrvrrevrie-->192Round trip time was  0.204 milliseconds in repetition 75


vwbvbrvrrevrie-->192Round trip time was  0.200 milliseconds in repetition 76


vwbvbrvrrevrie-->192Round trip time was  0.201 milliseconds in repetition 77


vwbvbrvrrevrie-->192Round trip time was  0.195 milliseconds in repetition 78


vwbvbrvrrevrie-->192Round trip time was  0.200 milliseconds in repetition 79


vwbvbrvrrevrie-->192Round trip time was  0.203 milliseconds in repetition 80


vwbvbrvrrevrie-->192Round trip time was  0.204 milliseconds in repetition 81


vwbvbrvrrevrie-->192Round trip time was  0.194 milliseconds in repetition 82


vwbvbrvrrevrie-->192Round trip time was  0.204 milliseconds in repetition 83


vwbvbrvrrevrie-->192Round trip time was  4.522 milliseconds in repetition 84


vwbvbrvrrevrie-->192Round trip time was  0.390 milliseconds in repetition 85


vwbvbrvrrevrie-->192Round trip time was  0.209 milliseconds in repetition 86


vwbvbrvrrevrie-->192Round trip time was  0.362 milliseconds in repetition 87


vwbvbrvrrevrie-->-1Round trip time was  6.284 milliseconds in repetition 88


vwbvbrvrrevrie-->192Round trip time was  0.229 milliseconds in repetition 89


vwbvbrvrrevrie-->192Round trip time was  0.231 milliseconds in repetition 90


vwbvbrvrrevrie-->192Round trip time was  0.275 milliseconds in repetition 91


vwbvbrvrrevrie-->192Round trip time was  0.198 milliseconds in repetition 92


vwbvbrvrrevrie-->192Round trip time was  0.196 milliseconds in repetition 93


vwbvbrvrrevrie-->192Round trip time was  0.196 milliseconds in repetition 94


vwbvbrvrrevrie-->192Round trip time was  0.197 milliseconds in repetition 95


vwbvbrvrrevrie-->192Round trip time was  0.193 milliseconds in repetition 96


vwbvbrvrrevrie-->192Round trip time was  0.192 milliseconds in repetition 97


vwbvbrvrrevrie-->192Round trip time was  0.194 milliseconds in repetition 98


vwbvbrvrrevrie-->192Round trip time was  0.204 milliseconds in repetition 99


vwbvbrvrrevrie-->192Round trip time was  0.199 milliseconds in repetition 100


vwbvbrvrrevrie-->192Round trip time was  0.207 milliseconds in repetition 101


vwbvbrvrrevrie-->192Round trip time was  0.438 milliseconds in repetition 102


vwbvbrvrrevrie-->192Round trip time was  0.210 milliseconds in repetition 103


vwbvbrvrrevrie-->192Round trip time was  0.194 milliseconds in repetition 104


vwbvbrvrrevrie-->192Round trip time was  0.198 milliseconds in repetition 105


vwbvbrvrrevrie-->192Round trip time was  0.200 milliseconds in repetition 106


vwbvbrvrrevrie-->192Round trip time was  0.208 milliseconds in repetition 107


vwbvbrvrrevrie-->192Round trip time was  0.191 milliseconds in repetition 108


vwbvbrvrrevrie-->192Round trip time was  0.199 milliseconds in repetition 109


vwbvbrvrrevrie-->192Round trip time was  0.274 milliseconds in repetition 110


vwbvbrvrrevrie-->192Round trip time was  0.218 milliseconds in repetition 111


vwbvbrvrrevrie-->192Round trip time was  0.199 milliseconds in repetition 112


vwbvbrvrrevrie-->192Round trip time was  0.212 milliseconds in repetition 113


vwbvbrvrrevrie-->192Round trip time was  0.193 milliseconds in repetition 114


vwbvbrvrrevrie-->192Round trip time was  0.192 milliseconds in repetition 115


vwbvbrvrrevrie-->192Round trip time was  0.193 milliseconds in repetition 116


vwbvbrvrrevrie-->192Round trip time was  0.230 milliseconds in repetition 117


vwbvbrvrrevrie-->192Round trip time was  0.190 milliseconds in repetition 118


vwbvbrvrrevrie-->192Round trip time was  0.187 milliseconds in repetition 119


vwbvbrvrrevrie-->192Round trip time was  0.187 milliseconds in repetition 120


vwbvbrvrrevrie-->192Round trip time was  0.189 milliseconds in repetition 121


vwbvbrvrrevrie-->192Round trip time was  0.193 milliseconds in repetition 122


vwbvbrvrrevrie-->192Round trip time was  0.187 milliseconds in repetition 123


vwbvbrvrrevrie-->192Round trip time was  0.187 milliseconds in repetition 124


vwbvbrvrrevrie-->192Round trip time was  0.187 milliseconds in repetition 125


vwbvbrvrrevrie-->192Round trip time was  0.187 milliseconds in repetition 126


vwbvbrvrrevrie-->192Round trip time was  0.190 milliseconds in repetition 127


vwbvbrvrrevrie-->192Round trip time was  0.188 milliseconds in repetition 128


vwbvbrvrrevrie-->192Round trip time was  0.234 milliseconds in repetition 129


vwbvbrvrrevrie-->192Round trip time was  0.186 milliseconds in repetition 130


vwbvbrvrrevrie-->192Round trip time was  0.185 milliseconds in repetition 131


vwbvbrvrrevrie-->192Round trip time was  0.186 milliseconds in repetition 132


vwbvbrvrrevrie-->192Round trip time was  0.185 milliseconds in repetition 133


vwbvbrvrrevrie-->192Round trip time was  0.185 milliseconds in repetition 134


vwbvbrvrrevrie-->192Round trip time was  0.185 milliseconds in repetition 135


vwbvbrvrrevrie-->192Round trip time was  0.185 milliseconds in repetition 136


vwbvbrvrrevrie-->192Round trip time was  0.186 milliseconds in repetition 137


vwbvbrvrrevrie-->192Round trip time was  0.187 milliseconds in repetition 138


vwbvbrvrrevrie-->192Round trip time was  0.185 milliseconds in repetition 139


vwbvbrvrrevrie-->192Round trip time was  0.185 milliseconds in repetition 140


vwbvbrvrrevrie-->192Round trip time was  0.184 milliseconds in repetition 141


vwbvbrvrrevrie-->192Round trip time was  0.190 milliseconds in repetition 142


vwbvbrvrrevrie-->192Round trip time was  0.184 milliseconds in repetition 143


vwbvbrvrrevrie-->192Round trip time was  0.185 milliseconds in repetition 144


vwbvbrvrrevrie-->192Round trip time was  0.184 milliseconds in repetition 145


vwbvbrvrrevrie-->192Round trip time was  0.184 milliseconds in repetition 146


vwbvbrvrrevrie-->192Round trip time was  0.185 milliseconds in repetition 147


vwbvbrvrrevrie-->192Round trip time was  0.187 milliseconds in repetition 148


vwbvbrvrrevrie-->192Round trip time was  0.192 milliseconds in repetition 149


vwbvbrvrrevrie-->192Round trip time was  0.183 milliseconds in repetition 150


vwbvbrvrrevrie-->192Round trip time was  0.183 milliseconds in repetition 151


vwbvbrvrrevrie-->192Round trip time was  0.182 milliseconds in repetition 152


vwbvbrvrrevrie-->192Round trip time was  0.397 milliseconds in repetition 153


vwbvbrvrrevrie-->192Round trip time was  0.195 milliseconds in repetition 154


vwbvbrvrrevrie-->192Round trip time was  0.187 milliseconds in repetition 155


vwbvbrvrrevrie-->192Round trip time was  0.184 milliseconds in repetition 156


vwbvbrvrrevrie-->192Round trip time was  0.186 milliseconds in repetition 157


vwbvbrvrrevrie-->192Round trip time was  0.184 milliseconds in repetition 158


vwbvbrvrrevrie-->192Round trip time was  0.184 milliseconds in repetition 159


vwbvbrvrrevrie-->192Round trip time was  0.184 milliseconds in repetition 160


vwbvbrvrrevrie-->192Round trip time was  0.184 milliseconds in repetition 161


vwbvbrvrrevrie-->192Round trip time was  0.186 milliseconds in repetition 162


vwbvbrvrrevrie-->192Round trip time was  0.185 milliseconds in repetition 163


vwbvbrvrrevrie-->192Round trip time was  0.184 milliseconds in repetition 164


vwbvbrvrrevrie-->192Round trip time was  0.184 milliseconds in repetition 165


vwbvbrvrrevrie-->192Round trip time was  0.186 milliseconds in repetition 166


vwbvbrvrrevrie-->192Round trip time was  0.185 milliseconds in repetition 167


vwbvbrvrrevrie-->192Round trip time was  0.185 milliseconds in repetition 168


vwbvbrvrrevrie-->192Round trip time was  0.184 milliseconds in repetition 169


vwbvbrvrrevrie-->192Round trip time was  0.185 milliseconds in repetition 170


vwbvbrvrrevrie-->192Round trip time was  0.184 milliseconds in repetition 171


vwbvbrvrrevrie-->192Round trip time was  0.229 milliseconds in repetition 172


vwbvbrvrrevrie-->192Round trip time was  0.188 milliseconds in repetition 173


vwbvbrvrrevrie-->192Round trip time was  0.185 milliseconds in repetition 174


vwbvbrvrrevrie-->192Round trip time was  0.184 milliseconds in repetition 175


vwbvbrvrrevrie-->192Round trip time was  0.183 milliseconds in repetition 176


vwbvbrvrrevrie-->192Round trip time was  0.184 milliseconds in repetition 177


vwbvbrvrrevrie-->192Round trip time was  0.184 milliseconds in repetition 178


vwbvbrvrrevrie-->192Round trip time was  0.194 milliseconds in repetition 179


vwbvbrvrrevrie-->192Round trip time was  0.189 milliseconds in repetition 180


vwbvbrvrrevrie-->192Round trip time was  0.184 milliseconds in repetition 181


vwbvbrvrrevrie-->192Round trip time was  0.184 milliseconds in repetition 182


vwbvbrvrrevrie-->192Round trip time was  0.190 milliseconds in repetition 183


vwbvbrvrrevrie-->192Round trip time was  0.185 milliseconds in repetition 184


vwbvbrvrrevrie-->192Round trip time was  0.190 milliseconds in repetition 185


vwbvbrvrrevrie-->192Round trip time was  0.203 milliseconds in repetition 186


vwbvbrvrrevrie-->192Round trip time was  0.195 milliseconds in repetition 187


vwbvbrvrrevrie-->192Round trip time was  0.218 milliseconds in repetition 188


vwbvbrvrrevrie-->192Round trip time was  0.186 milliseconds in repetition 189


vwbvbrvrrevrie-->192Round trip time was  0.189 milliseconds in repetition 190


vwbvbrvrrevrie-->192Round trip time was  0.184 milliseconds in repetition 191


vwbvbrvrrevrie-->192Round trip time was  0.184 milliseconds in repetition 192


vwbvbrvrrevrie-->192Round trip time was  0.184 milliseconds in repetition 193


vwbvbrvrrevrie-->192Round trip time was  0.188 milliseconds in repetition 194


vwbvbrvrrevrie-->192Round trip time was  0.183 milliseconds in repetition 195


vwbvbrvrrevrie-->192Round trip time was  0.183 milliseconds in repetition 196


vwbvbrvrrevrie-->192Round trip time was  0.184 milliseconds in repetition 197


vwbvbrvrrevrie-->192Round trip time was  0.205 milliseconds in repetition 198


vwbvbrvrrevrie-->192Round trip time was  0.184 milliseconds in repetition 199


vwbvbrvrrevrie-->192Round trip time was  0.189 milliseconds in repetition 200


vwbvbrvrrevrie-->192Round trip time was  0.183 milliseconds in repetition 201


vwbvbrvrrevrie-->192Round trip time was  0.184 milliseconds in repetition 202


vwbvbrvrrevrie-->192Round trip time was  0.184 milliseconds in repetition 203


vwbvbrvrrevrie-->192Round trip time was  0.183 milliseconds in repetition 204


vwbvbrvrrevrie-->192Round trip time was  0.194 milliseconds in repetition 205


vwbvbrvrrevrie-->192Round trip time was  0.184 milliseconds in repetition 206


vwbvbrvrrevrie-->192Round trip time was  0.183 milliseconds in repetition 207


vwbvbrvrrevrie-->192Round trip time was  0.181 milliseconds in repetition 208


vwbvbrvrrevrie-->192Round trip time was  0.180 milliseconds in repetition 209


vwbvbrvrrevrie-->192Round trip time was  0.181 milliseconds in repetition 210


vwbvbrvrrevrie-->192Round trip time was  0.181 milliseconds in repetition 211


vwbvbrvrrevrie-->192Round trip time was  0.182 milliseconds in repetition 212


vwbvbrvrrevrie-->192Round trip time was  0.229 milliseconds in repetition 213


vwbvbrvrrevrie-->192Round trip time was  0.184 milliseconds in repetition 214


vwbvbrvrrevrie-->192Round trip time was  0.184 milliseconds in repetition 215


vwbvbrvrrevrie-->192Round trip time was  0.183 milliseconds in repetition 216


vwbvbrvrrevrie-->192Round trip time was  0.183 milliseconds in repetition 217


vwbvbrvrrevrie-->192Round trip time was  0.182 milliseconds in repetition 218


vwbvbrvrrevrie-->192Round trip time was  0.184 milliseconds in repetition 219


vwbvbrvrrevrie-->192Round trip time was  0.185 milliseconds in repetition 220


vwbvbrvrrevrie-->192Round trip time was  0.186 milliseconds in repetition 221


vwbvbrvrrevrie-->192Round trip time was  0.182 milliseconds in repetition 222


vwbvbrvrrevrie-->192Round trip time was  0.195 milliseconds in repetition 223


vwbvbrvrrevrie-->192Round trip time was  0.182 milliseconds in repetition 224


vwbvbrvrrevrie-->192Round trip time was  0.186 milliseconds in repetition 225


vwbvbrvrrevrie-->192Round trip time was  0.185 milliseconds in repetition 226


vwbvbrvrrevrie-->192Round trip time was  0.183 milliseconds in repetition 227


vwbvbrvrrevrie-->192Round trip time was  0.183 milliseconds in repetition 228


vwbvbrvrrevrie-->192Round trip time was  0.184 milliseconds in repetition 229


vwbvbrvrrevrie-->192Round trip time was  0.183 milliseconds in repetition 230


vwbvbrvrrevrie-->192Round trip time was  0.184 milliseconds in repetition 231


vwbvbrvrrevrie-->192Round trip time was  0.231 milliseconds in repetition 232


vwbvbrvrrevrie-->192Round trip time was  0.185 milliseconds in repetition 233


vwbvbrvrrevrie-->192Round trip time was  0.184 milliseconds in repetition 234


vwbvbrvrrevrie-->192Round trip time was  0.185 milliseconds in repetition 235


vwbvbrvrrevrie-->192Round trip time was  0.184 milliseconds in repetition 236


vwbvbrvrrevrie-->192Round trip time was  0.183 milliseconds in repetition 237


vwbvbrvrrevrie-->192Round trip time was  0.188 milliseconds in repetition 238


vwbvbrvrrevrie-->192Round trip time was  0.183 milliseconds in repetition 239


vwbvbrvrrevrie-->192Round trip time was  0.182 milliseconds in repetition 240


vwbvbrvrrevrie-->192Round trip time was  0.182 milliseconds in repetition 241


vwbvbrvrrevrie-->-1Round trip time was  2.419 milliseconds in repetition 242


vwbvbrvrrevrie-->192Round trip time was  0.192 milliseconds in repetition 243


vwbvbrvrrevrie-->192Round trip time was  0.186 milliseconds in repetition 244


vwbvbrvrrevrie-->192Round trip time was  0.184 milliseconds in repetition 245


vwbvbrvrrevrie-->192Round trip time was  0.185 milliseconds in repetition 246


vwbvbrvrrevrie-->192Round trip time was  0.186 milliseconds in repetition 247


vwbvbrvrrevrie-->192Round trip time was  0.183 milliseconds in repetition 248


vwbvbrvrrevrie-->192Round trip time was  0.183 milliseconds in repetition 249


vwbvbrvrrevrie-->192Round trip time was  0.184 milliseconds in repetition 250


vwbvbrvrrevrie-->192Round trip time was  0.184 milliseconds in repetition 251


vwbvbrvrrevrie-->192Round trip time was  0.197 milliseconds in repetition 252


vwbvbrvrrevrie-->192Round trip time was  0.184 milliseconds in repetition 253


vwbvbrvrrevrie-->192Round trip time was  0.190 milliseconds in repetition 254


vwbvbrvrrevrie-->192Round trip time was  0.184 milliseconds in repetition 255


vwbvbrvrrevrie-->192Round trip time was  0.195 milliseconds in repetition 256


vwbvbrvrrevrie-->192Round trip time was  0.186 milliseconds in repetition 257


vwbvbrvrrevrie-->192Round trip time was  0.190 milliseconds in repetition 258


vwbvbrvrrevrie-->192Round trip time was  0.185 milliseconds in repetition 259


vwbvbrvrrevrie-->192Round trip time was  0.233 milliseconds in repetition 260


vwbvbrvrrevrie-->192Round trip time was  0.182 milliseconds in repetition 261


vwbvbrvrrevrie-->192Round trip time was  0.185 milliseconds in repetition 262


vwbvbrvrrevrie-->192Round trip time was  0.189 milliseconds in repetition 263


vwbvbrvrrevrie-->192Round trip time was  0.183 milliseconds in repetition 264


vwbvbrvrrevrie-->192Round trip time was  0.184 milliseconds in repetition 265


vwbvbrvrrevrie-->192Round trip time was  0.184 milliseconds in repetition 266


vwbvbrvrrevrie-->192Round trip time was  0.185 milliseconds in repetition 267


vwbvbrvrrevrie-->192Round trip time was  0.183 milliseconds in repetition 268


vwbvbrvrrevrie-->192Round trip time was  0.183 milliseconds in repetition 269


vwbvbrvrrevrie-->192Round trip time was  0.183 milliseconds in repetition 270


vwbvbrvrrevrie-->192Round trip time was  0.183 milliseconds in repetition 271


vwbvbrvrrevrie-->192Round trip time was  0.185 milliseconds in repetition 272


vwbvbrvrrevrie-->192Round trip time was  0.191 milliseconds in repetition 273


vwbvbrvrrevrie-->192Round trip time was  0.183 milliseconds in repetition 274


vwbvbrvrrevrie-->192Round trip time was  0.183 milliseconds in repetition 275


vwbvbrvrrevrie-->192Round trip time was  0.182 milliseconds in repetition 276


vwbvbrvrrevrie-->192Round trip time was  0.184 milliseconds in repetition 277


vwbvbrvrrevrie-->192Round trip time was  0.201 milliseconds in repetition 278


vwbvbrvrrevrie-->192Round trip time was  0.183 milliseconds in repetition 279


vwbvbrvrrevrie-->192Round trip time was  0.216 milliseconds in repetition 280


vwbvbrvrrevrie-->192Round trip time was  0.184 milliseconds in repetition 281


vwbvbrvrrevrie-->192Round trip time was  0.184 milliseconds in repetition 282


vwbvbrvrrevrie-->192Round trip time was  0.184 milliseconds in repetition 283


vwbvbrvrrevrie-->192Round trip time was  0.183 milliseconds in repetition 284


vwbvbrvrrevrie-->192Round trip time was  0.183 milliseconds in repetition 285


vwbvbrvrrevrie-->192Round trip time was  0.185 milliseconds in repetition 286


vwbvbrvrrevrie-->192Round trip time was  0.202 milliseconds in repetition 287


vwbvbrvrrevrie-->192Round trip time was  0.184 milliseconds in repetition 288


vwbvbrvrrevrie-->192Round trip time was  0.183 milliseconds in repetition 289


vwbvbrvrrevrie-->192Round trip time was  0.182 milliseconds in repetition 290


vwbvbrvrrevrie-->192Round trip time was  0.185 milliseconds in repetition 291


vwbvbrvrrevrie-->192Round trip time was  0.183 milliseconds in repetition 292


vwbvbrvrrevrie-->192Round trip time was  0.183 milliseconds in repetition 293


vwbvbrvrrevrie-->192Round trip time was  0.185 milliseconds in repetition 294


vwbvbrvrrevrie-->192Round trip time was  0.184 milliseconds in repetition 295


vwbvbrvrrevrie-->192Round trip time was  0.183 milliseconds in repetition 296


vwbvbrvrrevrie-->192Round trip time was  0.182 milliseconds in repetition 297


vwbvbrvrrevrie-->192Round trip time was  0.182 milliseconds in repetition 298


vwbvbrvrrevrie-->192Round trip time was  0.184 milliseconds in repetition 299


vwbvbrvrrevrie-->192Round trip time was  0.183 milliseconds in repetition 300


vwbvbrvrrevrie-->192Round trip time was  0.181 milliseconds in repetition 301


vwbvbrvrrevrie-->192Round trip time was  0.181 milliseconds in repetition 302


vwbvbrvrrevrie-->192Round trip time was  0.181 milliseconds in repetition 303


vwbvbrvrrevrie-->192Round trip time was  0.181 milliseconds in repetition 304


vwbvbrvrrevrie-->192Round trip time was  0.182 milliseconds in repetition 305


vwbvbrvrrevrie-->192Round trip time was  0.219 milliseconds in repetition 306


vwbvbrvrrevrie-->192Round trip time was  0.186 milliseconds in repetition 307


vwbvbrvrrevrie-->192Round trip time was  0.184 milliseconds in repetition 308


vwbvbrvrrevrie-->192Round trip time was  0.183 milliseconds in repetition 309


vwbvbrvrrevrie-->192Round trip time was  0.184 milliseconds in repetition 310


vwbvbrvrrevrie-->192Round trip time was  0.183 milliseconds in repetition 311


vwbvbrvrrevrie-->192Round trip time was  0.184 milliseconds in repetition 312


vwbvbrvrrevrie-->192Round trip time was  0.186 milliseconds in repetition 313


vwbvbrvrrevrie-->192Round trip time was  0.183 milliseconds in repetition 314


vwbvbrvrrevrie-->192Round trip time was  0.184 milliseconds in repetition 315


vwbvbrvrrevrie-->192Round trip time was  0.183 milliseconds in repetition 316


vwbvbrvrrevrie-->192Round trip time was  0.184 milliseconds in repetition 317


vwbvbrvrrevrie-->192Round trip time was  0.183 milliseconds in repetition 318


vwbvbrvrrevrie-->192Round trip time was  0.182 milliseconds in repetition 319


vwbvbrvrrevrie-->192Round trip time was  0.184 milliseconds in repetition 320


vwbvbrvrrevrie-->192Round trip time was  0.183 milliseconds in repetition 321


vwbvbrvrrevrie-->192Round trip time was  0.183 milliseconds in repetition 322


vwbvbrvrrevrie-->192Round trip time was  0.184 milliseconds in repetition 323


vwbvbrvrrevrie-->192Round trip time was  0.184 milliseconds in repetition 324


vwbvbrvrrevrie-->192Round trip time was  0.219 milliseconds in repetition 325


vwbvbrvrrevrie-->192Round trip time was  0.185 milliseconds in repetition 326


vwbvbrvrrevrie-->192Round trip time was  0.184 milliseconds in repetition 327


vwbvbrvrrevrie-->192Round trip time was  0.183 milliseconds in repetition 328


vwbvbrvrrevrie-->192Round trip time was  0.184 milliseconds in repetition 329


vwbvbrvrrevrie-->192Round trip time was  0.184 milliseconds in repetition 330


vwbvbrvrrevrie-->192Round trip time was  0.184 milliseconds in repetition 331


vwbvbrvrrevrie-->192Round trip time was  0.183 milliseconds in repetition 332


vwbvbrvrrevrie-->192Round trip time was  0.185 milliseconds in repetition 333


vwbvbrvrrevrie-->192Round trip time was  0.183 milliseconds in repetition 334


vwbvbrvrrevrie-->192Round trip time was  0.183 milliseconds in repetition 335


vwbvbrvrrevrie-->192Round trip time was  0.186 milliseconds in repetition 336


vwbvbrvrrevrie-->192Round trip time was  0.188 milliseconds in repetition 337


vwbvbrvrrevrie-->192Round trip time was  0.183 milliseconds in repetition 338


vwbvbrvrrevrie-->192Round trip time was  0.184 milliseconds in repetition 339


vwbvbrvrrevrie-->192Round trip time was  0.183 milliseconds in repetition 340


vwbvbrvrrevrie-->192Round trip time was  0.183 milliseconds in repetition 341


vwbvbrvrrevrie-->192Round trip time was  0.189 milliseconds in repetition 342


vwbvbrvrrevrie-->192Round trip time was  0.220 milliseconds in repetition 343


vwbvbrvrrevrie-->192Round trip time was  0.187 milliseconds in repetition 344


vwbvbrvrrevrie-->192Round trip time was  0.185 milliseconds in repetition 345


vwbvbrvrrevrie-->192Round trip time was  0.183 milliseconds in repetition 346


vwbvbrvrrevrie-->192Round trip time was  0.183 milliseconds in repetition 347


vwbvbrvrrevrie-->192Round trip time was  0.183 milliseconds in repetition 348


vwbvbrvrrevrie-->192Round trip time was  0.183 milliseconds in repetition 349


vwbvbrvrrevrie-->192Round trip time was  0.189 milliseconds in repetition 350


vwbvbrvrrevrie-->192Round trip time was  0.182 milliseconds in repetition 351


vwbvbrvrrevrie-->192Round trip time was  0.184 milliseconds in repetition 352


vwbvbrvrrevrie-->192Round trip time was  0.185 milliseconds in repetition 353


vwbvbrvrrevrie-->192Round trip time was  0.184 milliseconds in repetition 354


vwbvbrvrrevrie-->192Round trip time was  0.183 milliseconds in repetition 355


vwbvbrvrrevrie-->192Round trip time was  0.183 milliseconds in repetition 356


vwbvbrvrrevrie-->192Round trip time was  0.187 milliseconds in repetition 357


vwbvbrvrrevrie-->192Round trip time was  0.271 milliseconds in repetition 358


vwbvbrvrrevrie-->192Round trip time was  0.189 milliseconds in repetition 359


vwbvbrvrrevrie-->192Round trip time was  0.185 milliseconds in repetition 360


vwbvbrvrrevrie-->192Round trip time was  0.184 milliseconds in repetition 361


vwbvbrvrrevrie-->192Round trip time was  0.238 milliseconds in repetition 362


vwbvbrvrrevrie-->192Round trip time was  0.184 milliseconds in repetition 363


vwbvbrvrrevrie-->192Round trip time was  0.183 milliseconds in repetition 364


vwbvbrvrrevrie-->192Round trip time was  0.183 milliseconds in repetition 365


vwbvbrvrrevrie-->192Round trip time was  0.182 milliseconds in repetition 366


vwbvbrvrrevrie-->192Round trip time was  0.183 milliseconds in repetition 367


vwbvbrvrrevrie-->192Round trip time was  0.184 milliseconds in repetition 368


vwbvbrvrrevrie-->192Round trip time was  0.183 milliseconds in repetition 369


vwbvbrvrrevrie-->192Round trip time was  0.183 milliseconds in repetition 370


vwbvbrvrrevrie-->192Round trip time was  0.186 milliseconds in repetition 371


vwbvbrvrrevrie-->192Round trip time was  0.188 milliseconds in repetition 372


vwbvbrvrrevrie-->192Round trip time was  0.187 milliseconds in repetition 373


vwbvbrvrrevrie-->192Round trip time was  0.186 milliseconds in repetition 374


vwbvbrvrrevrie-->192Round trip time was  0.186 milliseconds in repetition 375


vwbvbrvrrevrie-->192Round trip time was  0.188 milliseconds in repetition 376


vwbvbrvrrevrie-->192Round trip time was  0.187 milliseconds in repetition 377


vwbvbrvrrevrie-->192Round trip time was  0.188 milliseconds in repetition 378


vwbvbrvrrevrie-->192Round trip time was  0.187 milliseconds in repetition 379


vwbvbrvrrevrie-->192Round trip time was  0.187 milliseconds in repetition 380


vwbvbrvrrevrie-->192Round trip time was  0.523 milliseconds in repetition 381


vwbvbrvrrevrie-->192Round trip time was  0.264 milliseconds in repetition 382


vwbvbrvrrevrie-->192Round trip time was  0.207 milliseconds in repetition 383


vwbvbrvrrevrie-->192Round trip time was  0.198 milliseconds in repetition 384


vwbvbrvrrevrie-->192Round trip time was  0.222 milliseconds in repetition 385


vwbvbrvrrevrie-->192Round trip time was  0.198 milliseconds in repetition 386


vwbvbrvrrevrie-->192Round trip time was  0.193 milliseconds in repetition 387


vwbvbrvrrevrie-->192Round trip time was  0.197 milliseconds in repetition 388


vwbvbrvrrevrie-->192Round trip time was  0.237 milliseconds in repetition 389


vwbvbrvrrevrie-->192Round trip time was  0.322 milliseconds in repetition 390


vwbvbrvrrevrie-->192Round trip time was  0.456 milliseconds in repetition 391


vwbvbrvrrevrie-->192Round trip time was  0.229 milliseconds in repetition 392


vwbvbrvrrevrie-->192Round trip time was  0.193 milliseconds in repetition 393


vwbvbrvrrevrie-->192Round trip time was  0.201 milliseconds in repetition 394


vwbvbrvrrevrie-->192Round trip time was  0.201 milliseconds in repetition 395


vwbvbrvrrevrie-->192Round trip time was  1.201 milliseconds in repetition 396


vwbvbrvrrevrie-->192Round trip time was  0.564 milliseconds in repetition 397


vwbvbrvrrevrie-->192Round trip time was  0.345 milliseconds in repetition 398


vwbvbrvrrevrie-->192Round trip time was  0.209 milliseconds in repetition 399


vwbvbrvrrevrie-->192Round trip time was  0.200 milliseconds in repetition 400


vwbvbrvrrevrie-->192Round trip time was  0.199 milliseconds in repetition 401


vwbvbrvrrevrie-->192Round trip time was  0.198 milliseconds in repetition 402


vwbvbrvrrevrie-->192Round trip time was  0.197 milliseconds in repetition 403


vwbvbrvrrevrie-->192Round trip time was  0.759 milliseconds in repetition 404


vwbvbrvrrevrie-->-1Round trip time was  5.580 milliseconds in repetition 405


vwbvbrvrrevrie-->192Round trip time was  0.258 milliseconds in repetition 406


vwbvbrvrrevrie-->192Round trip time was  0.219 milliseconds in repetition 407


vwbvbrvrrevrie-->192Round trip time was  0.219 milliseconds in repetition 408


vwbvbrvrrevrie-->192Round trip time was  0.448 milliseconds in repetition 409


vwbvbrvrrevrie-->192Round trip time was  0.220 milliseconds in repetition 410


vwbvbrvrrevrie-->192Round trip time was  0.209 milliseconds in repetition 411


vwbvbrvrrevrie-->192Round trip time was  0.209 milliseconds in repetition 412


vwbvbrvrrevrie-->192Round trip time was  0.210 milliseconds in repetition 413


vwbvbrvrrevrie-->192Round trip time was  0.206 milliseconds in repetition 414


vwbvbrvrrevrie-->192Round trip time was  0.206 milliseconds in repetition 415


vwbvbrvrrevrie-->192Round trip time was  0.208 milliseconds in repetition 416


vwbvbrvrrevrie-->192Round trip time was  0.207 milliseconds in repetition 417


vwbvbrvrrevrie-->192Round trip time was  0.205 milliseconds in repetition 418


vwbvbrvrrevrie-->192Round trip time was  0.205 milliseconds in repetition 419


vwbvbrvrrevrie-->192Round trip time was  0.319 milliseconds in repetition 420


vwbvbrvrrevrie-->192Round trip time was  0.249 milliseconds in repetition 421


vwbvbrvrrevrie-->192Round trip time was  0.199 milliseconds in repetition 422


vwbvbrvrrevrie-->192Round trip time was  0.197 milliseconds in repetition 423


vwbvbrvrrevrie-->192Round trip time was  0.202 milliseconds in repetition 424


vwbvbrvrrevrie-->192Round trip time was  0.197 milliseconds in repetition 425


vwbvbrvrrevrie-->192Round trip time was  0.198 milliseconds in repetition 426


vwbvbrvrrevrie-->192Round trip time was  0.203 milliseconds in repetition 427


vwbvbrvrrevrie-->192Round trip time was  0.197 milliseconds in repetition 428


vwbvbrvrrevrie-->192Round trip time was  0.201 milliseconds in repetition 429


vwbvbrvrrevrie-->192Round trip time was  0.196 milliseconds in repetition 430


vwbvbrvrrevrie-->192Round trip time was  0.197 milliseconds in repetition 431


vwbvbrvrrevrie-->192Round trip time was  0.195 milliseconds in repetition 432


vwbvbrvrrevrie-->192Round trip time was  0.200 milliseconds in repetition 433


vwbvbrvrrevrie-->192Round trip time was  0.195 milliseconds in repetition 434


vwbvbrvrrevrie-->192Round trip time was  0.194 milliseconds in repetition 435


vwbvbrvrrevrie-->192Round trip time was  0.196 milliseconds in repetition 436


vwbvbrvrrevrie-->192Round trip time was  0.251 milliseconds in repetition 437


vwbvbrvrrevrie-->192Round trip time was  0.198 milliseconds in repetition 438


vwbvbrvrrevrie-->192Round trip time was  0.196 milliseconds in repetition 439


vwbvbrvrrevrie-->192Round trip time was  0.195 milliseconds in repetition 440


vwbvbrvrrevrie-->192Round trip time was  0.196 milliseconds in repetition 441


vwbvbrvrrevrie-->192Round trip time was  0.195 milliseconds in repetition 442


vwbvbrvrrevrie-->192Round trip time was  0.197 milliseconds in repetition 443


vwbvbrvrrevrie-->192Round trip time was  0.194 milliseconds in repetition 444


vwbvbrvrrevrie-->192Round trip time was  0.198 milliseconds in repetition 445


vwbvbrvrrevrie-->192Round trip time was  0.195 milliseconds in repetition 446


vwbvbrvrrevrie-->192Round trip time was  0.194 milliseconds in repetition 447


vwbvbrvrrevrie-->192Round trip time was  0.193 milliseconds in repetition 448


vwbvbrvrrevrie-->192Round trip time was  0.193 milliseconds in repetition 449


vwbvbrvrrevrie-->192Round trip time was  0.194 milliseconds in repetition 450


vwbvbrvrrevrie-->192Round trip time was  0.203 milliseconds in repetition 451


vwbvbrvrrevrie-->192Round trip time was  0.197 milliseconds in repetition 452


vwbvbrvrrevrie-->192Round trip time was  0.193 milliseconds in repetition 453


vwbvbrvrrevrie-->192Round trip time was  0.193 milliseconds in repetition 454


vwbvbrvrrevrie-->192Round trip time was  0.196 milliseconds in repetition 455


vwbvbrvrrevrie-->192Round trip time was  0.277 milliseconds in repetition 456


vwbvbrvrrevrie-->192Round trip time was  0.210 milliseconds in repetition 457


vwbvbrvrrevrie-->192Round trip time was  0.203 milliseconds in repetition 458


vwbvbrvrrevrie-->192Round trip time was  0.207 milliseconds in repetition 459


vwbvbrvrrevrie-->192Round trip time was  0.202 milliseconds in repetition 460


vwbvbrvrrevrie-->192Round trip time was  0.226 milliseconds in repetition 461


vwbvbrvrrevrie-->192Round trip time was  0.195 milliseconds in repetition 462


vwbvbrvrrevrie-->192Round trip time was  0.209 milliseconds in repetition 463


vwbvbrvrrevrie-->192Round trip time was  0.192 milliseconds in repetition 464


vwbvbrvrrevrie-->192Round trip time was  0.193 milliseconds in repetition 465


vwbvbrvrrevrie-->192Round trip time was  0.200 milliseconds in repetition 466


vwbvbrvrrevrie-->192Round trip time was  0.193 milliseconds in repetition 467


vwbvbrvrrevrie-->192Round trip time was  0.196 milliseconds in repetition 468


vwbvbrvrrevrie-->192Round trip time was  0.196 milliseconds in repetition 469


vwbvbrvrrevrie-->192Round trip time was  0.197 milliseconds in repetition 470


vwbvbrvrrevrie-->192Round trip time was  0.191 milliseconds in repetition 471


vwbvbrvrrevrie-->192Round trip time was  0.196 milliseconds in repetition 472


vwbvbrvrrevrie-->192Round trip time was  0.336 milliseconds in repetition 473


vwbvbrvrrevrie-->192Round trip time was  0.232 milliseconds in repetition 474


vwbvbrvrrevrie-->192Round trip time was  0.206 milliseconds in repetition 475


vwbvbrvrrevrie-->192Round trip time was  0.200 milliseconds in repetition 476


vwbvbrvrrevrie-->192Round trip time was  0.197 milliseconds in repetition 477


vwbvbrvrrevrie-->192Round trip time was  0.198 milliseconds in repetition 478


vwbvbrvrrevrie-->192Round trip time was  0.196 milliseconds in repetition 479


vwbvbrvrrevrie-->192Round trip time was  0.194 milliseconds in repetition 480


vwbvbrvrrevrie-->192Round trip time was  0.193 milliseconds in repetition 481


vwbvbrvrrevrie-->192Round trip time was  0.192 milliseconds in repetition 482


vwbvbrvrrevrie-->192Round trip time was  0.195 milliseconds in repetition 483


vwbvbrvrrevrie-->192Round trip time was  0.193 milliseconds in repetition 484


vwbvbrvrrevrie-->192Round trip time was  0.191 milliseconds in repetition 485


vwbvbrvrrevrie-->192Round trip time was  0.196 milliseconds in repetition 486


vwbvbrvrrevrie-->192Round trip time was  0.195 milliseconds in repetition 487


vwbvbrvrrevrie-->192Round trip time was  0.193 milliseconds in repetition 488


vwbvbrvrrevrie-->192Round trip time was  0.192 milliseconds in repetition 489


vwbvbrvrrevrie-->192Round trip time was  0.190 milliseconds in repetition 490


vwbvbrvrrevrie-->192Round trip time was  0.236 milliseconds in repetition 491


vwbvbrvrrevrie-->192Round trip time was  0.196 milliseconds in repetition 492


vwbvbrvrrevrie-->192Round trip time was  0.190 milliseconds in repetition 493


vwbvbrvrrevrie-->192Round trip time was  0.191 milliseconds in repetition 494


vwbvbrvrrevrie-->192Round trip time was  0.190 milliseconds in repetition 495


vwbvbrvrrevrie-->192Round trip time was  0.190 milliseconds in repetition 496


vwbvbrvrrevrie-->192Round trip time was  0.195 milliseconds in repetition 497


vwbvbrvrrevrie-->192Round trip time was  0.189 milliseconds in repetition 498


vwbvbrvrrevrie-->192Round trip time was  0.191 milliseconds in repetition 499


vwbvbrvrrevrie-->192Round trip time was  0.190 milliseconds in repetition 500


vwbvbrvrrevrie-->192Round trip time was  1.227 milliseconds in repetition 501

 ... clock resolution was 1e-06
UDP Ping:  Statistics over 501 repetitions of 192 byte messages

RTT : percentile 10: 0.182995, median: 0.189995, percentile 90: 0.235993, average: 0.27683, variance: 0.288637

RTT histogram:
0.179995 473
0.485186 12
0.790377 4
1.09557 4
1.40076 0
1.70595 1
2.01114 0
2.31633 1
2.62152 0
2.92672 1
3.23191 0
3.5371 0
3.84229 0
4.14748 1
4.45267 1
4.75786 0
5.06305 0
5.36825 1
5.67344 1
5.97863 0
6.28382 1
   median Throughput : 2021.11 KB/s   overall Throughput : 1387.13 KB/s

