UDP Ping trying to connect to server localhost (127.0.0.1) on TCP port 1491
 ... connected to Pong server: asking for 501 repetitions of 2048 _bytes UDP messages
 ... Pong server agreed to ping-pong using port 62832 :-)


vwbvbrvrrevrie-->2048Round trip time was  6.352 milliseconds in repetition 1


vwbvbrvrrevrie-->2048Round trip time was  0.723 milliseconds in repetition 2


vwbvbrvrrevrie-->2048Round trip time was  3.625 milliseconds in repetition 3


vwbvbrvrrevrie-->2048Round trip time was  0.277 milliseconds in repetition 4


vwbvbrvrrevrie-->2048Round trip time was  2.041 milliseconds in repetition 5


vwbvbrvrrevrie-->2048Round trip time was  0.247 milliseconds in repetition 6


vwbvbrvrrevrie-->2048Round trip time was  0.210 milliseconds in repetition 7


vwbvbrvrrevrie-->2048Round trip time was  0.323 milliseconds in repetition 8


vwbvbrvrrevrie-->2048Round trip time was  0.223 milliseconds in repetition 9


vwbvbrvrrevrie-->2048Round trip time was  0.215 milliseconds in repetition 10


vwbvbrvrrevrie-->2048Round trip time was  0.207 milliseconds in repetition 11


vwbvbrvrrevrie-->2048Round trip time was  0.209 milliseconds in repetition 12


vwbvbrvrrevrie-->2048Round trip time was  0.252 milliseconds in repetition 13


vwbvbrvrrevrie-->2048Round trip time was  0.253 milliseconds in repetition 14


vwbvbrvrrevrie-->2048Round trip time was  0.218 milliseconds in repetition 15


vwbvbrvrrevrie-->2048Round trip time was  0.213 milliseconds in repetition 16


vwbvbrvrrevrie-->2048Round trip time was  0.208 milliseconds in repetition 17


vwbvbrvrrevrie-->2048Round trip time was  0.206 milliseconds in repetition 18


vwbvbrvrrevrie-->2048Round trip time was  0.205 milliseconds in repetition 19


vwbvbrvrrevrie-->2048Round trip time was  0.203 milliseconds in repetition 20


vwbvbrvrrevrie-->2048Round trip time was  0.207 milliseconds in repetition 21


vwbvbrvrrevrie-->2048Round trip time was  0.202 milliseconds in repetition 22


vwbvbrvrrevrie-->2048Round trip time was  0.202 milliseconds in repetition 23


vwbvbrvrrevrie-->2048Round trip time was  0.202 milliseconds in repetition 24


vwbvbrvrrevrie-->2048Round trip time was  0.253 milliseconds in repetition 25


vwbvbrvrrevrie-->2048Round trip time was  0.202 milliseconds in repetition 26


vwbvbrvrrevrie-->2048Round trip time was  3.638 milliseconds in repetition 27


vwbvbrvrrevrie-->2048Round trip time was  0.256 milliseconds in repetition 28


vwbvbrvrrevrie-->2048Round trip time was  0.209 milliseconds in repetition 29


vwbvbrvrrevrie-->2048Round trip time was  0.203 milliseconds in repetition 30


vwbvbrvrrevrie-->2048Round trip time was  0.202 milliseconds in repetition 31


vwbvbrvrrevrie-->2048Round trip time was  0.201 milliseconds in repetition 32


vwbvbrvrrevrie-->2048Round trip time was  0.200 milliseconds in repetition 33


vwbvbrvrrevrie-->2048Round trip time was  0.202 milliseconds in repetition 34


vwbvbrvrrevrie-->2048Round trip time was  0.200 milliseconds in repetition 35


vwbvbrvrrevrie-->2048Round trip time was  0.199 milliseconds in repetition 36


vwbvbrvrrevrie-->2048Round trip time was  0.203 milliseconds in repetition 37


vwbvbrvrrevrie-->2048Round trip time was  0.200 milliseconds in repetition 38


vwbvbrvrrevrie-->2048Round trip time was  0.200 milliseconds in repetition 39


vwbvbrvrrevrie-->2048Round trip time was  0.199 milliseconds in repetition 40


vwbvbrvrrevrie-->2048Round trip time was  0.200 milliseconds in repetition 41


vwbvbrvrrevrie-->2048Round trip time was  0.199 milliseconds in repetition 42


vwbvbrvrrevrie-->2048Round trip time was  0.201 milliseconds in repetition 43


vwbvbrvrrevrie-->2048Round trip time was  0.307 milliseconds in repetition 44


vwbvbrvrrevrie-->2048Round trip time was  0.197 milliseconds in repetition 45


vwbvbrvrrevrie-->2048Round trip time was  0.198 milliseconds in repetition 46


vwbvbrvrrevrie-->2048Round trip time was  0.198 milliseconds in repetition 47


vwbvbrvrrevrie-->2048Round trip time was  0.199 milliseconds in repetition 48


vwbvbrvrrevrie-->2048Round trip time was  0.200 milliseconds in repetition 49


vwbvbrvrrevrie-->2048Round trip time was  0.211 milliseconds in repetition 50


vwbvbrvrrevrie-->2048Round trip time was  0.202 milliseconds in repetition 51


vwbvbrvrrevrie-->2048Round trip time was  0.198 milliseconds in repetition 52


vwbvbrvrrevrie-->2048Round trip time was  0.201 milliseconds in repetition 53


vwbvbrvrrevrie-->2048Round trip time was  0.197 milliseconds in repetition 54


vwbvbrvrrevrie-->2048Round trip time was  0.198 milliseconds in repetition 55


vwbvbrvrrevrie-->2048Round trip time was  5.017 milliseconds in repetition 56


vwbvbrvrrevrie-->2048Round trip time was  0.237 milliseconds in repetition 57


vwbvbrvrrevrie-->2048Round trip time was  0.204 milliseconds in repetition 58


vwbvbrvrrevrie-->2048Round trip time was  0.199 milliseconds in repetition 59


vwbvbrvrrevrie-->2048Round trip time was  0.196 milliseconds in repetition 60


vwbvbrvrrevrie-->2048Round trip time was  0.282 milliseconds in repetition 61


vwbvbrvrrevrie-->2048Round trip time was  0.201 milliseconds in repetition 62


vwbvbrvrrevrie-->2048Round trip time was  0.198 milliseconds in repetition 63


vwbvbrvrrevrie-->2048Round trip time was  0.197 milliseconds in repetition 64


vwbvbrvrrevrie-->2048Round trip time was  0.194 milliseconds in repetition 65


vwbvbrvrrevrie-->2048Round trip time was  0.197 milliseconds in repetition 66


vwbvbrvrrevrie-->2048Round trip time was  0.195 milliseconds in repetition 67


vwbvbrvrrevrie-->2048Round trip time was  0.194 milliseconds in repetition 68


vwbvbrvrrevrie-->2048Round trip time was  0.194 milliseconds in repetition 69


vwbvbrvrrevrie-->2048Round trip time was  0.194 milliseconds in repetition 70


vwbvbrvrrevrie-->2048Round trip time was  0.193 milliseconds in repetition 71


vwbvbrvrrevrie-->2048Round trip time was  0.194 milliseconds in repetition 72


vwbvbrvrrevrie-->2048Round trip time was  0.194 milliseconds in repetition 73


vwbvbrvrrevrie-->2048Round trip time was  0.194 milliseconds in repetition 74


vwbvbrvrrevrie-->2048Round trip time was  0.193 milliseconds in repetition 75


vwbvbrvrrevrie-->2048Round trip time was  0.193 milliseconds in repetition 76


vwbvbrvrrevrie-->2048Round trip time was  0.194 milliseconds in repetition 77


vwbvbrvrrevrie-->2048Round trip time was  0.193 milliseconds in repetition 78


vwbvbrvrrevrie-->2048Round trip time was  0.261 milliseconds in repetition 79


vwbvbrvrrevrie-->2048Round trip time was  0.217 milliseconds in repetition 80


vwbvbrvrrevrie-->2048Round trip time was  0.199 milliseconds in repetition 81


vwbvbrvrrevrie-->2048Round trip time was  0.196 milliseconds in repetition 82


vwbvbrvrrevrie-->2048Round trip time was  0.194 milliseconds in repetition 83


vwbvbrvrrevrie-->2048Round trip time was  0.193 milliseconds in repetition 84


vwbvbrvrrevrie-->2048Round trip time was  0.193 milliseconds in repetition 85


vwbvbrvrrevrie-->2048Round trip time was  0.192 milliseconds in repetition 86


vwbvbrvrrevrie-->2048Round trip time was  0.193 milliseconds in repetition 87


vwbvbrvrrevrie-->2048Round trip time was  0.191 milliseconds in repetition 88


vwbvbrvrrevrie-->2048Round trip time was  0.192 milliseconds in repetition 89


vwbvbrvrrevrie-->2048Round trip time was  0.191 milliseconds in repetition 90


vwbvbrvrrevrie-->2048Round trip time was  0.191 milliseconds in repetition 91


vwbvbrvrrevrie-->2048Round trip time was  0.193 milliseconds in repetition 92


vwbvbrvrrevrie-->2048Round trip time was  0.191 milliseconds in repetition 93


vwbvbrvrrevrie-->2048Round trip time was  0.192 milliseconds in repetition 94


vwbvbrvrrevrie-->2048Round trip time was  0.192 milliseconds in repetition 95


vwbvbrvrrevrie-->2048Round trip time was  0.191 milliseconds in repetition 96


vwbvbrvrrevrie-->2048Round trip time was  0.191 milliseconds in repetition 97


vwbvbrvrrevrie-->2048Round trip time was  0.235 milliseconds in repetition 98


vwbvbrvrrevrie-->2048Round trip time was  0.194 milliseconds in repetition 99


vwbvbrvrrevrie-->2048Round trip time was  0.195 milliseconds in repetition 100


vwbvbrvrrevrie-->2048Round trip time was  0.218 milliseconds in repetition 101


vwbvbrvrrevrie-->2048Round trip time was  0.232 milliseconds in repetition 102


vwbvbrvrrevrie-->2048Round trip time was  0.197 milliseconds in repetition 103


vwbvbrvrrevrie-->2048Round trip time was  1.320 milliseconds in repetition 104


vwbvbrvrrevrie-->2048Round trip time was  0.283 milliseconds in repetition 105


vwbvbrvrrevrie-->2048Round trip time was  0.215 milliseconds in repetition 106


vwbvbrvrrevrie-->2048Round trip time was  0.205 milliseconds in repetition 107


vwbvbrvrrevrie-->2048Round trip time was  0.193 milliseconds in repetition 108


vwbvbrvrrevrie-->2048Round trip time was  0.285 milliseconds in repetition 109


vwbvbrvrrevrie-->2048Round trip time was  0.254 milliseconds in repetition 110


vwbvbrvrrevrie-->2048Round trip time was  9.453 milliseconds in repetition 111


vwbvbrvrrevrie-->2048Round trip time was  0.428 milliseconds in repetition 112


vwbvbrvrrevrie-->2048Round trip time was  0.228 milliseconds in repetition 113


vwbvbrvrrevrie-->2048Round trip time was  0.218 milliseconds in repetition 114


vwbvbrvrrevrie-->2048Round trip time was  0.298 milliseconds in repetition 115


vwbvbrvrrevrie-->2048Round trip time was  0.213 milliseconds in repetition 116


vwbvbrvrrevrie-->2048Round trip time was  0.210 milliseconds in repetition 117


vwbvbrvrrevrie-->2048Round trip time was  5.101 milliseconds in repetition 118


vwbvbrvrrevrie-->2048Round trip time was  0.377 milliseconds in repetition 119


vwbvbrvrrevrie-->2048Round trip time was  0.211 milliseconds in repetition 120


vwbvbrvrrevrie-->2048Round trip time was  0.207 milliseconds in repetition 121


vwbvbrvrrevrie-->2048Round trip time was  0.203 milliseconds in repetition 122


vwbvbrvrrevrie-->2048Round trip time was  2.539 milliseconds in repetition 123


vwbvbrvrrevrie-->2048Round trip time was  0.261 milliseconds in repetition 124


vwbvbrvrrevrie-->2048Round trip time was  0.218 milliseconds in repetition 125


vwbvbrvrrevrie-->2048Round trip time was  0.212 milliseconds in repetition 126


vwbvbrvrrevrie-->2048Round trip time was  3.171 milliseconds in repetition 127


vwbvbrvrrevrie-->2048Round trip time was  0.967 milliseconds in repetition 128


vwbvbrvrrevrie-->2048Round trip time was  0.227 milliseconds in repetition 129


vwbvbrvrrevrie-->2048Round trip time was  0.211 milliseconds in repetition 130


vwbvbrvrrevrie-->2048Round trip time was  2.355 milliseconds in repetition 131


vwbvbrvrrevrie-->2048Round trip time was  0.233 milliseconds in repetition 132


vwbvbrvrrevrie-->-1Round trip time was 14.100 milliseconds in repetition 133


vwbvbrvrrevrie-->2048Round trip time was  1.714 milliseconds in repetition 134


vwbvbrvrrevrie-->2048Round trip time was  0.233 milliseconds in repetition 135


vwbvbrvrrevrie-->2048Round trip time was  0.204 milliseconds in repetition 136


vwbvbrvrrevrie-->2048Round trip time was  0.201 milliseconds in repetition 137


vwbvbrvrrevrie-->2048Round trip time was  0.199 milliseconds in repetition 138


vwbvbrvrrevrie-->2048Round trip time was  0.201 milliseconds in repetition 139


vwbvbrvrrevrie-->2048Round trip time was  0.197 milliseconds in repetition 140


vwbvbrvrrevrie-->2048Round trip time was  1.882 milliseconds in repetition 141


vwbvbrvrrevrie-->2048Round trip time was  0.223 milliseconds in repetition 142


vwbvbrvrrevrie-->2048Round trip time was  0.210 milliseconds in repetition 143


vwbvbrvrrevrie-->2048Round trip time was  0.200 milliseconds in repetition 144


vwbvbrvrrevrie-->2048Round trip time was  0.741 milliseconds in repetition 145


vwbvbrvrrevrie-->2048Round trip time was  0.213 milliseconds in repetition 146


vwbvbrvrrevrie-->2048Round trip time was  0.204 milliseconds in repetition 147


vwbvbrvrrevrie-->2048Round trip time was  0.914 milliseconds in repetition 148


vwbvbrvrrevrie-->2048Round trip time was  0.214 milliseconds in repetition 149


vwbvbrvrrevrie-->2048Round trip time was  0.206 milliseconds in repetition 150


vwbvbrvrrevrie-->2048Round trip time was  3.903 milliseconds in repetition 151


vwbvbrvrrevrie-->2048Round trip time was  3.508 milliseconds in repetition 152


vwbvbrvrrevrie-->2048Round trip time was  0.242 milliseconds in repetition 153


vwbvbrvrrevrie-->2048Round trip time was  0.209 milliseconds in repetition 154


vwbvbrvrrevrie-->2048Round trip time was  0.202 milliseconds in repetition 155


vwbvbrvrrevrie-->2048Round trip time was  0.198 milliseconds in repetition 156


vwbvbrvrrevrie-->2048Round trip time was  0.225 milliseconds in repetition 157


vwbvbrvrrevrie-->2048Round trip time was  1.559 milliseconds in repetition 158


vwbvbrvrrevrie-->2048Round trip time was  2.372 milliseconds in repetition 159


vwbvbrvrrevrie-->2048Round trip time was  0.241 milliseconds in repetition 160


vwbvbrvrrevrie-->2048Round trip time was  0.207 milliseconds in repetition 161


vwbvbrvrrevrie-->2048Round trip time was  0.201 milliseconds in repetition 162


vwbvbrvrrevrie-->2048Round trip time was  0.206 milliseconds in repetition 163


vwbvbrvrrevrie-->2048Round trip time was  0.199 milliseconds in repetition 164


vwbvbrvrrevrie-->2048Round trip time was  0.199 milliseconds in repetition 165


vwbvbrvrrevrie-->2048Round trip time was  0.198 milliseconds in repetition 166


vwbvbrvrrevrie-->2048Round trip time was  0.533 milliseconds in repetition 167


vwbvbrvrrevrie-->2048Round trip time was  0.209 milliseconds in repetition 168


vwbvbrvrrevrie-->2048Round trip time was  0.205 milliseconds in repetition 169


vwbvbrvrrevrie-->2048Round trip time was  0.197 milliseconds in repetition 170


vwbvbrvrrevrie-->2048Round trip time was  0.193 milliseconds in repetition 171


vwbvbrvrrevrie-->2048Round trip time was  0.193 milliseconds in repetition 172


vwbvbrvrrevrie-->2048Round trip time was  0.194 milliseconds in repetition 173


vwbvbrvrrevrie-->2048Round trip time was  0.193 milliseconds in repetition 174


vwbvbrvrrevrie-->2048Round trip time was  0.284 milliseconds in repetition 175


vwbvbrvrrevrie-->2048Round trip time was  0.199 milliseconds in repetition 176


vwbvbrvrrevrie-->2048Round trip time was  3.408 milliseconds in repetition 177


vwbvbrvrrevrie-->2048Round trip time was  0.226 milliseconds in repetition 178


vwbvbrvrrevrie-->2048Round trip time was  3.629 milliseconds in repetition 179


vwbvbrvrrevrie-->2048Round trip time was  0.234 milliseconds in repetition 180


vwbvbrvrrevrie-->2048Round trip time was  0.207 milliseconds in repetition 181


vwbvbrvrrevrie-->2048Round trip time was  0.200 milliseconds in repetition 182


vwbvbrvrrevrie-->2048Round trip time was  0.197 milliseconds in repetition 183


vwbvbrvrrevrie-->2048Round trip time was  0.201 milliseconds in repetition 184


vwbvbrvrrevrie-->2048Round trip time was  0.196 milliseconds in repetition 185


vwbvbrvrrevrie-->2048Round trip time was  0.197 milliseconds in repetition 186


vwbvbrvrrevrie-->2048Round trip time was  0.199 milliseconds in repetition 187


vwbvbrvrrevrie-->2048Round trip time was  0.195 milliseconds in repetition 188


vwbvbrvrrevrie-->2048Round trip time was  0.195 milliseconds in repetition 189


vwbvbrvrrevrie-->2048Round trip time was  0.195 milliseconds in repetition 190


vwbvbrvrrevrie-->2048Round trip time was  0.195 milliseconds in repetition 191


vwbvbrvrrevrie-->2048Round trip time was  0.193 milliseconds in repetition 192


vwbvbrvrrevrie-->2048Round trip time was  0.194 milliseconds in repetition 193


vwbvbrvrrevrie-->2048Round trip time was  0.194 milliseconds in repetition 194


vwbvbrvrrevrie-->2048Round trip time was  0.193 milliseconds in repetition 195


vwbvbrvrrevrie-->2048Round trip time was  0.195 milliseconds in repetition 196


vwbvbrvrrevrie-->2048Round trip time was  0.194 milliseconds in repetition 197


vwbvbrvrrevrie-->2048Round trip time was  0.193 milliseconds in repetition 198


vwbvbrvrrevrie-->2048Round trip time was  0.192 milliseconds in repetition 199


vwbvbrvrrevrie-->2048Round trip time was  0.191 milliseconds in repetition 200


vwbvbrvrrevrie-->2048Round trip time was  0.190 milliseconds in repetition 201


vwbvbrvrrevrie-->2048Round trip time was  4.071 milliseconds in repetition 202


vwbvbrvrrevrie-->2048Round trip time was  0.238 milliseconds in repetition 203


vwbvbrvrrevrie-->2048Round trip time was  0.209 milliseconds in repetition 204


vwbvbrvrrevrie-->2048Round trip time was  1.261 milliseconds in repetition 205


vwbvbrvrrevrie-->2048Round trip time was  0.218 milliseconds in repetition 206


vwbvbrvrrevrie-->2048Round trip time was  0.204 milliseconds in repetition 207


vwbvbrvrrevrie-->2048Round trip time was  0.196 milliseconds in repetition 208


vwbvbrvrrevrie-->2048Round trip time was  0.194 milliseconds in repetition 209


vwbvbrvrrevrie-->2048Round trip time was  0.194 milliseconds in repetition 210


vwbvbrvrrevrie-->2048Round trip time was  0.196 milliseconds in repetition 211


vwbvbrvrrevrie-->2048Round trip time was  0.194 milliseconds in repetition 212


vwbvbrvrrevrie-->2048Round trip time was  0.193 milliseconds in repetition 213


vwbvbrvrrevrie-->2048Round trip time was  0.193 milliseconds in repetition 214


vwbvbrvrrevrie-->2048Round trip time was  0.295 milliseconds in repetition 215


vwbvbrvrrevrie-->2048Round trip time was  2.241 milliseconds in repetition 216


vwbvbrvrrevrie-->2048Round trip time was  0.227 milliseconds in repetition 217


vwbvbrvrrevrie-->2048Round trip time was  0.209 milliseconds in repetition 218


vwbvbrvrrevrie-->2048Round trip time was  0.201 milliseconds in repetition 219


vwbvbrvrrevrie-->2048Round trip time was  0.198 milliseconds in repetition 220


vwbvbrvrrevrie-->2048Round trip time was  0.197 milliseconds in repetition 221


vwbvbrvrrevrie-->2048Round trip time was  0.195 milliseconds in repetition 222


vwbvbrvrrevrie-->2048Round trip time was  0.241 milliseconds in repetition 223


vwbvbrvrrevrie-->2048Round trip time was  0.195 milliseconds in repetition 224


vwbvbrvrrevrie-->2048Round trip time was  0.200 milliseconds in repetition 225


vwbvbrvrrevrie-->2048Round trip time was  0.195 milliseconds in repetition 226


vwbvbrvrrevrie-->2048Round trip time was  0.192 milliseconds in repetition 227


vwbvbrvrrevrie-->2048Round trip time was  0.193 milliseconds in repetition 228


vwbvbrvrrevrie-->2048Round trip time was  0.192 milliseconds in repetition 229


vwbvbrvrrevrie-->2048Round trip time was  0.193 milliseconds in repetition 230


vwbvbrvrrevrie-->2048Round trip time was  0.193 milliseconds in repetition 231


vwbvbrvrrevrie-->2048Round trip time was  0.192 milliseconds in repetition 232


vwbvbrvrrevrie-->2048Round trip time was  0.192 milliseconds in repetition 233


vwbvbrvrrevrie-->2048Round trip time was  0.195 milliseconds in repetition 234


vwbvbrvrrevrie-->2048Round trip time was  0.191 milliseconds in repetition 235


vwbvbrvrrevrie-->2048Round trip time was  1.322 milliseconds in repetition 236


vwbvbrvrrevrie-->2048Round trip time was  0.212 milliseconds in repetition 237


vwbvbrvrrevrie-->2048Round trip time was  3.617 milliseconds in repetition 238


vwbvbrvrrevrie-->2048Round trip time was  0.223 milliseconds in repetition 239


vwbvbrvrrevrie-->2048Round trip time was  0.199 milliseconds in repetition 240


vwbvbrvrrevrie-->2048Round trip time was  0.195 milliseconds in repetition 241


vwbvbrvrrevrie-->2048Round trip time was  0.193 milliseconds in repetition 242


vwbvbrvrrevrie-->2048Round trip time was  0.192 milliseconds in repetition 243


vwbvbrvrrevrie-->2048Round trip time was  0.194 milliseconds in repetition 244


vwbvbrvrrevrie-->2048Round trip time was  0.192 milliseconds in repetition 245


vwbvbrvrrevrie-->2048Round trip time was  0.202 milliseconds in repetition 246


vwbvbrvrrevrie-->2048Round trip time was  2.234 milliseconds in repetition 247


vwbvbrvrrevrie-->2048Round trip time was  0.218 milliseconds in repetition 248


vwbvbrvrrevrie-->2048Round trip time was  0.200 milliseconds in repetition 249


vwbvbrvrrevrie-->2048Round trip time was  0.195 milliseconds in repetition 250


vwbvbrvrrevrie-->2048Round trip time was  0.192 milliseconds in repetition 251


vwbvbrvrrevrie-->2048Round trip time was  0.192 milliseconds in repetition 252


vwbvbrvrrevrie-->2048Round trip time was  0.198 milliseconds in repetition 253


vwbvbrvrrevrie-->2048Round trip time was  0.192 milliseconds in repetition 254


vwbvbrvrrevrie-->2048Round trip time was  0.194 milliseconds in repetition 255


vwbvbrvrrevrie-->2048Round trip time was  0.192 milliseconds in repetition 256


vwbvbrvrrevrie-->2048Round trip time was  0.194 milliseconds in repetition 257


vwbvbrvrrevrie-->2048Round trip time was  0.191 milliseconds in repetition 258


vwbvbrvrrevrie-->2048Round trip time was  0.192 milliseconds in repetition 259


vwbvbrvrrevrie-->2048Round trip time was  0.190 milliseconds in repetition 260


vwbvbrvrrevrie-->2048Round trip time was  0.191 milliseconds in repetition 261


vwbvbrvrrevrie-->2048Round trip time was  0.190 milliseconds in repetition 262


vwbvbrvrrevrie-->2048Round trip time was  0.189 milliseconds in repetition 263


vwbvbrvrrevrie-->2048Round trip time was  0.191 milliseconds in repetition 264


vwbvbrvrrevrie-->2048Round trip time was  0.190 milliseconds in repetition 265


vwbvbrvrrevrie-->2048Round trip time was  1.195 milliseconds in repetition 266


vwbvbrvrrevrie-->2048Round trip time was  0.225 milliseconds in repetition 267


vwbvbrvrrevrie-->2048Round trip time was  0.198 milliseconds in repetition 268


vwbvbrvrrevrie-->2048Round trip time was  0.195 milliseconds in repetition 269


vwbvbrvrrevrie-->2048Round trip time was  0.193 milliseconds in repetition 270


vwbvbrvrrevrie-->2048Round trip time was  1.804 milliseconds in repetition 271


vwbvbrvrrevrie-->2048Round trip time was  0.219 milliseconds in repetition 272


vwbvbrvrrevrie-->2048Round trip time was  0.203 milliseconds in repetition 273


vwbvbrvrrevrie-->2048Round trip time was  0.200 milliseconds in repetition 274


vwbvbrvrrevrie-->2048Round trip time was  0.197 milliseconds in repetition 275


vwbvbrvrrevrie-->2048Round trip time was  0.197 milliseconds in repetition 276


vwbvbrvrrevrie-->2048Round trip time was  0.196 milliseconds in repetition 277


vwbvbrvrrevrie-->2048Round trip time was  3.717 milliseconds in repetition 278


vwbvbrvrrevrie-->2048Round trip time was  0.226 milliseconds in repetition 279


vwbvbrvrrevrie-->2048Round trip time was  0.204 milliseconds in repetition 280


vwbvbrvrrevrie-->2048Round trip time was  0.199 milliseconds in repetition 281


vwbvbrvrrevrie-->2048Round trip time was  0.204 milliseconds in repetition 282


vwbvbrvrrevrie-->2048Round trip time was  0.198 milliseconds in repetition 283


vwbvbrvrrevrie-->2048Round trip time was  0.198 milliseconds in repetition 284


vwbvbrvrrevrie-->2048Round trip time was  0.202 milliseconds in repetition 285


vwbvbrvrrevrie-->2048Round trip time was  2.316 milliseconds in repetition 286


vwbvbrvrrevrie-->2048Round trip time was  0.220 milliseconds in repetition 287


vwbvbrvrrevrie-->2048Round trip time was  0.201 milliseconds in repetition 288


vwbvbrvrrevrie-->2048Round trip time was  0.200 milliseconds in repetition 289


vwbvbrvrrevrie-->2048Round trip time was  0.197 milliseconds in repetition 290


vwbvbrvrrevrie-->2048Round trip time was  0.197 milliseconds in repetition 291


vwbvbrvrrevrie-->2048Round trip time was  0.197 milliseconds in repetition 292


vwbvbrvrrevrie-->2048Round trip time was  0.195 milliseconds in repetition 293


vwbvbrvrrevrie-->2048Round trip time was  0.196 milliseconds in repetition 294


vwbvbrvrrevrie-->2048Round trip time was  0.196 milliseconds in repetition 295


vwbvbrvrrevrie-->2048Round trip time was  0.196 milliseconds in repetition 296


vwbvbrvrrevrie-->2048Round trip time was  0.195 milliseconds in repetition 297


vwbvbrvrrevrie-->2048Round trip time was  0.196 milliseconds in repetition 298


vwbvbrvrrevrie-->2048Round trip time was  0.196 milliseconds in repetition 299


vwbvbrvrrevrie-->2048Round trip time was  0.195 milliseconds in repetition 300


vwbvbrvrrevrie-->2048Round trip time was  0.194 milliseconds in repetition 301


vwbvbrvrrevrie-->2048Round trip time was  0.194 milliseconds in repetition 302


vwbvbrvrrevrie-->2048Round trip time was  0.435 milliseconds in repetition 303


vwbvbrvrrevrie-->2048Round trip time was  0.207 milliseconds in repetition 304


vwbvbrvrrevrie-->2048Round trip time was  3.857 milliseconds in repetition 305


vwbvbrvrrevrie-->2048Round trip time was  0.691 milliseconds in repetition 306


vwbvbrvrrevrie-->2048Round trip time was  1.922 milliseconds in repetition 307


vwbvbrvrrevrie-->2048Round trip time was  0.377 milliseconds in repetition 308


vwbvbrvrrevrie-->2048Round trip time was  0.828 milliseconds in repetition 309


vwbvbrvrrevrie-->2048Round trip time was  0.346 milliseconds in repetition 310


vwbvbrvrrevrie-->2048Round trip time was  0.252 milliseconds in repetition 311


vwbvbrvrrevrie-->2048Round trip time was  0.214 milliseconds in repetition 312


vwbvbrvrrevrie-->2048Round trip time was  0.206 milliseconds in repetition 313


vwbvbrvrrevrie-->2048Round trip time was  0.207 milliseconds in repetition 314


vwbvbrvrrevrie-->2048Round trip time was  0.202 milliseconds in repetition 315


vwbvbrvrrevrie-->2048Round trip time was  1.912 milliseconds in repetition 316


vwbvbrvrrevrie-->2048Round trip time was  0.216 milliseconds in repetition 317


vwbvbrvrrevrie-->2048Round trip time was  0.286 milliseconds in repetition 318


vwbvbrvrrevrie-->2048Round trip time was  0.197 milliseconds in repetition 319


vwbvbrvrrevrie-->2048Round trip time was  0.199 milliseconds in repetition 320


vwbvbrvrrevrie-->2048Round trip time was  0.193 milliseconds in repetition 321


vwbvbrvrrevrie-->2048Round trip time was  0.227 milliseconds in repetition 322


vwbvbrvrrevrie-->2048Round trip time was  0.227 milliseconds in repetition 323


vwbvbrvrrevrie-->2048Round trip time was  0.205 milliseconds in repetition 324


vwbvbrvrrevrie-->2048Round trip time was  0.203 milliseconds in repetition 325


vwbvbrvrrevrie-->2048Round trip time was  0.200 milliseconds in repetition 326


vwbvbrvrrevrie-->2048Round trip time was  0.199 milliseconds in repetition 327


vwbvbrvrrevrie-->2048Round trip time was  0.199 milliseconds in repetition 328


vwbvbrvrrevrie-->2048Round trip time was  0.198 milliseconds in repetition 329


vwbvbrvrrevrie-->2048Round trip time was  0.208 milliseconds in repetition 330


vwbvbrvrrevrie-->2048Round trip time was  0.213 milliseconds in repetition 331


vwbvbrvrrevrie-->2048Round trip time was  8.636 milliseconds in repetition 332


vwbvbrvrrevrie-->2048Round trip time was  0.294 milliseconds in repetition 333


vwbvbrvrrevrie-->2048Round trip time was  0.216 milliseconds in repetition 334


vwbvbrvrrevrie-->2048Round trip time was  0.202 milliseconds in repetition 335


vwbvbrvrrevrie-->2048Round trip time was  0.204 milliseconds in repetition 336


vwbvbrvrrevrie-->2048Round trip time was  0.204 milliseconds in repetition 337


vwbvbrvrrevrie-->2048Round trip time was  0.213 milliseconds in repetition 338


vwbvbrvrrevrie-->2048Round trip time was  0.200 milliseconds in repetition 339


vwbvbrvrrevrie-->2048Round trip time was  0.214 milliseconds in repetition 340


vwbvbrvrrevrie-->2048Round trip time was  0.218 milliseconds in repetition 341


vwbvbrvrrevrie-->2048Round trip time was  0.197 milliseconds in repetition 342


vwbvbrvrrevrie-->2048Round trip time was  0.197 milliseconds in repetition 343


vwbvbrvrrevrie-->2048Round trip time was  0.199 milliseconds in repetition 344


vwbvbrvrrevrie-->2048Round trip time was  0.197 milliseconds in repetition 345


vwbvbrvrrevrie-->2048Round trip time was  0.196 milliseconds in repetition 346


vwbvbrvrrevrie-->2048Round trip time was  0.209 milliseconds in repetition 347


vwbvbrvrrevrie-->-1Round trip time was  1.437 milliseconds in repetition 348


vwbvbrvrrevrie-->2048Round trip time was  0.197 milliseconds in repetition 349


vwbvbrvrrevrie-->2048Round trip time was  0.192 milliseconds in repetition 350


vwbvbrvrrevrie-->2048Round trip time was  0.192 milliseconds in repetition 351


vwbvbrvrrevrie-->2048Round trip time was  0.190 milliseconds in repetition 352


vwbvbrvrrevrie-->2048Round trip time was  0.192 milliseconds in repetition 353


vwbvbrvrrevrie-->2048Round trip time was  0.201 milliseconds in repetition 354


vwbvbrvrrevrie-->2048Round trip time was  2.267 milliseconds in repetition 355


vwbvbrvrrevrie-->2048Round trip time was  0.225 milliseconds in repetition 356


vwbvbrvrrevrie-->2048Round trip time was  0.205 milliseconds in repetition 357


vwbvbrvrrevrie-->2048Round trip time was  0.203 milliseconds in repetition 358


vwbvbrvrrevrie-->2048Round trip time was  0.212 milliseconds in repetition 359


vwbvbrvrrevrie-->2048Round trip time was  0.201 milliseconds in repetition 360


vwbvbrvrrevrie-->2048Round trip time was  0.200 milliseconds in repetition 361


vwbvbrvrrevrie-->2048Round trip time was  2.549 milliseconds in repetition 362


vwbvbrvrrevrie-->2048Round trip time was  0.252 milliseconds in repetition 363


vwbvbrvrrevrie-->2048Round trip time was  0.203 milliseconds in repetition 364


vwbvbrvrrevrie-->2048Round trip time was  0.200 milliseconds in repetition 365


vwbvbrvrrevrie-->2048Round trip time was  0.194 milliseconds in repetition 366


vwbvbrvrrevrie-->2048Round trip time was  0.193 milliseconds in repetition 367


vwbvbrvrrevrie-->2048Round trip time was  0.191 milliseconds in repetition 368


vwbvbrvrrevrie-->2048Round trip time was  0.192 milliseconds in repetition 369


vwbvbrvrrevrie-->2048Round trip time was  0.193 milliseconds in repetition 370


vwbvbrvrrevrie-->2048Round trip time was  0.192 milliseconds in repetition 371


vwbvbrvrrevrie-->2048Round trip time was  0.194 milliseconds in repetition 372


vwbvbrvrrevrie-->2048Round trip time was  0.193 milliseconds in repetition 373


vwbvbrvrrevrie-->2048Round trip time was  0.191 milliseconds in repetition 374


vwbvbrvrrevrie-->2048Round trip time was  3.848 milliseconds in repetition 375


vwbvbrvrrevrie-->2048Round trip time was  0.243 milliseconds in repetition 376


vwbvbrvrrevrie-->2048Round trip time was  0.205 milliseconds in repetition 377


vwbvbrvrrevrie-->2048Round trip time was  0.194 milliseconds in repetition 378


vwbvbrvrrevrie-->2048Round trip time was  0.193 milliseconds in repetition 379


vwbvbrvrrevrie-->2048Round trip time was  0.192 milliseconds in repetition 380


vwbvbrvrrevrie-->2048Round trip time was  0.193 milliseconds in repetition 381


vwbvbrvrrevrie-->2048Round trip time was  0.194 milliseconds in repetition 382


vwbvbrvrrevrie-->2048Round trip time was  3.680 milliseconds in repetition 383


vwbvbrvrrevrie-->2048Round trip time was  0.243 milliseconds in repetition 384


vwbvbrvrrevrie-->2048Round trip time was  0.289 milliseconds in repetition 385


vwbvbrvrrevrie-->2048Round trip time was  0.200 milliseconds in repetition 386


vwbvbrvrrevrie-->2048Round trip time was  0.196 milliseconds in repetition 387


vwbvbrvrrevrie-->2048Round trip time was  0.195 milliseconds in repetition 388


vwbvbrvrrevrie-->2048Round trip time was  0.194 milliseconds in repetition 389


vwbvbrvrrevrie-->2048Round trip time was  0.194 milliseconds in repetition 390


vwbvbrvrrevrie-->2048Round trip time was  0.192 milliseconds in repetition 391


vwbvbrvrrevrie-->2048Round trip time was  0.193 milliseconds in repetition 392


vwbvbrvrrevrie-->2048Round trip time was  0.192 milliseconds in repetition 393


vwbvbrvrrevrie-->2048Round trip time was  0.192 milliseconds in repetition 394


vwbvbrvrrevrie-->2048Round trip time was  0.192 milliseconds in repetition 395


vwbvbrvrrevrie-->2048Round trip time was  0.194 milliseconds in repetition 396


vwbvbrvrrevrie-->2048Round trip time was  0.191 milliseconds in repetition 397


vwbvbrvrrevrie-->2048Round trip time was  0.192 milliseconds in repetition 398


vwbvbrvrrevrie-->2048Round trip time was  0.191 milliseconds in repetition 399


vwbvbrvrrevrie-->2048Round trip time was  0.192 milliseconds in repetition 400


vwbvbrvrrevrie-->2048Round trip time was  0.192 milliseconds in repetition 401


vwbvbrvrrevrie-->2048Round trip time was  0.191 milliseconds in repetition 402


vwbvbrvrrevrie-->2048Round trip time was  0.192 milliseconds in repetition 403


vwbvbrvrrevrie-->2048Round trip time was  0.436 milliseconds in repetition 404


vwbvbrvrrevrie-->2048Round trip time was  1.836 milliseconds in repetition 405


vwbvbrvrrevrie-->2048Round trip time was  0.215 milliseconds in repetition 406


vwbvbrvrrevrie-->2048Round trip time was  0.581 milliseconds in repetition 407


vwbvbrvrrevrie-->2048Round trip time was  0.205 milliseconds in repetition 408


vwbvbrvrrevrie-->2048Round trip time was  1.005 milliseconds in repetition 409


vwbvbrvrrevrie-->2048Round trip time was  0.236 milliseconds in repetition 410


vwbvbrvrrevrie-->2048Round trip time was  0.220 milliseconds in repetition 411


vwbvbrvrrevrie-->2048Round trip time was  0.198 milliseconds in repetition 412


vwbvbrvrrevrie-->2048Round trip time was  0.192 milliseconds in repetition 413


vwbvbrvrrevrie-->2048Round trip time was  0.191 milliseconds in repetition 414


vwbvbrvrrevrie-->2048Round trip time was  0.197 milliseconds in repetition 415


vwbvbrvrrevrie-->2048Round trip time was  0.192 milliseconds in repetition 416


vwbvbrvrrevrie-->2048Round trip time was  0.194 milliseconds in repetition 417


vwbvbrvrrevrie-->2048Round trip time was  0.204 milliseconds in repetition 418


vwbvbrvrrevrie-->2048Round trip time was  0.202 milliseconds in repetition 419


vwbvbrvrrevrie-->2048Round trip time was  1.983 milliseconds in repetition 420


vwbvbrvrrevrie-->2048Round trip time was  0.231 milliseconds in repetition 421


vwbvbrvrrevrie-->2048Round trip time was  0.202 milliseconds in repetition 422


vwbvbrvrrevrie-->2048Round trip time was  0.195 milliseconds in repetition 423


vwbvbrvrrevrie-->2048Round trip time was  0.193 milliseconds in repetition 424


vwbvbrvrrevrie-->2048Round trip time was  0.191 milliseconds in repetition 425


vwbvbrvrrevrie-->2048Round trip time was  0.191 milliseconds in repetition 426


vwbvbrvrrevrie-->2048Round trip time was  0.192 milliseconds in repetition 427


vwbvbrvrrevrie-->2048Round trip time was  0.191 milliseconds in repetition 428


vwbvbrvrrevrie-->2048Round trip time was  0.679 milliseconds in repetition 429


vwbvbrvrrevrie-->2048Round trip time was  0.207 milliseconds in repetition 430


vwbvbrvrrevrie-->2048Round trip time was  0.194 milliseconds in repetition 431


vwbvbrvrrevrie-->2048Round trip time was  0.192 milliseconds in repetition 432


vwbvbrvrrevrie-->2048Round trip time was  0.256 milliseconds in repetition 433


vwbvbrvrrevrie-->2048Round trip time was  0.193 milliseconds in repetition 434


vwbvbrvrrevrie-->2048Round trip time was  0.193 milliseconds in repetition 435


vwbvbrvrrevrie-->2048Round trip time was  0.190 milliseconds in repetition 436


vwbvbrvrrevrie-->2048Round trip time was  0.190 milliseconds in repetition 437


vwbvbrvrrevrie-->2048Round trip time was  2.475 milliseconds in repetition 438


vwbvbrvrrevrie-->2048Round trip time was  0.225 milliseconds in repetition 439


vwbvbrvrrevrie-->2048Round trip time was  0.248 milliseconds in repetition 440


vwbvbrvrrevrie-->2048Round trip time was  0.218 milliseconds in repetition 441


vwbvbrvrrevrie-->2048Round trip time was  0.199 milliseconds in repetition 442


vwbvbrvrrevrie-->2048Round trip time was  0.197 milliseconds in repetition 443


vwbvbrvrrevrie-->2048Round trip time was  0.195 milliseconds in repetition 444


vwbvbrvrrevrie-->2048Round trip time was  0.193 milliseconds in repetition 445


vwbvbrvrrevrie-->2048Round trip time was  0.197 milliseconds in repetition 446


vwbvbrvrrevrie-->2048Round trip time was  0.193 milliseconds in repetition 447


vwbvbrvrrevrie-->2048Round trip time was  0.194 milliseconds in repetition 448


vwbvbrvrrevrie-->2048Round trip time was  0.193 milliseconds in repetition 449


vwbvbrvrrevrie-->2048Round trip time was  0.193 milliseconds in repetition 450


vwbvbrvrrevrie-->2048Round trip time was  0.191 milliseconds in repetition 451


vwbvbrvrrevrie-->2048Round trip time was  0.192 milliseconds in repetition 452


vwbvbrvrrevrie-->2048Round trip time was  0.192 milliseconds in repetition 453


vwbvbrvrrevrie-->2048Round trip time was  0.194 milliseconds in repetition 454


vwbvbrvrrevrie-->2048Round trip time was  0.198 milliseconds in repetition 455


vwbvbrvrrevrie-->2048Round trip time was  0.190 milliseconds in repetition 456


vwbvbrvrrevrie-->2048Round trip time was  0.190 milliseconds in repetition 457


vwbvbrvrrevrie-->2048Round trip time was  4.507 milliseconds in repetition 458


vwbvbrvrrevrie-->2048Round trip time was  0.287 milliseconds in repetition 459


vwbvbrvrrevrie-->2048Round trip time was  0.201 milliseconds in repetition 460


vwbvbrvrrevrie-->2048Round trip time was  0.340 milliseconds in repetition 461


vwbvbrvrrevrie-->2048Round trip time was  0.206 milliseconds in repetition 462


vwbvbrvrrevrie-->2048Round trip time was  0.198 milliseconds in repetition 463


vwbvbrvrrevrie-->-1Round trip time was  3.416 milliseconds in repetition 464


vwbvbrvrrevrie-->2048Round trip time was  0.197 milliseconds in repetition 465


vwbvbrvrrevrie-->2048Round trip time was  0.192 milliseconds in repetition 466


vwbvbrvrrevrie-->2048Round trip time was  0.191 milliseconds in repetition 467


vwbvbrvrrevrie-->2048Round trip time was  0.346 milliseconds in repetition 468


vwbvbrvrrevrie-->2048Round trip time was  0.191 milliseconds in repetition 469


vwbvbrvrrevrie-->2048Round trip time was  0.191 milliseconds in repetition 470


vwbvbrvrrevrie-->2048Round trip time was  0.192 milliseconds in repetition 471


vwbvbrvrrevrie-->2048Round trip time was  0.189 milliseconds in repetition 472


vwbvbrvrrevrie-->2048Round trip time was  0.189 milliseconds in repetition 473


vwbvbrvrrevrie-->2048Round trip time was  0.189 milliseconds in repetition 474


vwbvbrvrrevrie-->2048Round trip time was  0.190 milliseconds in repetition 475


vwbvbrvrrevrie-->2048Round trip time was  0.188 milliseconds in repetition 476


vwbvbrvrrevrie-->2048Round trip time was  0.188 milliseconds in repetition 477


vwbvbrvrrevrie-->2048Round trip time was  0.188 milliseconds in repetition 478


vwbvbrvrrevrie-->2048Round trip time was  0.191 milliseconds in repetition 479


vwbvbrvrrevrie-->2048Round trip time was  0.189 milliseconds in repetition 480


vwbvbrvrrevrie-->2048Round trip time was  0.189 milliseconds in repetition 481


vwbvbrvrrevrie-->2048Round trip time was  0.301 milliseconds in repetition 482


vwbvbrvrrevrie-->2048Round trip time was  0.189 milliseconds in repetition 483


vwbvbrvrrevrie-->2048Round trip time was  0.188 milliseconds in repetition 484


vwbvbrvrrevrie-->2048Round trip time was  0.189 milliseconds in repetition 485


vwbvbrvrrevrie-->2048Round trip time was  0.187 milliseconds in repetition 486


vwbvbrvrrevrie-->2048Round trip time was  0.188 milliseconds in repetition 487


vwbvbrvrrevrie-->2048Round trip time was  0.188 milliseconds in repetition 488


vwbvbrvrrevrie-->2048Round trip time was  0.188 milliseconds in repetition 489


vwbvbrvrrevrie-->2048Round trip time was  0.189 milliseconds in repetition 490


vwbvbrvrrevrie-->2048Round trip time was  0.188 milliseconds in repetition 491


vwbvbrvrrevrie-->2048Round trip time was  0.187 milliseconds in repetition 492


vwbvbrvrrevrie-->2048Round trip time was  0.186 milliseconds in repetition 493


vwbvbrvrrevrie-->2048Round trip time was  0.187 milliseconds in repetition 494


vwbvbrvrrevrie-->2048Round trip time was  0.187 milliseconds in repetition 495


vwbvbrvrrevrie-->2048Round trip time was  0.189 milliseconds in repetition 496


vwbvbrvrrevrie-->2048Round trip time was  0.191 milliseconds in repetition 497


vwbvbrvrrevrie-->2048Round trip time was  0.206 milliseconds in repetition 498


vwbvbrvrrevrie-->2048Round trip time was  0.187 milliseconds in repetition 499


vwbvbrvrrevrie-->2048Round trip time was  0.229 milliseconds in repetition 500


vwbvbrvrrevrie-->2048Round trip time was  1.205 milliseconds in repetition 501

 ... clock resolution was 1e-06
UDP Ping:  Statistics over 501 repetitions of 2048 byte messages

RTT : percentile 10: 0.190995, median: 0.198995, percentile 90: 0.72298, average: 0.499678, variance: 1.30837

RTT histogram:
0.185994 447
0.881674 11
1.57735 11
2.27303 11
2.96871 1
3.66439 12
4.36007 2
5.05576 2
5.75144 0
6.44712 1
7.1428 0
7.83848 0
8.53416 1
9.22984 1
9.92552 0
10.6212 0
11.3169 0
12.0126 0
12.7082 0
13.4039 0
14.0996 1
   median Throughput : 20583.4 KB/s   overall Throughput : 8197.27 KB/s

