UDP Ping trying to connect to server localhost (127.0.0.1) on TCP port 1491
 ... connected to Pong server: asking for 501 repetitions of 32 _bytes UDP messages
 ... Pong server agreed to ping-pong using port 62831 :-)


vwbvbrvrrevrie-->32Round trip time was 25.221 milliseconds in repetition 1


vwbvbrvrrevrie-->32Round trip time was  0.385 milliseconds in repetition 2


vwbvbrvrrevrie-->32Round trip time was  0.228 milliseconds in repetition 3


vwbvbrvrrevrie-->32Round trip time was  0.223 milliseconds in repetition 4


vwbvbrvrrevrie-->32Round trip time was  0.221 milliseconds in repetition 5


vwbvbrvrrevrie-->32Round trip time was  0.203 milliseconds in repetition 6


vwbvbrvrrevrie-->32Round trip time was  0.211 milliseconds in repetition 7


vwbvbrvrrevrie-->32Round trip time was  0.201 milliseconds in repetition 8


vwbvbrvrrevrie-->32Round trip time was  0.200 milliseconds in repetition 9


vwbvbrvrrevrie-->32Round trip time was  0.201 milliseconds in repetition 10


vwbvbrvrrevrie-->32Round trip time was  0.199 milliseconds in repetition 11


vwbvbrvrrevrie-->32Round trip time was  0.199 milliseconds in repetition 12


vwbvbrvrrevrie-->32Round trip time was  0.198 milliseconds in repetition 13


vwbvbrvrrevrie-->32Round trip time was  0.197 milliseconds in repetition 14


vwbvbrvrrevrie-->32Round trip time was  0.196 milliseconds in repetition 15


vwbvbrvrrevrie-->32Round trip time was  0.199 milliseconds in repetition 16


vwbvbrvrrevrie-->32Round trip time was  0.196 milliseconds in repetition 17


vwbvbrvrrevrie-->32Round trip time was  0.194 milliseconds in repetition 18


vwbvbrvrrevrie-->32Round trip time was  0.278 milliseconds in repetition 19


vwbvbrvrrevrie-->32Round trip time was  0.240 milliseconds in repetition 20


vwbvbrvrrevrie-->32Round trip time was  0.213 milliseconds in repetition 21


vwbvbrvrrevrie-->32Round trip time was  0.209 milliseconds in repetition 22


vwbvbrvrrevrie-->32Round trip time was  0.199 milliseconds in repetition 23


vwbvbrvrrevrie-->32Round trip time was  7.624 milliseconds in repetition 24


vwbvbrvrrevrie-->32Round trip time was  0.245 milliseconds in repetition 25


vwbvbrvrrevrie-->32Round trip time was  0.209 milliseconds in repetition 26


vwbvbrvrrevrie-->32Round trip time was  0.202 milliseconds in repetition 27


vwbvbrvrrevrie-->32Round trip time was  0.201 milliseconds in repetition 28


vwbvbrvrrevrie-->32Round trip time was  0.198 milliseconds in repetition 29


vwbvbrvrrevrie-->32Round trip time was  0.203 milliseconds in repetition 30


vwbvbrvrrevrie-->32Round trip time was  0.196 milliseconds in repetition 31


vwbvbrvrrevrie-->32Round trip time was  0.195 milliseconds in repetition 32


vwbvbrvrrevrie-->32Round trip time was  0.195 milliseconds in repetition 33


vwbvbrvrrevrie-->32Round trip time was  0.194 milliseconds in repetition 34


vwbvbrvrrevrie-->32Round trip time was  0.196 milliseconds in repetition 35


vwbvbrvrrevrie-->32Round trip time was  0.249 milliseconds in repetition 36


vwbvbrvrrevrie-->32Round trip time was  0.195 milliseconds in repetition 37


vwbvbrvrrevrie-->32Round trip time was  0.193 milliseconds in repetition 38


vwbvbrvrrevrie-->32Round trip time was  0.193 milliseconds in repetition 39


vwbvbrvrrevrie-->32Round trip time was  0.193 milliseconds in repetition 40


vwbvbrvrrevrie-->32Round trip time was  0.192 milliseconds in repetition 41


vwbvbrvrrevrie-->32Round trip time was  0.192 milliseconds in repetition 42


vwbvbrvrrevrie-->32Round trip time was  0.192 milliseconds in repetition 43


vwbvbrvrrevrie-->32Round trip time was  0.192 milliseconds in repetition 44


vwbvbrvrrevrie-->32Round trip time was  0.193 milliseconds in repetition 45


vwbvbrvrrevrie-->32Round trip time was  0.191 milliseconds in repetition 46


vwbvbrvrrevrie-->32Round trip time was  0.191 milliseconds in repetition 47


vwbvbrvrrevrie-->32Round trip time was  0.191 milliseconds in repetition 48


vwbvbrvrrevrie-->32Round trip time was  0.191 milliseconds in repetition 49


vwbvbrvrrevrie-->32Round trip time was  0.192 milliseconds in repetition 50


vwbvbrvrrevrie-->32Round trip time was  0.224 milliseconds in repetition 51


vwbvbrvrrevrie-->32Round trip time was  0.205 milliseconds in repetition 52


vwbvbrvrrevrie-->32Round trip time was  0.201 milliseconds in repetition 53


vwbvbrvrrevrie-->32Round trip time was  0.196 milliseconds in repetition 54


vwbvbrvrrevrie-->32Round trip time was  0.201 milliseconds in repetition 55


vwbvbrvrrevrie-->32Round trip time was  0.214 milliseconds in repetition 56


vwbvbrvrrevrie-->32Round trip time was  0.199 milliseconds in repetition 57


vwbvbrvrrevrie-->32Round trip time was  0.192 milliseconds in repetition 58


vwbvbrvrrevrie-->32Round trip time was  0.215 milliseconds in repetition 59


vwbvbrvrrevrie-->32Round trip time was  0.196 milliseconds in repetition 60


vwbvbrvrrevrie-->32Round trip time was  0.195 milliseconds in repetition 61


vwbvbrvrrevrie-->32Round trip time was  0.195 milliseconds in repetition 62


vwbvbrvrrevrie-->32Round trip time was  0.192 milliseconds in repetition 63


vwbvbrvrrevrie-->32Round trip time was  0.191 milliseconds in repetition 64


vwbvbrvrrevrie-->32Round trip time was  0.191 milliseconds in repetition 65


vwbvbrvrrevrie-->32Round trip time was  0.192 milliseconds in repetition 66


vwbvbrvrrevrie-->32Round trip time was  0.193 milliseconds in repetition 67


vwbvbrvrrevrie-->32Round trip time was  5.749 milliseconds in repetition 68


vwbvbrvrrevrie-->32Round trip time was  0.259 milliseconds in repetition 69


vwbvbrvrrevrie-->32Round trip time was  0.212 milliseconds in repetition 70


vwbvbrvrrevrie-->32Round trip time was  0.286 milliseconds in repetition 71


vwbvbrvrrevrie-->32Round trip time was  0.209 milliseconds in repetition 72


vwbvbrvrrevrie-->32Round trip time was  0.197 milliseconds in repetition 73


vwbvbrvrrevrie-->32Round trip time was  0.191 milliseconds in repetition 74


vwbvbrvrrevrie-->32Round trip time was  0.190 milliseconds in repetition 75


vwbvbrvrrevrie-->32Round trip time was  0.189 milliseconds in repetition 76


vwbvbrvrrevrie-->32Round trip time was  0.189 milliseconds in repetition 77


vwbvbrvrrevrie-->32Round trip time was  0.187 milliseconds in repetition 78


vwbvbrvrrevrie-->32Round trip time was  0.188 milliseconds in repetition 79


vwbvbrvrrevrie-->32Round trip time was  0.187 milliseconds in repetition 80


vwbvbrvrrevrie-->32Round trip time was  0.187 milliseconds in repetition 81


vwbvbrvrrevrie-->32Round trip time was  0.186 milliseconds in repetition 82


vwbvbrvrrevrie-->32Round trip time was  0.187 milliseconds in repetition 83


vwbvbrvrrevrie-->32Round trip time was  0.189 milliseconds in repetition 84


vwbvbrvrrevrie-->32Round trip time was  0.186 milliseconds in repetition 85


vwbvbrvrrevrie-->32Round trip time was  0.185 milliseconds in repetition 86


vwbvbrvrrevrie-->32Round trip time was  0.186 milliseconds in repetition 87


vwbvbrvrrevrie-->32Round trip time was  0.185 milliseconds in repetition 88


vwbvbrvrrevrie-->32Round trip time was  0.187 milliseconds in repetition 89


vwbvbrvrrevrie-->32Round trip time was  0.185 milliseconds in repetition 90


vwbvbrvrrevrie-->32Round trip time was  0.185 milliseconds in repetition 91


vwbvbrvrrevrie-->32Round trip time was  0.184 milliseconds in repetition 92


vwbvbrvrrevrie-->32Round trip time was  0.184 milliseconds in repetition 93


vwbvbrvrrevrie-->32Round trip time was  0.183 milliseconds in repetition 94


vwbvbrvrrevrie-->32Round trip time was  0.229 milliseconds in repetition 95


vwbvbrvrrevrie-->32Round trip time was  0.186 milliseconds in repetition 96


vwbvbrvrrevrie-->32Round trip time was  0.186 milliseconds in repetition 97


vwbvbrvrrevrie-->32Round trip time was  0.185 milliseconds in repetition 98


vwbvbrvrrevrie-->32Round trip time was  0.185 milliseconds in repetition 99


vwbvbrvrrevrie-->32Round trip time was  0.189 milliseconds in repetition 100


vwbvbrvrrevrie-->32Round trip time was  0.193 milliseconds in repetition 101


vwbvbrvrrevrie-->32Round trip time was  0.190 milliseconds in repetition 102


vwbvbrvrrevrie-->32Round trip time was  0.184 milliseconds in repetition 103


vwbvbrvrrevrie-->32Round trip time was  0.207 milliseconds in repetition 104


vwbvbrvrrevrie-->32Round trip time was  0.188 milliseconds in repetition 105


vwbvbrvrrevrie-->32Round trip time was  0.219 milliseconds in repetition 106


vwbvbrvrrevrie-->32Round trip time was  0.192 milliseconds in repetition 107


vwbvbrvrrevrie-->32Round trip time was  0.187 milliseconds in repetition 108


vwbvbrvrrevrie-->32Round trip time was  0.185 milliseconds in repetition 109


vwbvbrvrrevrie-->32Round trip time was  0.184 milliseconds in repetition 110


vwbvbrvrrevrie-->32Round trip time was  0.201 milliseconds in repetition 111


vwbvbrvrrevrie-->32Round trip time was  0.442 milliseconds in repetition 112


vwbvbrvrrevrie-->32Round trip time was  0.233 milliseconds in repetition 113


vwbvbrvrrevrie-->32Round trip time was  0.211 milliseconds in repetition 114


vwbvbrvrrevrie-->32Round trip time was  0.201 milliseconds in repetition 115


vwbvbrvrrevrie-->32Round trip time was  0.217 milliseconds in repetition 116


vwbvbrvrrevrie-->32Round trip time was  0.197 milliseconds in repetition 117


vwbvbrvrrevrie-->32Round trip time was  0.198 milliseconds in repetition 118


vwbvbrvrrevrie-->32Round trip time was  0.192 milliseconds in repetition 119


vwbvbrvrrevrie-->32Round trip time was  0.192 milliseconds in repetition 120


vwbvbrvrrevrie-->32Round trip time was  4.438 milliseconds in repetition 121


vwbvbrvrrevrie-->32Round trip time was  0.229 milliseconds in repetition 122


vwbvbrvrrevrie-->32Round trip time was  0.205 milliseconds in repetition 123


vwbvbrvrrevrie-->32Round trip time was  0.244 milliseconds in repetition 124


vwbvbrvrrevrie-->32Round trip time was  0.198 milliseconds in repetition 125


vwbvbrvrrevrie-->32Round trip time was  0.196 milliseconds in repetition 126


vwbvbrvrrevrie-->32Round trip time was  0.192 milliseconds in repetition 127


vwbvbrvrrevrie-->32Round trip time was  0.191 milliseconds in repetition 128


vwbvbrvrrevrie-->32Round trip time was  0.191 milliseconds in repetition 129


vwbvbrvrrevrie-->32Round trip time was  0.189 milliseconds in repetition 130


vwbvbrvrrevrie-->32Round trip time was  0.191 milliseconds in repetition 131


vwbvbrvrrevrie-->32Round trip time was  0.192 milliseconds in repetition 132


vwbvbrvrrevrie-->32Round trip time was  0.188 milliseconds in repetition 133


vwbvbrvrrevrie-->32Round trip time was  0.188 milliseconds in repetition 134


vwbvbrvrrevrie-->32Round trip time was  0.188 milliseconds in repetition 135


vwbvbrvrrevrie-->32Round trip time was  0.188 milliseconds in repetition 136


vwbvbrvrrevrie-->32Round trip time was  0.190 milliseconds in repetition 137


vwbvbrvrrevrie-->32Round trip time was  0.189 milliseconds in repetition 138


vwbvbrvrrevrie-->32Round trip time was  0.188 milliseconds in repetition 139


vwbvbrvrrevrie-->32Round trip time was  0.188 milliseconds in repetition 140


vwbvbrvrrevrie-->32Round trip time was  0.187 milliseconds in repetition 141


vwbvbrvrrevrie-->32Round trip time was  0.188 milliseconds in repetition 142


vwbvbrvrrevrie-->32Round trip time was  0.187 milliseconds in repetition 143


vwbvbrvrrevrie-->32Round trip time was  0.186 milliseconds in repetition 144


vwbvbrvrrevrie-->32Round trip time was  0.185 milliseconds in repetition 145


vwbvbrvrrevrie-->32Round trip time was  0.185 milliseconds in repetition 146


vwbvbrvrrevrie-->32Round trip time was  0.184 milliseconds in repetition 147


vwbvbrvrrevrie-->32Round trip time was  0.184 milliseconds in repetition 148


vwbvbrvrrevrie-->32Round trip time was  0.184 milliseconds in repetition 149


vwbvbrvrrevrie-->32Round trip time was  0.222 milliseconds in repetition 150


vwbvbrvrrevrie-->32Round trip time was  0.207 milliseconds in repetition 151


vwbvbrvrrevrie-->32Round trip time was  0.493 milliseconds in repetition 152


vwbvbrvrrevrie-->32Round trip time was  2.388 milliseconds in repetition 153


vwbvbrvrrevrie-->32Round trip time was  0.231 milliseconds in repetition 154


vwbvbrvrrevrie-->32Round trip time was  1.099 milliseconds in repetition 155


vwbvbrvrrevrie-->32Round trip time was  3.340 milliseconds in repetition 156


vwbvbrvrrevrie-->32Round trip time was  0.225 milliseconds in repetition 157


vwbvbrvrrevrie-->32Round trip time was  0.224 milliseconds in repetition 158


vwbvbrvrrevrie-->32Round trip time was  0.198 milliseconds in repetition 159


vwbvbrvrrevrie-->32Round trip time was  0.194 milliseconds in repetition 160


vwbvbrvrrevrie-->32Round trip time was  0.234 milliseconds in repetition 161


vwbvbrvrrevrie-->32Round trip time was  5.341 milliseconds in repetition 162


vwbvbrvrrevrie-->32Round trip time was  0.221 milliseconds in repetition 163


vwbvbrvrrevrie-->32Round trip time was  0.200 milliseconds in repetition 164


vwbvbrvrrevrie-->32Round trip time was  0.193 milliseconds in repetition 165


vwbvbrvrrevrie-->32Round trip time was  0.190 milliseconds in repetition 166


vwbvbrvrrevrie-->32Round trip time was  0.189 milliseconds in repetition 167


vwbvbrvrrevrie-->32Round trip time was  0.187 milliseconds in repetition 168


vwbvbrvrrevrie-->32Round trip time was  0.190 milliseconds in repetition 169


vwbvbrvrrevrie-->32Round trip time was  0.209 milliseconds in repetition 170


vwbvbrvrrevrie-->32Round trip time was  0.208 milliseconds in repetition 171


vwbvbrvrrevrie-->32Round trip time was  0.199 milliseconds in repetition 172


vwbvbrvrrevrie-->32Round trip time was  0.186 milliseconds in repetition 173


vwbvbrvrrevrie-->32Round trip time was  0.186 milliseconds in repetition 174


vwbvbrvrrevrie-->32Round trip time was  0.185 milliseconds in repetition 175


vwbvbrvrrevrie-->32Round trip time was  0.185 milliseconds in repetition 176


vwbvbrvrrevrie-->32Round trip time was  0.185 milliseconds in repetition 177


vwbvbrvrrevrie-->32Round trip time was  0.185 milliseconds in repetition 178


vwbvbrvrrevrie-->32Round trip time was  0.185 milliseconds in repetition 179


vwbvbrvrrevrie-->32Round trip time was  0.210 milliseconds in repetition 180


vwbvbrvrrevrie-->32Round trip time was  0.184 milliseconds in repetition 181


vwbvbrvrrevrie-->32Round trip time was  0.182 milliseconds in repetition 182


vwbvbrvrrevrie-->32Round trip time was  0.182 milliseconds in repetition 183


vwbvbrvrrevrie-->32Round trip time was  0.182 milliseconds in repetition 184


vwbvbrvrrevrie-->32Round trip time was  0.187 milliseconds in repetition 185


vwbvbrvrrevrie-->32Round trip time was  0.291 milliseconds in repetition 186


vwbvbrvrrevrie-->32Round trip time was  0.180 milliseconds in repetition 187


vwbvbrvrrevrie-->32Round trip time was  0.189 milliseconds in repetition 188


vwbvbrvrrevrie-->32Round trip time was  0.183 milliseconds in repetition 189


vwbvbrvrrevrie-->32Round trip time was  0.185 milliseconds in repetition 190


vwbvbrvrrevrie-->32Round trip time was  0.183 milliseconds in repetition 191


vwbvbrvrrevrie-->32Round trip time was  0.206 milliseconds in repetition 192


vwbvbrvrrevrie-->32Round trip time was  0.191 milliseconds in repetition 193


vwbvbrvrrevrie-->32Round trip time was  0.183 milliseconds in repetition 194


vwbvbrvrrevrie-->32Round trip time was  0.184 milliseconds in repetition 195


vwbvbrvrrevrie-->32Round trip time was  0.183 milliseconds in repetition 196


vwbvbrvrrevrie-->32Round trip time was  0.183 milliseconds in repetition 197


vwbvbrvrrevrie-->32Round trip time was  0.183 milliseconds in repetition 198


vwbvbrvrrevrie-->32Round trip time was  0.183 milliseconds in repetition 199


vwbvbrvrrevrie-->32Round trip time was  0.186 milliseconds in repetition 200


vwbvbrvrrevrie-->32Round trip time was  0.186 milliseconds in repetition 201


vwbvbrvrrevrie-->32Round trip time was  0.183 milliseconds in repetition 202


vwbvbrvrrevrie-->32Round trip time was  0.182 milliseconds in repetition 203


vwbvbrvrrevrie-->32Round trip time was  0.182 milliseconds in repetition 204


vwbvbrvrrevrie-->32Round trip time was  0.247 milliseconds in repetition 205


vwbvbrvrrevrie-->32Round trip time was  0.180 milliseconds in repetition 206


vwbvbrvrrevrie-->32Round trip time was  2.467 milliseconds in repetition 207


vwbvbrvrrevrie-->32Round trip time was  0.217 milliseconds in repetition 208


vwbvbrvrrevrie-->32Round trip time was  0.197 milliseconds in repetition 209


vwbvbrvrrevrie-->32Round trip time was  0.194 milliseconds in repetition 210


vwbvbrvrrevrie-->32Round trip time was  0.191 milliseconds in repetition 211


vwbvbrvrrevrie-->32Round trip time was  0.639 milliseconds in repetition 212


vwbvbrvrrevrie-->32Round trip time was  0.203 milliseconds in repetition 213


vwbvbrvrrevrie-->32Round trip time was  0.189 milliseconds in repetition 214


vwbvbrvrrevrie-->32Round trip time was  0.185 milliseconds in repetition 215


vwbvbrvrrevrie-->32Round trip time was  0.217 milliseconds in repetition 216


vwbvbrvrrevrie-->32Round trip time was  0.186 milliseconds in repetition 217


vwbvbrvrrevrie-->32Round trip time was  0.185 milliseconds in repetition 218


vwbvbrvrrevrie-->32Round trip time was  0.184 milliseconds in repetition 219


vwbvbrvrrevrie-->32Round trip time was  0.184 milliseconds in repetition 220


vwbvbrvrrevrie-->32Round trip time was  0.184 milliseconds in repetition 221


vwbvbrvrrevrie-->32Round trip time was  0.183 milliseconds in repetition 222


vwbvbrvrrevrie-->32Round trip time was  0.185 milliseconds in repetition 223


vwbvbrvrrevrie-->32Round trip time was  0.183 milliseconds in repetition 224


vwbvbrvrrevrie-->32Round trip time was  0.183 milliseconds in repetition 225


vwbvbrvrrevrie-->32Round trip time was  0.184 milliseconds in repetition 226


vwbvbrvrrevrie-->32Round trip time was  1.589 milliseconds in repetition 227


vwbvbrvrrevrie-->32Round trip time was  0.211 milliseconds in repetition 228


vwbvbrvrrevrie-->32Round trip time was  8.907 milliseconds in repetition 229


vwbvbrvrrevrie-->32Round trip time was  0.323 milliseconds in repetition 230


vwbvbrvrrevrie-->32Round trip time was  0.205 milliseconds in repetition 231


vwbvbrvrrevrie-->32Round trip time was  0.198 milliseconds in repetition 232


vwbvbrvrrevrie-->32Round trip time was  0.195 milliseconds in repetition 233


vwbvbrvrrevrie-->32Round trip time was  0.196 milliseconds in repetition 234


vwbvbrvrrevrie-->32Round trip time was  0.193 milliseconds in repetition 235


vwbvbrvrrevrie-->32Round trip time was  0.192 milliseconds in repetition 236


vwbvbrvrrevrie-->32Round trip time was  0.192 milliseconds in repetition 237


vwbvbrvrrevrie-->32Round trip time was  0.189 milliseconds in repetition 238


vwbvbrvrrevrie-->32Round trip time was  0.188 milliseconds in repetition 239


vwbvbrvrrevrie-->32Round trip time was  0.188 milliseconds in repetition 240


vwbvbrvrrevrie-->32Round trip time was  0.186 milliseconds in repetition 241


vwbvbrvrrevrie-->32Round trip time was  0.188 milliseconds in repetition 242


vwbvbrvrrevrie-->32Round trip time was  0.191 milliseconds in repetition 243


vwbvbrvrrevrie-->32Round trip time was  0.192 milliseconds in repetition 244


vwbvbrvrrevrie-->32Round trip time was  0.191 milliseconds in repetition 245


vwbvbrvrrevrie-->32Round trip time was  0.190 milliseconds in repetition 246


vwbvbrvrrevrie-->32Round trip time was  0.189 milliseconds in repetition 247


vwbvbrvrrevrie-->32Round trip time was  0.189 milliseconds in repetition 248


vwbvbrvrrevrie-->32Round trip time was  0.190 milliseconds in repetition 249


vwbvbrvrrevrie-->32Round trip time was  0.189 milliseconds in repetition 250


vwbvbrvrrevrie-->32Round trip time was  0.188 milliseconds in repetition 251


vwbvbrvrrevrie-->32Round trip time was  0.189 milliseconds in repetition 252


vwbvbrvrrevrie-->32Round trip time was  0.189 milliseconds in repetition 253


vwbvbrvrrevrie-->32Round trip time was  0.188 milliseconds in repetition 254


vwbvbrvrrevrie-->32Round trip time was  0.190 milliseconds in repetition 255


vwbvbrvrrevrie-->32Round trip time was  0.189 milliseconds in repetition 256


vwbvbrvrrevrie-->32Round trip time was  0.187 milliseconds in repetition 257


vwbvbrvrrevrie-->32Round trip time was  0.188 milliseconds in repetition 258


vwbvbrvrrevrie-->32Round trip time was  0.202 milliseconds in repetition 259


vwbvbrvrrevrie-->32Round trip time was  0.214 milliseconds in repetition 260


vwbvbrvrrevrie-->32Round trip time was  0.202 milliseconds in repetition 261


vwbvbrvrrevrie-->32Round trip time was  0.197 milliseconds in repetition 262


vwbvbrvrrevrie-->32Round trip time was  0.193 milliseconds in repetition 263


vwbvbrvrrevrie-->32Round trip time was  0.192 milliseconds in repetition 264


vwbvbrvrrevrie-->32Round trip time was  0.191 milliseconds in repetition 265


vwbvbrvrrevrie-->32Round trip time was  0.195 milliseconds in repetition 266


vwbvbrvrrevrie-->32Round trip time was  0.220 milliseconds in repetition 267


vwbvbrvrrevrie-->32Round trip time was  0.195 milliseconds in repetition 268


vwbvbrvrrevrie-->32Round trip time was  0.194 milliseconds in repetition 269


vwbvbrvrrevrie-->32Round trip time was  0.189 milliseconds in repetition 270


vwbvbrvrrevrie-->32Round trip time was  0.196 milliseconds in repetition 271


vwbvbrvrrevrie-->32Round trip time was  0.190 milliseconds in repetition 272


vwbvbrvrrevrie-->32Round trip time was  0.186 milliseconds in repetition 273


vwbvbrvrrevrie-->32Round trip time was  0.186 milliseconds in repetition 274


vwbvbrvrrevrie-->32Round trip time was  0.185 milliseconds in repetition 275


vwbvbrvrrevrie-->32Round trip time was  0.202 milliseconds in repetition 276


vwbvbrvrrevrie-->32Round trip time was  0.522 milliseconds in repetition 277


vwbvbrvrrevrie-->32Round trip time was  0.190 milliseconds in repetition 278


vwbvbrvrrevrie-->32Round trip time was  0.191 milliseconds in repetition 279


vwbvbrvrrevrie-->32Round trip time was  0.190 milliseconds in repetition 280


vwbvbrvrrevrie-->32Round trip time was  0.194 milliseconds in repetition 281


vwbvbrvrrevrie-->32Round trip time was  0.260 milliseconds in repetition 282


vwbvbrvrrevrie-->32Round trip time was  0.196 milliseconds in repetition 283


vwbvbrvrrevrie-->32Round trip time was  0.191 milliseconds in repetition 284


vwbvbrvrrevrie-->32Round trip time was  5.964 milliseconds in repetition 285


vwbvbrvrrevrie-->32Round trip time was  0.468 milliseconds in repetition 286


vwbvbrvrrevrie-->32Round trip time was  0.220 milliseconds in repetition 287


vwbvbrvrrevrie-->32Round trip time was  0.204 milliseconds in repetition 288


vwbvbrvrrevrie-->32Round trip time was  0.199 milliseconds in repetition 289


vwbvbrvrrevrie-->32Round trip time was  0.200 milliseconds in repetition 290


vwbvbrvrrevrie-->32Round trip time was  0.201 milliseconds in repetition 291


vwbvbrvrrevrie-->32Round trip time was  0.199 milliseconds in repetition 292


vwbvbrvrrevrie-->32Round trip time was  0.197 milliseconds in repetition 293


vwbvbrvrrevrie-->32Round trip time was  0.197 milliseconds in repetition 294


vwbvbrvrrevrie-->32Round trip time was  0.196 milliseconds in repetition 295


vwbvbrvrrevrie-->32Round trip time was  0.196 milliseconds in repetition 296


vwbvbrvrrevrie-->32Round trip time was  0.198 milliseconds in repetition 297


vwbvbrvrrevrie-->32Round trip time was  0.195 milliseconds in repetition 298


vwbvbrvrrevrie-->32Round trip time was  0.194 milliseconds in repetition 299


vwbvbrvrrevrie-->32Round trip time was  0.196 milliseconds in repetition 300


vwbvbrvrrevrie-->32Round trip time was  0.328 milliseconds in repetition 301


vwbvbrvrrevrie-->32Round trip time was  0.197 milliseconds in repetition 302


vwbvbrvrrevrie-->32Round trip time was  0.194 milliseconds in repetition 303


vwbvbrvrrevrie-->32Round trip time was  0.193 milliseconds in repetition 304


vwbvbrvrrevrie-->32Round trip time was  0.193 milliseconds in repetition 305


vwbvbrvrrevrie-->32Round trip time was  0.198 milliseconds in repetition 306


vwbvbrvrrevrie-->32Round trip time was  0.213 milliseconds in repetition 307


vwbvbrvrrevrie-->32Round trip time was  0.194 milliseconds in repetition 308


vwbvbrvrrevrie-->32Round trip time was  0.196 milliseconds in repetition 309


vwbvbrvrrevrie-->32Round trip time was  0.199 milliseconds in repetition 310


vwbvbrvrrevrie-->32Round trip time was  0.204 milliseconds in repetition 311


vwbvbrvrrevrie-->32Round trip time was  0.211 milliseconds in repetition 312


vwbvbrvrrevrie-->32Round trip time was  0.198 milliseconds in repetition 313


vwbvbrvrrevrie-->32Round trip time was  0.194 milliseconds in repetition 314


vwbvbrvrrevrie-->32Round trip time was  0.194 milliseconds in repetition 315


vwbvbrvrrevrie-->32Round trip time was  0.192 milliseconds in repetition 316


vwbvbrvrrevrie-->32Round trip time was  0.194 milliseconds in repetition 317


vwbvbrvrrevrie-->32Round trip time was  0.318 milliseconds in repetition 318


vwbvbrvrrevrie-->32Round trip time was  0.204 milliseconds in repetition 319


vwbvbrvrrevrie-->32Round trip time was  0.197 milliseconds in repetition 320


vwbvbrvrrevrie-->32Round trip time was  0.196 milliseconds in repetition 321


vwbvbrvrrevrie-->32Round trip time was  0.346 milliseconds in repetition 322


vwbvbrvrrevrie-->32Round trip time was  0.200 milliseconds in repetition 323


vwbvbrvrrevrie-->32Round trip time was  0.198 milliseconds in repetition 324


vwbvbrvrrevrie-->32Round trip time was  0.197 milliseconds in repetition 325


vwbvbrvrrevrie-->32Round trip time was  0.197 milliseconds in repetition 326


vwbvbrvrrevrie-->32Round trip time was  0.193 milliseconds in repetition 327


vwbvbrvrrevrie-->32Round trip time was  0.197 milliseconds in repetition 328


vwbvbrvrrevrie-->32Round trip time was  0.203 milliseconds in repetition 329


vwbvbrvrrevrie-->32Round trip time was  0.199 milliseconds in repetition 330


vwbvbrvrrevrie-->32Round trip time was  0.197 milliseconds in repetition 331


vwbvbrvrrevrie-->32Round trip time was  0.194 milliseconds in repetition 332


vwbvbrvrrevrie-->32Round trip time was  0.196 milliseconds in repetition 333


vwbvbrvrrevrie-->32Round trip time was  0.195 milliseconds in repetition 334


vwbvbrvrrevrie-->32Round trip time was  0.195 milliseconds in repetition 335


vwbvbrvrrevrie-->32Round trip time was  0.191 milliseconds in repetition 336


vwbvbrvrrevrie-->32Round trip time was  0.190 milliseconds in repetition 337


vwbvbrvrrevrie-->32Round trip time was  0.189 milliseconds in repetition 338


vwbvbrvrrevrie-->32Round trip time was  0.190 milliseconds in repetition 339


vwbvbrvrrevrie-->32Round trip time was  0.425 milliseconds in repetition 340


vwbvbrvrrevrie-->-1Round trip time was  6.568 milliseconds in repetition 341


vwbvbrvrrevrie-->32Round trip time was  0.259 milliseconds in repetition 342


vwbvbrvrrevrie-->32Round trip time was  0.208 milliseconds in repetition 343


vwbvbrvrrevrie-->32Round trip time was  0.202 milliseconds in repetition 344


vwbvbrvrrevrie-->32Round trip time was  1.097 milliseconds in repetition 345


vwbvbrvrrevrie-->32Round trip time was  0.223 milliseconds in repetition 346


vwbvbrvrrevrie-->32Round trip time was  0.203 milliseconds in repetition 347


vwbvbrvrrevrie-->32Round trip time was  0.197 milliseconds in repetition 348


vwbvbrvrrevrie-->32Round trip time was  0.199 milliseconds in repetition 349


vwbvbrvrrevrie-->32Round trip time was  0.196 milliseconds in repetition 350


vwbvbrvrrevrie-->32Round trip time was  0.194 milliseconds in repetition 351


vwbvbrvrrevrie-->32Round trip time was  0.196 milliseconds in repetition 352


vwbvbrvrrevrie-->32Round trip time was  1.291 milliseconds in repetition 353


vwbvbrvrrevrie-->32Round trip time was  0.237 milliseconds in repetition 354


vwbvbrvrrevrie-->32Round trip time was  0.201 milliseconds in repetition 355


vwbvbrvrrevrie-->32Round trip time was  0.193 milliseconds in repetition 356


vwbvbrvrrevrie-->32Round trip time was  0.192 milliseconds in repetition 357


vwbvbrvrrevrie-->32Round trip time was  0.190 milliseconds in repetition 358


vwbvbrvrrevrie-->32Round trip time was  0.191 milliseconds in repetition 359


vwbvbrvrrevrie-->32Round trip time was  0.189 milliseconds in repetition 360


vwbvbrvrrevrie-->32Round trip time was  0.195 milliseconds in repetition 361


vwbvbrvrrevrie-->32Round trip time was  0.188 milliseconds in repetition 362


vwbvbrvrrevrie-->32Round trip time was  5.273 milliseconds in repetition 363


vwbvbrvrrevrie-->32Round trip time was  0.245 milliseconds in repetition 364


vwbvbrvrrevrie-->32Round trip time was  0.201 milliseconds in repetition 365


vwbvbrvrrevrie-->32Round trip time was  0.199 milliseconds in repetition 366


vwbvbrvrrevrie-->32Round trip time was  0.195 milliseconds in repetition 367


vwbvbrvrrevrie-->32Round trip time was  0.193 milliseconds in repetition 368


vwbvbrvrrevrie-->32Round trip time was  0.193 milliseconds in repetition 369


vwbvbrvrrevrie-->32Round trip time was  0.192 milliseconds in repetition 370


vwbvbrvrrevrie-->32Round trip time was  0.194 milliseconds in repetition 371


vwbvbrvrrevrie-->32Round trip time was  0.192 milliseconds in repetition 372


vwbvbrvrrevrie-->32Round trip time was  0.193 milliseconds in repetition 373


vwbvbrvrrevrie-->32Round trip time was  0.192 milliseconds in repetition 374


vwbvbrvrrevrie-->32Round trip time was  0.192 milliseconds in repetition 375


vwbvbrvrrevrie-->32Round trip time was  0.193 milliseconds in repetition 376


vwbvbrvrrevrie-->32Round trip time was  0.191 milliseconds in repetition 377


vwbvbrvrrevrie-->32Round trip time was  0.190 milliseconds in repetition 378


vwbvbrvrrevrie-->32Round trip time was  0.190 milliseconds in repetition 379


vwbvbrvrrevrie-->32Round trip time was  0.189 milliseconds in repetition 380


vwbvbrvrrevrie-->32Round trip time was  0.288 milliseconds in repetition 381


vwbvbrvrrevrie-->32Round trip time was  0.192 milliseconds in repetition 382


vwbvbrvrrevrie-->32Round trip time was  0.190 milliseconds in repetition 383


vwbvbrvrrevrie-->32Round trip time was  0.189 milliseconds in repetition 384


vwbvbrvrrevrie-->32Round trip time was  0.189 milliseconds in repetition 385


vwbvbrvrrevrie-->32Round trip time was  0.191 milliseconds in repetition 386


vwbvbrvrrevrie-->32Round trip time was  0.190 milliseconds in repetition 387


vwbvbrvrrevrie-->32Round trip time was  0.189 milliseconds in repetition 388


vwbvbrvrrevrie-->32Round trip time was  0.192 milliseconds in repetition 389


vwbvbrvrrevrie-->32Round trip time was  0.188 milliseconds in repetition 390


vwbvbrvrrevrie-->32Round trip time was  0.190 milliseconds in repetition 391


vwbvbrvrrevrie-->32Round trip time was  0.189 milliseconds in repetition 392


vwbvbrvrrevrie-->32Round trip time was  0.189 milliseconds in repetition 393


vwbvbrvrrevrie-->32Round trip time was  0.189 milliseconds in repetition 394


vwbvbrvrrevrie-->32Round trip time was  0.189 milliseconds in repetition 395


vwbvbrvrrevrie-->32Round trip time was  0.190 milliseconds in repetition 396


vwbvbrvrrevrie-->32Round trip time was  0.189 milliseconds in repetition 397


vwbvbrvrrevrie-->32Round trip time was  0.189 milliseconds in repetition 398


vwbvbrvrrevrie-->32Round trip time was  0.189 milliseconds in repetition 399


vwbvbrvrrevrie-->32Round trip time was  0.189 milliseconds in repetition 400


vwbvbrvrrevrie-->32Round trip time was  0.187 milliseconds in repetition 401


vwbvbrvrrevrie-->32Round trip time was  0.187 milliseconds in repetition 402


vwbvbrvrrevrie-->32Round trip time was  0.186 milliseconds in repetition 403


vwbvbrvrrevrie-->32Round trip time was  0.187 milliseconds in repetition 404


vwbvbrvrrevrie-->32Round trip time was  0.186 milliseconds in repetition 405


vwbvbrvrrevrie-->32Round trip time was  0.275 milliseconds in repetition 406


vwbvbrvrrevrie-->32Round trip time was  0.193 milliseconds in repetition 407


vwbvbrvrrevrie-->32Round trip time was  0.189 milliseconds in repetition 408


vwbvbrvrrevrie-->32Round trip time was  0.188 milliseconds in repetition 409


vwbvbrvrrevrie-->32Round trip time was  0.189 milliseconds in repetition 410


vwbvbrvrrevrie-->32Round trip time was  0.191 milliseconds in repetition 411


vwbvbrvrrevrie-->32Round trip time was  0.308 milliseconds in repetition 412


vwbvbrvrrevrie-->32Round trip time was  0.230 milliseconds in repetition 413


vwbvbrvrrevrie-->32Round trip time was  0.206 milliseconds in repetition 414


vwbvbrvrrevrie-->32Round trip time was  2.234 milliseconds in repetition 415


vwbvbrvrrevrie-->32Round trip time was  0.245 milliseconds in repetition 416


vwbvbrvrrevrie-->32Round trip time was  0.197 milliseconds in repetition 417


vwbvbrvrrevrie-->32Round trip time was  0.191 milliseconds in repetition 418


vwbvbrvrrevrie-->32Round trip time was  0.189 milliseconds in repetition 419


vwbvbrvrrevrie-->32Round trip time was  0.189 milliseconds in repetition 420


vwbvbrvrrevrie-->32Round trip time was  0.188 milliseconds in repetition 421


vwbvbrvrrevrie-->32Round trip time was  0.189 milliseconds in repetition 422


vwbvbrvrrevrie-->32Round trip time was  0.190 milliseconds in repetition 423


vwbvbrvrrevrie-->32Round trip time was  0.187 milliseconds in repetition 424


vwbvbrvrrevrie-->32Round trip time was  0.187 milliseconds in repetition 425


vwbvbrvrrevrie-->32Round trip time was  0.188 milliseconds in repetition 426


vwbvbrvrrevrie-->32Round trip time was  0.188 milliseconds in repetition 427


vwbvbrvrrevrie-->32Round trip time was  0.186 milliseconds in repetition 428


vwbvbrvrrevrie-->32Round trip time was  0.186 milliseconds in repetition 429


vwbvbrvrrevrie-->32Round trip time was  0.186 milliseconds in repetition 430


vwbvbrvrrevrie-->32Round trip time was  0.187 milliseconds in repetition 431


vwbvbrvrrevrie-->32Round trip time was  0.296 milliseconds in repetition 432


vwbvbrvrrevrie-->32Round trip time was  2.958 milliseconds in repetition 433


vwbvbrvrrevrie-->32Round trip time was  0.221 milliseconds in repetition 434


vwbvbrvrrevrie-->-1Round trip time was  5.610 milliseconds in repetition 435


vwbvbrvrrevrie-->32Round trip time was  0.247 milliseconds in repetition 436


vwbvbrvrrevrie-->32Round trip time was  0.201 milliseconds in repetition 437


vwbvbrvrrevrie-->32Round trip time was  0.194 milliseconds in repetition 438


vwbvbrvrrevrie-->32Round trip time was  0.192 milliseconds in repetition 439


vwbvbrvrrevrie-->32Round trip time was  0.190 milliseconds in repetition 440


vwbvbrvrrevrie-->32Round trip time was  0.191 milliseconds in repetition 441


vwbvbrvrrevrie-->32Round trip time was  3.208 milliseconds in repetition 442


vwbvbrvrrevrie-->32Round trip time was  0.232 milliseconds in repetition 443


vwbvbrvrrevrie-->32Round trip time was  0.199 milliseconds in repetition 444


vwbvbrvrrevrie-->32Round trip time was  0.193 milliseconds in repetition 445


vwbvbrvrrevrie-->32Round trip time was  0.191 milliseconds in repetition 446


vwbvbrvrrevrie-->32Round trip time was  0.191 milliseconds in repetition 447


vwbvbrvrrevrie-->32Round trip time was  0.192 milliseconds in repetition 448


vwbvbrvrrevrie-->32Round trip time was  0.189 milliseconds in repetition 449


vwbvbrvrrevrie-->32Round trip time was  0.187 milliseconds in repetition 450


vwbvbrvrrevrie-->32Round trip time was  0.187 milliseconds in repetition 451


vwbvbrvrrevrie-->32Round trip time was  0.185 milliseconds in repetition 452


vwbvbrvrrevrie-->32Round trip time was  0.184 milliseconds in repetition 453


vwbvbrvrrevrie-->32Round trip time was  0.184 milliseconds in repetition 454


vwbvbrvrrevrie-->32Round trip time was  0.183 milliseconds in repetition 455


vwbvbrvrrevrie-->32Round trip time was  0.183 milliseconds in repetition 456


vwbvbrvrrevrie-->32Round trip time was  0.480 milliseconds in repetition 457


vwbvbrvrrevrie-->32Round trip time was  0.194 milliseconds in repetition 458


vwbvbrvrrevrie-->32Round trip time was  0.187 milliseconds in repetition 459


vwbvbrvrrevrie-->32Round trip time was  0.196 milliseconds in repetition 460


vwbvbrvrrevrie-->32Round trip time was  0.186 milliseconds in repetition 461


vwbvbrvrrevrie-->32Round trip time was  0.184 milliseconds in repetition 462


vwbvbrvrrevrie-->32Round trip time was  0.184 milliseconds in repetition 463


vwbvbrvrrevrie-->32Round trip time was  0.184 milliseconds in repetition 464


vwbvbrvrrevrie-->32Round trip time was  0.184 milliseconds in repetition 465


vwbvbrvrrevrie-->32Round trip time was  0.395 milliseconds in repetition 466


vwbvbrvrrevrie-->32Round trip time was  0.195 milliseconds in repetition 467


vwbvbrvrrevrie-->32Round trip time was  0.186 milliseconds in repetition 468


vwbvbrvrrevrie-->32Round trip time was  0.185 milliseconds in repetition 469


vwbvbrvrrevrie-->32Round trip time was  0.184 milliseconds in repetition 470


vwbvbrvrrevrie-->32Round trip time was  0.184 milliseconds in repetition 471


vwbvbrvrrevrie-->32Round trip time was  0.782 milliseconds in repetition 472


vwbvbrvrrevrie-->32Round trip time was  0.210 milliseconds in repetition 473


vwbvbrvrrevrie-->32Round trip time was  0.189 milliseconds in repetition 474


vwbvbrvrrevrie-->32Round trip time was  0.189 milliseconds in repetition 475


vwbvbrvrrevrie-->32Round trip time was  0.186 milliseconds in repetition 476


vwbvbrvrrevrie-->32Round trip time was  0.185 milliseconds in repetition 477


vwbvbrvrrevrie-->32Round trip time was  2.815 milliseconds in repetition 478


vwbvbrvrrevrie-->32Round trip time was  0.221 milliseconds in repetition 479


vwbvbrvrrevrie-->32Round trip time was  0.194 milliseconds in repetition 480


vwbvbrvrrevrie-->32Round trip time was  0.189 milliseconds in repetition 481


vwbvbrvrrevrie-->32Round trip time was  0.190 milliseconds in repetition 482


vwbvbrvrrevrie-->32Round trip time was  0.188 milliseconds in repetition 483


vwbvbrvrrevrie-->32Round trip time was  0.188 milliseconds in repetition 484


vwbvbrvrrevrie-->32Round trip time was  0.187 milliseconds in repetition 485


vwbvbrvrrevrie-->32Round trip time was  0.188 milliseconds in repetition 486


vwbvbrvrrevrie-->32Round trip time was  0.187 milliseconds in repetition 487


vwbvbrvrrevrie-->32Round trip time was  0.186 milliseconds in repetition 488


vwbvbrvrrevrie-->32Round trip time was  0.186 milliseconds in repetition 489


vwbvbrvrrevrie-->32Round trip time was  0.278 milliseconds in repetition 490


vwbvbrvrrevrie-->32Round trip time was  0.190 milliseconds in repetition 491


vwbvbrvrrevrie-->32Round trip time was  0.191 milliseconds in repetition 492


vwbvbrvrrevrie-->32Round trip time was  0.190 milliseconds in repetition 493


vwbvbrvrrevrie-->32Round trip time was  0.186 milliseconds in repetition 494


vwbvbrvrrevrie-->32Round trip time was  0.186 milliseconds in repetition 495


vwbvbrvrrevrie-->32Round trip time was  0.188 milliseconds in repetition 496


vwbvbrvrrevrie-->32Round trip time was  0.188 milliseconds in repetition 497


vwbvbrvrrevrie-->32Round trip time was  0.188 milliseconds in repetition 498


vwbvbrvrrevrie-->32Round trip time was  0.186 milliseconds in repetition 499


vwbvbrvrrevrie-->32Round trip time was  0.190 milliseconds in repetition 500


vwbvbrvrrevrie-->32Round trip time was  3.215 milliseconds in repetition 501

 ... clock resolution was 1e-06
UDP Ping:  Statistics over 501 repetitions of 32 byte messages

RTT : percentile 10: 0.184994, median: 0.191995, percentile 90: 0.244993, average: 0.411647, variance: 2.00199

RTT histogram:
0.179994 479
1.43206 4
2.68412 7
3.93618 2
5.18825 4
6.44031 2
7.69238 1
8.94444 1
10.1965 0
11.4486 0
12.7006 0
13.9527 0
15.2048 0
16.4568 0
17.7089 0
18.9609 0
20.213 0
21.4651 0
22.7171 0
23.9692 0
25.2213 1
   median Throughput : 333.342 KB/s   overall Throughput : 155.473 KB/s

