UDP Ping trying to connect to server localhost (127.0.0.1) on TCP port 1491
 ... connected to Pong server: asking for 501 repetitions of 384 _bytes UDP messages
 ... Pong server agreed to ping-pong using port 62832 :-)


vwbvbrvrrevrie-->384Round trip time was  8.218 milliseconds in repetition 1


vwbvbrvrrevrie-->384Round trip time was 12.891 milliseconds in repetition 2


vwbvbrvrrevrie-->384Round trip time was  3.140 milliseconds in repetition 3


vwbvbrvrrevrie-->384Round trip time was  0.340 milliseconds in repetition 4


vwbvbrvrrevrie-->384Round trip time was  0.227 milliseconds in repetition 5


vwbvbrvrrevrie-->384Round trip time was  0.212 milliseconds in repetition 6


vwbvbrvrrevrie-->384Round trip time was  0.209 milliseconds in repetition 7


vwbvbrvrrevrie-->384Round trip time was  0.310 milliseconds in repetition 8


vwbvbrvrrevrie-->384Round trip time was  0.213 milliseconds in repetition 9


vwbvbrvrrevrie-->384Round trip time was  0.206 milliseconds in repetition 10


vwbvbrvrrevrie-->384Round trip time was  2.748 milliseconds in repetition 11


vwbvbrvrrevrie-->384Round trip time was  0.291 milliseconds in repetition 12


vwbvbrvrrevrie-->384Round trip time was  0.208 milliseconds in repetition 13


vwbvbrvrrevrie-->384Round trip time was  0.201 milliseconds in repetition 14


vwbvbrvrrevrie-->384Round trip time was  0.341 milliseconds in repetition 15


vwbvbrvrrevrie-->384Round trip time was  0.200 milliseconds in repetition 16


vwbvbrvrrevrie-->384Round trip time was  0.705 milliseconds in repetition 17


vwbvbrvrrevrie-->384Round trip time was  0.247 milliseconds in repetition 18


vwbvbrvrrevrie-->384Round trip time was  0.211 milliseconds in repetition 19


vwbvbrvrrevrie-->384Round trip time was  0.205 milliseconds in repetition 20


vwbvbrvrrevrie-->384Round trip time was  1.128 milliseconds in repetition 21


vwbvbrvrrevrie-->384Round trip time was  0.214 milliseconds in repetition 22


vwbvbrvrrevrie-->384Round trip time was  0.208 milliseconds in repetition 23


vwbvbrvrrevrie-->384Round trip time was  0.199 milliseconds in repetition 24


vwbvbrvrrevrie-->384Round trip time was  0.192 milliseconds in repetition 25


vwbvbrvrrevrie-->384Round trip time was  0.193 milliseconds in repetition 26


vwbvbrvrrevrie-->384Round trip time was  0.189 milliseconds in repetition 27


vwbvbrvrrevrie-->384Round trip time was  0.189 milliseconds in repetition 28


vwbvbrvrrevrie-->384Round trip time was  0.188 milliseconds in repetition 29


vwbvbrvrrevrie-->384Round trip time was  1.654 milliseconds in repetition 30


vwbvbrvrrevrie-->-1Round trip time was 11.976 milliseconds in repetition 31


vwbvbrvrrevrie-->384Round trip time was  0.401 milliseconds in repetition 32


vwbvbrvrrevrie-->384Round trip time was  1.527 milliseconds in repetition 33


vwbvbrvrrevrie-->384Round trip time was  0.564 milliseconds in repetition 34


vwbvbrvrrevrie-->384Round trip time was  0.206 milliseconds in repetition 35


vwbvbrvrrevrie-->384Round trip time was  0.196 milliseconds in repetition 36


vwbvbrvrrevrie-->384Round trip time was  0.196 milliseconds in repetition 37


vwbvbrvrrevrie-->384Round trip time was  0.193 milliseconds in repetition 38


vwbvbrvrrevrie-->384Round trip time was  0.194 milliseconds in repetition 39


vwbvbrvrrevrie-->384Round trip time was  0.191 milliseconds in repetition 40


vwbvbrvrrevrie-->384Round trip time was  0.190 milliseconds in repetition 41


vwbvbrvrrevrie-->384Round trip time was  0.190 milliseconds in repetition 42


vwbvbrvrrevrie-->384Round trip time was  0.191 milliseconds in repetition 43


vwbvbrvrrevrie-->384Round trip time was  1.870 milliseconds in repetition 44


vwbvbrvrrevrie-->384Round trip time was  0.942 milliseconds in repetition 45


vwbvbrvrrevrie-->384Round trip time was  0.219 milliseconds in repetition 46


vwbvbrvrrevrie-->384Round trip time was  0.202 milliseconds in repetition 47


vwbvbrvrrevrie-->384Round trip time was  1.083 milliseconds in repetition 48


vwbvbrvrrevrie-->384Round trip time was  0.217 milliseconds in repetition 49


vwbvbrvrrevrie-->384Round trip time was  7.368 milliseconds in repetition 50


vwbvbrvrrevrie-->384Round trip time was  0.337 milliseconds in repetition 51


vwbvbrvrrevrie-->384Round trip time was  0.201 milliseconds in repetition 52


vwbvbrvrrevrie-->384Round trip time was  0.200 milliseconds in repetition 53


vwbvbrvrrevrie-->384Round trip time was  0.192 milliseconds in repetition 54


vwbvbrvrrevrie-->384Round trip time was  0.193 milliseconds in repetition 55


vwbvbrvrrevrie-->384Round trip time was  0.190 milliseconds in repetition 56


vwbvbrvrrevrie-->384Round trip time was  0.530 milliseconds in repetition 57


vwbvbrvrrevrie-->384Round trip time was  0.200 milliseconds in repetition 58


vwbvbrvrrevrie-->384Round trip time was  0.193 milliseconds in repetition 59


vwbvbrvrrevrie-->384Round trip time was  0.191 milliseconds in repetition 60


vwbvbrvrrevrie-->384Round trip time was  0.194 milliseconds in repetition 61


vwbvbrvrrevrie-->384Round trip time was  0.189 milliseconds in repetition 62


vwbvbrvrrevrie-->384Round trip time was  0.192 milliseconds in repetition 63


vwbvbrvrrevrie-->384Round trip time was  0.200 milliseconds in repetition 64


vwbvbrvrrevrie-->384Round trip time was  0.347 milliseconds in repetition 65


vwbvbrvrrevrie-->384Round trip time was  0.215 milliseconds in repetition 66


vwbvbrvrrevrie-->384Round trip time was  0.200 milliseconds in repetition 67


vwbvbrvrrevrie-->384Round trip time was  0.205 milliseconds in repetition 68


vwbvbrvrrevrie-->384Round trip time was  0.195 milliseconds in repetition 69


vwbvbrvrrevrie-->384Round trip time was  0.201 milliseconds in repetition 70


vwbvbrvrrevrie-->384Round trip time was  2.711 milliseconds in repetition 71


vwbvbrvrrevrie-->384Round trip time was  0.229 milliseconds in repetition 72


vwbvbrvrrevrie-->384Round trip time was  0.197 milliseconds in repetition 73


vwbvbrvrrevrie-->384Round trip time was  0.194 milliseconds in repetition 74


vwbvbrvrrevrie-->384Round trip time was  0.194 milliseconds in repetition 75


vwbvbrvrrevrie-->384Round trip time was  0.273 milliseconds in repetition 76


vwbvbrvrrevrie-->384Round trip time was  0.203 milliseconds in repetition 77


vwbvbrvrrevrie-->384Round trip time was  0.233 milliseconds in repetition 78


vwbvbrvrrevrie-->384Round trip time was  0.226 milliseconds in repetition 79


vwbvbrvrrevrie-->384Round trip time was  0.206 milliseconds in repetition 80


vwbvbrvrrevrie-->384Round trip time was  0.195 milliseconds in repetition 81


vwbvbrvrrevrie-->384Round trip time was  0.194 milliseconds in repetition 82


vwbvbrvrrevrie-->384Round trip time was  0.194 milliseconds in repetition 83


vwbvbrvrrevrie-->384Round trip time was  0.193 milliseconds in repetition 84


vwbvbrvrrevrie-->384Round trip time was  0.194 milliseconds in repetition 85


vwbvbrvrrevrie-->384Round trip time was  0.193 milliseconds in repetition 86


vwbvbrvrrevrie-->384Round trip time was  0.193 milliseconds in repetition 87


vwbvbrvrrevrie-->384Round trip time was  0.249 milliseconds in repetition 88


vwbvbrvrrevrie-->384Round trip time was  0.199 milliseconds in repetition 89


vwbvbrvrrevrie-->384Round trip time was  0.194 milliseconds in repetition 90


vwbvbrvrrevrie-->384Round trip time was  0.192 milliseconds in repetition 91


vwbvbrvrrevrie-->384Round trip time was  0.194 milliseconds in repetition 92


vwbvbrvrrevrie-->384Round trip time was  0.192 milliseconds in repetition 93


vwbvbrvrrevrie-->384Round trip time was  0.191 milliseconds in repetition 94


vwbvbrvrrevrie-->384Round trip time was  1.481 milliseconds in repetition 95


vwbvbrvrrevrie-->384Round trip time was  0.232 milliseconds in repetition 96


vwbvbrvrrevrie-->384Round trip time was  0.197 milliseconds in repetition 97


vwbvbrvrrevrie-->384Round trip time was  0.196 milliseconds in repetition 98


vwbvbrvrrevrie-->384Round trip time was  0.572 milliseconds in repetition 99


vwbvbrvrrevrie-->384Round trip time was  0.210 milliseconds in repetition 100


vwbvbrvrrevrie-->384Round trip time was  0.195 milliseconds in repetition 101


vwbvbrvrrevrie-->384Round trip time was  0.432 milliseconds in repetition 102


vwbvbrvrrevrie-->384Round trip time was  0.869 milliseconds in repetition 103


vwbvbrvrrevrie-->384Round trip time was  5.385 milliseconds in repetition 104


vwbvbrvrrevrie-->384Round trip time was  0.351 milliseconds in repetition 105


vwbvbrvrrevrie-->384Round trip time was  0.469 milliseconds in repetition 106


vwbvbrvrrevrie-->384Round trip time was  0.209 milliseconds in repetition 107


vwbvbrvrrevrie-->384Round trip time was  0.210 milliseconds in repetition 108


vwbvbrvrrevrie-->384Round trip time was  0.197 milliseconds in repetition 109


vwbvbrvrrevrie-->384Round trip time was  0.196 milliseconds in repetition 110


vwbvbrvrrevrie-->384Round trip time was  0.194 milliseconds in repetition 111


vwbvbrvrrevrie-->384Round trip time was  0.217 milliseconds in repetition 112


vwbvbrvrrevrie-->384Round trip time was  0.193 milliseconds in repetition 113


vwbvbrvrrevrie-->384Round trip time was  0.192 milliseconds in repetition 114


vwbvbrvrrevrie-->384Round trip time was  0.210 milliseconds in repetition 115


vwbvbrvrrevrie-->384Round trip time was  0.192 milliseconds in repetition 116


vwbvbrvrrevrie-->384Round trip time was  0.193 milliseconds in repetition 117


vwbvbrvrrevrie-->384Round trip time was  0.190 milliseconds in repetition 118


vwbvbrvrrevrie-->384Round trip time was  0.192 milliseconds in repetition 119


vwbvbrvrrevrie-->384Round trip time was  0.190 milliseconds in repetition 120


vwbvbrvrrevrie-->384Round trip time was  0.189 milliseconds in repetition 121


vwbvbrvrrevrie-->384Round trip time was  0.188 milliseconds in repetition 122


vwbvbrvrrevrie-->384Round trip time was  0.193 milliseconds in repetition 123


vwbvbrvrrevrie-->384Round trip time was  0.194 milliseconds in repetition 124


vwbvbrvrrevrie-->384Round trip time was  0.187 milliseconds in repetition 125


vwbvbrvrrevrie-->384Round trip time was  0.186 milliseconds in repetition 126


vwbvbrvrrevrie-->384Round trip time was  0.185 milliseconds in repetition 127


vwbvbrvrrevrie-->384Round trip time was  0.185 milliseconds in repetition 128


vwbvbrvrrevrie-->384Round trip time was  0.186 milliseconds in repetition 129


vwbvbrvrrevrie-->384Round trip time was  0.299 milliseconds in repetition 130


vwbvbrvrrevrie-->384Round trip time was  0.190 milliseconds in repetition 131


vwbvbrvrrevrie-->384Round trip time was  0.190 milliseconds in repetition 132


vwbvbrvrrevrie-->384Round trip time was  0.190 milliseconds in repetition 133


vwbvbrvrrevrie-->384Round trip time was  0.187 milliseconds in repetition 134


vwbvbrvrrevrie-->384Round trip time was  0.188 milliseconds in repetition 135


vwbvbrvrrevrie-->384Round trip time was  0.310 milliseconds in repetition 136


vwbvbrvrrevrie-->384Round trip time was  0.216 milliseconds in repetition 137


vwbvbrvrrevrie-->384Round trip time was  0.194 milliseconds in repetition 138


vwbvbrvrrevrie-->384Round trip time was  0.191 milliseconds in repetition 139


vwbvbrvrrevrie-->384Round trip time was  1.244 milliseconds in repetition 140


vwbvbrvrrevrie-->384Round trip time was  0.217 milliseconds in repetition 141


vwbvbrvrrevrie-->384Round trip time was  0.203 milliseconds in repetition 142


vwbvbrvrrevrie-->384Round trip time was  0.195 milliseconds in repetition 143


vwbvbrvrrevrie-->384Round trip time was  0.190 milliseconds in repetition 144


vwbvbrvrrevrie-->384Round trip time was  0.190 milliseconds in repetition 145


vwbvbrvrrevrie-->384Round trip time was  0.190 milliseconds in repetition 146


vwbvbrvrrevrie-->384Round trip time was  0.189 milliseconds in repetition 147


vwbvbrvrrevrie-->384Round trip time was  0.262 milliseconds in repetition 148


vwbvbrvrrevrie-->384Round trip time was  0.209 milliseconds in repetition 149


vwbvbrvrrevrie-->384Round trip time was  5.134 milliseconds in repetition 150


vwbvbrvrrevrie-->384Round trip time was  0.334 milliseconds in repetition 151


vwbvbrvrrevrie-->384Round trip time was  1.563 milliseconds in repetition 152


vwbvbrvrrevrie-->384Round trip time was  0.613 milliseconds in repetition 153


vwbvbrvrrevrie-->384Round trip time was  0.209 milliseconds in repetition 154


vwbvbrvrrevrie-->384Round trip time was  0.197 milliseconds in repetition 155


vwbvbrvrrevrie-->384Round trip time was  0.194 milliseconds in repetition 156


vwbvbrvrrevrie-->384Round trip time was  0.193 milliseconds in repetition 157


vwbvbrvrrevrie-->384Round trip time was  0.194 milliseconds in repetition 158


vwbvbrvrrevrie-->384Round trip time was  0.192 milliseconds in repetition 159


vwbvbrvrrevrie-->384Round trip time was  0.190 milliseconds in repetition 160


vwbvbrvrrevrie-->384Round trip time was  0.194 milliseconds in repetition 161


vwbvbrvrrevrie-->384Round trip time was  0.190 milliseconds in repetition 162


vwbvbrvrrevrie-->384Round trip time was  0.191 milliseconds in repetition 163


vwbvbrvrrevrie-->384Round trip time was  0.189 milliseconds in repetition 164


vwbvbrvrrevrie-->384Round trip time was  0.190 milliseconds in repetition 165


vwbvbrvrrevrie-->384Round trip time was  0.190 milliseconds in repetition 166


vwbvbrvrrevrie-->384Round trip time was  0.188 milliseconds in repetition 167


vwbvbrvrrevrie-->384Round trip time was  0.281 milliseconds in repetition 168


vwbvbrvrrevrie-->384Round trip time was  0.194 milliseconds in repetition 169


vwbvbrvrrevrie-->384Round trip time was  0.190 milliseconds in repetition 170


vwbvbrvrrevrie-->384Round trip time was  0.191 milliseconds in repetition 171


vwbvbrvrrevrie-->384Round trip time was  0.187 milliseconds in repetition 172


vwbvbrvrrevrie-->384Round trip time was  0.190 milliseconds in repetition 173


vwbvbrvrrevrie-->384Round trip time was  0.188 milliseconds in repetition 174


vwbvbrvrrevrie-->384Round trip time was  0.188 milliseconds in repetition 175


vwbvbrvrrevrie-->384Round trip time was  0.187 milliseconds in repetition 176


vwbvbrvrrevrie-->384Round trip time was  0.189 milliseconds in repetition 177


vwbvbrvrrevrie-->384Round trip time was  0.189 milliseconds in repetition 178


vwbvbrvrrevrie-->384Round trip time was  0.187 milliseconds in repetition 179


vwbvbrvrrevrie-->384Round trip time was  0.187 milliseconds in repetition 180


vwbvbrvrrevrie-->384Round trip time was  0.187 milliseconds in repetition 181


vwbvbrvrrevrie-->384Round trip time was  0.187 milliseconds in repetition 182


vwbvbrvrrevrie-->384Round trip time was  0.188 milliseconds in repetition 183


vwbvbrvrrevrie-->384Round trip time was  0.187 milliseconds in repetition 184


vwbvbrvrrevrie-->384Round trip time was  0.187 milliseconds in repetition 185


vwbvbrvrrevrie-->384Round trip time was  2.559 milliseconds in repetition 186


vwbvbrvrrevrie-->384Round trip time was  0.312 milliseconds in repetition 187


vwbvbrvrrevrie-->384Round trip time was  0.559 milliseconds in repetition 188


vwbvbrvrrevrie-->384Round trip time was  0.228 milliseconds in repetition 189


vwbvbrvrrevrie-->384Round trip time was  0.214 milliseconds in repetition 190


vwbvbrvrrevrie-->384Round trip time was  0.554 milliseconds in repetition 191


vwbvbrvrrevrie-->384Round trip time was  7.832 milliseconds in repetition 192


vwbvbrvrrevrie-->384Round trip time was  2.202 milliseconds in repetition 193


vwbvbrvrrevrie-->384Round trip time was  0.397 milliseconds in repetition 194


vwbvbrvrrevrie-->384Round trip time was  0.215 milliseconds in repetition 195


vwbvbrvrrevrie-->384Round trip time was  0.207 milliseconds in repetition 196


vwbvbrvrrevrie-->384Round trip time was  0.203 milliseconds in repetition 197


vwbvbrvrrevrie-->384Round trip time was  0.203 milliseconds in repetition 198


vwbvbrvrrevrie-->384Round trip time was  0.200 milliseconds in repetition 199


vwbvbrvrrevrie-->384Round trip time was  3.411 milliseconds in repetition 200


vwbvbrvrrevrie-->384Round trip time was  0.521 milliseconds in repetition 201


vwbvbrvrrevrie-->384Round trip time was  0.252 milliseconds in repetition 202


vwbvbrvrrevrie-->384Round trip time was  0.209 milliseconds in repetition 203


vwbvbrvrrevrie-->384Round trip time was  0.203 milliseconds in repetition 204


vwbvbrvrrevrie-->384Round trip time was  0.210 milliseconds in repetition 205


vwbvbrvrrevrie-->384Round trip time was  0.201 milliseconds in repetition 206


vwbvbrvrrevrie-->384Round trip time was  0.264 milliseconds in repetition 207


vwbvbrvrrevrie-->384Round trip time was  0.231 milliseconds in repetition 208


vwbvbrvrrevrie-->384Round trip time was  6.013 milliseconds in repetition 209


vwbvbrvrrevrie-->384Round trip time was  0.367 milliseconds in repetition 210


vwbvbrvrrevrie-->384Round trip time was  0.212 milliseconds in repetition 211


vwbvbrvrrevrie-->384Round trip time was  0.205 milliseconds in repetition 212


vwbvbrvrrevrie-->384Round trip time was  0.203 milliseconds in repetition 213


vwbvbrvrrevrie-->384Round trip time was  0.200 milliseconds in repetition 214


vwbvbrvrrevrie-->384Round trip time was  0.199 milliseconds in repetition 215


vwbvbrvrrevrie-->384Round trip time was  0.198 milliseconds in repetition 216


vwbvbrvrrevrie-->384Round trip time was  0.197 milliseconds in repetition 217


vwbvbrvrrevrie-->384Round trip time was  0.199 milliseconds in repetition 218


vwbvbrvrrevrie-->384Round trip time was  0.197 milliseconds in repetition 219


vwbvbrvrrevrie-->384Round trip time was  0.197 milliseconds in repetition 220


vwbvbrvrrevrie-->384Round trip time was  0.197 milliseconds in repetition 221


vwbvbrvrrevrie-->384Round trip time was  0.195 milliseconds in repetition 222


vwbvbrvrrevrie-->384Round trip time was  0.197 milliseconds in repetition 223


vwbvbrvrrevrie-->384Round trip time was  0.196 milliseconds in repetition 224


vwbvbrvrrevrie-->384Round trip time was  0.194 milliseconds in repetition 225


vwbvbrvrrevrie-->384Round trip time was  4.169 milliseconds in repetition 226


vwbvbrvrrevrie-->384Round trip time was  0.237 milliseconds in repetition 227


vwbvbrvrrevrie-->384Round trip time was  1.825 milliseconds in repetition 228


vwbvbrvrrevrie-->384Round trip time was  0.223 milliseconds in repetition 229


vwbvbrvrrevrie-->384Round trip time was  0.204 milliseconds in repetition 230


vwbvbrvrrevrie-->384Round trip time was  0.195 milliseconds in repetition 231


vwbvbrvrrevrie-->384Round trip time was  0.191 milliseconds in repetition 232


vwbvbrvrrevrie-->384Round trip time was  0.191 milliseconds in repetition 233


vwbvbrvrrevrie-->384Round trip time was  0.189 milliseconds in repetition 234


vwbvbrvrrevrie-->384Round trip time was  0.189 milliseconds in repetition 235


vwbvbrvrrevrie-->384Round trip time was  0.191 milliseconds in repetition 236


vwbvbrvrrevrie-->384Round trip time was  0.189 milliseconds in repetition 237


vwbvbrvrrevrie-->384Round trip time was  0.187 milliseconds in repetition 238


vwbvbrvrrevrie-->384Round trip time was  0.186 milliseconds in repetition 239


vwbvbrvrrevrie-->384Round trip time was  0.186 milliseconds in repetition 240


vwbvbrvrrevrie-->384Round trip time was  0.185 milliseconds in repetition 241


vwbvbrvrrevrie-->384Round trip time was  0.188 milliseconds in repetition 242


vwbvbrvrrevrie-->384Round trip time was  2.557 milliseconds in repetition 243


vwbvbrvrrevrie-->384Round trip time was  0.251 milliseconds in repetition 244


vwbvbrvrrevrie-->384Round trip time was  0.202 milliseconds in repetition 245


vwbvbrvrrevrie-->384Round trip time was  0.199 milliseconds in repetition 246


vwbvbrvrrevrie-->384Round trip time was  0.196 milliseconds in repetition 247


vwbvbrvrrevrie-->384Round trip time was  0.196 milliseconds in repetition 248


vwbvbrvrrevrie-->384Round trip time was  0.196 milliseconds in repetition 249


vwbvbrvrrevrie-->384Round trip time was  0.194 milliseconds in repetition 250


vwbvbrvrrevrie-->384Round trip time was  0.218 milliseconds in repetition 251


vwbvbrvrrevrie-->384Round trip time was  0.194 milliseconds in repetition 252


vwbvbrvrrevrie-->384Round trip time was  0.193 milliseconds in repetition 253


vwbvbrvrrevrie-->384Round trip time was  0.203 milliseconds in repetition 254


vwbvbrvrrevrie-->384Round trip time was  0.219 milliseconds in repetition 255


vwbvbrvrrevrie-->384Round trip time was  5.879 milliseconds in repetition 256


vwbvbrvrrevrie-->384Round trip time was  0.375 milliseconds in repetition 257


vwbvbrvrrevrie-->384Round trip time was  0.728 milliseconds in repetition 258


vwbvbrvrrevrie-->384Round trip time was  0.228 milliseconds in repetition 259


vwbvbrvrrevrie-->384Round trip time was  2.003 milliseconds in repetition 260


vwbvbrvrrevrie-->384Round trip time was  0.227 milliseconds in repetition 261


vwbvbrvrrevrie-->384Round trip time was  0.200 milliseconds in repetition 262


vwbvbrvrrevrie-->384Round trip time was  0.199 milliseconds in repetition 263


vwbvbrvrrevrie-->384Round trip time was  0.196 milliseconds in repetition 264


vwbvbrvrrevrie-->384Round trip time was  0.194 milliseconds in repetition 265


vwbvbrvrrevrie-->384Round trip time was  0.193 milliseconds in repetition 266


vwbvbrvrrevrie-->384Round trip time was  0.194 milliseconds in repetition 267


vwbvbrvrrevrie-->384Round trip time was  0.193 milliseconds in repetition 268


vwbvbrvrrevrie-->384Round trip time was  0.196 milliseconds in repetition 269


vwbvbrvrrevrie-->384Round trip time was  0.193 milliseconds in repetition 270


vwbvbrvrrevrie-->384Round trip time was  0.193 milliseconds in repetition 271


vwbvbrvrrevrie-->384Round trip time was  0.193 milliseconds in repetition 272


vwbvbrvrrevrie-->384Round trip time was  0.197 milliseconds in repetition 273


vwbvbrvrrevrie-->384Round trip time was  0.194 milliseconds in repetition 274


vwbvbrvrrevrie-->384Round trip time was  0.195 milliseconds in repetition 275


vwbvbrvrrevrie-->384Round trip time was  5.017 milliseconds in repetition 276


vwbvbrvrrevrie-->384Round trip time was  0.242 milliseconds in repetition 277


vwbvbrvrrevrie-->384Round trip time was  0.204 milliseconds in repetition 278


vwbvbrvrrevrie-->384Round trip time was  0.199 milliseconds in repetition 279


vwbvbrvrrevrie-->384Round trip time was  0.199 milliseconds in repetition 280


vwbvbrvrrevrie-->384Round trip time was  0.195 milliseconds in repetition 281


vwbvbrvrrevrie-->384Round trip time was  0.195 milliseconds in repetition 282


vwbvbrvrrevrie-->384Round trip time was  0.194 milliseconds in repetition 283


vwbvbrvrrevrie-->384Round trip time was  0.194 milliseconds in repetition 284


vwbvbrvrrevrie-->384Round trip time was  0.194 milliseconds in repetition 285


vwbvbrvrrevrie-->384Round trip time was  0.193 milliseconds in repetition 286


vwbvbrvrrevrie-->384Round trip time was  0.193 milliseconds in repetition 287


vwbvbrvrrevrie-->384Round trip time was  0.193 milliseconds in repetition 288


vwbvbrvrrevrie-->384Round trip time was  0.192 milliseconds in repetition 289


vwbvbrvrrevrie-->384Round trip time was  0.192 milliseconds in repetition 290


vwbvbrvrrevrie-->384Round trip time was  0.194 milliseconds in repetition 291


vwbvbrvrrevrie-->384Round trip time was  0.194 milliseconds in repetition 292


vwbvbrvrrevrie-->384Round trip time was  0.192 milliseconds in repetition 293


vwbvbrvrrevrie-->384Round trip time was  0.194 milliseconds in repetition 294


vwbvbrvrrevrie-->384Round trip time was  0.191 milliseconds in repetition 295


vwbvbrvrrevrie-->384Round trip time was  0.190 milliseconds in repetition 296


vwbvbrvrrevrie-->384Round trip time was  0.199 milliseconds in repetition 297


vwbvbrvrrevrie-->384Round trip time was  0.192 milliseconds in repetition 298


vwbvbrvrrevrie-->384Round trip time was  0.189 milliseconds in repetition 299


vwbvbrvrrevrie-->384Round trip time was  0.367 milliseconds in repetition 300


vwbvbrvrrevrie-->384Round trip time was  0.215 milliseconds in repetition 301


vwbvbrvrrevrie-->384Round trip time was  0.213 milliseconds in repetition 302


vwbvbrvrrevrie-->384Round trip time was  0.224 milliseconds in repetition 303


vwbvbrvrrevrie-->384Round trip time was  0.207 milliseconds in repetition 304


vwbvbrvrrevrie-->384Round trip time was  0.212 milliseconds in repetition 305


vwbvbrvrrevrie-->384Round trip time was  0.216 milliseconds in repetition 306


vwbvbrvrrevrie-->384Round trip time was  0.206 milliseconds in repetition 307


vwbvbrvrrevrie-->384Round trip time was  0.198 milliseconds in repetition 308


vwbvbrvrrevrie-->384Round trip time was  0.196 milliseconds in repetition 309


vwbvbrvrrevrie-->384Round trip time was  0.197 milliseconds in repetition 310


vwbvbrvrrevrie-->384Round trip time was  0.287 milliseconds in repetition 311


vwbvbrvrrevrie-->384Round trip time was  0.195 milliseconds in repetition 312


vwbvbrvrrevrie-->384Round trip time was  0.205 milliseconds in repetition 313


vwbvbrvrrevrie-->384Round trip time was  3.171 milliseconds in repetition 314


vwbvbrvrrevrie-->384Round trip time was  0.225 milliseconds in repetition 315


vwbvbrvrrevrie-->384Round trip time was  0.203 milliseconds in repetition 316


vwbvbrvrrevrie-->384Round trip time was  0.197 milliseconds in repetition 317


vwbvbrvrrevrie-->384Round trip time was  0.195 milliseconds in repetition 318


vwbvbrvrrevrie-->384Round trip time was  0.199 milliseconds in repetition 319


vwbvbrvrrevrie-->384Round trip time was  0.194 milliseconds in repetition 320


vwbvbrvrrevrie-->384Round trip time was  0.193 milliseconds in repetition 321


vwbvbrvrrevrie-->384Round trip time was  0.194 milliseconds in repetition 322


vwbvbrvrrevrie-->384Round trip time was  0.195 milliseconds in repetition 323


vwbvbrvrrevrie-->384Round trip time was  0.194 milliseconds in repetition 324


vwbvbrvrrevrie-->384Round trip time was  0.192 milliseconds in repetition 325


vwbvbrvrrevrie-->384Round trip time was  0.192 milliseconds in repetition 326


vwbvbrvrrevrie-->384Round trip time was  0.193 milliseconds in repetition 327


vwbvbrvrrevrie-->384Round trip time was  0.193 milliseconds in repetition 328


vwbvbrvrrevrie-->384Round trip time was  0.196 milliseconds in repetition 329


vwbvbrvrrevrie-->384Round trip time was  0.192 milliseconds in repetition 330


vwbvbrvrrevrie-->384Round trip time was  0.193 milliseconds in repetition 331


vwbvbrvrrevrie-->384Round trip time was  0.192 milliseconds in repetition 332


vwbvbrvrrevrie-->384Round trip time was  0.191 milliseconds in repetition 333


vwbvbrvrrevrie-->384Round trip time was  0.193 milliseconds in repetition 334


vwbvbrvrrevrie-->384Round trip time was  0.190 milliseconds in repetition 335


vwbvbrvrrevrie-->384Round trip time was  0.189 milliseconds in repetition 336


vwbvbrvrrevrie-->384Round trip time was  0.190 milliseconds in repetition 337


vwbvbrvrrevrie-->384Round trip time was  7.702 milliseconds in repetition 338


vwbvbrvrrevrie-->384Round trip time was  0.341 milliseconds in repetition 339


vwbvbrvrrevrie-->384Round trip time was  0.255 milliseconds in repetition 340


vwbvbrvrrevrie-->384Round trip time was  0.196 milliseconds in repetition 341


vwbvbrvrrevrie-->384Round trip time was  1.146 milliseconds in repetition 342


vwbvbrvrrevrie-->384Round trip time was  0.235 milliseconds in repetition 343


vwbvbrvrrevrie-->384Round trip time was  0.206 milliseconds in repetition 344


vwbvbrvrrevrie-->384Round trip time was  0.201 milliseconds in repetition 345


vwbvbrvrrevrie-->384Round trip time was  0.199 milliseconds in repetition 346


vwbvbrvrrevrie-->384Round trip time was  0.199 milliseconds in repetition 347


vwbvbrvrrevrie-->384Round trip time was  0.196 milliseconds in repetition 348


vwbvbrvrrevrie-->384Round trip time was  0.194 milliseconds in repetition 349


vwbvbrvrrevrie-->384Round trip time was  0.194 milliseconds in repetition 350


vwbvbrvrrevrie-->384Round trip time was  0.194 milliseconds in repetition 351


vwbvbrvrrevrie-->384Round trip time was  0.194 milliseconds in repetition 352


vwbvbrvrrevrie-->384Round trip time was  0.195 milliseconds in repetition 353


vwbvbrvrrevrie-->384Round trip time was  4.873 milliseconds in repetition 354


vwbvbrvrrevrie-->384Round trip time was  0.312 milliseconds in repetition 355


vwbvbrvrrevrie-->384Round trip time was  0.205 milliseconds in repetition 356


vwbvbrvrrevrie-->384Round trip time was  0.327 milliseconds in repetition 357


vwbvbrvrrevrie-->384Round trip time was  0.427 milliseconds in repetition 358


vwbvbrvrrevrie-->384Round trip time was  0.203 milliseconds in repetition 359


vwbvbrvrrevrie-->384Round trip time was  0.193 milliseconds in repetition 360


vwbvbrvrrevrie-->384Round trip time was  0.191 milliseconds in repetition 361


vwbvbrvrrevrie-->384Round trip time was  0.191 milliseconds in repetition 362


vwbvbrvrrevrie-->384Round trip time was  0.189 milliseconds in repetition 363


vwbvbrvrrevrie-->384Round trip time was  0.199 milliseconds in repetition 364


vwbvbrvrrevrie-->384Round trip time was  0.193 milliseconds in repetition 365


vwbvbrvrrevrie-->384Round trip time was  0.186 milliseconds in repetition 366


vwbvbrvrrevrie-->384Round trip time was  0.186 milliseconds in repetition 367


vwbvbrvrrevrie-->384Round trip time was  0.186 milliseconds in repetition 368


vwbvbrvrrevrie-->384Round trip time was  0.404 milliseconds in repetition 369


vwbvbrvrrevrie-->384Round trip time was  0.195 milliseconds in repetition 370


vwbvbrvrrevrie-->384Round trip time was  0.188 milliseconds in repetition 371


vwbvbrvrrevrie-->384Round trip time was  0.204 milliseconds in repetition 372


vwbvbrvrrevrie-->384Round trip time was  0.191 milliseconds in repetition 373


vwbvbrvrrevrie-->384Round trip time was  0.188 milliseconds in repetition 374


vwbvbrvrrevrie-->384Round trip time was  0.223 milliseconds in repetition 375


vwbvbrvrrevrie-->384Round trip time was  0.208 milliseconds in repetition 376


vwbvbrvrrevrie-->384Round trip time was  0.196 milliseconds in repetition 377


vwbvbrvrrevrie-->384Round trip time was  0.195 milliseconds in repetition 378


vwbvbrvrrevrie-->384Round trip time was  0.199 milliseconds in repetition 379


vwbvbrvrrevrie-->384Round trip time was  0.195 milliseconds in repetition 380


vwbvbrvrrevrie-->384Round trip time was  0.300 milliseconds in repetition 381


vwbvbrvrrevrie-->384Round trip time was  0.199 milliseconds in repetition 382


vwbvbrvrrevrie-->384Round trip time was  0.195 milliseconds in repetition 383


vwbvbrvrrevrie-->384Round trip time was  0.191 milliseconds in repetition 384


vwbvbrvrrevrie-->384Round trip time was  0.191 milliseconds in repetition 385


vwbvbrvrrevrie-->384Round trip time was  0.189 milliseconds in repetition 386


vwbvbrvrrevrie-->384Round trip time was  0.190 milliseconds in repetition 387


vwbvbrvrrevrie-->384Round trip time was  0.191 milliseconds in repetition 388


vwbvbrvrrevrie-->384Round trip time was  0.190 milliseconds in repetition 389


vwbvbrvrrevrie-->384Round trip time was  0.189 milliseconds in repetition 390


vwbvbrvrrevrie-->384Round trip time was  0.189 milliseconds in repetition 391


vwbvbrvrrevrie-->384Round trip time was  0.189 milliseconds in repetition 392


vwbvbrvrrevrie-->384Round trip time was  0.190 milliseconds in repetition 393


vwbvbrvrrevrie-->384Round trip time was  0.303 milliseconds in repetition 394


vwbvbrvrrevrie-->384Round trip time was  0.193 milliseconds in repetition 395


vwbvbrvrrevrie-->384Round trip time was  0.189 milliseconds in repetition 396


vwbvbrvrrevrie-->384Round trip time was  0.187 milliseconds in repetition 397


vwbvbrvrrevrie-->384Round trip time was  0.188 milliseconds in repetition 398


vwbvbrvrrevrie-->384Round trip time was  0.189 milliseconds in repetition 399


vwbvbrvrrevrie-->384Round trip time was  0.186 milliseconds in repetition 400


vwbvbrvrrevrie-->384Round trip time was  0.187 milliseconds in repetition 401


vwbvbrvrrevrie-->384Round trip time was  4.952 milliseconds in repetition 402


vwbvbrvrrevrie-->384Round trip time was  0.365 milliseconds in repetition 403


vwbvbrvrrevrie-->384Round trip time was  0.209 milliseconds in repetition 404


vwbvbrvrrevrie-->384Round trip time was  0.312 milliseconds in repetition 405


vwbvbrvrrevrie-->384Round trip time was  0.198 milliseconds in repetition 406


vwbvbrvrrevrie-->384Round trip time was  0.202 milliseconds in repetition 407


vwbvbrvrrevrie-->384Round trip time was  0.196 milliseconds in repetition 408


vwbvbrvrrevrie-->384Round trip time was  0.494 milliseconds in repetition 409


vwbvbrvrrevrie-->384Round trip time was  0.211 milliseconds in repetition 410


vwbvbrvrrevrie-->384Round trip time was  0.194 milliseconds in repetition 411


vwbvbrvrrevrie-->384Round trip time was  0.191 milliseconds in repetition 412


vwbvbrvrrevrie-->384Round trip time was  0.194 milliseconds in repetition 413


vwbvbrvrrevrie-->384Round trip time was  0.190 milliseconds in repetition 414


vwbvbrvrrevrie-->384Round trip time was  0.190 milliseconds in repetition 415


vwbvbrvrrevrie-->384Round trip time was  0.190 milliseconds in repetition 416


vwbvbrvrrevrie-->384Round trip time was  0.659 milliseconds in repetition 417


vwbvbrvrrevrie-->384Round trip time was  0.200 milliseconds in repetition 418


vwbvbrvrrevrie-->384Round trip time was  4.188 milliseconds in repetition 419


vwbvbrvrrevrie-->384Round trip time was  1.108 milliseconds in repetition 420


vwbvbrvrrevrie-->384Round trip time was  0.218 milliseconds in repetition 421


vwbvbrvrrevrie-->384Round trip time was  0.201 milliseconds in repetition 422


vwbvbrvrrevrie-->384Round trip time was  0.196 milliseconds in repetition 423


vwbvbrvrrevrie-->384Round trip time was  0.193 milliseconds in repetition 424


vwbvbrvrrevrie-->384Round trip time was  0.191 milliseconds in repetition 425


vwbvbrvrrevrie-->384Round trip time was  6.874 milliseconds in repetition 426


vwbvbrvrrevrie-->384Round trip time was  0.279 milliseconds in repetition 427


vwbvbrvrrevrie-->384Round trip time was  0.209 milliseconds in repetition 428


vwbvbrvrrevrie-->384Round trip time was  0.202 milliseconds in repetition 429


vwbvbrvrrevrie-->384Round trip time was  0.200 milliseconds in repetition 430


vwbvbrvrrevrie-->384Round trip time was  0.197 milliseconds in repetition 431


vwbvbrvrrevrie-->384Round trip time was  0.196 milliseconds in repetition 432


vwbvbrvrrevrie-->384Round trip time was  0.196 milliseconds in repetition 433


vwbvbrvrrevrie-->384Round trip time was  0.196 milliseconds in repetition 434


vwbvbrvrrevrie-->384Round trip time was  0.197 milliseconds in repetition 435


vwbvbrvrrevrie-->384Round trip time was  0.195 milliseconds in repetition 436


vwbvbrvrrevrie-->384Round trip time was  0.194 milliseconds in repetition 437


vwbvbrvrrevrie-->384Round trip time was  0.194 milliseconds in repetition 438


vwbvbrvrrevrie-->384Round trip time was  0.194 milliseconds in repetition 439


vwbvbrvrrevrie-->384Round trip time was  0.195 milliseconds in repetition 440


vwbvbrvrrevrie-->384Round trip time was  0.193 milliseconds in repetition 441


vwbvbrvrrevrie-->384Round trip time was  0.193 milliseconds in repetition 442


vwbvbrvrrevrie-->384Round trip time was  0.194 milliseconds in repetition 443


vwbvbrvrrevrie-->384Round trip time was  0.197 milliseconds in repetition 444


vwbvbrvrrevrie-->384Round trip time was  0.194 milliseconds in repetition 445


vwbvbrvrrevrie-->384Round trip time was  0.198 milliseconds in repetition 446


vwbvbrvrrevrie-->384Round trip time was  0.197 milliseconds in repetition 447


vwbvbrvrrevrie-->384Round trip time was  0.192 milliseconds in repetition 448


vwbvbrvrrevrie-->384Round trip time was  0.193 milliseconds in repetition 449


vwbvbrvrrevrie-->384Round trip time was  0.195 milliseconds in repetition 450


vwbvbrvrrevrie-->384Round trip time was  0.197 milliseconds in repetition 451


vwbvbrvrrevrie-->384Round trip time was  0.195 milliseconds in repetition 452


vwbvbrvrrevrie-->384Round trip time was  0.197 milliseconds in repetition 453


vwbvbrvrrevrie-->384Round trip time was  0.201 milliseconds in repetition 454


vwbvbrvrrevrie-->384Round trip time was  0.202 milliseconds in repetition 455


vwbvbrvrrevrie-->384Round trip time was  0.199 milliseconds in repetition 456


vwbvbrvrrevrie-->384Round trip time was  0.195 milliseconds in repetition 457


vwbvbrvrrevrie-->384Round trip time was  0.194 milliseconds in repetition 458


vwbvbrvrrevrie-->384Round trip time was  0.194 milliseconds in repetition 459


vwbvbrvrrevrie-->384Round trip time was  0.195 milliseconds in repetition 460


vwbvbrvrrevrie-->384Round trip time was  0.202 milliseconds in repetition 461


vwbvbrvrrevrie-->384Round trip time was  0.199 milliseconds in repetition 462


vwbvbrvrrevrie-->384Round trip time was  0.197 milliseconds in repetition 463


vwbvbrvrrevrie-->384Round trip time was  0.196 milliseconds in repetition 464


vwbvbrvrrevrie-->384Round trip time was  0.193 milliseconds in repetition 465


vwbvbrvrrevrie-->384Round trip time was  0.192 milliseconds in repetition 466


vwbvbrvrrevrie-->384Round trip time was  0.197 milliseconds in repetition 467


vwbvbrvrrevrie-->384Round trip time was  0.196 milliseconds in repetition 468


vwbvbrvrrevrie-->384Round trip time was  0.196 milliseconds in repetition 469


vwbvbrvrrevrie-->384Round trip time was  0.195 milliseconds in repetition 470


vwbvbrvrrevrie-->384Round trip time was  0.195 milliseconds in repetition 471


vwbvbrvrrevrie-->384Round trip time was  0.197 milliseconds in repetition 472


vwbvbrvrrevrie-->384Round trip time was  0.198 milliseconds in repetition 473


vwbvbrvrrevrie-->384Round trip time was  0.195 milliseconds in repetition 474


vwbvbrvrrevrie-->384Round trip time was  0.190 milliseconds in repetition 475


vwbvbrvrrevrie-->384Round trip time was  0.190 milliseconds in repetition 476


vwbvbrvrrevrie-->384Round trip time was  0.190 milliseconds in repetition 477


vwbvbrvrrevrie-->384Round trip time was  0.307 milliseconds in repetition 478


vwbvbrvrrevrie-->384Round trip time was  0.185 milliseconds in repetition 479


vwbvbrvrrevrie-->384Round trip time was  0.191 milliseconds in repetition 480


vwbvbrvrrevrie-->384Round trip time was  0.189 milliseconds in repetition 481


vwbvbrvrrevrie-->384Round trip time was  0.191 milliseconds in repetition 482


vwbvbrvrrevrie-->384Round trip time was  0.190 milliseconds in repetition 483


vwbvbrvrrevrie-->384Round trip time was  0.189 milliseconds in repetition 484


vwbvbrvrrevrie-->384Round trip time was  0.189 milliseconds in repetition 485


vwbvbrvrrevrie-->384Round trip time was  0.189 milliseconds in repetition 486


vwbvbrvrrevrie-->384Round trip time was  3.544 milliseconds in repetition 487


vwbvbrvrrevrie-->384Round trip time was  0.250 milliseconds in repetition 488


vwbvbrvrrevrie-->384Round trip time was  0.203 milliseconds in repetition 489


vwbvbrvrrevrie-->384Round trip time was  0.200 milliseconds in repetition 490


vwbvbrvrrevrie-->384Round trip time was  0.199 milliseconds in repetition 491


vwbvbrvrrevrie-->384Round trip time was  0.198 milliseconds in repetition 492


vwbvbrvrrevrie-->384Round trip time was  0.196 milliseconds in repetition 493


vwbvbrvrrevrie-->384Round trip time was  0.193 milliseconds in repetition 494


vwbvbrvrrevrie-->384Round trip time was  0.192 milliseconds in repetition 495


vwbvbrvrrevrie-->384Round trip time was  0.196 milliseconds in repetition 496


vwbvbrvrrevrie-->384Round trip time was  0.197 milliseconds in repetition 497


vwbvbrvrrevrie-->384Round trip time was  0.196 milliseconds in repetition 498


vwbvbrvrrevrie-->384Round trip time was  0.296 milliseconds in repetition 499


vwbvbrvrrevrie-->384Round trip time was  0.219 milliseconds in repetition 500


vwbvbrvrrevrie-->384Round trip time was  1.271 milliseconds in repetition 501

 ... clock resolution was 1e-06
UDP Ping:  Statistics over 501 repetitions of 384 byte messages

RTT : percentile 10: 0.188995, median: 0.195995, percentile 90: 0.493986, average: 0.510133, variance: 1.66968

RTT histogram:
0.184994 451
0.820275 15
1.45556 7
2.09084 4
2.72612 4
3.3614 4
3.99668 2
4.63197 1
5.26725 4
5.90253 2
6.53781 0
7.17309 2
7.80838 2
8.44366 1
9.07894 0
9.71422 0
10.3495 0
10.9848 0
11.6201 0
12.2553 1
12.8906 1
   median Throughput : 3918.47 KB/s   overall Throughput : 1505.49 KB/s

