UDP Ping trying to connect to server localhost (127.0.0.1) on TCP port 1491
 ... connected to Pong server: asking for 501 repetitions of 8192 _bytes UDP messages
 ... Pong server agreed to ping-pong using port 62832 :-)


vwbvbrvrrevrie-->8192Round trip time was  8.425 milliseconds in repetition 1


vwbvbrvrrevrie-->8192Round trip time was  5.485 milliseconds in repetition 2


vwbvbrvrrevrie-->8192Round trip time was  0.406 milliseconds in repetition 3


vwbvbrvrrevrie-->8192Round trip time was  0.241 milliseconds in repetition 4


vwbvbrvrrevrie-->8192Round trip time was  1.783 milliseconds in repetition 5


vwbvbrvrrevrie-->8192Round trip time was  5.125 milliseconds in repetition 6


vwbvbrvrrevrie-->8192Round trip time was  0.439 milliseconds in repetition 7


vwbvbrvrrevrie-->8192Round trip time was  0.234 milliseconds in repetition 8


vwbvbrvrrevrie-->8192Round trip time was  0.227 milliseconds in repetition 9


vwbvbrvrrevrie-->8192Round trip time was  0.222 milliseconds in repetition 10


vwbvbrvrrevrie-->8192Round trip time was  0.219 milliseconds in repetition 11


vwbvbrvrrevrie-->8192Round trip time was  0.219 milliseconds in repetition 12


vwbvbrvrrevrie-->8192Round trip time was  6.756 milliseconds in repetition 13


vwbvbrvrrevrie-->8192Round trip time was  1.419 milliseconds in repetition 14


vwbvbrvrrevrie-->8192Round trip time was  0.256 milliseconds in repetition 15


vwbvbrvrrevrie-->8192Round trip time was  0.234 milliseconds in repetition 16


vwbvbrvrrevrie-->8192Round trip time was  0.229 milliseconds in repetition 17


vwbvbrvrrevrie-->8192Round trip time was  0.226 milliseconds in repetition 18


vwbvbrvrrevrie-->8192Round trip time was  0.225 milliseconds in repetition 19


vwbvbrvrrevrie-->8192Round trip time was  0.767 milliseconds in repetition 20


vwbvbrvrrevrie-->8192Round trip time was  0.231 milliseconds in repetition 21


vwbvbrvrrevrie-->8192Round trip time was  0.224 milliseconds in repetition 22


vwbvbrvrrevrie-->8192Round trip time was  0.852 milliseconds in repetition 23


vwbvbrvrrevrie-->8192Round trip time was  0.277 milliseconds in repetition 24


vwbvbrvrrevrie-->8192Round trip time was  2.461 milliseconds in repetition 25


vwbvbrvrrevrie-->8192Round trip time was  0.267 milliseconds in repetition 26


vwbvbrvrrevrie-->8192Round trip time was  1.354 milliseconds in repetition 27


vwbvbrvrrevrie-->8192Round trip time was  0.780 milliseconds in repetition 28


vwbvbrvrrevrie-->8192Round trip time was  0.241 milliseconds in repetition 29


vwbvbrvrrevrie-->8192Round trip time was  0.228 milliseconds in repetition 30


vwbvbrvrrevrie-->8192Round trip time was  0.225 milliseconds in repetition 31


vwbvbrvrrevrie-->8192Round trip time was  0.224 milliseconds in repetition 32


vwbvbrvrrevrie-->8192Round trip time was  0.347 milliseconds in repetition 33


vwbvbrvrrevrie-->8192Round trip time was  0.224 milliseconds in repetition 34


vwbvbrvrrevrie-->8192Round trip time was  0.222 milliseconds in repetition 35


vwbvbrvrrevrie-->8192Round trip time was  0.219 milliseconds in repetition 36


vwbvbrvrrevrie-->8192Round trip time was  0.219 milliseconds in repetition 37


vwbvbrvrrevrie-->8192Round trip time was  0.219 milliseconds in repetition 38


vwbvbrvrrevrie-->8192Round trip time was  0.218 milliseconds in repetition 39


vwbvbrvrrevrie-->8192Round trip time was  3.477 milliseconds in repetition 40


vwbvbrvrrevrie-->8192Round trip time was  0.335 milliseconds in repetition 41


vwbvbrvrrevrie-->8192Round trip time was  0.231 milliseconds in repetition 42


vwbvbrvrrevrie-->8192Round trip time was  0.229 milliseconds in repetition 43


vwbvbrvrrevrie-->8192Round trip time was  0.225 milliseconds in repetition 44


vwbvbrvrrevrie-->8192Round trip time was  0.823 milliseconds in repetition 45


vwbvbrvrrevrie-->8192Round trip time was  5.360 milliseconds in repetition 46


vwbvbrvrrevrie-->8192Round trip time was  0.333 milliseconds in repetition 47


vwbvbrvrrevrie-->8192Round trip time was  3.726 milliseconds in repetition 48


vwbvbrvrrevrie-->8192Round trip time was  0.293 milliseconds in repetition 49


vwbvbrvrrevrie-->8192Round trip time was  0.247 milliseconds in repetition 50


vwbvbrvrrevrie-->8192Round trip time was  0.271 milliseconds in repetition 51


vwbvbrvrrevrie-->8192Round trip time was  0.225 milliseconds in repetition 52


vwbvbrvrrevrie-->8192Round trip time was  0.221 milliseconds in repetition 53


vwbvbrvrrevrie-->8192Round trip time was  0.221 milliseconds in repetition 54


vwbvbrvrrevrie-->8192Round trip time was  0.220 milliseconds in repetition 55


vwbvbrvrrevrie-->8192Round trip time was  0.222 milliseconds in repetition 56


vwbvbrvrrevrie-->8192Round trip time was  0.218 milliseconds in repetition 57


vwbvbrvrrevrie-->8192Round trip time was  0.218 milliseconds in repetition 58


vwbvbrvrrevrie-->8192Round trip time was  0.219 milliseconds in repetition 59


vwbvbrvrrevrie-->8192Round trip time was  0.218 milliseconds in repetition 60


vwbvbrvrrevrie-->8192Round trip time was  0.218 milliseconds in repetition 61


vwbvbrvrrevrie-->8192Round trip time was  0.335 milliseconds in repetition 62


vwbvbrvrrevrie-->8192Round trip time was  0.223 milliseconds in repetition 63


vwbvbrvrrevrie-->8192Round trip time was  0.218 milliseconds in repetition 64


vwbvbrvrrevrie-->8192Round trip time was  0.217 milliseconds in repetition 65


vwbvbrvrrevrie-->8192Round trip time was  0.217 milliseconds in repetition 66


vwbvbrvrrevrie-->8192Round trip time was  0.217 milliseconds in repetition 67


vwbvbrvrrevrie-->8192Round trip time was  0.216 milliseconds in repetition 68


vwbvbrvrrevrie-->8192Round trip time was  0.216 milliseconds in repetition 69


vwbvbrvrrevrie-->8192Round trip time was  0.215 milliseconds in repetition 70


vwbvbrvrrevrie-->8192Round trip time was  0.215 milliseconds in repetition 71


vwbvbrvrrevrie-->8192Round trip time was  0.218 milliseconds in repetition 72


vwbvbrvrrevrie-->8192Round trip time was  0.215 milliseconds in repetition 73


vwbvbrvrrevrie-->8192Round trip time was  1.254 milliseconds in repetition 74


vwbvbrvrrevrie-->8192Round trip time was  0.251 milliseconds in repetition 75


vwbvbrvrrevrie-->8192Round trip time was  0.232 milliseconds in repetition 76


vwbvbrvrrevrie-->8192Round trip time was  0.230 milliseconds in repetition 77


vwbvbrvrrevrie-->8192Round trip time was  0.225 milliseconds in repetition 78


vwbvbrvrrevrie-->8192Round trip time was  0.224 milliseconds in repetition 79


vwbvbrvrrevrie-->8192Round trip time was  0.223 milliseconds in repetition 80


vwbvbrvrrevrie-->8192Round trip time was  0.224 milliseconds in repetition 81


vwbvbrvrrevrie-->8192Round trip time was  1.608 milliseconds in repetition 82


vwbvbrvrrevrie-->8192Round trip time was  0.282 milliseconds in repetition 83


vwbvbrvrrevrie-->8192Round trip time was  3.970 milliseconds in repetition 84


vwbvbrvrrevrie-->8192Round trip time was  0.283 milliseconds in repetition 85


vwbvbrvrrevrie-->8192Round trip time was  0.232 milliseconds in repetition 86


vwbvbrvrrevrie-->8192Round trip time was  0.330 milliseconds in repetition 87


vwbvbrvrrevrie-->8192Round trip time was  0.230 milliseconds in repetition 88


vwbvbrvrrevrie-->8192Round trip time was  0.227 milliseconds in repetition 89


vwbvbrvrrevrie-->8192Round trip time was  0.225 milliseconds in repetition 90


vwbvbrvrrevrie-->-1Round trip time was  3.990 milliseconds in repetition 91


vwbvbrvrrevrie-->8192Round trip time was  0.243 milliseconds in repetition 92


vwbvbrvrrevrie-->8192Round trip time was  0.223 milliseconds in repetition 93


vwbvbrvrrevrie-->8192Round trip time was  0.221 milliseconds in repetition 94


vwbvbrvrrevrie-->8192Round trip time was  0.223 milliseconds in repetition 95


vwbvbrvrrevrie-->8192Round trip time was  0.221 milliseconds in repetition 96


vwbvbrvrrevrie-->8192Round trip time was  0.218 milliseconds in repetition 97


vwbvbrvrrevrie-->8192Round trip time was  0.218 milliseconds in repetition 98


vwbvbrvrrevrie-->8192Round trip time was  0.218 milliseconds in repetition 99


vwbvbrvrrevrie-->8192Round trip time was  0.219 milliseconds in repetition 100


vwbvbrvrrevrie-->8192Round trip time was  0.281 milliseconds in repetition 101


vwbvbrvrrevrie-->8192Round trip time was  0.221 milliseconds in repetition 102


vwbvbrvrrevrie-->8192Round trip time was  0.220 milliseconds in repetition 103


vwbvbrvrrevrie-->8192Round trip time was  0.218 milliseconds in repetition 104


vwbvbrvrrevrie-->8192Round trip time was  0.217 milliseconds in repetition 105


vwbvbrvrrevrie-->8192Round trip time was  0.218 milliseconds in repetition 106


vwbvbrvrrevrie-->8192Round trip time was  0.217 milliseconds in repetition 107


vwbvbrvrrevrie-->8192Round trip time was  0.218 milliseconds in repetition 108


vwbvbrvrrevrie-->8192Round trip time was  0.216 milliseconds in repetition 109


vwbvbrvrrevrie-->8192Round trip time was  0.217 milliseconds in repetition 110


vwbvbrvrrevrie-->8192Round trip time was  0.216 milliseconds in repetition 111


vwbvbrvrrevrie-->8192Round trip time was  4.759 milliseconds in repetition 112


vwbvbrvrrevrie-->8192Round trip time was  0.375 milliseconds in repetition 113


vwbvbrvrrevrie-->8192Round trip time was  0.233 milliseconds in repetition 114


vwbvbrvrrevrie-->8192Round trip time was  0.229 milliseconds in repetition 115


vwbvbrvrrevrie-->8192Round trip time was  1.401 milliseconds in repetition 116


vwbvbrvrrevrie-->8192Round trip time was  0.288 milliseconds in repetition 117


vwbvbrvrrevrie-->8192Round trip time was  0.232 milliseconds in repetition 118


vwbvbrvrrevrie-->8192Round trip time was  0.225 milliseconds in repetition 119


vwbvbrvrrevrie-->8192Round trip time was  0.221 milliseconds in repetition 120


vwbvbrvrrevrie-->8192Round trip time was  0.219 milliseconds in repetition 121


vwbvbrvrrevrie-->8192Round trip time was  0.217 milliseconds in repetition 122


vwbvbrvrrevrie-->8192Round trip time was  0.217 milliseconds in repetition 123


vwbvbrvrrevrie-->8192Round trip time was  0.215 milliseconds in repetition 124


vwbvbrvrrevrie-->8192Round trip time was  0.215 milliseconds in repetition 125


vwbvbrvrrevrie-->8192Round trip time was  0.215 milliseconds in repetition 126


vwbvbrvrrevrie-->8192Round trip time was  2.019 milliseconds in repetition 127


vwbvbrvrrevrie-->8192Round trip time was  0.585 milliseconds in repetition 128


vwbvbrvrrevrie-->8192Round trip time was  0.226 milliseconds in repetition 129


vwbvbrvrrevrie-->8192Round trip time was  0.220 milliseconds in repetition 130


vwbvbrvrrevrie-->8192Round trip time was  0.217 milliseconds in repetition 131


vwbvbrvrrevrie-->8192Round trip time was  0.415 milliseconds in repetition 132


vwbvbrvrrevrie-->8192Round trip time was  0.824 milliseconds in repetition 133


vwbvbrvrrevrie-->8192Round trip time was  0.234 milliseconds in repetition 134


vwbvbrvrrevrie-->8192Round trip time was  0.220 milliseconds in repetition 135


vwbvbrvrrevrie-->8192Round trip time was  0.214 milliseconds in repetition 136


vwbvbrvrrevrie-->8192Round trip time was  0.254 milliseconds in repetition 137


vwbvbrvrrevrie-->8192Round trip time was  0.242 milliseconds in repetition 138


vwbvbrvrrevrie-->8192Round trip time was  0.505 milliseconds in repetition 139


vwbvbrvrrevrie-->8192Round trip time was  0.239 milliseconds in repetition 140


vwbvbrvrrevrie-->8192Round trip time was  0.234 milliseconds in repetition 141


vwbvbrvrrevrie-->8192Round trip time was  0.225 milliseconds in repetition 142


vwbvbrvrrevrie-->8192Round trip time was  0.219 milliseconds in repetition 143


vwbvbrvrrevrie-->8192Round trip time was  0.217 milliseconds in repetition 144


vwbvbrvrrevrie-->8192Round trip time was  0.225 milliseconds in repetition 145


vwbvbrvrrevrie-->8192Round trip time was  0.227 milliseconds in repetition 146


vwbvbrvrrevrie-->8192Round trip time was  0.219 milliseconds in repetition 147


vwbvbrvrrevrie-->8192Round trip time was  4.993 milliseconds in repetition 148


vwbvbrvrrevrie-->8192Round trip time was  0.333 milliseconds in repetition 149


vwbvbrvrrevrie-->8192Round trip time was  0.356 milliseconds in repetition 150


vwbvbrvrrevrie-->8192Round trip time was  0.224 milliseconds in repetition 151


vwbvbrvrrevrie-->8192Round trip time was  0.233 milliseconds in repetition 152


vwbvbrvrrevrie-->8192Round trip time was  0.220 milliseconds in repetition 153


vwbvbrvrrevrie-->8192Round trip time was  0.219 milliseconds in repetition 154


vwbvbrvrrevrie-->8192Round trip time was  0.217 milliseconds in repetition 155


vwbvbrvrrevrie-->8192Round trip time was  0.217 milliseconds in repetition 156


vwbvbrvrrevrie-->8192Round trip time was  0.226 milliseconds in repetition 157


vwbvbrvrrevrie-->8192Round trip time was  0.216 milliseconds in repetition 158


vwbvbrvrrevrie-->8192Round trip time was  0.214 milliseconds in repetition 159


vwbvbrvrrevrie-->8192Round trip time was  0.215 milliseconds in repetition 160


vwbvbrvrrevrie-->8192Round trip time was  0.215 milliseconds in repetition 161


vwbvbrvrrevrie-->8192Round trip time was  1.593 milliseconds in repetition 162


vwbvbrvrrevrie-->8192Round trip time was  0.292 milliseconds in repetition 163


vwbvbrvrrevrie-->8192Round trip time was  0.235 milliseconds in repetition 164


vwbvbrvrrevrie-->8192Round trip time was  0.226 milliseconds in repetition 165


vwbvbrvrrevrie-->8192Round trip time was  0.224 milliseconds in repetition 166


vwbvbrvrrevrie-->8192Round trip time was  0.224 milliseconds in repetition 167


vwbvbrvrrevrie-->8192Round trip time was  0.228 milliseconds in repetition 168


vwbvbrvrrevrie-->8192Round trip time was  0.227 milliseconds in repetition 169


vwbvbrvrrevrie-->8192Round trip time was  0.218 milliseconds in repetition 170


vwbvbrvrrevrie-->8192Round trip time was  0.218 milliseconds in repetition 171


vwbvbrvrrevrie-->8192Round trip time was  0.217 milliseconds in repetition 172


vwbvbrvrrevrie-->8192Round trip time was  0.782 milliseconds in repetition 173


vwbvbrvrrevrie-->8192Round trip time was  0.661 milliseconds in repetition 174


vwbvbrvrrevrie-->8192Round trip time was  0.259 milliseconds in repetition 175


vwbvbrvrrevrie-->8192Round trip time was  0.228 milliseconds in repetition 176


vwbvbrvrrevrie-->8192Round trip time was  0.225 milliseconds in repetition 177


vwbvbrvrrevrie-->8192Round trip time was  0.777 milliseconds in repetition 178


vwbvbrvrrevrie-->8192Round trip time was  0.232 milliseconds in repetition 179


vwbvbrvrrevrie-->8192Round trip time was  0.531 milliseconds in repetition 180


vwbvbrvrrevrie-->8192Round trip time was  0.872 milliseconds in repetition 181


vwbvbrvrrevrie-->8192Round trip time was  0.246 milliseconds in repetition 182


vwbvbrvrrevrie-->8192Round trip time was  0.226 milliseconds in repetition 183


vwbvbrvrrevrie-->8192Round trip time was  0.222 milliseconds in repetition 184


vwbvbrvrrevrie-->8192Round trip time was  0.219 milliseconds in repetition 185


vwbvbrvrrevrie-->8192Round trip time was  0.217 milliseconds in repetition 186


vwbvbrvrrevrie-->8192Round trip time was  0.816 milliseconds in repetition 187


vwbvbrvrrevrie-->8192Round trip time was  0.241 milliseconds in repetition 188


vwbvbrvrrevrie-->8192Round trip time was  0.223 milliseconds in repetition 189


vwbvbrvrrevrie-->8192Round trip time was  0.218 milliseconds in repetition 190


vwbvbrvrrevrie-->8192Round trip time was  0.217 milliseconds in repetition 191


vwbvbrvrrevrie-->8192Round trip time was  1.068 milliseconds in repetition 192


vwbvbrvrrevrie-->8192Round trip time was  0.249 milliseconds in repetition 193


vwbvbrvrrevrie-->8192Round trip time was  0.226 milliseconds in repetition 194


vwbvbrvrrevrie-->8192Round trip time was  0.223 milliseconds in repetition 195


vwbvbrvrrevrie-->8192Round trip time was  0.218 milliseconds in repetition 196


vwbvbrvrrevrie-->8192Round trip time was  0.216 milliseconds in repetition 197


vwbvbrvrrevrie-->8192Round trip time was  0.214 milliseconds in repetition 198


vwbvbrvrrevrie-->8192Round trip time was  0.215 milliseconds in repetition 199


vwbvbrvrrevrie-->8192Round trip time was  0.213 milliseconds in repetition 200


vwbvbrvrrevrie-->8192Round trip time was  0.212 milliseconds in repetition 201


vwbvbrvrrevrie-->8192Round trip time was  0.224 milliseconds in repetition 202


vwbvbrvrrevrie-->8192Round trip time was  0.214 milliseconds in repetition 203


vwbvbrvrrevrie-->8192Round trip time was  0.213 milliseconds in repetition 204


vwbvbrvrrevrie-->8192Round trip time was  0.213 milliseconds in repetition 205


vwbvbrvrrevrie-->8192Round trip time was  0.212 milliseconds in repetition 206


vwbvbrvrrevrie-->8192Round trip time was  4.620 milliseconds in repetition 207


vwbvbrvrrevrie-->8192Round trip time was  0.395 milliseconds in repetition 208


vwbvbrvrrevrie-->8192Round trip time was  0.234 milliseconds in repetition 209


vwbvbrvrrevrie-->8192Round trip time was  0.248 milliseconds in repetition 210


vwbvbrvrrevrie-->8192Round trip time was  0.295 milliseconds in repetition 211


vwbvbrvrrevrie-->8192Round trip time was  0.259 milliseconds in repetition 212


vwbvbrvrrevrie-->8192Round trip time was  0.224 milliseconds in repetition 213


vwbvbrvrrevrie-->8192Round trip time was  0.224 milliseconds in repetition 214


vwbvbrvrrevrie-->8192Round trip time was  0.244 milliseconds in repetition 215


vwbvbrvrrevrie-->8192Round trip time was  0.225 milliseconds in repetition 216


vwbvbrvrrevrie-->8192Round trip time was  0.220 milliseconds in repetition 217


vwbvbrvrrevrie-->8192Round trip time was  0.221 milliseconds in repetition 218


vwbvbrvrrevrie-->8192Round trip time was  0.234 milliseconds in repetition 219


vwbvbrvrrevrie-->8192Round trip time was  0.222 milliseconds in repetition 220


vwbvbrvrrevrie-->8192Round trip time was  0.277 milliseconds in repetition 221


vwbvbrvrrevrie-->8192Round trip time was  0.237 milliseconds in repetition 222


vwbvbrvrrevrie-->8192Round trip time was  2.964 milliseconds in repetition 223


vwbvbrvrrevrie-->8192Round trip time was  0.598 milliseconds in repetition 224


vwbvbrvrrevrie-->8192Round trip time was  0.436 milliseconds in repetition 225


vwbvbrvrrevrie-->8192Round trip time was  0.236 milliseconds in repetition 226


vwbvbrvrrevrie-->8192Round trip time was  0.233 milliseconds in repetition 227


vwbvbrvrrevrie-->8192Round trip time was  0.230 milliseconds in repetition 228


vwbvbrvrrevrie-->8192Round trip time was  0.231 milliseconds in repetition 229


vwbvbrvrrevrie-->8192Round trip time was  0.228 milliseconds in repetition 230


vwbvbrvrrevrie-->8192Round trip time was  5.731 milliseconds in repetition 231


vwbvbrvrrevrie-->8192Round trip time was  0.446 milliseconds in repetition 232


vwbvbrvrrevrie-->8192Round trip time was  0.251 milliseconds in repetition 233


vwbvbrvrrevrie-->8192Round trip time was  0.239 milliseconds in repetition 234


vwbvbrvrrevrie-->8192Round trip time was  0.234 milliseconds in repetition 235


vwbvbrvrrevrie-->8192Round trip time was  0.232 milliseconds in repetition 236


vwbvbrvrrevrie-->8192Round trip time was  0.252 milliseconds in repetition 237


vwbvbrvrrevrie-->8192Round trip time was  0.231 milliseconds in repetition 238


vwbvbrvrrevrie-->8192Round trip time was  0.230 milliseconds in repetition 239


vwbvbrvrrevrie-->8192Round trip time was  0.280 milliseconds in repetition 240


vwbvbrvrrevrie-->8192Round trip time was  0.277 milliseconds in repetition 241


vwbvbrvrrevrie-->8192Round trip time was  0.267 milliseconds in repetition 242


vwbvbrvrrevrie-->8192Round trip time was  0.248 milliseconds in repetition 243


vwbvbrvrrevrie-->8192Round trip time was  0.241 milliseconds in repetition 244


vwbvbrvrrevrie-->8192Round trip time was  0.244 milliseconds in repetition 245


vwbvbrvrrevrie-->8192Round trip time was 10.576 milliseconds in repetition 246


vwbvbrvrrevrie-->8192Round trip time was  0.406 milliseconds in repetition 247


vwbvbrvrrevrie-->8192Round trip time was  0.248 milliseconds in repetition 248


vwbvbrvrrevrie-->8192Round trip time was  0.368 milliseconds in repetition 249


vwbvbrvrrevrie-->8192Round trip time was  0.231 milliseconds in repetition 250


vwbvbrvrrevrie-->8192Round trip time was  0.229 milliseconds in repetition 251


vwbvbrvrrevrie-->8192Round trip time was  0.624 milliseconds in repetition 252


vwbvbrvrrevrie-->8192Round trip time was  3.719 milliseconds in repetition 253


vwbvbrvrrevrie-->8192Round trip time was  0.364 milliseconds in repetition 254


vwbvbrvrrevrie-->8192Round trip time was  0.226 milliseconds in repetition 255


vwbvbrvrrevrie-->8192Round trip time was  0.229 milliseconds in repetition 256


vwbvbrvrrevrie-->8192Round trip time was  0.217 milliseconds in repetition 257


vwbvbrvrrevrie-->8192Round trip time was  0.217 milliseconds in repetition 258


vwbvbrvrrevrie-->8192Round trip time was  0.215 milliseconds in repetition 259


vwbvbrvrrevrie-->8192Round trip time was  0.217 milliseconds in repetition 260


vwbvbrvrrevrie-->8192Round trip time was  0.215 milliseconds in repetition 261


vwbvbrvrrevrie-->8192Round trip time was  0.214 milliseconds in repetition 262


vwbvbrvrrevrie-->8192Round trip time was  0.703 milliseconds in repetition 263


vwbvbrvrrevrie-->8192Round trip time was  1.001 milliseconds in repetition 264


vwbvbrvrrevrie-->8192Round trip time was  0.256 milliseconds in repetition 265


vwbvbrvrrevrie-->8192Round trip time was  1.821 milliseconds in repetition 266


vwbvbrvrrevrie-->8192Round trip time was  0.402 milliseconds in repetition 267


vwbvbrvrrevrie-->8192Round trip time was  0.230 milliseconds in repetition 268


vwbvbrvrrevrie-->8192Round trip time was  0.223 milliseconds in repetition 269


vwbvbrvrrevrie-->8192Round trip time was  0.221 milliseconds in repetition 270


vwbvbrvrrevrie-->8192Round trip time was  0.218 milliseconds in repetition 271


vwbvbrvrrevrie-->8192Round trip time was  0.271 milliseconds in repetition 272


vwbvbrvrrevrie-->8192Round trip time was  0.216 milliseconds in repetition 273


vwbvbrvrrevrie-->8192Round trip time was  0.215 milliseconds in repetition 274


vwbvbrvrrevrie-->8192Round trip time was  0.215 milliseconds in repetition 275


vwbvbrvrrevrie-->8192Round trip time was  0.234 milliseconds in repetition 276


vwbvbrvrrevrie-->8192Round trip time was  0.221 milliseconds in repetition 277


vwbvbrvrrevrie-->8192Round trip time was  0.213 milliseconds in repetition 278


vwbvbrvrrevrie-->8192Round trip time was  0.211 milliseconds in repetition 279


vwbvbrvrrevrie-->8192Round trip time was  0.218 milliseconds in repetition 280


vwbvbrvrrevrie-->8192Round trip time was  0.366 milliseconds in repetition 281


vwbvbrvrrevrie-->8192Round trip time was  0.234 milliseconds in repetition 282


vwbvbrvrrevrie-->8192Round trip time was  0.216 milliseconds in repetition 283


vwbvbrvrrevrie-->8192Round trip time was  0.214 milliseconds in repetition 284


vwbvbrvrrevrie-->8192Round trip time was  1.127 milliseconds in repetition 285


vwbvbrvrrevrie-->8192Round trip time was  0.236 milliseconds in repetition 286


vwbvbrvrrevrie-->8192Round trip time was  0.224 milliseconds in repetition 287


vwbvbrvrrevrie-->8192Round trip time was  0.224 milliseconds in repetition 288


vwbvbrvrrevrie-->8192Round trip time was  0.561 milliseconds in repetition 289


vwbvbrvrrevrie-->8192Round trip time was  0.232 milliseconds in repetition 290


vwbvbrvrrevrie-->8192Round trip time was  0.216 milliseconds in repetition 291


vwbvbrvrrevrie-->8192Round trip time was  0.723 milliseconds in repetition 292


vwbvbrvrrevrie-->8192Round trip time was  0.569 milliseconds in repetition 293


vwbvbrvrrevrie-->8192Round trip time was  0.843 milliseconds in repetition 294


vwbvbrvrrevrie-->8192Round trip time was  0.251 milliseconds in repetition 295


vwbvbrvrrevrie-->8192Round trip time was  0.234 milliseconds in repetition 296


vwbvbrvrrevrie-->8192Round trip time was  0.231 milliseconds in repetition 297


vwbvbrvrrevrie-->8192Round trip time was  0.972 milliseconds in repetition 298


vwbvbrvrrevrie-->8192Round trip time was  0.234 milliseconds in repetition 299


vwbvbrvrrevrie-->8192Round trip time was  0.764 milliseconds in repetition 300


vwbvbrvrrevrie-->8192Round trip time was  0.250 milliseconds in repetition 301


vwbvbrvrrevrie-->8192Round trip time was  0.219 milliseconds in repetition 302


vwbvbrvrrevrie-->8192Round trip time was  0.465 milliseconds in repetition 303


vwbvbrvrrevrie-->8192Round trip time was  0.223 milliseconds in repetition 304


vwbvbrvrrevrie-->8192Round trip time was  0.216 milliseconds in repetition 305


vwbvbrvrrevrie-->8192Round trip time was  0.215 milliseconds in repetition 306


vwbvbrvrrevrie-->8192Round trip time was  0.218 milliseconds in repetition 307


vwbvbrvrrevrie-->8192Round trip time was  0.215 milliseconds in repetition 308


vwbvbrvrrevrie-->8192Round trip time was  0.213 milliseconds in repetition 309


vwbvbrvrrevrie-->8192Round trip time was  0.393 milliseconds in repetition 310


vwbvbrvrrevrie-->8192Round trip time was  0.216 milliseconds in repetition 311


vwbvbrvrrevrie-->8192Round trip time was  0.211 milliseconds in repetition 312


vwbvbrvrrevrie-->8192Round trip time was  0.211 milliseconds in repetition 313


vwbvbrvrrevrie-->8192Round trip time was  0.211 milliseconds in repetition 314


vwbvbrvrrevrie-->8192Round trip time was  2.727 milliseconds in repetition 315


vwbvbrvrrevrie-->8192Round trip time was  0.933 milliseconds in repetition 316


vwbvbrvrrevrie-->8192Round trip time was  0.260 milliseconds in repetition 317


vwbvbrvrrevrie-->8192Round trip time was  0.234 milliseconds in repetition 318


vwbvbrvrrevrie-->8192Round trip time was  1.426 milliseconds in repetition 319


vwbvbrvrrevrie-->8192Round trip time was  0.261 milliseconds in repetition 320


vwbvbrvrrevrie-->8192Round trip time was  0.231 milliseconds in repetition 321


vwbvbrvrrevrie-->8192Round trip time was  0.234 milliseconds in repetition 322


vwbvbrvrrevrie-->8192Round trip time was  0.226 milliseconds in repetition 323


vwbvbrvrrevrie-->8192Round trip time was  0.349 milliseconds in repetition 324


vwbvbrvrrevrie-->8192Round trip time was  0.247 milliseconds in repetition 325


vwbvbrvrrevrie-->8192Round trip time was  0.234 milliseconds in repetition 326


vwbvbrvrrevrie-->8192Round trip time was  0.246 milliseconds in repetition 327


vwbvbrvrrevrie-->8192Round trip time was  0.226 milliseconds in repetition 328


vwbvbrvrrevrie-->8192Round trip time was  0.859 milliseconds in repetition 329


vwbvbrvrrevrie-->8192Round trip time was  0.251 milliseconds in repetition 330


vwbvbrvrrevrie-->8192Round trip time was  0.229 milliseconds in repetition 331


vwbvbrvrrevrie-->8192Round trip time was  0.227 milliseconds in repetition 332


vwbvbrvrrevrie-->8192Round trip time was  0.225 milliseconds in repetition 333


vwbvbrvrrevrie-->8192Round trip time was  0.979 milliseconds in repetition 334


vwbvbrvrrevrie-->8192Round trip time was  0.256 milliseconds in repetition 335


vwbvbrvrrevrie-->8192Round trip time was  1.401 milliseconds in repetition 336


vwbvbrvrrevrie-->8192Round trip time was  0.273 milliseconds in repetition 337


vwbvbrvrrevrie-->8192Round trip time was  0.230 milliseconds in repetition 338


vwbvbrvrrevrie-->8192Round trip time was  0.220 milliseconds in repetition 339


vwbvbrvrrevrie-->8192Round trip time was  0.220 milliseconds in repetition 340


vwbvbrvrrevrie-->8192Round trip time was  0.218 milliseconds in repetition 341


vwbvbrvrrevrie-->8192Round trip time was  0.218 milliseconds in repetition 342


vwbvbrvrrevrie-->8192Round trip time was  0.748 milliseconds in repetition 343


vwbvbrvrrevrie-->8192Round trip time was  0.742 milliseconds in repetition 344


vwbvbrvrrevrie-->8192Round trip time was  0.235 milliseconds in repetition 345


vwbvbrvrrevrie-->8192Round trip time was  0.223 milliseconds in repetition 346


vwbvbrvrrevrie-->8192Round trip time was  0.243 milliseconds in repetition 347


vwbvbrvrrevrie-->8192Round trip time was  1.183 milliseconds in repetition 348


vwbvbrvrrevrie-->8192Round trip time was  0.244 milliseconds in repetition 349


vwbvbrvrrevrie-->8192Round trip time was  0.226 milliseconds in repetition 350


vwbvbrvrrevrie-->8192Round trip time was  0.218 milliseconds in repetition 351


vwbvbrvrrevrie-->8192Round trip time was  0.217 milliseconds in repetition 352


vwbvbrvrrevrie-->8192Round trip time was  0.461 milliseconds in repetition 353


vwbvbrvrrevrie-->8192Round trip time was  0.792 milliseconds in repetition 354


vwbvbrvrrevrie-->8192Round trip time was  0.664 milliseconds in repetition 355


vwbvbrvrrevrie-->8192Round trip time was  0.234 milliseconds in repetition 356


vwbvbrvrrevrie-->8192Round trip time was  0.228 milliseconds in repetition 357


vwbvbrvrrevrie-->8192Round trip time was  0.224 milliseconds in repetition 358


vwbvbrvrrevrie-->8192Round trip time was  0.234 milliseconds in repetition 359


vwbvbrvrrevrie-->8192Round trip time was  0.216 milliseconds in repetition 360


vwbvbrvrrevrie-->8192Round trip time was  0.238 milliseconds in repetition 361


vwbvbrvrrevrie-->8192Round trip time was  0.214 milliseconds in repetition 362


vwbvbrvrrevrie-->8192Round trip time was  0.215 milliseconds in repetition 363


vwbvbrvrrevrie-->8192Round trip time was  0.213 milliseconds in repetition 364


vwbvbrvrrevrie-->8192Round trip time was  0.212 milliseconds in repetition 365


vwbvbrvrrevrie-->8192Round trip time was  0.398 milliseconds in repetition 366


vwbvbrvrrevrie-->8192Round trip time was  0.228 milliseconds in repetition 367


vwbvbrvrrevrie-->8192Round trip time was  0.214 milliseconds in repetition 368


vwbvbrvrrevrie-->8192Round trip time was  0.214 milliseconds in repetition 369


vwbvbrvrrevrie-->8192Round trip time was  0.212 milliseconds in repetition 370


vwbvbrvrrevrie-->8192Round trip time was  0.212 milliseconds in repetition 371


vwbvbrvrrevrie-->8192Round trip time was  0.211 milliseconds in repetition 372


vwbvbrvrrevrie-->8192Round trip time was  0.210 milliseconds in repetition 373


vwbvbrvrrevrie-->8192Round trip time was  0.211 milliseconds in repetition 374


vwbvbrvrrevrie-->8192Round trip time was  0.211 milliseconds in repetition 375


vwbvbrvrrevrie-->8192Round trip time was  0.210 milliseconds in repetition 376


vwbvbrvrrevrie-->8192Round trip time was  2.974 milliseconds in repetition 377


vwbvbrvrrevrie-->8192Round trip time was  0.821 milliseconds in repetition 378


vwbvbrvrrevrie-->8192Round trip time was  0.239 milliseconds in repetition 379


vwbvbrvrrevrie-->8192Round trip time was  0.819 milliseconds in repetition 380


vwbvbrvrrevrie-->8192Round trip time was  0.252 milliseconds in repetition 381


vwbvbrvrrevrie-->8192Round trip time was  0.228 milliseconds in repetition 382


vwbvbrvrrevrie-->8192Round trip time was  0.224 milliseconds in repetition 383


vwbvbrvrrevrie-->8192Round trip time was  0.217 milliseconds in repetition 384


vwbvbrvrrevrie-->8192Round trip time was  1.255 milliseconds in repetition 385


vwbvbrvrrevrie-->8192Round trip time was  0.241 milliseconds in repetition 386


vwbvbrvrrevrie-->8192Round trip time was  0.219 milliseconds in repetition 387


vwbvbrvrrevrie-->8192Round trip time was  0.216 milliseconds in repetition 388


vwbvbrvrrevrie-->8192Round trip time was  0.215 milliseconds in repetition 389


vwbvbrvrrevrie-->8192Round trip time was  0.214 milliseconds in repetition 390


vwbvbrvrrevrie-->8192Round trip time was  0.213 milliseconds in repetition 391


vwbvbrvrrevrie-->8192Round trip time was  1.149 milliseconds in repetition 392


vwbvbrvrrevrie-->8192Round trip time was  0.239 milliseconds in repetition 393


vwbvbrvrrevrie-->8192Round trip time was  0.216 milliseconds in repetition 394


vwbvbrvrrevrie-->8192Round trip time was  0.233 milliseconds in repetition 395


vwbvbrvrrevrie-->8192Round trip time was  0.224 milliseconds in repetition 396


vwbvbrvrrevrie-->8192Round trip time was  0.213 milliseconds in repetition 397


vwbvbrvrrevrie-->8192Round trip time was  0.212 milliseconds in repetition 398


vwbvbrvrrevrie-->8192Round trip time was  0.820 milliseconds in repetition 399


vwbvbrvrrevrie-->8192Round trip time was  0.258 milliseconds in repetition 400


vwbvbrvrrevrie-->8192Round trip time was  0.224 milliseconds in repetition 401


vwbvbrvrrevrie-->8192Round trip time was  0.241 milliseconds in repetition 402


vwbvbrvrrevrie-->8192Round trip time was  0.224 milliseconds in repetition 403


vwbvbrvrrevrie-->8192Round trip time was  1.217 milliseconds in repetition 404


vwbvbrvrrevrie-->8192Round trip time was  0.989 milliseconds in repetition 405


vwbvbrvrrevrie-->8192Round trip time was  0.248 milliseconds in repetition 406


vwbvbrvrrevrie-->8192Round trip time was  0.253 milliseconds in repetition 407


vwbvbrvrrevrie-->8192Round trip time was  0.233 milliseconds in repetition 408


vwbvbrvrrevrie-->8192Round trip time was  0.218 milliseconds in repetition 409


vwbvbrvrrevrie-->8192Round trip time was  0.813 milliseconds in repetition 410


vwbvbrvrrevrie-->8192Round trip time was  0.273 milliseconds in repetition 411


vwbvbrvrrevrie-->8192Round trip time was  0.244 milliseconds in repetition 412


vwbvbrvrrevrie-->8192Round trip time was  1.096 milliseconds in repetition 413


vwbvbrvrrevrie-->8192Round trip time was  0.225 milliseconds in repetition 414


vwbvbrvrrevrie-->8192Round trip time was  0.220 milliseconds in repetition 415


vwbvbrvrrevrie-->8192Round trip time was  0.218 milliseconds in repetition 416


vwbvbrvrrevrie-->8192Round trip time was  0.794 milliseconds in repetition 417


vwbvbrvrrevrie-->8192Round trip time was  0.227 milliseconds in repetition 418


vwbvbrvrrevrie-->8192Round trip time was  0.218 milliseconds in repetition 419


vwbvbrvrrevrie-->8192Round trip time was  0.216 milliseconds in repetition 420


vwbvbrvrrevrie-->8192Round trip time was  0.214 milliseconds in repetition 421


vwbvbrvrrevrie-->8192Round trip time was  0.214 milliseconds in repetition 422


vwbvbrvrrevrie-->8192Round trip time was  0.473 milliseconds in repetition 423


vwbvbrvrrevrie-->8192Round trip time was  0.217 milliseconds in repetition 424


vwbvbrvrrevrie-->8192Round trip time was  0.215 milliseconds in repetition 425


vwbvbrvrrevrie-->8192Round trip time was  0.212 milliseconds in repetition 426


vwbvbrvrrevrie-->8192Round trip time was  0.211 milliseconds in repetition 427


vwbvbrvrrevrie-->8192Round trip time was  0.211 milliseconds in repetition 428


vwbvbrvrrevrie-->8192Round trip time was  0.211 milliseconds in repetition 429


vwbvbrvrrevrie-->8192Round trip time was  0.211 milliseconds in repetition 430


vwbvbrvrrevrie-->8192Round trip time was  0.211 milliseconds in repetition 431


vwbvbrvrrevrie-->8192Round trip time was  0.215 milliseconds in repetition 432


vwbvbrvrrevrie-->8192Round trip time was  0.209 milliseconds in repetition 433


vwbvbrvrrevrie-->8192Round trip time was  0.211 milliseconds in repetition 434


vwbvbrvrrevrie-->8192Round trip time was  0.212 milliseconds in repetition 435


vwbvbrvrrevrie-->8192Round trip time was  0.210 milliseconds in repetition 436


vwbvbrvrrevrie-->8192Round trip time was  0.210 milliseconds in repetition 437


vwbvbrvrrevrie-->8192Round trip time was  0.210 milliseconds in repetition 438


vwbvbrvrrevrie-->8192Round trip time was  4.134 milliseconds in repetition 439


vwbvbrvrrevrie-->8192Round trip time was  0.408 milliseconds in repetition 440


vwbvbrvrrevrie-->8192Round trip time was  0.873 milliseconds in repetition 441


vwbvbrvrrevrie-->8192Round trip time was  0.232 milliseconds in repetition 442


vwbvbrvrrevrie-->8192Round trip time was  0.225 milliseconds in repetition 443


vwbvbrvrrevrie-->8192Round trip time was  0.218 milliseconds in repetition 444


vwbvbrvrrevrie-->8192Round trip time was  1.363 milliseconds in repetition 445


vwbvbrvrrevrie-->8192Round trip time was  0.253 milliseconds in repetition 446


vwbvbrvrrevrie-->8192Round trip time was  0.222 milliseconds in repetition 447


vwbvbrvrrevrie-->8192Round trip time was  0.217 milliseconds in repetition 448


vwbvbrvrrevrie-->8192Round trip time was  0.215 milliseconds in repetition 449


vwbvbrvrrevrie-->8192Round trip time was  0.266 milliseconds in repetition 450


vwbvbrvrrevrie-->8192Round trip time was  0.216 milliseconds in repetition 451


vwbvbrvrrevrie-->8192Round trip time was  0.213 milliseconds in repetition 452


vwbvbrvrrevrie-->8192Round trip time was  0.915 milliseconds in repetition 453


vwbvbrvrrevrie-->8192Round trip time was  0.232 milliseconds in repetition 454


vwbvbrvrrevrie-->8192Round trip time was  0.229 milliseconds in repetition 455


vwbvbrvrrevrie-->8192Round trip time was  0.669 milliseconds in repetition 456


vwbvbrvrrevrie-->8192Round trip time was  0.224 milliseconds in repetition 457


vwbvbrvrrevrie-->8192Round trip time was  0.216 milliseconds in repetition 458


vwbvbrvrrevrie-->8192Round trip time was  0.216 milliseconds in repetition 459


vwbvbrvrrevrie-->8192Round trip time was  0.218 milliseconds in repetition 460


vwbvbrvrrevrie-->8192Round trip time was  3.450 milliseconds in repetition 461


vwbvbrvrrevrie-->8192Round trip time was  0.579 milliseconds in repetition 462


vwbvbrvrrevrie-->8192Round trip time was  0.246 milliseconds in repetition 463


vwbvbrvrrevrie-->8192Round trip time was  0.238 milliseconds in repetition 464


vwbvbrvrrevrie-->8192Round trip time was  0.231 milliseconds in repetition 465


vwbvbrvrrevrie-->8192Round trip time was  1.290 milliseconds in repetition 466


vwbvbrvrrevrie-->8192Round trip time was  0.375 milliseconds in repetition 467


vwbvbrvrrevrie-->8192Round trip time was  0.245 milliseconds in repetition 468


vwbvbrvrrevrie-->8192Round trip time was  1.454 milliseconds in repetition 469


vwbvbrvrrevrie-->8192Round trip time was  0.805 milliseconds in repetition 470


vwbvbrvrrevrie-->8192Round trip time was  0.230 milliseconds in repetition 471


vwbvbrvrrevrie-->8192Round trip time was  0.790 milliseconds in repetition 472


vwbvbrvrrevrie-->8192Round trip time was  0.902 milliseconds in repetition 473


vwbvbrvrrevrie-->8192Round trip time was  0.235 milliseconds in repetition 474


vwbvbrvrrevrie-->8192Round trip time was  0.224 milliseconds in repetition 475


vwbvbrvrrevrie-->8192Round trip time was  0.217 milliseconds in repetition 476


vwbvbrvrrevrie-->8192Round trip time was  0.215 milliseconds in repetition 477


vwbvbrvrrevrie-->8192Round trip time was  0.867 milliseconds in repetition 478


vwbvbrvrrevrie-->8192Round trip time was  0.253 milliseconds in repetition 479


vwbvbrvrrevrie-->8192Round trip time was  0.230 milliseconds in repetition 480


vwbvbrvrrevrie-->8192Round trip time was  0.226 milliseconds in repetition 481


vwbvbrvrrevrie-->8192Round trip time was  0.639 milliseconds in repetition 482


vwbvbrvrrevrie-->8192Round trip time was  0.246 milliseconds in repetition 483


vwbvbrvrrevrie-->8192Round trip time was  1.274 milliseconds in repetition 484


vwbvbrvrrevrie-->8192Round trip time was  0.253 milliseconds in repetition 485


vwbvbrvrrevrie-->8192Round trip time was  0.224 milliseconds in repetition 486


vwbvbrvrrevrie-->8192Round trip time was  0.220 milliseconds in repetition 487


vwbvbrvrrevrie-->8192Round trip time was  0.217 milliseconds in repetition 488


vwbvbrvrrevrie-->8192Round trip time was  0.216 milliseconds in repetition 489


vwbvbrvrrevrie-->8192Round trip time was  0.248 milliseconds in repetition 490


vwbvbrvrrevrie-->8192Round trip time was  1.103 milliseconds in repetition 491


vwbvbrvrrevrie-->8192Round trip time was  0.262 milliseconds in repetition 492


vwbvbrvrrevrie-->8192Round trip time was  0.222 milliseconds in repetition 493


vwbvbrvrrevrie-->8192Round trip time was  0.216 milliseconds in repetition 494


vwbvbrvrrevrie-->8192Round trip time was  0.217 milliseconds in repetition 495


vwbvbrvrrevrie-->8192Round trip time was  0.386 milliseconds in repetition 496


vwbvbrvrrevrie-->8192Round trip time was  0.878 milliseconds in repetition 497


vwbvbrvrrevrie-->8192Round trip time was  0.233 milliseconds in repetition 498


vwbvbrvrrevrie-->8192Round trip time was  0.225 milliseconds in repetition 499


vwbvbrvrrevrie-->8192Round trip time was  0.221 milliseconds in repetition 500


vwbvbrvrrevrie-->8192Round trip time was  2.021 milliseconds in repetition 501

 ... clock resolution was 1e-06
UDP Ping:  Statistics over 501 repetitions of 8192 byte messages

RTT : percentile 10: 0.214994, median: 0.227994, percentile 90: 0.914974, average: 0.532095, variance: 1.01312

RTT histogram:
0.208993 409
0.727329 45
1.24566 20
1.764 6
2.28234 1
2.80067 3
3.31901 2
3.83734 4
4.35568 1
4.87401 4
5.39235 2
5.91068 1
6.42902 0
6.94735 1
7.46569 0
7.98402 0
8.50236 1
9.0207 0
9.53903 0
10.0574 0
10.5757 1
   median Throughput : 71861.5 KB/s   overall Throughput : 30791.5 KB/s

