UDP Ping trying to connect to server localhost (127.0.0.1) on TCP port 1491
 ... connected to Pong server: asking for 501 repetitions of 1024 _bytes UDP messages
 ... Pong server agreed to ping-pong using port 62832 :-)


vwbvbrvrrevrie-->1024Round trip time was  4.937 milliseconds in repetition 1


vwbvbrvrrevrie-->1024Round trip time was  2.773 milliseconds in repetition 2


vwbvbrvrrevrie-->1024Round trip time was  0.249 milliseconds in repetition 3


vwbvbrvrrevrie-->1024Round trip time was  0.215 milliseconds in repetition 4


vwbvbrvrrevrie-->1024Round trip time was  0.206 milliseconds in repetition 5


vwbvbrvrrevrie-->1024Round trip time was  0.201 milliseconds in repetition 6


vwbvbrvrrevrie-->1024Round trip time was  0.198 milliseconds in repetition 7


vwbvbrvrrevrie-->1024Round trip time was  0.197 milliseconds in repetition 8


vwbvbrvrrevrie-->1024Round trip time was  0.199 milliseconds in repetition 9


vwbvbrvrrevrie-->1024Round trip time was  0.195 milliseconds in repetition 10


vwbvbrvrrevrie-->1024Round trip time was  0.196 milliseconds in repetition 11


vwbvbrvrrevrie-->1024Round trip time was  0.194 milliseconds in repetition 12


vwbvbrvrrevrie-->1024Round trip time was  1.635 milliseconds in repetition 13


vwbvbrvrrevrie-->1024Round trip time was  0.254 milliseconds in repetition 14


vwbvbrvrrevrie-->1024Round trip time was  3.537 milliseconds in repetition 15


vwbvbrvrrevrie-->1024Round trip time was  0.247 milliseconds in repetition 16


vwbvbrvrrevrie-->1024Round trip time was  0.209 milliseconds in repetition 17


vwbvbrvrrevrie-->1024Round trip time was  0.201 milliseconds in repetition 18


vwbvbrvrrevrie-->1024Round trip time was  0.200 milliseconds in repetition 19


vwbvbrvrrevrie-->1024Round trip time was  0.196 milliseconds in repetition 20


vwbvbrvrrevrie-->1024Round trip time was  0.290 milliseconds in repetition 21


vwbvbrvrrevrie-->1024Round trip time was  0.201 milliseconds in repetition 22


vwbvbrvrrevrie-->1024Round trip time was  0.193 milliseconds in repetition 23


vwbvbrvrrevrie-->1024Round trip time was  0.199 milliseconds in repetition 24


vwbvbrvrrevrie-->1024Round trip time was  0.194 milliseconds in repetition 25


vwbvbrvrrevrie-->1024Round trip time was  0.797 milliseconds in repetition 26


vwbvbrvrrevrie-->1024Round trip time was  0.219 milliseconds in repetition 27


vwbvbrvrrevrie-->1024Round trip time was  0.232 milliseconds in repetition 28


vwbvbrvrrevrie-->1024Round trip time was  0.224 milliseconds in repetition 29


vwbvbrvrrevrie-->1024Round trip time was  0.227 milliseconds in repetition 30


vwbvbrvrrevrie-->1024Round trip time was  0.909 milliseconds in repetition 31


vwbvbrvrrevrie-->1024Round trip time was  0.518 milliseconds in repetition 32


vwbvbrvrrevrie-->1024Round trip time was  0.620 milliseconds in repetition 33


vwbvbrvrrevrie-->1024Round trip time was  0.214 milliseconds in repetition 34


vwbvbrvrrevrie-->1024Round trip time was  1.378 milliseconds in repetition 35


vwbvbrvrrevrie-->1024Round trip time was  0.218 milliseconds in repetition 36


vwbvbrvrrevrie-->1024Round trip time was  0.198 milliseconds in repetition 37


vwbvbrvrrevrie-->1024Round trip time was  0.277 milliseconds in repetition 38


vwbvbrvrrevrie-->-1Round trip time was 18.776 milliseconds in repetition 39


vwbvbrvrrevrie-->1024Round trip time was  3.656 milliseconds in repetition 40


vwbvbrvrrevrie-->1024Round trip time was  0.302 milliseconds in repetition 41


vwbvbrvrrevrie-->1024Round trip time was  0.213 milliseconds in repetition 42


vwbvbrvrrevrie-->1024Round trip time was  0.209 milliseconds in repetition 43


vwbvbrvrrevrie-->1024Round trip time was  0.208 milliseconds in repetition 44


vwbvbrvrrevrie-->1024Round trip time was  0.207 milliseconds in repetition 45


vwbvbrvrrevrie-->1024Round trip time was  0.204 milliseconds in repetition 46


vwbvbrvrrevrie-->1024Round trip time was  0.206 milliseconds in repetition 47


vwbvbrvrrevrie-->1024Round trip time was  0.200 milliseconds in repetition 48


vwbvbrvrrevrie-->1024Round trip time was  0.200 milliseconds in repetition 49


vwbvbrvrrevrie-->1024Round trip time was  0.234 milliseconds in repetition 50


vwbvbrvrrevrie-->1024Round trip time was  0.203 milliseconds in repetition 51


vwbvbrvrrevrie-->1024Round trip time was  0.675 milliseconds in repetition 52


vwbvbrvrrevrie-->1024Round trip time was  0.216 milliseconds in repetition 53


vwbvbrvrrevrie-->1024Round trip time was  0.201 milliseconds in repetition 54


vwbvbrvrrevrie-->1024Round trip time was  0.196 milliseconds in repetition 55


vwbvbrvrrevrie-->1024Round trip time was  4.161 milliseconds in repetition 56


vwbvbrvrrevrie-->1024Round trip time was  0.313 milliseconds in repetition 57


vwbvbrvrrevrie-->1024Round trip time was  0.203 milliseconds in repetition 58


vwbvbrvrrevrie-->1024Round trip time was  0.196 milliseconds in repetition 59


vwbvbrvrrevrie-->1024Round trip time was  0.198 milliseconds in repetition 60


vwbvbrvrrevrie-->1024Round trip time was  0.344 milliseconds in repetition 61


vwbvbrvrrevrie-->1024Round trip time was  0.215 milliseconds in repetition 62


vwbvbrvrrevrie-->1024Round trip time was  0.198 milliseconds in repetition 63


vwbvbrvrrevrie-->1024Round trip time was  0.968 milliseconds in repetition 64


vwbvbrvrrevrie-->1024Round trip time was  0.207 milliseconds in repetition 65


vwbvbrvrrevrie-->1024Round trip time was  0.195 milliseconds in repetition 66


vwbvbrvrrevrie-->1024Round trip time was  0.193 milliseconds in repetition 67


vwbvbrvrrevrie-->1024Round trip time was  0.193 milliseconds in repetition 68


vwbvbrvrrevrie-->1024Round trip time was  0.191 milliseconds in repetition 69


vwbvbrvrrevrie-->1024Round trip time was  0.278 milliseconds in repetition 70


vwbvbrvrrevrie-->1024Round trip time was  1.255 milliseconds in repetition 71


vwbvbrvrrevrie-->1024Round trip time was  0.283 milliseconds in repetition 72


vwbvbrvrrevrie-->1024Round trip time was  0.214 milliseconds in repetition 73


vwbvbrvrrevrie-->1024Round trip time was  0.206 milliseconds in repetition 74


vwbvbrvrrevrie-->1024Round trip time was  0.244 milliseconds in repetition 75


vwbvbrvrrevrie-->1024Round trip time was  0.263 milliseconds in repetition 76


vwbvbrvrrevrie-->1024Round trip time was  0.202 milliseconds in repetition 77


vwbvbrvrrevrie-->1024Round trip time was  0.195 milliseconds in repetition 78


vwbvbrvrrevrie-->1024Round trip time was  0.819 milliseconds in repetition 79


vwbvbrvrrevrie-->1024Round trip time was  0.209 milliseconds in repetition 80


vwbvbrvrrevrie-->1024Round trip time was  0.196 milliseconds in repetition 81


vwbvbrvrrevrie-->1024Round trip time was  0.194 milliseconds in repetition 82


vwbvbrvrrevrie-->1024Round trip time was  0.193 milliseconds in repetition 83


vwbvbrvrrevrie-->1024Round trip time was  0.955 milliseconds in repetition 84


vwbvbrvrrevrie-->1024Round trip time was  0.240 milliseconds in repetition 85


vwbvbrvrrevrie-->1024Round trip time was  0.213 milliseconds in repetition 86


vwbvbrvrrevrie-->1024Round trip time was  0.209 milliseconds in repetition 87


vwbvbrvrrevrie-->1024Round trip time was  0.209 milliseconds in repetition 88


vwbvbrvrrevrie-->1024Round trip time was  0.196 milliseconds in repetition 89


vwbvbrvrrevrie-->1024Round trip time was  0.231 milliseconds in repetition 90


vwbvbrvrrevrie-->1024Round trip time was  0.199 milliseconds in repetition 91


vwbvbrvrrevrie-->1024Round trip time was  3.502 milliseconds in repetition 92


vwbvbrvrrevrie-->1024Round trip time was  0.267 milliseconds in repetition 93


vwbvbrvrrevrie-->1024Round trip time was  2.304 milliseconds in repetition 94


vwbvbrvrrevrie-->1024Round trip time was  0.284 milliseconds in repetition 95


vwbvbrvrrevrie-->1024Round trip time was  0.230 milliseconds in repetition 96


vwbvbrvrrevrie-->1024Round trip time was  0.203 milliseconds in repetition 97


vwbvbrvrrevrie-->1024Round trip time was  0.197 milliseconds in repetition 98


vwbvbrvrrevrie-->1024Round trip time was  0.195 milliseconds in repetition 99


vwbvbrvrrevrie-->1024Round trip time was  0.691 milliseconds in repetition 100


vwbvbrvrrevrie-->1024Round trip time was  0.904 milliseconds in repetition 101


vwbvbrvrrevrie-->1024Round trip time was  2.560 milliseconds in repetition 102


vwbvbrvrrevrie-->1024Round trip time was  0.303 milliseconds in repetition 103


vwbvbrvrrevrie-->1024Round trip time was  0.211 milliseconds in repetition 104


vwbvbrvrrevrie-->1024Round trip time was  0.204 milliseconds in repetition 105


vwbvbrvrrevrie-->1024Round trip time was  0.204 milliseconds in repetition 106


vwbvbrvrrevrie-->1024Round trip time was  0.809 milliseconds in repetition 107


vwbvbrvrrevrie-->1024Round trip time was  0.213 milliseconds in repetition 108


vwbvbrvrrevrie-->1024Round trip time was  0.197 milliseconds in repetition 109


vwbvbrvrrevrie-->1024Round trip time was  0.936 milliseconds in repetition 110


vwbvbrvrrevrie-->1024Round trip time was  0.219 milliseconds in repetition 111


vwbvbrvrrevrie-->1024Round trip time was  0.198 milliseconds in repetition 112


vwbvbrvrrevrie-->1024Round trip time was  0.199 milliseconds in repetition 113


vwbvbrvrrevrie-->1024Round trip time was  0.193 milliseconds in repetition 114


vwbvbrvrrevrie-->1024Round trip time was  0.191 milliseconds in repetition 115


vwbvbrvrrevrie-->1024Round trip time was  0.437 milliseconds in repetition 116


vwbvbrvrrevrie-->1024Round trip time was  2.400 milliseconds in repetition 117


vwbvbrvrrevrie-->1024Round trip time was  1.044 milliseconds in repetition 118


vwbvbrvrrevrie-->1024Round trip time was  0.373 milliseconds in repetition 119


vwbvbrvrrevrie-->1024Round trip time was  0.724 milliseconds in repetition 120


vwbvbrvrrevrie-->1024Round trip time was  0.205 milliseconds in repetition 121


vwbvbrvrrevrie-->1024Round trip time was  0.199 milliseconds in repetition 122


vwbvbrvrrevrie-->1024Round trip time was  0.196 milliseconds in repetition 123


vwbvbrvrrevrie-->1024Round trip time was  1.134 milliseconds in repetition 124


vwbvbrvrrevrie-->1024Round trip time was  0.217 milliseconds in repetition 125


vwbvbrvrrevrie-->1024Round trip time was  0.198 milliseconds in repetition 126


vwbvbrvrrevrie-->1024Round trip time was  0.194 milliseconds in repetition 127


vwbvbrvrrevrie-->1024Round trip time was  0.192 milliseconds in repetition 128


vwbvbrvrrevrie-->1024Round trip time was  0.191 milliseconds in repetition 129


vwbvbrvrrevrie-->1024Round trip time was  0.347 milliseconds in repetition 130


vwbvbrvrrevrie-->1024Round trip time was  0.201 milliseconds in repetition 131


vwbvbrvrrevrie-->1024Round trip time was  0.482 milliseconds in repetition 132


vwbvbrvrrevrie-->1024Round trip time was  0.199 milliseconds in repetition 133


vwbvbrvrrevrie-->1024Round trip time was  0.744 milliseconds in repetition 134


vwbvbrvrrevrie-->1024Round trip time was  0.197 milliseconds in repetition 135


vwbvbrvrrevrie-->1024Round trip time was  0.195 milliseconds in repetition 136


vwbvbrvrrevrie-->1024Round trip time was  0.191 milliseconds in repetition 137


vwbvbrvrrevrie-->1024Round trip time was  1.120 milliseconds in repetition 138


vwbvbrvrrevrie-->1024Round trip time was  0.218 milliseconds in repetition 139


vwbvbrvrrevrie-->1024Round trip time was  0.193 milliseconds in repetition 140


vwbvbrvrrevrie-->1024Round trip time was  0.196 milliseconds in repetition 141


vwbvbrvrrevrie-->1024Round trip time was  0.191 milliseconds in repetition 142


vwbvbrvrrevrie-->1024Round trip time was  0.232 milliseconds in repetition 143


vwbvbrvrrevrie-->1024Round trip time was  0.192 milliseconds in repetition 144


vwbvbrvrrevrie-->1024Round trip time was  0.698 milliseconds in repetition 145


vwbvbrvrrevrie-->1024Round trip time was  0.210 milliseconds in repetition 146


vwbvbrvrrevrie-->1024Round trip time was  0.192 milliseconds in repetition 147


vwbvbrvrrevrie-->1024Round trip time was  0.191 milliseconds in repetition 148


vwbvbrvrrevrie-->1024Round trip time was  0.190 milliseconds in repetition 149


vwbvbrvrrevrie-->1024Round trip time was  0.763 milliseconds in repetition 150


vwbvbrvrrevrie-->1024Round trip time was  0.206 milliseconds in repetition 151


vwbvbrvrrevrie-->1024Round trip time was  0.998 milliseconds in repetition 152


vwbvbrvrrevrie-->1024Round trip time was  0.225 milliseconds in repetition 153


vwbvbrvrrevrie-->1024Round trip time was  0.199 milliseconds in repetition 154


vwbvbrvrrevrie-->1024Round trip time was  0.195 milliseconds in repetition 155


vwbvbrvrrevrie-->1024Round trip time was  0.197 milliseconds in repetition 156


vwbvbrvrrevrie-->1024Round trip time was  0.200 milliseconds in repetition 157


vwbvbrvrrevrie-->1024Round trip time was  0.244 milliseconds in repetition 158


vwbvbrvrrevrie-->1024Round trip time was  0.200 milliseconds in repetition 159


vwbvbrvrrevrie-->1024Round trip time was  0.431 milliseconds in repetition 160


vwbvbrvrrevrie-->1024Round trip time was  0.659 milliseconds in repetition 161


vwbvbrvrrevrie-->1024Round trip time was  0.204 milliseconds in repetition 162


vwbvbrvrrevrie-->1024Round trip time was  0.195 milliseconds in repetition 163


vwbvbrvrrevrie-->1024Round trip time was  0.195 milliseconds in repetition 164


vwbvbrvrrevrie-->1024Round trip time was  1.118 milliseconds in repetition 165


vwbvbrvrrevrie-->1024Round trip time was  0.222 milliseconds in repetition 166


vwbvbrvrrevrie-->1024Round trip time was  0.197 milliseconds in repetition 167


vwbvbrvrrevrie-->1024Round trip time was  0.196 milliseconds in repetition 168


vwbvbrvrrevrie-->1024Round trip time was  0.194 milliseconds in repetition 169


vwbvbrvrrevrie-->1024Round trip time was  0.195 milliseconds in repetition 170


vwbvbrvrrevrie-->1024Round trip time was  0.196 milliseconds in repetition 171


vwbvbrvrrevrie-->1024Round trip time was  0.198 milliseconds in repetition 172


vwbvbrvrrevrie-->1024Round trip time was  0.198 milliseconds in repetition 173


vwbvbrvrrevrie-->1024Round trip time was  1.446 milliseconds in repetition 174


vwbvbrvrrevrie-->1024Round trip time was  0.353 milliseconds in repetition 175


vwbvbrvrrevrie-->1024Round trip time was  0.201 milliseconds in repetition 176


vwbvbrvrrevrie-->1024Round trip time was  0.197 milliseconds in repetition 177


vwbvbrvrrevrie-->1024Round trip time was  0.199 milliseconds in repetition 178


vwbvbrvrrevrie-->1024Round trip time was  0.946 milliseconds in repetition 179


vwbvbrvrrevrie-->1024Round trip time was  0.206 milliseconds in repetition 180


vwbvbrvrrevrie-->1024Round trip time was  0.911 milliseconds in repetition 181


vwbvbrvrrevrie-->1024Round trip time was  0.250 milliseconds in repetition 182


vwbvbrvrrevrie-->1024Round trip time was  0.205 milliseconds in repetition 183


vwbvbrvrrevrie-->1024Round trip time was  0.203 milliseconds in repetition 184


vwbvbrvrrevrie-->1024Round trip time was  0.208 milliseconds in repetition 185


vwbvbrvrrevrie-->1024Round trip time was  0.200 milliseconds in repetition 186


vwbvbrvrrevrie-->1024Round trip time was  0.850 milliseconds in repetition 187


vwbvbrvrrevrie-->1024Round trip time was  0.415 milliseconds in repetition 188


vwbvbrvrrevrie-->1024Round trip time was  0.560 milliseconds in repetition 189


vwbvbrvrrevrie-->1024Round trip time was  3.740 milliseconds in repetition 190


vwbvbrvrrevrie-->1024Round trip time was  1.635 milliseconds in repetition 191


vwbvbrvrrevrie-->1024Round trip time was  0.243 milliseconds in repetition 192


vwbvbrvrrevrie-->1024Round trip time was  0.368 milliseconds in repetition 193


vwbvbrvrrevrie-->-1Round trip time was 15.416 milliseconds in repetition 194


vwbvbrvrrevrie-->1024Round trip time was  0.412 milliseconds in repetition 195


vwbvbrvrrevrie-->1024Round trip time was  2.018 milliseconds in repetition 196


vwbvbrvrrevrie-->1024Round trip time was  0.642 milliseconds in repetition 197


vwbvbrvrrevrie-->1024Round trip time was  0.209 milliseconds in repetition 198


vwbvbrvrrevrie-->1024Round trip time was  0.690 milliseconds in repetition 199


vwbvbrvrrevrie-->1024Round trip time was  0.208 milliseconds in repetition 200


vwbvbrvrrevrie-->1024Round trip time was  0.199 milliseconds in repetition 201


vwbvbrvrrevrie-->1024Round trip time was  0.691 milliseconds in repetition 202


vwbvbrvrrevrie-->1024Round trip time was  0.206 milliseconds in repetition 203


vwbvbrvrrevrie-->1024Round trip time was  0.874 milliseconds in repetition 204


vwbvbrvrrevrie-->1024Round trip time was  0.517 milliseconds in repetition 205


vwbvbrvrrevrie-->1024Round trip time was  0.204 milliseconds in repetition 206


vwbvbrvrrevrie-->1024Round trip time was  0.372 milliseconds in repetition 207


vwbvbrvrrevrie-->1024Round trip time was  0.498 milliseconds in repetition 208


vwbvbrvrrevrie-->1024Round trip time was  0.460 milliseconds in repetition 209


vwbvbrvrrevrie-->1024Round trip time was  0.206 milliseconds in repetition 210


vwbvbrvrrevrie-->1024Round trip time was  2.983 milliseconds in repetition 211


vwbvbrvrrevrie-->1024Round trip time was  0.825 milliseconds in repetition 212


vwbvbrvrrevrie-->1024Round trip time was  0.239 milliseconds in repetition 213


vwbvbrvrrevrie-->1024Round trip time was  2.153 milliseconds in repetition 214


vwbvbrvrrevrie-->1024Round trip time was  0.255 milliseconds in repetition 215


vwbvbrvrrevrie-->1024Round trip time was  0.210 milliseconds in repetition 216


vwbvbrvrrevrie-->1024Round trip time was  0.207 milliseconds in repetition 217


vwbvbrvrrevrie-->1024Round trip time was  2.023 milliseconds in repetition 218


vwbvbrvrrevrie-->1024Round trip time was  0.213 milliseconds in repetition 219


vwbvbrvrrevrie-->1024Round trip time was  0.202 milliseconds in repetition 220


vwbvbrvrrevrie-->1024Round trip time was  0.200 milliseconds in repetition 221


vwbvbrvrrevrie-->1024Round trip time was  0.200 milliseconds in repetition 222


vwbvbrvrrevrie-->1024Round trip time was  0.205 milliseconds in repetition 223


vwbvbrvrrevrie-->1024Round trip time was  0.199 milliseconds in repetition 224


vwbvbrvrrevrie-->1024Round trip time was  0.823 milliseconds in repetition 225


vwbvbrvrrevrie-->1024Round trip time was  0.216 milliseconds in repetition 226


vwbvbrvrrevrie-->1024Round trip time was  0.199 milliseconds in repetition 227


vwbvbrvrrevrie-->1024Round trip time was  0.200 milliseconds in repetition 228


vwbvbrvrrevrie-->1024Round trip time was  0.790 milliseconds in repetition 229


vwbvbrvrrevrie-->1024Round trip time was  0.221 milliseconds in repetition 230


vwbvbrvrrevrie-->1024Round trip time was  0.721 milliseconds in repetition 231


vwbvbrvrrevrie-->1024Round trip time was  0.217 milliseconds in repetition 232


vwbvbrvrrevrie-->1024Round trip time was  0.206 milliseconds in repetition 233


vwbvbrvrrevrie-->1024Round trip time was  1.210 milliseconds in repetition 234


vwbvbrvrrevrie-->1024Round trip time was  0.226 milliseconds in repetition 235


vwbvbrvrrevrie-->1024Round trip time was  0.201 milliseconds in repetition 236


vwbvbrvrrevrie-->1024Round trip time was  0.196 milliseconds in repetition 237


vwbvbrvrrevrie-->1024Round trip time was  1.038 milliseconds in repetition 238


vwbvbrvrrevrie-->1024Round trip time was  0.232 milliseconds in repetition 239


vwbvbrvrrevrie-->1024Round trip time was  0.198 milliseconds in repetition 240


vwbvbrvrrevrie-->1024Round trip time was  0.198 milliseconds in repetition 241


vwbvbrvrrevrie-->1024Round trip time was  0.192 milliseconds in repetition 242


vwbvbrvrrevrie-->1024Round trip time was  0.190 milliseconds in repetition 243


vwbvbrvrrevrie-->1024Round trip time was  0.189 milliseconds in repetition 244


vwbvbrvrrevrie-->1024Round trip time was  0.190 milliseconds in repetition 245


vwbvbrvrrevrie-->1024Round trip time was  0.974 milliseconds in repetition 246


vwbvbrvrrevrie-->1024Round trip time was  0.204 milliseconds in repetition 247


vwbvbrvrrevrie-->1024Round trip time was  0.196 milliseconds in repetition 248


vwbvbrvrrevrie-->1024Round trip time was  0.193 milliseconds in repetition 249


vwbvbrvrrevrie-->1024Round trip time was  0.195 milliseconds in repetition 250


vwbvbrvrrevrie-->1024Round trip time was  0.921 milliseconds in repetition 251


vwbvbrvrrevrie-->1024Round trip time was  0.232 milliseconds in repetition 252


vwbvbrvrrevrie-->1024Round trip time was  0.210 milliseconds in repetition 253


vwbvbrvrrevrie-->1024Round trip time was  0.198 milliseconds in repetition 254


vwbvbrvrrevrie-->1024Round trip time was  0.195 milliseconds in repetition 255


vwbvbrvrrevrie-->1024Round trip time was  0.940 milliseconds in repetition 256


vwbvbrvrrevrie-->1024Round trip time was  0.213 milliseconds in repetition 257


vwbvbrvrrevrie-->1024Round trip time was  0.198 milliseconds in repetition 258


vwbvbrvrrevrie-->1024Round trip time was  0.987 milliseconds in repetition 259


vwbvbrvrrevrie-->1024Round trip time was  0.260 milliseconds in repetition 260


vwbvbrvrrevrie-->1024Round trip time was  0.197 milliseconds in repetition 261


vwbvbrvrrevrie-->1024Round trip time was  0.195 milliseconds in repetition 262


vwbvbrvrrevrie-->1024Round trip time was  0.195 milliseconds in repetition 263


vwbvbrvrrevrie-->1024Round trip time was  0.194 milliseconds in repetition 264


vwbvbrvrrevrie-->1024Round trip time was  0.195 milliseconds in repetition 265


vwbvbrvrrevrie-->1024Round trip time was  0.994 milliseconds in repetition 266


vwbvbrvrrevrie-->1024Round trip time was  0.205 milliseconds in repetition 267


vwbvbrvrrevrie-->1024Round trip time was  0.195 milliseconds in repetition 268


vwbvbrvrrevrie-->1024Round trip time was  0.191 milliseconds in repetition 269


vwbvbrvrrevrie-->1024Round trip time was  0.190 milliseconds in repetition 270


vwbvbrvrrevrie-->1024Round trip time was  0.780 milliseconds in repetition 271


vwbvbrvrrevrie-->1024Round trip time was  0.213 milliseconds in repetition 272


vwbvbrvrrevrie-->1024Round trip time was  0.194 milliseconds in repetition 273


vwbvbrvrrevrie-->1024Round trip time was  0.191 milliseconds in repetition 274


vwbvbrvrrevrie-->1024Round trip time was  0.190 milliseconds in repetition 275


vwbvbrvrrevrie-->1024Round trip time was  0.770 milliseconds in repetition 276


vwbvbrvrrevrie-->1024Round trip time was  0.208 milliseconds in repetition 277


vwbvbrvrrevrie-->1024Round trip time was  0.192 milliseconds in repetition 278


vwbvbrvrrevrie-->1024Round trip time was  0.188 milliseconds in repetition 279


vwbvbrvrrevrie-->1024Round trip time was  1.823 milliseconds in repetition 280


vwbvbrvrrevrie-->1024Round trip time was  0.271 milliseconds in repetition 281


vwbvbrvrrevrie-->1024Round trip time was  0.197 milliseconds in repetition 282


vwbvbrvrrevrie-->1024Round trip time was  0.192 milliseconds in repetition 283


vwbvbrvrrevrie-->1024Round trip time was  0.191 milliseconds in repetition 284


vwbvbrvrrevrie-->1024Round trip time was  0.193 milliseconds in repetition 285


vwbvbrvrrevrie-->1024Round trip time was  0.188 milliseconds in repetition 286


vwbvbrvrrevrie-->1024Round trip time was  0.937 milliseconds in repetition 287


vwbvbrvrrevrie-->1024Round trip time was  0.199 milliseconds in repetition 288


vwbvbrvrrevrie-->1024Round trip time was  0.195 milliseconds in repetition 289


vwbvbrvrrevrie-->1024Round trip time was  0.193 milliseconds in repetition 290


vwbvbrvrrevrie-->1024Round trip time was  0.189 milliseconds in repetition 291


vwbvbrvrrevrie-->1024Round trip time was  0.734 milliseconds in repetition 292


vwbvbrvrrevrie-->1024Round trip time was  0.209 milliseconds in repetition 293


vwbvbrvrrevrie-->1024Round trip time was  0.193 milliseconds in repetition 294


vwbvbrvrrevrie-->1024Round trip time was  0.196 milliseconds in repetition 295


vwbvbrvrrevrie-->1024Round trip time was  0.191 milliseconds in repetition 296


vwbvbrvrrevrie-->1024Round trip time was  1.035 milliseconds in repetition 297


vwbvbrvrrevrie-->1024Round trip time was  0.215 milliseconds in repetition 298


vwbvbrvrrevrie-->1024Round trip time was  0.191 milliseconds in repetition 299


vwbvbrvrrevrie-->1024Round trip time was  0.190 milliseconds in repetition 300


vwbvbrvrrevrie-->1024Round trip time was  0.206 milliseconds in repetition 301


vwbvbrvrrevrie-->1024Round trip time was  0.193 milliseconds in repetition 302


vwbvbrvrrevrie-->1024Round trip time was  0.418 milliseconds in repetition 303


vwbvbrvrrevrie-->1024Round trip time was  1.113 milliseconds in repetition 304


vwbvbrvrrevrie-->1024Round trip time was  0.240 milliseconds in repetition 305


vwbvbrvrrevrie-->1024Round trip time was  0.205 milliseconds in repetition 306


vwbvbrvrrevrie-->1024Round trip time was  0.203 milliseconds in repetition 307


vwbvbrvrrevrie-->1024Round trip time was  0.510 milliseconds in repetition 308


vwbvbrvrrevrie-->1024Round trip time was  0.206 milliseconds in repetition 309


vwbvbrvrrevrie-->1024Round trip time was  0.808 milliseconds in repetition 310


vwbvbrvrrevrie-->1024Round trip time was  0.205 milliseconds in repetition 311


vwbvbrvrrevrie-->1024Round trip time was  0.196 milliseconds in repetition 312


vwbvbrvrrevrie-->1024Round trip time was  0.196 milliseconds in repetition 313


vwbvbrvrrevrie-->1024Round trip time was  0.781 milliseconds in repetition 314


vwbvbrvrrevrie-->1024Round trip time was  0.237 milliseconds in repetition 315


vwbvbrvrrevrie-->1024Round trip time was  0.196 milliseconds in repetition 316


vwbvbrvrrevrie-->1024Round trip time was  0.193 milliseconds in repetition 317


vwbvbrvrrevrie-->1024Round trip time was  0.193 milliseconds in repetition 318


vwbvbrvrrevrie-->1024Round trip time was  0.194 milliseconds in repetition 319


vwbvbrvrrevrie-->1024Round trip time was  0.788 milliseconds in repetition 320


vwbvbrvrrevrie-->1024Round trip time was  0.204 milliseconds in repetition 321


vwbvbrvrrevrie-->1024Round trip time was  2.443 milliseconds in repetition 322


vwbvbrvrrevrie-->1024Round trip time was  0.246 milliseconds in repetition 323


vwbvbrvrrevrie-->1024Round trip time was  0.200 milliseconds in repetition 324


vwbvbrvrrevrie-->1024Round trip time was  0.900 milliseconds in repetition 325


vwbvbrvrrevrie-->1024Round trip time was  0.215 milliseconds in repetition 326


vwbvbrvrrevrie-->1024Round trip time was  0.905 milliseconds in repetition 327


vwbvbrvrrevrie-->1024Round trip time was  0.218 milliseconds in repetition 328


vwbvbrvrrevrie-->1024Round trip time was  0.199 milliseconds in repetition 329


vwbvbrvrrevrie-->1024Round trip time was  0.192 milliseconds in repetition 330


vwbvbrvrrevrie-->1024Round trip time was  0.191 milliseconds in repetition 331


vwbvbrvrrevrie-->1024Round trip time was  0.191 milliseconds in repetition 332


vwbvbrvrrevrie-->1024Round trip time was  0.189 milliseconds in repetition 333


vwbvbrvrrevrie-->1024Round trip time was  0.324 milliseconds in repetition 334


vwbvbrvrrevrie-->1024Round trip time was  0.196 milliseconds in repetition 335


vwbvbrvrrevrie-->1024Round trip time was  0.190 milliseconds in repetition 336


vwbvbrvrrevrie-->1024Round trip time was  0.192 milliseconds in repetition 337


vwbvbrvrrevrie-->1024Round trip time was  0.190 milliseconds in repetition 338


vwbvbrvrrevrie-->1024Round trip time was  0.187 milliseconds in repetition 339


vwbvbrvrrevrie-->1024Round trip time was  0.186 milliseconds in repetition 340


vwbvbrvrrevrie-->1024Round trip time was  0.187 milliseconds in repetition 341


vwbvbrvrrevrie-->1024Round trip time was  0.187 milliseconds in repetition 342


vwbvbrvrrevrie-->1024Round trip time was  0.186 milliseconds in repetition 343


vwbvbrvrrevrie-->1024Round trip time was  4.376 milliseconds in repetition 344


vwbvbrvrrevrie-->1024Round trip time was  0.283 milliseconds in repetition 345


vwbvbrvrrevrie-->1024Round trip time was  0.225 milliseconds in repetition 346


vwbvbrvrrevrie-->1024Round trip time was  0.228 milliseconds in repetition 347


vwbvbrvrrevrie-->1024Round trip time was  0.198 milliseconds in repetition 348


vwbvbrvrrevrie-->1024Round trip time was  0.807 milliseconds in repetition 349


vwbvbrvrrevrie-->1024Round trip time was  0.200 milliseconds in repetition 350


vwbvbrvrrevrie-->1024Round trip time was  0.194 milliseconds in repetition 351


vwbvbrvrrevrie-->1024Round trip time was  0.193 milliseconds in repetition 352


vwbvbrvrrevrie-->1024Round trip time was  0.693 milliseconds in repetition 353


vwbvbrvrrevrie-->1024Round trip time was  0.217 milliseconds in repetition 354


vwbvbrvrrevrie-->1024Round trip time was  0.199 milliseconds in repetition 355


vwbvbrvrrevrie-->1024Round trip time was  1.184 milliseconds in repetition 356


vwbvbrvrrevrie-->1024Round trip time was  0.214 milliseconds in repetition 357


vwbvbrvrrevrie-->1024Round trip time was  0.197 milliseconds in repetition 358


vwbvbrvrrevrie-->1024Round trip time was  0.194 milliseconds in repetition 359


vwbvbrvrrevrie-->1024Round trip time was  0.194 milliseconds in repetition 360


vwbvbrvrrevrie-->1024Round trip time was  0.192 milliseconds in repetition 361


vwbvbrvrrevrie-->1024Round trip time was  0.191 milliseconds in repetition 362


vwbvbrvrrevrie-->1024Round trip time was  0.191 milliseconds in repetition 363


vwbvbrvrrevrie-->1024Round trip time was  0.585 milliseconds in repetition 364


vwbvbrvrrevrie-->1024Round trip time was  0.201 milliseconds in repetition 365


vwbvbrvrrevrie-->1024Round trip time was  1.205 milliseconds in repetition 366


vwbvbrvrrevrie-->1024Round trip time was  0.211 milliseconds in repetition 367


vwbvbrvrrevrie-->1024Round trip time was  0.199 milliseconds in repetition 368


vwbvbrvrrevrie-->1024Round trip time was  0.195 milliseconds in repetition 369


vwbvbrvrrevrie-->1024Round trip time was  0.192 milliseconds in repetition 370


vwbvbrvrrevrie-->1024Round trip time was  0.192 milliseconds in repetition 371


vwbvbrvrrevrie-->1024Round trip time was  0.191 milliseconds in repetition 372


vwbvbrvrrevrie-->1024Round trip time was  0.195 milliseconds in repetition 373


vwbvbrvrrevrie-->1024Round trip time was  0.191 milliseconds in repetition 374


vwbvbrvrrevrie-->1024Round trip time was  0.191 milliseconds in repetition 375


vwbvbrvrrevrie-->1024Round trip time was  0.671 milliseconds in repetition 376


vwbvbrvrrevrie-->1024Round trip time was  0.207 milliseconds in repetition 377


vwbvbrvrrevrie-->1024Round trip time was  0.193 milliseconds in repetition 378


vwbvbrvrrevrie-->1024Round trip time was  0.192 milliseconds in repetition 379


vwbvbrvrrevrie-->1024Round trip time was  0.192 milliseconds in repetition 380


vwbvbrvrrevrie-->1024Round trip time was  4.313 milliseconds in repetition 381


vwbvbrvrrevrie-->1024Round trip time was  0.346 milliseconds in repetition 382


vwbvbrvrrevrie-->1024Round trip time was  0.211 milliseconds in repetition 383


vwbvbrvrrevrie-->1024Round trip time was  0.204 milliseconds in repetition 384


vwbvbrvrrevrie-->1024Round trip time was  0.229 milliseconds in repetition 385


vwbvbrvrrevrie-->1024Round trip time was  0.200 milliseconds in repetition 386


vwbvbrvrrevrie-->1024Round trip time was  0.199 milliseconds in repetition 387


vwbvbrvrrevrie-->1024Round trip time was  0.194 milliseconds in repetition 388


vwbvbrvrrevrie-->1024Round trip time was  0.193 milliseconds in repetition 389


vwbvbrvrrevrie-->1024Round trip time was  0.598 milliseconds in repetition 390


vwbvbrvrrevrie-->1024Round trip time was  0.208 milliseconds in repetition 391


vwbvbrvrrevrie-->1024Round trip time was  2.076 milliseconds in repetition 392


vwbvbrvrrevrie-->1024Round trip time was  0.224 milliseconds in repetition 393


vwbvbrvrrevrie-->1024Round trip time was  1.160 milliseconds in repetition 394


vwbvbrvrrevrie-->1024Round trip time was  0.215 milliseconds in repetition 395


vwbvbrvrrevrie-->1024Round trip time was  0.200 milliseconds in repetition 396


vwbvbrvrrevrie-->1024Round trip time was  0.195 milliseconds in repetition 397


vwbvbrvrrevrie-->1024Round trip time was  0.296 milliseconds in repetition 398


vwbvbrvrrevrie-->1024Round trip time was  0.439 milliseconds in repetition 399


vwbvbrvrrevrie-->1024Round trip time was  0.211 milliseconds in repetition 400


vwbvbrvrrevrie-->1024Round trip time was  0.197 milliseconds in repetition 401


vwbvbrvrrevrie-->1024Round trip time was  0.194 milliseconds in repetition 402


vwbvbrvrrevrie-->1024Round trip time was  0.194 milliseconds in repetition 403


vwbvbrvrrevrie-->1024Round trip time was  0.438 milliseconds in repetition 404


vwbvbrvrrevrie-->1024Round trip time was  0.202 milliseconds in repetition 405


vwbvbrvrrevrie-->1024Round trip time was  0.192 milliseconds in repetition 406


vwbvbrvrrevrie-->1024Round trip time was  0.191 milliseconds in repetition 407


vwbvbrvrrevrie-->1024Round trip time was  0.190 milliseconds in repetition 408


vwbvbrvrrevrie-->1024Round trip time was  0.188 milliseconds in repetition 409


vwbvbrvrrevrie-->1024Round trip time was  0.188 milliseconds in repetition 410


vwbvbrvrrevrie-->1024Round trip time was  0.187 milliseconds in repetition 411


vwbvbrvrrevrie-->1024Round trip time was  0.188 milliseconds in repetition 412


vwbvbrvrrevrie-->1024Round trip time was  0.188 milliseconds in repetition 413


vwbvbrvrrevrie-->1024Round trip time was  0.413 milliseconds in repetition 414


vwbvbrvrrevrie-->1024Round trip time was  0.207 milliseconds in repetition 415


vwbvbrvrrevrie-->1024Round trip time was  0.197 milliseconds in repetition 416


vwbvbrvrrevrie-->1024Round trip time was  0.196 milliseconds in repetition 417


vwbvbrvrrevrie-->1024Round trip time was  0.191 milliseconds in repetition 418


vwbvbrvrrevrie-->1024Round trip time was  0.191 milliseconds in repetition 419


vwbvbrvrrevrie-->1024Round trip time was  0.193 milliseconds in repetition 420


vwbvbrvrrevrie-->1024Round trip time was  0.190 milliseconds in repetition 421


vwbvbrvrrevrie-->1024Round trip time was  0.188 milliseconds in repetition 422


vwbvbrvrrevrie-->1024Round trip time was  0.189 milliseconds in repetition 423


vwbvbrvrrevrie-->1024Round trip time was  0.194 milliseconds in repetition 424


vwbvbrvrrevrie-->1024Round trip time was  0.188 milliseconds in repetition 425


vwbvbrvrrevrie-->1024Round trip time was  0.188 milliseconds in repetition 426


vwbvbrvrrevrie-->1024Round trip time was  0.190 milliseconds in repetition 427


vwbvbrvrrevrie-->1024Round trip time was  0.188 milliseconds in repetition 428


vwbvbrvrrevrie-->1024Round trip time was  0.194 milliseconds in repetition 429


vwbvbrvrrevrie-->1024Round trip time was  0.188 milliseconds in repetition 430


vwbvbrvrrevrie-->1024Round trip time was  0.191 milliseconds in repetition 431


vwbvbrvrrevrie-->1024Round trip time was  0.193 milliseconds in repetition 432


vwbvbrvrrevrie-->1024Round trip time was  0.235 milliseconds in repetition 433


vwbvbrvrrevrie-->1024Round trip time was  0.188 milliseconds in repetition 434


vwbvbrvrrevrie-->1024Round trip time was  0.188 milliseconds in repetition 435


vwbvbrvrrevrie-->1024Round trip time was  0.191 milliseconds in repetition 436


vwbvbrvrrevrie-->1024Round trip time was  0.195 milliseconds in repetition 437


vwbvbrvrrevrie-->1024Round trip time was  0.186 milliseconds in repetition 438


vwbvbrvrrevrie-->1024Round trip time was  0.187 milliseconds in repetition 439


vwbvbrvrrevrie-->1024Round trip time was  0.186 milliseconds in repetition 440


vwbvbrvrrevrie-->1024Round trip time was  0.186 milliseconds in repetition 441


vwbvbrvrrevrie-->1024Round trip time was  0.187 milliseconds in repetition 442


vwbvbrvrrevrie-->1024Round trip time was  0.186 milliseconds in repetition 443


vwbvbrvrrevrie-->1024Round trip time was  0.187 milliseconds in repetition 444


vwbvbrvrrevrie-->1024Round trip time was  0.189 milliseconds in repetition 445


vwbvbrvrrevrie-->1024Round trip time was  0.186 milliseconds in repetition 446


vwbvbrvrrevrie-->1024Round trip time was  0.187 milliseconds in repetition 447


vwbvbrvrrevrie-->1024Round trip time was  0.186 milliseconds in repetition 448


vwbvbrvrrevrie-->1024Round trip time was  0.186 milliseconds in repetition 449


vwbvbrvrrevrie-->1024Round trip time was  0.186 milliseconds in repetition 450


vwbvbrvrrevrie-->1024Round trip time was  0.186 milliseconds in repetition 451


vwbvbrvrrevrie-->1024Round trip time was  0.186 milliseconds in repetition 452


vwbvbrvrrevrie-->1024Round trip time was  0.187 milliseconds in repetition 453


vwbvbrvrrevrie-->1024Round trip time was  0.185 milliseconds in repetition 454


vwbvbrvrrevrie-->1024Round trip time was  0.293 milliseconds in repetition 455


vwbvbrvrrevrie-->1024Round trip time was  0.183 milliseconds in repetition 456


vwbvbrvrrevrie-->1024Round trip time was  0.188 milliseconds in repetition 457


vwbvbrvrrevrie-->1024Round trip time was  0.187 milliseconds in repetition 458


vwbvbrvrrevrie-->1024Round trip time was  0.187 milliseconds in repetition 459


vwbvbrvrrevrie-->1024Round trip time was  0.187 milliseconds in repetition 460


vwbvbrvrrevrie-->1024Round trip time was  0.186 milliseconds in repetition 461


vwbvbrvrrevrie-->1024Round trip time was  0.188 milliseconds in repetition 462


vwbvbrvrrevrie-->1024Round trip time was  0.185 milliseconds in repetition 463


vwbvbrvrrevrie-->1024Round trip time was  0.191 milliseconds in repetition 464


vwbvbrvrrevrie-->1024Round trip time was  0.189 milliseconds in repetition 465


vwbvbrvrrevrie-->1024Round trip time was  0.189 milliseconds in repetition 466


vwbvbrvrrevrie-->1024Round trip time was  0.189 milliseconds in repetition 467


vwbvbrvrrevrie-->1024Round trip time was  0.191 milliseconds in repetition 468


vwbvbrvrrevrie-->1024Round trip time was  0.191 milliseconds in repetition 469


vwbvbrvrrevrie-->1024Round trip time was  0.193 milliseconds in repetition 470


vwbvbrvrrevrie-->1024Round trip time was  0.195 milliseconds in repetition 471


vwbvbrvrrevrie-->1024Round trip time was  0.194 milliseconds in repetition 472


vwbvbrvrrevrie-->1024Round trip time was  0.199 milliseconds in repetition 473


vwbvbrvrrevrie-->1024Round trip time was  0.323 milliseconds in repetition 474


vwbvbrvrrevrie-->1024Round trip time was  0.183 milliseconds in repetition 475


vwbvbrvrrevrie-->1024Round trip time was  0.187 milliseconds in repetition 476


vwbvbrvrrevrie-->1024Round trip time was  0.187 milliseconds in repetition 477


vwbvbrvrrevrie-->1024Round trip time was  0.186 milliseconds in repetition 478


vwbvbrvrrevrie-->1024Round trip time was  0.185 milliseconds in repetition 479


vwbvbrvrrevrie-->1024Round trip time was  0.185 milliseconds in repetition 480


vwbvbrvrrevrie-->1024Round trip time was  0.185 milliseconds in repetition 481


vwbvbrvrrevrie-->1024Round trip time was  0.184 milliseconds in repetition 482


vwbvbrvrrevrie-->1024Round trip time was  0.187 milliseconds in repetition 483


vwbvbrvrrevrie-->1024Round trip time was  0.186 milliseconds in repetition 484


vwbvbrvrrevrie-->1024Round trip time was  0.186 milliseconds in repetition 485


vwbvbrvrrevrie-->1024Round trip time was  0.186 milliseconds in repetition 486


vwbvbrvrrevrie-->1024Round trip time was  0.186 milliseconds in repetition 487


vwbvbrvrrevrie-->1024Round trip time was  0.187 milliseconds in repetition 488


vwbvbrvrrevrie-->1024Round trip time was  0.185 milliseconds in repetition 489


vwbvbrvrrevrie-->1024Round trip time was  0.185 milliseconds in repetition 490


vwbvbrvrrevrie-->1024Round trip time was  0.185 milliseconds in repetition 491


vwbvbrvrrevrie-->1024Round trip time was  0.185 milliseconds in repetition 492


vwbvbrvrrevrie-->1024Round trip time was  0.378 milliseconds in repetition 493


vwbvbrvrrevrie-->1024Round trip time was  0.222 milliseconds in repetition 494


vwbvbrvrrevrie-->1024Round trip time was  0.195 milliseconds in repetition 495


vwbvbrvrrevrie-->1024Round trip time was  0.266 milliseconds in repetition 496


vwbvbrvrrevrie-->1024Round trip time was  0.282 milliseconds in repetition 497


vwbvbrvrrevrie-->1024Round trip time was  0.358 milliseconds in repetition 498


vwbvbrvrrevrie-->1024Round trip time was  0.254 milliseconds in repetition 499


vwbvbrvrrevrie-->1024Round trip time was  0.192 milliseconds in repetition 500


vwbvbrvrrevrie-->1024Round trip time was  1.943 milliseconds in repetition 501

 ... clock resolution was 1e-06
UDP Ping:  Statistics over 501 repetitions of 1024 byte messages

RTT : percentile 10: 0.187994, median: 0.199995, percentile 90: 0.908974, average: 0.482835, variance: 1.49307

RTT histogram:
0.182994 420
1.11267 57
2.04234 11
2.97201 3
3.90169 6
4.83136 2
5.76103 0
6.69071 0
7.62038 0
8.55006 0
9.47973 0
10.4094 0
11.3391 0
12.2687 0
13.1984 0
14.1281 0
15.0578 1
15.9874 0
16.9171 0
17.8468 0
18.7765 1
   median Throughput : 10240.3 KB/s   overall Throughput : 4241.62 KB/s

